WARNING:tensorflow:From /usr/local/lib/python3.8/dist-packages/tensorflow/python/compat/v2_compat.py:111: disable_resource_variables (from tensorflow.python.ops.variable_scope) is deprecated and will be removed in a future version.
Instructions for updating:
non-resource variables are not supported in the long term
data shape: (4914, 264, 264, 5)
Epoches: 25, Batch_size: 4
Train images number 4914, Batches: 1228.

Train set has been trimmed 2 samples...

2021-12-05 08:02:54.041668: I tensorflow/core/platform/cpu_feature_guard.cc:151] This TensorFlow binary is optimized with oneAPI Deep Neural Network Library (oneDNN) to use the following CPU instructions in performance-critical operations:  AVX2 FMA
To enable them in other operations, rebuild TensorFlow with the appropriate compiler flags.
2021-12-05 08:02:54.532612: I tensorflow/core/common_runtime/gpu/gpu_device.cc:1525] Created device /job:localhost/replica:0/task:0/device:GPU:0 with 78874 MB memory:  -> device: 0, name: NVIDIA A100 80GB PCIe, pci bus id: 0000:27:00.0, compute capability: 8.0
out shape: (4, 264, 264, 1)
76
72
61
63
18
98
1
56
41
39
36
6
127
85
34
96
40
109
13
126
85
24
79
48
114
57
86
56
38
96
47
25
34
43
28
63
84
69
11
90
2021-12-05 08:03:02.778920: I tensorflow/stream_executor/cuda/cuda_dnn.cc:366] Loaded cuDNN version 8301
Epoch: 1/25, Step: 100/1228, Loss: 0.028391168, Lr: 0.0019639856, Time: 0:00:42.071886

