WARNING:tensorflow:From /usr/local/lib/python3.8/dist-packages/tensorflow/python/compat/v2_compat.py:111: disable_resource_variables (from tensorflow.python.ops.variable_scope) is deprecated and will be removed in a future version.
Instructions for updating:
non-resource variables are not supported in the long term
data shape: (1296, 264, 264, 5)
Epoches: 25, Batch_size: 4
Train images number 1296, Batches: 324.

2021-12-05 10:50:46.063413: I tensorflow/core/platform/cpu_feature_guard.cc:151] This TensorFlow binary is optimized with oneAPI Deep Neural Network Library (oneDNN) to use the following CPU instructions in performance-critical operations:  AVX2 FMA
To enable them in other operations, rebuild TensorFlow with the appropriate compiler flags.
2021-12-05 10:50:46.547014: I tensorflow/core/common_runtime/gpu/gpu_device.cc:1525] Created device /job:localhost/replica:0/task:0/device:GPU:0 with 78874 MB memory:  -> device: 0, name: NVIDIA A100 80GB PCIe, pci bus id: 0000:27:00.0, compute capability: 8.0
out shape: (4, 264, 264, 1)
117
14
108
67
125
126
10
53
87
26
84
89
127
123
68
61
7
17
57
49
83
48
61
0
106
55
37
115
88
50
116
54
114
90
26
72
125
58
107
38
2021-12-05 10:50:52.767160: I tensorflow/stream_executor/cuda/cuda_dnn.cc:366] Loaded cuDNN version 8301
Epoch: 1/25, Step: 100/324, Loss: 0.075978205, Lr: 0.0018668934, Time: 0:00:40.907813

Epoch: 1/25, Step: 200/324, Loss: 0.0630079, Lr: 0.0017426455, Time: 0:01:11.843374

Epoch: 1/25, Step: 300/324, Loss: 0.058242343, Lr: 0.0016266665, Time: 0:01:42.720302

Epoch: 2/25, Step: 76/324, Loss: 0.05378867, Lr: 0.0015184064, Time: 0:02:14.767840

Epoch: 2/25, Step: 176/324, Loss: 0.052451644, Lr: 0.0014173513, Time: 0:02:45.465216

Epoch: 2/25, Step: 276/324, Loss: 0.049440935, Lr: 0.001323022, Time: 0:03:16.311547

Epoch: 3/25, Step: 52/324, Loss: 0.048756346, Lr: 0.0012349703, Time: 0:03:48.044658

Epoch: 3/25, Step: 152/324, Loss: 0.047802284, Lr: 0.0011527791, Time: 0:04:19.023735

Epoch: 3/25, Step: 252/324, Loss: 0.046301134, Lr: 0.0010760576, Time: 0:04:49.834785

Epoch: 4/25, Step: 28/324, Loss: 0.044520907, Lr: 0.0010044425, Time: 0:05:22.016676

Epoch: 4/25, Step: 128/324, Loss: 0.04439207, Lr: 0.00093759346, Time: 0:05:52.728821

Epoch: 4/25, Step: 228/324, Loss: 0.04264812, Lr: 0.00087519345, Time: 0:06:23.559654

Epoch: 5/25, Step: 4/324, Loss: 0.042632148, Lr: 0.0008169463, Time: 0:06:55.144656

Epoch: 5/25, Step: 104/324, Loss: 0.040909387, Lr: 0.00076257583, Time: 0:07:25.947820

Epoch: 5/25, Step: 204/324, Loss: 0.04037706, Lr: 0.0007118239, Time: 0:07:56.807360

Epoch: 5/25, Step: 304/324, Loss: 0.040128045, Lr: 0.00066444965, Time: 0:08:27.303891

Epoch: 6/25, Step: 80/324, Loss: 0.03967628, Lr: 0.0006202283, Time: 0:09:00.512224

Epoch: 6/25, Step: 180/324, Loss: 0.03906501, Lr: 0.00057895004, Time: 0:09:31.004251

Epoch: 6/25, Step: 280/324, Loss: 0.039148375, Lr: 0.00054041896, Time: 0:10:01.636223

Epoch: 7/25, Step: 56/324, Loss: 0.037356824, Lr: 0.0005044523, Time: 0:10:33.325802

Epoch: 7/25, Step: 156/324, Loss: 0.03786357, Lr: 0.00047087928, Time: 0:11:04.059835

Epoch: 7/25, Step: 256/324, Loss: 0.037566513, Lr: 0.00043954072, Time: 0:11:34.998998

Epoch: 8/25, Step: 32/324, Loss: 0.036607035, Lr: 0.00041028784, Time: 0:12:06.608233

Epoch: 8/25, Step: 132/324, Loss: 0.03669015, Lr: 0.00038298176, Time: 0:12:37.255378

Epoch: 8/25, Step: 232/324, Loss: 0.036659647, Lr: 0.00035749306, Time: 0:13:08.532407

Epoch: 9/25, Step: 8/324, Loss: 0.035968892, Lr: 0.00033370068, Time: 0:13:40.452161

Epoch: 9/25, Step: 108/324, Loss: 0.03575838, Lr: 0.00031149184, Time: 0:14:11.256419

Epoch: 9/25, Step: 208/324, Loss: 0.035340667, Lr: 0.00029076095, Time: 0:14:41.758567

Epoch: 9/25, Step: 308/324, Loss: 0.035040624, Lr: 0.00027140987, Time: 0:15:12.651019

Epoch: 10/25, Step: 84/324, Loss: 0.034519136, Lr: 0.0002533466, Time: 0:15:44.640387

Epoch: 10/25, Step: 184/324, Loss: 0.03490968, Lr: 0.00023648552, Time: 0:16:15.455575

Epoch: 10/25, Step: 284/324, Loss: 0.03452762, Lr: 0.00022074668, Time: 0:16:47.144357

Epoch: 11/25, Step: 60/324, Loss: 0.034193527, Lr: 0.0002060552, Time: 0:17:19.543962

Epoch: 11/25, Step: 160/324, Loss: 0.033757098, Lr: 0.00019234157, Time: 0:17:50.511589

Epoch: 11/25, Step: 260/324, Loss: 0.033232085, Lr: 0.00017954061, Time: 0:18:22.215598

Epoch: 12/25, Step: 36/324, Loss: 0.033290945, Lr: 0.00016759156, Time: 0:18:54.103537

Epoch: 12/25, Step: 136/324, Loss: 0.033506222, Lr: 0.00015643777, Time: 0:19:25.232491

Epoch: 12/25, Step: 236/324, Loss: 0.032892443, Lr: 0.0001460263, Time: 0:19:55.732894

Epoch: 13/25, Step: 12/324, Loss: 0.03252677, Lr: 0.0001363078, Time: 0:20:27.531536

Epoch: 13/25, Step: 112/324, Loss: 0.032312114, Lr: 0.00012723604, Time: 0:20:59.085889

Epoch: 13/25, Step: 212/324, Loss: 0.031822115, Lr: 0.000118768054, Time: 0:21:29.887158

Epoch: 13/25, Step: 312/324, Loss: 0.032846794, Lr: 0.00011086366, Time: 0:22:01.089136

Epoch: 14/25, Step: 88/324, Loss: 0.03260854, Lr: 0.000103485305, Time: 0:22:33.154883

Epoch: 14/25, Step: 188/324, Loss: 0.03172098, Lr: 9.6598014e-05, Time: 0:23:03.832242

Epoch: 14/25, Step: 288/324, Loss: 0.03174786, Lr: 9.016908e-05, Time: 0:23:34.984275

Epoch: 15/25, Step: 64/324, Loss: 0.03156396, Lr: 8.416805e-05, Time: 0:24:06.780857

Epoch: 15/25, Step: 164/324, Loss: 0.032016046, Lr: 7.8566365e-05, Time: 0:24:38.181481

Epoch: 15/25, Step: 264/324, Loss: 0.031824842, Lr: 7.333752e-05, Time: 0:25:09.387600

Epoch: 16/25, Step: 40/324, Loss: 0.03154899, Lr: 6.8456655e-05, Time: 0:25:41.462755

Epoch: 16/25, Step: 140/324, Loss: 0.031793155, Lr: 6.390065e-05, Time: 0:26:12.292523

Epoch: 16/25, Step: 240/324, Loss: 0.031121437, Lr: 5.9647842e-05, Time: 0:26:43.296227

Epoch: 17/25, Step: 16/324, Loss: 0.030621547, Lr: 5.567807e-05, Time: 0:27:14.799900

Epoch: 17/25, Step: 116/324, Loss: 0.031435773, Lr: 5.1972518e-05, Time: 0:27:46.387557

Epoch: 17/25, Step: 216/324, Loss: 0.030805182, Lr: 4.851358e-05, Time: 0:28:18.047640

Epoch: 17/25, Step: 316/324, Loss: 0.030726302, Lr: 4.528482e-05, Time: 0:28:49.123257

Epoch: 18/25, Step: 92/324, Loss: 0.030695964, Lr: 4.2270967e-05, Time: 0:29:22.135982

Epoch: 18/25, Step: 192/324, Loss: 0.029958377, Lr: 3.9457704e-05, Time: 0:29:53.515283

Epoch: 18/25, Step: 292/324, Loss: 0.030764088, Lr: 3.6831654e-05, Time: 0:30:24.701155

Epoch: 19/25, Step: 68/324, Loss: 0.030668806, Lr: 3.4380388e-05, Time: 0:30:56.952418

Epoch: 19/25, Step: 168/324, Loss: 0.029965246, Lr: 3.209225e-05, Time: 0:31:27.956080

Epoch: 19/25, Step: 268/324, Loss: 0.030636668, Lr: 2.9956414e-05, Time: 0:31:59.097286

Epoch: 20/25, Step: 44/324, Loss: 0.03003981, Lr: 2.7962698e-05, Time: 0:32:31.730705

Epoch: 20/25, Step: 144/324, Loss: 0.030785821, Lr: 2.6101694e-05, Time: 0:33:02.953123

Epoch: 20/25, Step: 244/324, Loss: 0.030178342, Lr: 2.4364546e-05, Time: 0:33:33.904292

Epoch: 21/25, Step: 20/324, Loss: 0.029919984, Lr: 2.2742992e-05, Time: 0:34:06.112020

Epoch: 21/25, Step: 120/324, Loss: 0.030188963, Lr: 2.1229376e-05, Time: 0:34:37.429007

Epoch: 21/25, Step: 220/324, Loss: 0.029919676, Lr: 1.9816496e-05, Time: 0:35:08.964310

Epoch: 21/25, Step: 320/324, Loss: 0.029587254, Lr: 1.8497638e-05, Time: 0:35:39.872219

Epoch: 22/25, Step: 96/324, Loss: 0.029804498, Lr: 1.7266557e-05, Time: 0:36:12.021121

Epoch: 22/25, Step: 196/324, Loss: 0.029768325, Lr: 1.6117414e-05, Time: 0:36:43.155595

Epoch: 22/25, Step: 296/324, Loss: 0.03000937, Lr: 1.5044743e-05, Time: 0:37:14.211533

Epoch: 23/25, Step: 72/324, Loss: 0.029831924, Lr: 1.4043463e-05, Time: 0:37:46.269113

Epoch: 23/25, Step: 172/324, Loss: 0.029964866, Lr: 1.3108828e-05, Time: 0:38:17.393312

Epoch: 23/25, Step: 272/324, Loss: 0.029264791, Lr: 1.2236388e-05, Time: 0:38:48.168445

Epoch: 24/25, Step: 48/324, Loss: 0.02915587, Lr: 1.1422021e-05, Time: 0:39:20.050921

Epoch: 24/25, Step: 148/324, Loss: 0.028794233, Lr: 1.066184e-05, Time: 0:39:51.017377

Epoch: 24/25, Step: 248/324, Loss: 0.029551571, Lr: 9.952261e-06, Time: 0:40:21.798018

Epoch: 25/25, Step: 24/324, Loss: 0.029037237, Lr: 9.289908e-06, Time: 0:40:53.828498

Epoch: 25/25, Step: 124/324, Loss: 0.029583575, Lr: 8.671629e-06, Time: 0:41:24.314055

Epoch: 25/25, Step: 224/324, Loss: 0.029524826, Lr: 8.094505e-06, Time: 0:41:55.271982

Epoch: 25/25, Step: 0/324, Loss: 0.029486416, Lr: 7.5557905e-06, Time: 0:42:26.132089

