WARNING:tensorflow:From /usr/local/lib/python3.8/dist-packages/tensorflow/python/compat/v2_compat.py:111: disable_resource_variables (from tensorflow.python.ops.variable_scope) is deprecated and will be removed in a future version.
Instructions for updating:
non-resource variables are not supported in the long term
data shape: (1296, 264, 264, 5)
Epoches: 25, Batch_size: 4
Train images number 1296, Batches: 324.

2021-12-05 16:02:18.595548: I tensorflow/core/platform/cpu_feature_guard.cc:151] This TensorFlow binary is optimized with oneAPI Deep Neural Network Library (oneDNN) to use the following CPU instructions in performance-critical operations:  AVX2 FMA
To enable them in other operations, rebuild TensorFlow with the appropriate compiler flags.
2021-12-05 16:02:19.097203: I tensorflow/core/common_runtime/gpu/gpu_device.cc:1525] Created device /job:localhost/replica:0/task:0/device:GPU:0 with 78874 MB memory:  -> device: 0, name: NVIDIA A100 80GB PCIe, pci bus id: 0000:27:00.0, compute capability: 8.0
out shape: (4, 264, 264, 1)
17
64
70
7
27
87
123
55
31
3
2
25
110
14
82
111
26
81
124
94
18
106
6
0
46
26
15
119
31
122
98
4
36
118
125
2
13
69
76
17
2021-12-05 16:02:25.894445: I tensorflow/stream_executor/cuda/cuda_dnn.cc:366] Loaded cuDNN version 8301
Epoch: 1/25, Step: 100/324, Loss: 0.06687592, Lr: 0.0018668934, Time: 0:00:42.015353

Epoch: 1/25, Step: 200/324, Loss: 0.054247957, Lr: 0.0017426455, Time: 0:01:13.901825

Epoch: 1/25, Step: 300/324, Loss: 0.051475752, Lr: 0.0016266665, Time: 0:01:45.199704

Epoch: 2/25, Step: 76/324, Loss: 0.048564166, Lr: 0.0015184064, Time: 0:02:18.318527

Epoch: 2/25, Step: 176/324, Loss: 0.045695238, Lr: 0.0014173513, Time: 0:02:49.893288

Epoch: 2/25, Step: 276/324, Loss: 0.04532112, Lr: 0.001323022, Time: 0:03:22.274059

Epoch: 3/25, Step: 52/324, Loss: 0.04219504, Lr: 0.0012349703, Time: 0:03:55.013195

Epoch: 3/25, Step: 152/324, Loss: 0.0406577, Lr: 0.0011527791, Time: 0:04:26.767190

Epoch: 3/25, Step: 252/324, Loss: 0.039570533, Lr: 0.0010760576, Time: 0:04:58.773595

Epoch: 4/25, Step: 28/324, Loss: 0.03775347, Lr: 0.0010044425, Time: 0:05:31.406883

Epoch: 4/25, Step: 128/324, Loss: 0.03803599, Lr: 0.00093759346, Time: 0:06:02.981717

Epoch: 4/25, Step: 228/324, Loss: 0.035765257, Lr: 0.00087519345, Time: 0:06:34.696348

Epoch: 5/25, Step: 4/324, Loss: 0.035116687, Lr: 0.0008169463, Time: 0:07:07.467177

Epoch: 5/25, Step: 104/324, Loss: 0.0343987, Lr: 0.00076257583, Time: 0:07:39.030623

Epoch: 5/25, Step: 204/324, Loss: 0.03442605, Lr: 0.0007118239, Time: 0:08:10.736815

Epoch: 5/25, Step: 304/324, Loss: 0.03286108, Lr: 0.00066444965, Time: 0:08:42.719822

Epoch: 6/25, Step: 80/324, Loss: 0.032952927, Lr: 0.0006202283, Time: 0:09:16.483351

Epoch: 6/25, Step: 180/324, Loss: 0.03153324, Lr: 0.00057895004, Time: 0:09:49.175910

Epoch: 6/25, Step: 280/324, Loss: 0.031071108, Lr: 0.00054041896, Time: 0:10:21.107100

Epoch: 7/25, Step: 56/324, Loss: 0.031187156, Lr: 0.0005044523, Time: 0:10:53.509870

Epoch: 7/25, Step: 156/324, Loss: 0.030732457, Lr: 0.00047087928, Time: 0:11:24.938366

Epoch: 7/25, Step: 256/324, Loss: 0.029903462, Lr: 0.00043954072, Time: 0:11:56.599078

Epoch: 8/25, Step: 32/324, Loss: 0.029872227, Lr: 0.00041028784, Time: 0:12:29.391244

Epoch: 8/25, Step: 132/324, Loss: 0.028995926, Lr: 0.00038298176, Time: 0:13:01.186647

Epoch: 8/25, Step: 232/324, Loss: 0.028666291, Lr: 0.00035749306, Time: 0:13:33.059048

Epoch: 9/25, Step: 8/324, Loss: 0.028638123, Lr: 0.00033370068, Time: 0:14:05.627148

Epoch: 9/25, Step: 108/324, Loss: 0.0279699, Lr: 0.00031149184, Time: 0:14:37.218586

Epoch: 9/25, Step: 208/324, Loss: 0.027438967, Lr: 0.00029076095, Time: 0:15:08.963990

Epoch: 9/25, Step: 308/324, Loss: 0.027416341, Lr: 0.00027140987, Time: 0:15:40.843752

Epoch: 10/25, Step: 84/324, Loss: 0.026504055, Lr: 0.0002533466, Time: 0:16:13.445622

Epoch: 10/25, Step: 184/324, Loss: 0.026778046, Lr: 0.00023648552, Time: 0:16:45.352986

Epoch: 10/25, Step: 284/324, Loss: 0.026749674, Lr: 0.00022074668, Time: 0:17:17.050823

Epoch: 11/25, Step: 60/324, Loss: 0.026213307, Lr: 0.0002060552, Time: 0:17:50.057146

Epoch: 11/25, Step: 160/324, Loss: 0.025997255, Lr: 0.00019234157, Time: 0:18:21.698692

Epoch: 11/25, Step: 260/324, Loss: 0.025920806, Lr: 0.00017954061, Time: 0:18:53.775283

Epoch: 12/25, Step: 36/324, Loss: 0.02527955, Lr: 0.00016759156, Time: 0:19:26.801710

Epoch: 12/25, Step: 136/324, Loss: 0.025572851, Lr: 0.00015643777, Time: 0:19:58.687804

Epoch: 12/25, Step: 236/324, Loss: 0.025724372, Lr: 0.0001460263, Time: 0:20:30.729230

Epoch: 13/25, Step: 12/324, Loss: 0.024746303, Lr: 0.0001363078, Time: 0:21:03.334049

Epoch: 13/25, Step: 112/324, Loss: 0.025237516, Lr: 0.00012723604, Time: 0:21:34.877574

Epoch: 13/25, Step: 212/324, Loss: 0.024644565, Lr: 0.000118768054, Time: 0:22:07.193837

Epoch: 13/25, Step: 312/324, Loss: 0.023677796, Lr: 0.00011086366, Time: 0:22:39.297729

Epoch: 14/25, Step: 88/324, Loss: 0.024027664, Lr: 0.000103485305, Time: 0:23:12.270317

Epoch: 14/25, Step: 188/324, Loss: 0.023650697, Lr: 9.6598014e-05, Time: 0:23:44.220865

Epoch: 14/25, Step: 288/324, Loss: 0.02428788, Lr: 9.016908e-05, Time: 0:24:16.208538

Epoch: 15/25, Step: 64/324, Loss: 0.02346415, Lr: 8.416805e-05, Time: 0:24:48.810126

Epoch: 15/25, Step: 164/324, Loss: 0.023311608, Lr: 7.8566365e-05, Time: 0:25:20.593807

Epoch: 15/25, Step: 264/324, Loss: 0.023469333, Lr: 7.333752e-05, Time: 0:25:52.410305

Epoch: 16/25, Step: 40/324, Loss: 0.023025116, Lr: 6.8456655e-05, Time: 0:26:25.244672

Epoch: 16/25, Step: 140/324, Loss: 0.022860069, Lr: 6.390065e-05, Time: 0:26:57.465273

Epoch: 16/25, Step: 240/324, Loss: 0.02300908, Lr: 5.9647842e-05, Time: 0:27:29.393663

Epoch: 17/25, Step: 16/324, Loss: 0.023033462, Lr: 5.567807e-05, Time: 0:28:02.221503

Epoch: 17/25, Step: 116/324, Loss: 0.023185398, Lr: 5.1972518e-05, Time: 0:28:33.849416

Epoch: 17/25, Step: 216/324, Loss: 0.023085482, Lr: 4.851358e-05, Time: 0:29:05.414498

Epoch: 17/25, Step: 316/324, Loss: 0.022404991, Lr: 4.528482e-05, Time: 0:29:37.416518

Epoch: 18/25, Step: 92/324, Loss: 0.022401646, Lr: 4.2270967e-05, Time: 0:30:10.193296

Epoch: 18/25, Step: 192/324, Loss: 0.021991435, Lr: 3.9457704e-05, Time: 0:30:42.289175

Epoch: 18/25, Step: 292/324, Loss: 0.022125915, Lr: 3.6831654e-05, Time: 0:31:14.305958

Epoch: 19/25, Step: 68/324, Loss: 0.022245895, Lr: 3.4380388e-05, Time: 0:31:47.365562

Epoch: 19/25, Step: 168/324, Loss: 0.022594169, Lr: 3.209225e-05, Time: 0:32:19.832652

Epoch: 19/25, Step: 268/324, Loss: 0.022210361, Lr: 2.9956414e-05, Time: 0:32:51.810495

Epoch: 20/25, Step: 44/324, Loss: 0.022528987, Lr: 2.7962698e-05, Time: 0:33:25.029594

Epoch: 20/25, Step: 144/324, Loss: 0.021894816, Lr: 2.6101694e-05, Time: 0:33:56.925788

Epoch: 20/25, Step: 244/324, Loss: 0.022041, Lr: 2.4364546e-05, Time: 0:34:28.796899

Epoch: 21/25, Step: 20/324, Loss: 0.022307783, Lr: 2.2742992e-05, Time: 0:35:01.405625

Epoch: 21/25, Step: 120/324, Loss: 0.021575566, Lr: 2.1229376e-05, Time: 0:35:33.174521

Epoch: 21/25, Step: 220/324, Loss: 0.021799393, Lr: 1.9816496e-05, Time: 0:36:04.921561

Epoch: 21/25, Step: 320/324, Loss: 0.02174861, Lr: 1.8497638e-05, Time: 0:36:37.454556

Epoch: 22/25, Step: 96/324, Loss: 0.021738965, Lr: 1.7266557e-05, Time: 0:37:10.166550

Epoch: 22/25, Step: 196/324, Loss: 0.021376401, Lr: 1.6117414e-05, Time: 0:37:42.061866

Epoch: 22/25, Step: 296/324, Loss: 0.021327708, Lr: 1.5044743e-05, Time: 0:38:14.110431

Epoch: 23/25, Step: 72/324, Loss: 0.021809481, Lr: 1.4043463e-05, Time: 0:38:47.066045

Epoch: 23/25, Step: 172/324, Loss: 0.021482965, Lr: 1.3108828e-05, Time: 0:39:19.911104

Epoch: 23/25, Step: 272/324, Loss: 0.021489363, Lr: 1.2236388e-05, Time: 0:39:52.358886

Epoch: 24/25, Step: 48/324, Loss: 0.02107009, Lr: 1.1422021e-05, Time: 0:40:25.301494

Epoch: 24/25, Step: 148/324, Loss: 0.02147962, Lr: 1.066184e-05, Time: 0:40:57.077407

Epoch: 24/25, Step: 248/324, Loss: 0.021310989, Lr: 9.952261e-06, Time: 0:41:28.757846

Epoch: 25/25, Step: 24/324, Loss: 0.021474166, Lr: 9.289908e-06, Time: 0:42:01.333743

Epoch: 25/25, Step: 124/324, Loss: 0.021597043, Lr: 8.671629e-06, Time: 0:42:33.477622

Epoch: 25/25, Step: 224/324, Loss: 0.021113195, Lr: 8.094505e-06, Time: 0:43:05.346767

Epoch: 25/25, Step: 0/324, Loss: 0.021110078, Lr: 7.5557905e-06, Time: 0:43:37.107855

