WARNING:tensorflow:From /usr/local/lib/python3.8/dist-packages/tensorflow/python/compat/v2_compat.py:111: disable_resource_variables (from tensorflow.python.ops.variable_scope) is deprecated and will be removed in a future version.
Instructions for updating:
non-resource variables are not supported in the long term
data shape: (4914, 264, 264, 5)
Epoches: 10, Batch_size: 4
Train images number 4914, Batches: 1228.

Train set has been trimmed 2 samples...

2021-12-03 11:46:56.202035: I tensorflow/core/platform/cpu_feature_guard.cc:151] This TensorFlow binary is optimized with oneAPI Deep Neural Network Library (oneDNN) to use the following CPU instructions in performance-critical operations:  AVX2 FMA
To enable them in other operations, rebuild TensorFlow with the appropriate compiler flags.
2021-12-03 11:46:56.695076: I tensorflow/core/common_runtime/gpu/gpu_device.cc:1525] Created device /job:localhost/replica:0/task:0/device:GPU:0 with 78874 MB memory:  -> device: 0, name: NVIDIA A100 80GB PCIe, pci bus id: 0000:27:00.0, compute capability: 8.0
out shape: (4, 264, 264, 1)
67
103
124
44
6
70
122
82
80
111
57
19
13
9
84
47
12
7
35
40
58
72
127
42
62
6
122
8
102
115
77
64
79
51
120
49
32
124
24
81
2021-12-03 11:47:05.077672: I tensorflow/stream_executor/cuda/cuda_dnn.cc:366] Loaded cuDNN version 8301
Epoch: 1/10, Step: 100/1228, Loss: 0.06561072, Lr: 0.0019639856, Time: 0:00:42.057122

Epoch: 1/10, Step: 200/1228, Loss: 0.056127623, Lr: 0.0019286198, Time: 0:01:11.427759

Epoch: 1/10, Step: 300/1228, Loss: 0.030704463, Lr: 0.0018938907, Time: 0:01:41.212142

Epoch: 1/10, Step: 400/1228, Loss: 0.042809207, Lr: 0.0018597872, Time: 0:02:10.535965

Epoch: 1/10, Step: 500/1228, Loss: 0.015187739, Lr: 0.0018262976, Time: 0:02:40.091991

WARNING:tensorflow:From /usr/local/lib/python3.8/dist-packages/tensorflow/python/training/saver.py:1056: remove_checkpoint (from tensorflow.python.training.checkpoint_management) is deprecated and will be removed in a future version.
Instructions for updating:
Use standard file APIs to delete files with this prefix.
Epoch: 1/10, Step: 600/1228, Loss: 0.042161163, Lr: 0.0017934111, Time: 0:03:09.446689

Epoch: 1/10, Step: 700/1228, Loss: 0.039860617, Lr: 0.0017611167, Time: 0:03:39.169707

Epoch: 1/10, Step: 800/1228, Loss: 0.033962063, Lr: 0.0017294041, Time: 0:04:09.096921

Epoch: 1/10, Step: 900/1228, Loss: 0.008633875, Lr: 0.0016982623, Time: 0:04:39.004942

Epoch: 1/10, Step: 1000/1228, Loss: 0.025018236, Lr: 0.0016676813, Time: 0:05:08.584792

Epoch: 1/10, Step: 1100/1228, Loss: 0.015752677, Lr: 0.001637651, Time: 0:05:38.205303

Epoch: 1/10, Step: 1200/1228, Loss: 0.03538847, Lr: 0.0016081616, Time: 0:06:07.696905

Epoch: 2/10, Step: 72/1228, Loss: 0.013179219, Lr: 0.0015792031, Time: 0:06:40.793588

Epoch: 2/10, Step: 172/1228, Loss: 0.010087606, Lr: 0.001550766, Time: 0:07:10.637204

Epoch: 2/10, Step: 272/1228, Loss: 0.0140966745, Lr: 0.001522841, Time: 0:07:41.188880

Epoch: 2/10, Step: 372/1228, Loss: 0.022767669, Lr: 0.0014954191, Time: 0:08:11.020476

Epoch: 2/10, Step: 472/1228, Loss: 0.022683494, Lr: 0.0014684908, Time: 0:08:40.969385

Epoch: 2/10, Step: 572/1228, Loss: 0.02380915, Lr: 0.0014420473, Time: 0:09:10.973955

Epoch: 2/10, Step: 672/1228, Loss: 0.01379925, Lr: 0.00141608, Time: 0:09:40.813287

Epoch: 2/10, Step: 772/1228, Loss: 0.016812699, Lr: 0.0013905803, Time: 0:10:10.461560

Epoch: 2/10, Step: 872/1228, Loss: 0.023378449, Lr: 0.0013655401, Time: 0:10:39.868727

Epoch: 2/10, Step: 972/1228, Loss: 0.021493921, Lr: 0.0013409505, Time: 0:11:09.513531

Epoch: 2/10, Step: 1072/1228, Loss: 0.015420766, Lr: 0.0013168036, Time: 0:11:39.706360

Epoch: 2/10, Step: 1172/1228, Loss: 0.019808784, Lr: 0.0012930918, Time: 0:12:10.169355

Epoch: 3/10, Step: 44/1228, Loss: 0.032468155, Lr: 0.0012698068, Time: 0:12:43.877536

Epoch: 3/10, Step: 144/1228, Loss: 0.03450892, Lr: 0.0012469412, Time: 0:13:14.390473

Epoch: 3/10, Step: 244/1228, Loss: 0.017525263, Lr: 0.0012244872, Time: 0:13:44.484778

Epoch: 3/10, Step: 344/1228, Loss: 0.022538152, Lr: 0.0012024377, Time: 0:14:14.916890

Epoch: 3/10, Step: 444/1228, Loss: 0.014407077, Lr: 0.0011807851, Time: 0:14:44.877169

Epoch: 3/10, Step: 544/1228, Loss: 0.029372912, Lr: 0.0011595224, Time: 0:15:14.541011

Epoch: 3/10, Step: 644/1228, Loss: 0.027929071, Lr: 0.0011386429, Time: 0:15:44.469063

Epoch: 3/10, Step: 744/1228, Loss: 0.010536164, Lr: 0.001118139, Time: 0:16:14.569502

Epoch: 3/10, Step: 844/1228, Loss: 0.013904906, Lr: 0.0010980044, Time: 0:16:44.885474

Epoch: 3/10, Step: 944/1228, Loss: 0.018583758, Lr: 0.0010782324, Time: 0:17:15.305994

Epoch: 3/10, Step: 1044/1228, Loss: 0.006704962, Lr: 0.0010588166, Time: 0:17:45.236231

Epoch: 3/10, Step: 1144/1228, Loss: 0.015748873, Lr: 0.0010397503, Time: 0:18:15.044079

Epoch: 4/10, Step: 16/1228, Loss: 0.013528901, Lr: 0.0010210272, Time: 0:18:48.132747

Epoch: 4/10, Step: 116/1228, Loss: 0.0063255266, Lr: 0.0010026414, Time: 0:19:18.041318

Epoch: 4/10, Step: 216/1228, Loss: 0.012229796, Lr: 0.0009845867, Time: 0:19:47.832183

Epoch: 4/10, Step: 316/1228, Loss: 0.00439202, Lr: 0.000966857, Time: 0:20:17.504682

Epoch: 4/10, Step: 416/1228, Loss: 0.021644779, Lr: 0.0009494465, Time: 0:20:47.250021

Epoch: 4/10, Step: 516/1228, Loss: 0.026771415, Lr: 0.00093234977, Time: 0:21:17.280914

Epoch: 4/10, Step: 616/1228, Loss: 0.016913645, Lr: 0.00091556075, Time: 0:21:47.136676

Epoch: 4/10, Step: 716/1228, Loss: 0.022958279, Lr: 0.00089907413, Time: 0:22:17.068415

Epoch: 4/10, Step: 816/1228, Loss: 0.015723854, Lr: 0.00088288425, Time: 0:22:47.125046

Epoch: 4/10, Step: 916/1228, Loss: 0.008366704, Lr: 0.000866986, Time: 0:23:17.008173

Epoch: 4/10, Step: 1016/1228, Loss: 0.005947348, Lr: 0.00085137406, Time: 0:23:46.905680

Epoch: 4/10, Step: 1116/1228, Loss: 0.019986298, Lr: 0.00083604315, Time: 0:24:17.037277

Epoch: 4/10, Step: 1216/1228, Loss: 0.019666117, Lr: 0.0008209884, Time: 0:24:46.829975

Epoch: 5/10, Step: 88/1228, Loss: 0.014377393, Lr: 0.0008062047, Time: 0:25:20.279554

Epoch: 5/10, Step: 188/1228, Loss: 0.008093659, Lr: 0.00079168717, Time: 0:25:50.210223

Epoch: 5/10, Step: 288/1228, Loss: 0.0058602835, Lr: 0.0007774311, Time: 0:26:20.117590

Epoch: 5/10, Step: 388/1228, Loss: 0.01576443, Lr: 0.0007634317, Time: 0:26:49.815006

Epoch: 5/10, Step: 488/1228, Loss: 0.012262039, Lr: 0.0007496844, Time: 0:27:19.454334

Epoch: 5/10, Step: 588/1228, Loss: 0.027658805, Lr: 0.0007361849, Time: 0:27:49.970788

Epoch: 5/10, Step: 688/1228, Loss: 0.018136833, Lr: 0.00072292815, Time: 0:28:19.944454

Epoch: 5/10, Step: 788/1228, Loss: 0.017175067, Lr: 0.0007099102, Time: 0:28:49.968328

Epoch: 5/10, Step: 888/1228, Loss: 0.0095038805, Lr: 0.00069712667, Time: 0:29:19.902031

Epoch: 5/10, Step: 988/1228, Loss: 0.0066651097, Lr: 0.0006845734, Time: 0:29:49.956828

Epoch: 5/10, Step: 1088/1228, Loss: 0.0054450287, Lr: 0.0006722462, Time: 0:30:20.080475

Epoch: 5/10, Step: 1188/1228, Loss: 0.014175331, Lr: 0.00066014106, Time: 0:30:50.046467

Epoch: 6/10, Step: 60/1228, Loss: 0.008850986, Lr: 0.0006482537, Time: 0:31:22.898743

Epoch: 6/10, Step: 160/1228, Loss: 0.01179098, Lr: 0.00063658046, Time: 0:31:52.946106

Epoch: 6/10, Step: 260/1228, Loss: 0.021764375, Lr: 0.00062511745, Time: 0:32:23.382452

Epoch: 6/10, Step: 360/1228, Loss: 0.008167191, Lr: 0.0006138609, Time: 0:32:53.441114

Epoch: 6/10, Step: 460/1228, Loss: 0.014548615, Lr: 0.00060280686, Time: 0:33:23.201521

Epoch: 6/10, Step: 560/1228, Loss: 0.022814859, Lr: 0.000591952, Time: 0:33:52.850002

Epoch: 6/10, Step: 660/1228, Loss: 0.0073142406, Lr: 0.0005812926, Time: 0:34:22.758287

Epoch: 6/10, Step: 760/1228, Loss: 0.008367, Lr: 0.0005708252, Time: 0:34:52.705834

Epoch: 6/10, Step: 860/1228, Loss: 0.0103707425, Lr: 0.00056054624, Time: 0:35:22.672993

Epoch: 6/10, Step: 960/1228, Loss: 0.00682972, Lr: 0.0005504524, Time: 0:35:52.569995

Epoch: 6/10, Step: 1060/1228, Loss: 0.006819068, Lr: 0.00054054026, Time: 0:36:21.933359

Epoch: 6/10, Step: 1160/1228, Loss: 0.0105412975, Lr: 0.0005308066, Time: 0:36:51.985556

Epoch: 7/10, Step: 32/1228, Loss: 0.007490208, Lr: 0.0005212483, Time: 0:37:25.202571

Epoch: 7/10, Step: 132/1228, Loss: 0.007274347, Lr: 0.0005118621, Time: 0:37:55.257441

Epoch: 7/10, Step: 232/1228, Loss: 0.0064427634, Lr: 0.00050264486, Time: 0:38:25.144891

Epoch: 7/10, Step: 332/1228, Loss: 0.014242783, Lr: 0.00049359363, Time: 0:38:55.017338

Epoch: 7/10, Step: 432/1228, Loss: 0.014064731, Lr: 0.0004847054, Time: 0:39:25.145489

Epoch: 7/10, Step: 532/1228, Loss: 0.0104969265, Lr: 0.00047597723, Time: 0:39:55.181357

Epoch: 7/10, Step: 632/1228, Loss: 0.011725137, Lr: 0.00046740618, Time: 0:40:25.159097

Epoch: 7/10, Step: 732/1228, Loss: 0.018125417, Lr: 0.00045898953, Time: 0:40:55.124836

Epoch: 7/10, Step: 832/1228, Loss: 0.0076447167, Lr: 0.00045072442, Time: 0:41:24.977589

Epoch: 7/10, Step: 932/1228, Loss: 0.0119082965, Lr: 0.0004426081, Time: 0:41:54.942219

Epoch: 7/10, Step: 1032/1228, Loss: 0.019317815, Lr: 0.000434638, Time: 0:42:24.613678

Epoch: 7/10, Step: 1132/1228, Loss: 0.0067228144, Lr: 0.00042681143, Time: 0:42:54.262241

Epoch: 8/10, Step: 4/1228, Loss: 0.0056267753, Lr: 0.0004191257, Time: 0:43:26.726072

Epoch: 8/10, Step: 104/1228, Loss: 0.007189989, Lr: 0.00041157845, Time: 0:43:56.806164

Epoch: 8/10, Step: 204/1228, Loss: 0.005269965, Lr: 0.00040416713, Time: 0:44:26.992778

Epoch: 8/10, Step: 304/1228, Loss: 0.003520407, Lr: 0.0003968892, Time: 0:44:56.968379

Epoch: 8/10, Step: 404/1228, Loss: 0.0054761227, Lr: 0.00038974232, Time: 0:45:26.909635

Epoch: 8/10, Step: 504/1228, Loss: 0.0070793238, Lr: 0.00038272413, Time: 0:45:56.901093

Epoch: 8/10, Step: 604/1228, Loss: 0.0074617337, Lr: 0.00037583234, Time: 0:46:26.721051

Epoch: 8/10, Step: 704/1228, Loss: 0.00671722, Lr: 0.00036906466, Time: 0:46:56.459822

Epoch: 8/10, Step: 804/1228, Loss: 0.018598322, Lr: 0.00036241888, Time: 0:47:26.568177

Epoch: 8/10, Step: 904/1228, Loss: 0.00986479, Lr: 0.00035589273, Time: 0:47:56.813170

Epoch: 8/10, Step: 1004/1228, Loss: 0.006863654, Lr: 0.00034948406, Time: 0:48:26.718206

Epoch: 8/10, Step: 1104/1228, Loss: 0.0068379613, Lr: 0.00034319083, Time: 0:48:56.433712

Epoch: 8/10, Step: 1204/1228, Loss: 0.011572886, Lr: 0.00033701095, Time: 0:49:26.571723

Epoch: 9/10, Step: 76/1228, Loss: 0.0071118, Lr: 0.0003309423, Time: 0:49:59.058230

Epoch: 9/10, Step: 176/1228, Loss: 0.0082892375, Lr: 0.00032498295, Time: 0:50:29.254500

Epoch: 9/10, Step: 276/1228, Loss: 0.0053595253, Lr: 0.00031913092, Time: 0:50:59.137827

Epoch: 9/10, Step: 376/1228, Loss: 0.010947148, Lr: 0.00031338428, Time: 0:51:29.353582

Epoch: 9/10, Step: 476/1228, Loss: 0.010249782, Lr: 0.00030774108, Time: 0:51:59.242142

Epoch: 9/10, Step: 576/1228, Loss: 0.008975891, Lr: 0.00030219954, Time: 0:52:29.329034

Epoch: 9/10, Step: 676/1228, Loss: 0.006330197, Lr: 0.00029675776, Time: 0:52:59.129818

Epoch: 9/10, Step: 776/1228, Loss: 0.0126267765, Lr: 0.000291414, Time: 0:53:29.129673

Epoch: 9/10, Step: 876/1228, Loss: 0.014203499, Lr: 0.00028616644, Time: 0:53:58.890171

Epoch: 9/10, Step: 976/1228, Loss: 0.01035461, Lr: 0.00028101337, Time: 0:54:28.780650

Epoch: 9/10, Step: 1076/1228, Loss: 0.005932903, Lr: 0.0002759531, Time: 0:54:59.028819

Epoch: 9/10, Step: 1176/1228, Loss: 0.00790705, Lr: 0.00027098405, Time: 0:55:29.348291

Epoch: 10/10, Step: 48/1228, Loss: 0.0077383285, Lr: 0.00026610435, Time: 0:56:02.482165

Epoch: 10/10, Step: 148/1228, Loss: 0.009490948, Lr: 0.00026131255, Time: 0:56:32.606267

Epoch: 10/10, Step: 248/1228, Loss: 0.0075248927, Lr: 0.00025660705, Time: 0:57:02.633789

Epoch: 10/10, Step: 348/1228, Loss: 0.006164347, Lr: 0.00025198626, Time: 0:57:32.538146

Epoch: 10/10, Step: 448/1228, Loss: 0.0054382468, Lr: 0.00024744868, Time: 0:58:02.452586

Epoch: 10/10, Step: 548/1228, Loss: 0.008252346, Lr: 0.00024299283, Time: 0:58:32.329754

Epoch: 10/10, Step: 648/1228, Loss: 0.0047418047, Lr: 0.00023861721, Time: 0:59:02.486098

Epoch: 10/10, Step: 748/1228, Loss: 0.006929774, Lr: 0.00023432038, Time: 0:59:32.476506

Epoch: 10/10, Step: 848/1228, Loss: 0.010546984, Lr: 0.00023010091, Time: 1:00:02.729461

Epoch: 10/10, Step: 948/1228, Loss: 0.020748341, Lr: 0.00022595745, Time: 1:00:32.837548

Epoch: 10/10, Step: 1048/1228, Loss: 0.010953521, Lr: 0.00022188856, Time: 1:01:02.948478

Epoch: 10/10, Step: 1148/1228, Loss: 0.0073324544, Lr: 0.00021789307, Time: 1:01:33.008399

Epoch: 10/10, Step: 0/1228, Loss: 0.0042079627, Lr: 0.0002147484, Time: 1:01:56.910980

