WARNING:tensorflow:From /usr/local/lib/python3.8/dist-packages/tensorflow/python/compat/v2_compat.py:111: disable_resource_variables (from tensorflow.python.ops.variable_scope) is deprecated and will be removed in a future version.
Instructions for updating:
non-resource variables are not supported in the long term
source_pan_data shape: (4914, 264, 264, 1)
gt_data shape: (4914, 264, 264, 4)
data shape: (4914, 264, 264, 5)
Epoches: 8, Batch_size: 8
Train images number 4914, Batches: 614.

Train set has been trimmed 2 samples...

2021-12-03 07:25:21.159044: I tensorflow/core/platform/cpu_feature_guard.cc:151] This TensorFlow binary is optimized with oneAPI Deep Neural Network Library (oneDNN) to use the following CPU instructions in performance-critical operations:  AVX2 FMA
To enable them in other operations, rebuild TensorFlow with the appropriate compiler flags.
2021-12-03 07:25:21.650813: I tensorflow/core/common_runtime/gpu/gpu_device.cc:1525] Created device /job:localhost/replica:0/task:0/device:GPU:0 with 78874 MB memory:  -> device: 0, name: NVIDIA A100 80GB PCIe, pci bus id: 0000:27:00.0, compute capability: 8.0
out shape: (8, 264, 264, 1)
MS_converted_PAN shape: (8, 264, 264, 1)
<tf.Variable 'pP_ED/encoder/conv1/kernel:0' shape=(3, 3, 4, 32) dtype=float32_ref>
<tf.Variable 'pP_ED/encoder/conv1/bias:0' shape=(32,) dtype=float32_ref>
<tf.Variable 'pP_ED/encoder/conv2/kernel:0' shape=(3, 3, 32, 64) dtype=float32_ref>
<tf.Variable 'pP_ED/encoder/conv2/bias:0' shape=(64,) dtype=float32_ref>
<tf.Variable 'pP_ED/encoder/conv3/kernel:0' shape=(3, 3, 64, 96) dtype=float32_ref>
<tf.Variable 'pP_ED/encoder/conv3/bias:0' shape=(96,) dtype=float32_ref>
<tf.Variable 'pP_ED_1/decoder/conv2_1/kernel:0' shape=(3, 3, 96, 64) dtype=float32_ref>
<tf.Variable 'pP_ED_1/decoder/conv2_1/bias:0' shape=(64,) dtype=float32_ref>
<tf.Variable 'pP_ED_1/decoder/conv2_2/kernel:0' shape=(3, 3, 64, 32) dtype=float32_ref>
<tf.Variable 'pP_ED_1/decoder/conv2_2/bias:0' shape=(32,) dtype=float32_ref>
<tf.Variable 'pP_ED_1/decoder/conv2_3/kernel:0' shape=(3, 3, 32, 1) dtype=float32_ref>
<tf.Variable 'pP_ED_1/decoder/conv2_3/bias:0' shape=(1,) dtype=float32_ref>
2021-12-03 07:25:27.574959: I tensorflow/stream_executor/cuda/cuda_dnn.cc:366] Loaded cuDNN version 8301
Epoch:1/8: step:10, lr:0.0019927449, loss:25.921583, pPAN_max:1.0, pPAN_min:0.96119237, elapsed_time:0:00:10.805328

Epoch:1/8: step:20, lr:0.0019855157, loss:16.531311, pPAN_max:1.0, pPAN_min:1.0, elapsed_time:0:00:13.460728

Epoch:1/8: step:30, lr:0.0019783129, loss:4.164991, pPAN_max:1.0, pPAN_min:1.0, elapsed_time:0:00:16.072794

Epoch:1/8: step:40, lr:0.001971136, loss:7.087364, pPAN_max:1.0, pPAN_min:1.0, elapsed_time:0:00:18.715296

Epoch:1/8: step:50, lr:0.0019639856, loss:14.500621, pPAN_max:1.0, pPAN_min:1.0, elapsed_time:0:00:21.352068

Epoch:1/8: step:60, lr:0.001956861, loss:5.965922, pPAN_max:1.0, pPAN_min:1.0, elapsed_time:0:00:24.159758

Epoch:1/8: step:70, lr:0.0019497622, loss:6.6390314, pPAN_max:1.0, pPAN_min:1.0, elapsed_time:0:00:26.894045

Epoch:1/8: step:80, lr:0.0019426891, loss:9.255455, pPAN_max:1.0, pPAN_min:0.9999922, elapsed_time:0:00:29.631656

Epoch:1/8: step:90, lr:0.0019356417, loss:26.176174, pPAN_max:1.0, pPAN_min:1.0, elapsed_time:0:00:32.274610

Epoch:1/8: step:100, lr:0.0019286198, loss:37.063034, pPAN_max:1.0, pPAN_min:0.999992, elapsed_time:0:00:35.029429

Epoch:1/8: step:110, lr:0.0019216236, loss:4.3016405, pPAN_max:1.0, pPAN_min:0.99999183, elapsed_time:0:00:37.653179

Epoch:1/8: step:120, lr:0.0019146524, loss:18.069138, pPAN_max:1.0, pPAN_min:1.0, elapsed_time:0:00:40.292792

Epoch:1/8: step:130, lr:0.0019077066, loss:10.639653, pPAN_max:1.0, pPAN_min:1.0, elapsed_time:0:00:42.998269

Epoch:1/8: step:140, lr:0.0019007862, loss:26.035898, pPAN_max:1.0, pPAN_min:1.0, elapsed_time:0:00:45.706429

Epoch:1/8: step:150, lr:0.0018938907, loss:26.427097, pPAN_max:1.0, pPAN_min:0.9999911, elapsed_time:0:00:48.366309

Epoch:1/8: step:160, lr:0.0018870204, loss:16.119345, pPAN_max:1.0, pPAN_min:1.0, elapsed_time:0:00:51.032971

Epoch:1/8: step:170, lr:0.0018801749, loss:11.792782, pPAN_max:1.0, pPAN_min:1.0, elapsed_time:0:00:53.844303

Epoch:1/8: step:180, lr:0.0018733543, loss:9.985153, pPAN_max:1.0, pPAN_min:0.99999046, elapsed_time:0:00:56.554726

Epoch:1/8: step:190, lr:0.0018665583, loss:6.2658043, pPAN_max:1.0, pPAN_min:1.0, elapsed_time:0:00:59.227152

Epoch:1/8: step:200, lr:0.0018597872, loss:10.877373, pPAN_max:1.0, pPAN_min:0.99999005, elapsed_time:0:01:01.980900

Epoch:1/8: step:210, lr:0.0018530404, loss:46.793495, pPAN_max:1.0, pPAN_min:1.0, elapsed_time:0:01:04.603675

Epoch:1/8: step:220, lr:0.0018463184, loss:9.237868, pPAN_max:1.0, pPAN_min:1.0, elapsed_time:0:01:07.195643

Epoch:1/8: step:230, lr:0.0018396204, loss:19.974108, pPAN_max:1.0, pPAN_min:1.0, elapsed_time:0:01:09.859313

Epoch:1/8: step:240, lr:0.0018329468, loss:6.0557585, pPAN_max:1.0, pPAN_min:0.99998915, elapsed_time:0:01:12.542039

Epoch:1/8: step:250, lr:0.0018262976, loss:32.944115, pPAN_max:1.0, pPAN_min:1.0, elapsed_time:0:01:15.274133

Epoch:1/8: step:260, lr:0.0018196723, loss:13.540688, pPAN_max:1.0, pPAN_min:1.0, elapsed_time:0:01:18.041644

Epoch:1/8: step:270, lr:0.0018130712, loss:21.807438, pPAN_max:1.0, pPAN_min:1.0, elapsed_time:0:01:20.670792

Epoch:1/8: step:280, lr:0.001806494, loss:12.195656, pPAN_max:1.0, pPAN_min:1.0, elapsed_time:0:01:23.409597

Epoch:1/8: step:290, lr:0.0017999407, loss:30.619505, pPAN_max:1.0, pPAN_min:1.0, elapsed_time:0:01:26.075689

Epoch:1/8: step:300, lr:0.0017934111, loss:16.695879, pPAN_max:1.0, pPAN_min:1.0, elapsed_time:0:01:28.747024

Epoch:1/8: step:310, lr:0.0017869052, loss:7.518491, pPAN_max:1.0, pPAN_min:1.0, elapsed_time:0:01:31.458371

Epoch:1/8: step:320, lr:0.0017804229, loss:19.770525, pPAN_max:1.0, pPAN_min:0.99998695, elapsed_time:0:01:34.061395

Epoch:1/8: step:330, lr:0.001773964, loss:32.71887, pPAN_max:1.0, pPAN_min:1.0, elapsed_time:0:01:36.721015

Epoch:1/8: step:340, lr:0.0017675287, loss:5.7759776, pPAN_max:1.0, pPAN_min:1.0, elapsed_time:0:01:39.340866

Epoch:1/8: step:350, lr:0.0017611167, loss:9.119177, pPAN_max:1.0, pPAN_min:1.0, elapsed_time:0:01:41.919781

Epoch:1/8: step:360, lr:0.001754728, loss:17.255547, pPAN_max:1.0, pPAN_min:0.9999833, elapsed_time:0:01:44.579813

Epoch:1/8: step:370, lr:0.0017483626, loss:5.8318424, pPAN_max:1.0, pPAN_min:1.0, elapsed_time:0:01:47.245778

Epoch:1/8: step:380, lr:0.0017420201, loss:5.668471, pPAN_max:1.0, pPAN_min:1.0, elapsed_time:0:01:49.945267

Epoch:1/8: step:390, lr:0.0017357005, loss:6.560658, pPAN_max:1.0, pPAN_min:1.0, elapsed_time:0:01:52.645000

Epoch:1/8: step:400, lr:0.0017294041, loss:33.49529, pPAN_max:1.0, pPAN_min:0.9999798, elapsed_time:0:01:55.384204

Epoch:1/8: step:410, lr:0.0017231304, loss:11.779373, pPAN_max:1.0, pPAN_min:1.0, elapsed_time:0:01:57.978192

Epoch:1/8: step:420, lr:0.0017168794, loss:13.339893, pPAN_max:1.0, pPAN_min:1.0, elapsed_time:0:02:00.617470

Epoch:1/8: step:430, lr:0.0017106511, loss:11.049356, pPAN_max:1.0, pPAN_min:1.0, elapsed_time:0:02:03.155727

Epoch:1/8: step:440, lr:0.0017044455, loss:16.296698, pPAN_max:1.0, pPAN_min:0.9999707, elapsed_time:0:02:05.862335

Epoch:1/8: step:450, lr:0.0016982623, loss:7.968314, pPAN_max:1.0, pPAN_min:0.9999665, elapsed_time:0:02:08.507240

Epoch:1/8: step:460, lr:0.0016921017, loss:43.14705, pPAN_max:1.0, pPAN_min:1.0, elapsed_time:0:02:11.168271

Epoch:1/8: step:470, lr:0.0016859632, loss:1.8366008, pPAN_max:1.0, pPAN_min:1.0, elapsed_time:0:02:13.765270

Epoch:1/8: step:480, lr:0.0016798471, loss:4.3601007, pPAN_max:1.0, pPAN_min:0.9999496, elapsed_time:0:02:16.429758

Epoch:1/8: step:490, lr:0.0016737533, loss:5.107445, pPAN_max:1.0, pPAN_min:0.9999336, elapsed_time:0:02:19.113547

Epoch:1/8: step:500, lr:0.0016676813, loss:8.195818, pPAN_max:1.0, pPAN_min:1.0, elapsed_time:0:02:21.882307

Epoch:1/8: step:510, lr:0.0016616316, loss:9.0188, pPAN_max:1.0, pPAN_min:1.0, elapsed_time:0:02:24.587126

Epoch:1/8: step:520, lr:0.0016556038, loss:25.658934, pPAN_max:1.0, pPAN_min:0.9997137, elapsed_time:0:02:27.264153

Epoch:1/8: step:530, lr:0.0016495977, loss:9.535017, pPAN_max:1.0, pPAN_min:1.0, elapsed_time:0:02:29.918243

Epoch:1/8: step:540, lr:0.0016436136, loss:26.695862, pPAN_max:1.0, pPAN_min:1.0, elapsed_time:0:02:32.613605

Epoch:1/8: step:550, lr:0.001637651, loss:4.2600694, pPAN_max:1.0, pPAN_min:0.0, elapsed_time:0:02:35.232498

Epoch:1/8: step:560, lr:0.0016317102, loss:4.1668835, pPAN_max:1.0, pPAN_min:1.0, elapsed_time:0:02:37.886683

Epoch:1/8: step:570, lr:0.001625791, loss:9.896837, pPAN_max:1.0, pPAN_min:1.0, elapsed_time:0:02:40.452529

Epoch:1/8: step:580, lr:0.0016198931, loss:38.470524, pPAN_max:1.0, pPAN_min:1.0, elapsed_time:0:02:43.171379

Epoch:1/8: step:590, lr:0.0016140166, loss:5.4600873, pPAN_max:1.0, pPAN_min:1.0, elapsed_time:0:02:45.758986

WARNING:tensorflow:From /usr/local/lib/python3.8/dist-packages/tensorflow/python/training/saver.py:1056: remove_checkpoint (from tensorflow.python.training.checkpoint_management) is deprecated and will be removed in a future version.
Instructions for updating:
Use standard file APIs to delete files with this prefix.
Epoch:1/8: step:600, lr:0.0016081616, loss:4.4131126, pPAN_max:1.0, pPAN_min:0.0, elapsed_time:0:02:48.476171

Epoch:1/8: step:610, lr:0.0016023277, loss:16.86055, pPAN_max:1.0, pPAN_min:1.0, elapsed_time:0:02:51.099230

Epoch:2/8: step:620, lr:0.0015965151, loss:20.366987, pPAN_max:1.0, pPAN_min:1.0, elapsed_time:0:02:56.989082

Epoch:2/8: step:630, lr:0.0015907234, loss:22.970404, pPAN_max:1.0, pPAN_min:1.0, elapsed_time:0:02:59.696965

Epoch:2/8: step:640, lr:0.0015849527, loss:28.775642, pPAN_max:1.0, pPAN_min:1.0, elapsed_time:0:03:02.270265

Epoch:2/8: step:650, lr:0.0015792031, loss:6.000745, pPAN_max:1.0, pPAN_min:0.0, elapsed_time:0:03:04.963155

Epoch:2/8: step:660, lr:0.0015734743, loss:18.887548, pPAN_max:1.0, pPAN_min:1.0, elapsed_time:0:03:07.572786

Epoch:2/8: step:670, lr:0.0015677663, loss:3.87688, pPAN_max:1.0, pPAN_min:0.0, elapsed_time:0:03:10.211717

Epoch:2/8: step:680, lr:0.0015620788, loss:12.268709, pPAN_max:1.0, pPAN_min:0.0, elapsed_time:0:03:12.736339

Epoch:2/8: step:690, lr:0.0015564123, loss:3.8188732, pPAN_max:1.0, pPAN_min:0.0, elapsed_time:0:03:15.353310

Epoch:2/8: step:700, lr:0.001550766, loss:8.78117, pPAN_max:1.0, pPAN_min:0.0, elapsed_time:0:03:18.087739

Epoch:2/8: step:710, lr:0.0015451404, loss:38.40882, pPAN_max:1.0, pPAN_min:1.0, elapsed_time:0:03:20.697919

Epoch:2/8: step:720, lr:0.0015395351, loss:17.971172, pPAN_max:1.0, pPAN_min:1.0, elapsed_time:0:03:23.150637

Epoch:2/8: step:730, lr:0.0015339503, loss:10.9681835, pPAN_max:1.0, pPAN_min:1.0, elapsed_time:0:03:25.822110

Epoch:2/8: step:740, lr:0.0015283856, loss:16.68415, pPAN_max:1.0, pPAN_min:1.0, elapsed_time:0:03:28.463142

Epoch:2/8: step:750, lr:0.001522841, loss:15.062717, pPAN_max:1.0, pPAN_min:1.0, elapsed_time:0:03:30.997985

Epoch:2/8: step:760, lr:0.0015173168, loss:6.1881495, pPAN_max:1.0, pPAN_min:1.0, elapsed_time:0:03:33.569803

Epoch:2/8: step:770, lr:0.0015118126, loss:4.0960836, pPAN_max:1.0, pPAN_min:0.0, elapsed_time:0:03:36.215272

Epoch:2/8: step:780, lr:0.0015063282, loss:25.306679, pPAN_max:1.0, pPAN_min:1.0, elapsed_time:0:03:38.769908

Epoch:2/8: step:790, lr:0.0015008636, loss:12.963734, pPAN_max:1.0, pPAN_min:0.0, elapsed_time:0:03:41.336093

Epoch:2/8: step:800, lr:0.0014954191, loss:18.380621, pPAN_max:1.0, pPAN_min:1.0, elapsed_time:0:03:44.098590

Epoch:2/8: step:810, lr:0.0014899941, loss:26.34817, pPAN_max:1.0, pPAN_min:0.0, elapsed_time:0:03:46.767769

Epoch:2/8: step:820, lr:0.001484589, loss:23.644058, pPAN_max:1.0, pPAN_min:1.0, elapsed_time:0:03:49.486476

Epoch:2/8: step:830, lr:0.0014792033, loss:18.902761, pPAN_max:1.0, pPAN_min:1.0, elapsed_time:0:03:52.160983

Epoch:2/8: step:840, lr:0.0014738374, loss:2.0302563, pPAN_max:1.0, pPAN_min:0.0, elapsed_time:0:03:54.806571

Epoch:2/8: step:850, lr:0.0014684908, loss:20.733355, pPAN_max:1.0, pPAN_min:1.0, elapsed_time:0:03:57.398793

Epoch:2/8: step:860, lr:0.0014631634, loss:12.726612, pPAN_max:1.0, pPAN_min:1.0, elapsed_time:0:04:00.069141

Epoch:2/8: step:870, lr:0.0014578557, loss:2.5745196, pPAN_max:1.0, pPAN_min:1.0, elapsed_time:0:04:02.732873

Epoch:2/8: step:880, lr:0.0014525672, loss:7.549173, pPAN_max:1.0, pPAN_min:1.0, elapsed_time:0:04:05.413412

Epoch:2/8: step:890, lr:0.0014472976, loss:43.2051, pPAN_max:1.0, pPAN_min:0.0, elapsed_time:0:04:08.022066

Epoch:2/8: step:900, lr:0.0014420473, loss:48.295662, pPAN_max:1.0, pPAN_min:1.0, elapsed_time:0:04:10.827741

Epoch:2/8: step:910, lr:0.0014368162, loss:29.21809, pPAN_max:1.0, pPAN_min:1.0, elapsed_time:0:04:13.427351

Epoch:2/8: step:920, lr:0.0014316038, loss:19.577326, pPAN_max:1.0, pPAN_min:0.0, elapsed_time:0:04:15.969360

Epoch:2/8: step:930, lr:0.0014264104, loss:28.875383, pPAN_max:1.0, pPAN_min:1.0, elapsed_time:0:04:18.644356

Epoch:2/8: step:940, lr:0.0014212359, loss:12.421238, pPAN_max:1.0, pPAN_min:1.0, elapsed_time:0:04:21.233164

Epoch:2/8: step:950, lr:0.00141608, loss:34.5069, pPAN_max:1.0, pPAN_min:0.0, elapsed_time:0:04:23.963222

Epoch:2/8: step:960, lr:0.0014109431, loss:5.08127, pPAN_max:1.0, pPAN_min:0.0, elapsed_time:0:04:26.617349

Epoch:2/8: step:970, lr:0.0014058247, loss:18.464622, pPAN_max:1.0, pPAN_min:1.0, elapsed_time:0:04:29.261255

Epoch:2/8: step:980, lr:0.0014007248, loss:8.208966, pPAN_max:1.0, pPAN_min:0.0, elapsed_time:0:04:32.014811

Epoch:2/8: step:990, lr:0.0013956433, loss:11.732784, pPAN_max:1.0, pPAN_min:1.0, elapsed_time:0:04:34.654122

Epoch:2/8: step:1000, lr:0.0013905803, loss:12.28407, pPAN_max:1.0, pPAN_min:0.0, elapsed_time:0:04:37.369756

Epoch:2/8: step:1010, lr:0.0013855359, loss:20.507679, pPAN_max:1.0, pPAN_min:0.0, elapsed_time:0:04:39.981699

Epoch:2/8: step:1020, lr:0.0013805097, loss:32.35888, pPAN_max:1.0, pPAN_min:1.0, elapsed_time:0:04:42.630440

Epoch:2/8: step:1030, lr:0.0013755016, loss:8.658014, pPAN_max:1.0, pPAN_min:1.0, elapsed_time:0:04:45.338497

Epoch:2/8: step:1040, lr:0.0013705117, loss:28.381893, pPAN_max:1.0, pPAN_min:0.0, elapsed_time:0:04:47.997003

Epoch:2/8: step:1050, lr:0.0013655401, loss:5.6106744, pPAN_max:1.0, pPAN_min:1.0, elapsed_time:0:04:50.626341

Epoch:2/8: step:1060, lr:0.0013605863, loss:15.511313, pPAN_max:1.0, pPAN_min:1.0, elapsed_time:0:04:53.342046

Epoch:2/8: step:1070, lr:0.0013556505, loss:11.397848, pPAN_max:1.0, pPAN_min:1.0, elapsed_time:0:04:55.882005

Epoch:2/8: step:1080, lr:0.0013507328, loss:27.145115, pPAN_max:1.0, pPAN_min:1.0, elapsed_time:0:04:58.518141

Epoch:2/8: step:1090, lr:0.0013458327, loss:30.217949, pPAN_max:1.0, pPAN_min:0.0, elapsed_time:0:05:01.232567

Epoch:2/8: step:1100, lr:0.0013409505, loss:4.880906, pPAN_max:1.0, pPAN_min:1.0, elapsed_time:0:05:03.951144

Epoch:2/8: step:1110, lr:0.001336086, loss:11.851178, pPAN_max:1.0, pPAN_min:1.0, elapsed_time:0:05:06.605273

Epoch:2/8: step:1120, lr:0.001331239, loss:32.677334, pPAN_max:1.0, pPAN_min:1.0, elapsed_time:0:05:09.351029

Epoch:2/8: step:1130, lr:0.0013264098, loss:9.65934, pPAN_max:1.0, pPAN_min:1.0, elapsed_time:0:05:12.017379

Epoch:2/8: step:1140, lr:0.001321598, loss:49.8512, pPAN_max:1.0, pPAN_min:1.0, elapsed_time:0:05:14.765431

Epoch:2/8: step:1150, lr:0.0013168036, loss:16.918447, pPAN_max:1.0, pPAN_min:0.0, elapsed_time:0:05:17.325910

Epoch:2/8: step:1160, lr:0.0013120268, loss:8.781103, pPAN_max:1.0, pPAN_min:0.0, elapsed_time:0:05:19.880636

Epoch:2/8: step:1170, lr:0.0013072671, loss:7.4457445, pPAN_max:1.0, pPAN_min:1.0, elapsed_time:0:05:22.515060

Epoch:2/8: step:1180, lr:0.0013025248, loss:10.649178, pPAN_max:1.0, pPAN_min:0.0, elapsed_time:0:05:25.161287

Epoch:2/8: step:1190, lr:0.0012977996, loss:12.18176, pPAN_max:1.0, pPAN_min:1.0, elapsed_time:0:05:27.873265

Epoch:2/8: step:1200, lr:0.0012930918, loss:13.786191, pPAN_max:1.0, pPAN_min:1.0, elapsed_time:0:05:30.514244

Epoch:2/8: step:1210, lr:0.0012884008, loss:21.422668, pPAN_max:1.0, pPAN_min:1.0, elapsed_time:0:05:33.162215

Epoch:2/8: step:1220, lr:0.0012837269, loss:13.90152, pPAN_max:1.0, pPAN_min:1.0, elapsed_time:0:05:35.828508

Epoch:3/8: step:1230, lr:0.00127907, loss:6.0705314, pPAN_max:1.0, pPAN_min:0.0, elapsed_time:0:05:41.212594

Epoch:3/8: step:1240, lr:0.0012744301, loss:42.02126, pPAN_max:1.0, pPAN_min:1.0, elapsed_time:0:05:43.846373

Epoch:3/8: step:1250, lr:0.0012698068, loss:6.4364605, pPAN_max:1.0, pPAN_min:1.0, elapsed_time:0:05:46.480813

Epoch:3/8: step:1260, lr:0.0012652004, loss:7.5184784, pPAN_max:1.0, pPAN_min:0.0, elapsed_time:0:05:49.069916

Epoch:3/8: step:1270, lr:0.0012606106, loss:9.327435, pPAN_max:1.0, pPAN_min:1.0, elapsed_time:0:05:51.687749

Epoch:3/8: step:1280, lr:0.0012560375, loss:5.722132, pPAN_max:1.0, pPAN_min:1.0, elapsed_time:0:05:54.356933

Epoch:3/8: step:1290, lr:0.0012514811, loss:6.8006725, pPAN_max:1.0, pPAN_min:1.0, elapsed_time:0:05:57.077057

Epoch:3/8: step:1300, lr:0.0012469412, loss:36.898426, pPAN_max:1.0, pPAN_min:1.0, elapsed_time:0:05:59.738877

Epoch:3/8: step:1310, lr:0.0012424176, loss:12.430115, pPAN_max:1.0, pPAN_min:1.0, elapsed_time:0:06:02.361482

Epoch:3/8: step:1320, lr:0.0012379106, loss:4.6153007, pPAN_max:1.0, pPAN_min:1.0, elapsed_time:0:06:05.013385

Epoch:3/8: step:1330, lr:0.0012334199, loss:14.05805, pPAN_max:1.0, pPAN_min:1.0, elapsed_time:0:06:07.638887

Epoch:3/8: step:1340, lr:0.0012289454, loss:20.706348, pPAN_max:1.0, pPAN_min:1.0, elapsed_time:0:06:10.260490

Epoch:3/8: step:1350, lr:0.0012244872, loss:20.27568, pPAN_max:1.0, pPAN_min:1.0, elapsed_time:0:06:12.931087

Epoch:3/8: step:1360, lr:0.0012200453, loss:11.099761, pPAN_max:1.0, pPAN_min:1.0, elapsed_time:0:06:15.608070

Epoch:3/8: step:1370, lr:0.0012156194, loss:27.508541, pPAN_max:1.0, pPAN_min:1.0, elapsed_time:0:06:18.199945

Epoch:3/8: step:1380, lr:0.0012112095, loss:12.371233, pPAN_max:1.0, pPAN_min:0.0, elapsed_time:0:06:20.877019

Epoch:3/8: step:1390, lr:0.0012068156, loss:6.452902, pPAN_max:1.0, pPAN_min:1.0, elapsed_time:0:06:23.586030

Epoch:3/8: step:1400, lr:0.0012024377, loss:20.917728, pPAN_max:1.0, pPAN_min:1.0, elapsed_time:0:06:26.341600

Epoch:3/8: step:1410, lr:0.0011980757, loss:9.546204, pPAN_max:1.0, pPAN_min:1.0, elapsed_time:0:06:29.074351

Epoch:3/8: step:1420, lr:0.0011937295, loss:18.302155, pPAN_max:1.0, pPAN_min:1.0, elapsed_time:0:06:31.758250

Epoch:3/8: step:1430, lr:0.0011893989, loss:27.402098, pPAN_max:1.0, pPAN_min:0.0, elapsed_time:0:06:34.381209

Epoch:3/8: step:1440, lr:0.0011850842, loss:5.117734, pPAN_max:1.0, pPAN_min:0.0, elapsed_time:0:06:37.061906

Epoch:3/8: step:1450, lr:0.0011807851, loss:4.8093624, pPAN_max:1.0, pPAN_min:1.0, elapsed_time:0:06:39.786542

Epoch:3/8: step:1460, lr:0.0011765017, loss:13.81435, pPAN_max:1.0, pPAN_min:1.0, elapsed_time:0:06:42.448056

Epoch:3/8: step:1470, lr:0.0011722336, loss:14.8717, pPAN_max:1.0, pPAN_min:1.0, elapsed_time:0:06:45.053787

Epoch:3/8: step:1480, lr:0.0011679812, loss:5.4008856, pPAN_max:1.0, pPAN_min:0.0, elapsed_time:0:06:47.682842

Epoch:3/8: step:1490, lr:0.0011637443, loss:8.2458315, pPAN_max:1.0, pPAN_min:1.0, elapsed_time:0:06:50.296535

Epoch:3/8: step:1500, lr:0.0011595224, loss:19.131506, pPAN_max:1.0, pPAN_min:0.0, elapsed_time:0:06:53.099136

Epoch:3/8: step:1510, lr:0.0011553161, loss:51.154495, pPAN_max:1.0, pPAN_min:1.0, elapsed_time:0:06:55.659116

Epoch:3/8: step:1520, lr:0.0011511251, loss:30.904043, pPAN_max:1.0, pPAN_min:1.0, elapsed_time:0:06:58.370897

Epoch:3/8: step:1530, lr:0.0011469492, loss:5.6702967, pPAN_max:1.0, pPAN_min:1.0, elapsed_time:0:07:01.111591

Epoch:3/8: step:1540, lr:0.0011427884, loss:31.981953, pPAN_max:1.0, pPAN_min:1.0, elapsed_time:0:07:03.738619

Epoch:3/8: step:1550, lr:0.0011386429, loss:25.329472, pPAN_max:1.0, pPAN_min:0.0, elapsed_time:0:07:06.372961

Epoch:3/8: step:1560, lr:0.0011345121, loss:7.0275197, pPAN_max:1.0, pPAN_min:1.0, elapsed_time:0:07:08.991938

Epoch:3/8: step:1570, lr:0.0011303964, loss:36.187744, pPAN_max:1.0, pPAN_min:0.0, elapsed_time:0:07:11.620393

Epoch:3/8: step:1580, lr:0.0011262959, loss:10.518908, pPAN_max:1.0, pPAN_min:1.0, elapsed_time:0:07:14.325897

Epoch:3/8: step:1590, lr:0.0011222101, loss:4.3727283, pPAN_max:1.0, pPAN_min:1.0, elapsed_time:0:07:16.962853

Epoch:3/8: step:1600, lr:0.001118139, loss:15.601859, pPAN_max:1.0, pPAN_min:1.0, elapsed_time:0:07:19.720076

Epoch:3/8: step:1610, lr:0.0011140828, loss:30.14841, pPAN_max:1.0, pPAN_min:1.0, elapsed_time:0:07:22.325447

Epoch:3/8: step:1620, lr:0.0011100413, loss:9.437874, pPAN_max:1.0, pPAN_min:0.0, elapsed_time:0:07:24.996531

Epoch:3/8: step:1630, lr:0.0011060145, loss:15.889101, pPAN_max:1.0, pPAN_min:1.0, elapsed_time:0:07:27.608221

Epoch:3/8: step:1640, lr:0.0011020022, loss:2.4403245, pPAN_max:1.0, pPAN_min:0.0, elapsed_time:0:07:30.219055

Epoch:3/8: step:1650, lr:0.0010980044, loss:4.88482, pPAN_max:1.0, pPAN_min:1.0, elapsed_time:0:07:32.871203

Epoch:3/8: step:1660, lr:0.0010940211, loss:9.305684, pPAN_max:1.0, pPAN_min:1.0, elapsed_time:0:07:35.518464

Epoch:3/8: step:1670, lr:0.0010900525, loss:20.022715, pPAN_max:1.0, pPAN_min:1.0, elapsed_time:0:07:38.242097

Epoch:3/8: step:1680, lr:0.0010860983, loss:20.5779, pPAN_max:1.0, pPAN_min:1.0, elapsed_time:0:07:40.900585

Epoch:3/8: step:1690, lr:0.0010821583, loss:3.858264, pPAN_max:1.0, pPAN_min:1.0, elapsed_time:0:07:43.490110

Epoch:3/8: step:1700, lr:0.0010782324, loss:26.552273, pPAN_max:1.0, pPAN_min:1.0, elapsed_time:0:07:46.288389

Epoch:3/8: step:1710, lr:0.001074321, loss:5.711133, pPAN_max:1.0, pPAN_min:0.0, elapsed_time:0:07:48.924382

Epoch:3/8: step:1720, lr:0.0010704236, loss:14.082832, pPAN_max:1.0, pPAN_min:1.0, elapsed_time:0:07:51.611571

Epoch:3/8: step:1730, lr:0.0010665406, loss:19.804834, pPAN_max:1.0, pPAN_min:0.0, elapsed_time:0:07:54.237928

Epoch:3/8: step:1740, lr:0.0010626715, loss:5.3081236, pPAN_max:1.0, pPAN_min:1.0, elapsed_time:0:07:56.928824

Epoch:3/8: step:1750, lr:0.0010588166, loss:15.8051815, pPAN_max:1.0, pPAN_min:1.0, elapsed_time:0:07:59.539491

Epoch:3/8: step:1760, lr:0.0010549756, loss:28.146574, pPAN_max:1.0, pPAN_min:1.0, elapsed_time:0:08:02.082748

Epoch:3/8: step:1770, lr:0.0010511485, loss:21.482227, pPAN_max:1.0, pPAN_min:1.0, elapsed_time:0:08:04.677504

Epoch:3/8: step:1780, lr:0.0010473352, loss:8.833909, pPAN_max:1.0, pPAN_min:0.0, elapsed_time:0:08:07.313605

Epoch:3/8: step:1790, lr:0.0010435358, loss:25.036795, pPAN_max:1.0, pPAN_min:1.0, elapsed_time:0:08:09.909704

Epoch:3/8: step:1800, lr:0.0010397503, loss:4.483774, pPAN_max:1.0, pPAN_min:1.0, elapsed_time:0:08:12.665557

Epoch:3/8: step:1810, lr:0.0010359783, loss:7.4415956, pPAN_max:1.0, pPAN_min:1.0, elapsed_time:0:08:15.266810

Epoch:3/8: step:1820, lr:0.0010322202, loss:9.752871, pPAN_max:1.0, pPAN_min:1.0, elapsed_time:0:08:17.863231

Epoch:3/8: step:1830, lr:0.0010284757, loss:19.625652, pPAN_max:1.0, pPAN_min:1.0, elapsed_time:0:08:20.544404

Epoch:3/8: step:1840, lr:0.0010247448, loss:3.028667, pPAN_max:1.0, pPAN_min:1.0, elapsed_time:0:08:23.309662

Epoch:4/8: step:1850, lr:0.0010210272, loss:8.827815, pPAN_max:1.0, pPAN_min:1.0, elapsed_time:0:08:28.691663

Epoch:4/8: step:1860, lr:0.0010173232, loss:26.566523, pPAN_max:1.0, pPAN_min:1.0, elapsed_time:0:08:31.296385

Epoch:4/8: step:1870, lr:0.0010136327, loss:24.55913, pPAN_max:1.0, pPAN_min:1.0, elapsed_time:0:08:33.971933

Epoch:4/8: step:1880, lr:0.0010099557, loss:7.5483627, pPAN_max:1.0, pPAN_min:1.0, elapsed_time:0:08:36.638704

Epoch:4/8: step:1890, lr:0.0010062921, loss:25.251709, pPAN_max:1.0, pPAN_min:1.0, elapsed_time:0:08:39.266711

Epoch:4/8: step:1900, lr:0.0010026414, loss:20.747799, pPAN_max:1.0, pPAN_min:0.0, elapsed_time:0:08:42.049591

Epoch:4/8: step:1910, lr:0.0009990042, loss:9.858939, pPAN_max:1.0, pPAN_min:1.0, elapsed_time:0:08:44.714832

Epoch:4/8: step:1920, lr:0.0009953801, loss:3.9732292, pPAN_max:1.0, pPAN_min:1.0, elapsed_time:0:08:47.403834

Epoch:4/8: step:1930, lr:0.0009917691, loss:43.196793, pPAN_max:1.0, pPAN_min:1.0, elapsed_time:0:08:49.969130

Epoch:4/8: step:1940, lr:0.0009881714, loss:10.736129, pPAN_max:1.0, pPAN_min:0.0, elapsed_time:0:08:52.658184

Epoch:4/8: step:1950, lr:0.0009845867, loss:8.664587, pPAN_max:1.0, pPAN_min:0.0, elapsed_time:0:08:55.345479

Epoch:4/8: step:1960, lr:0.0009810149, loss:21.743769, pPAN_max:1.0, pPAN_min:1.0, elapsed_time:0:08:57.964383

Epoch:4/8: step:1970, lr:0.0009774562, loss:29.845276, pPAN_max:1.0, pPAN_min:1.0, elapsed_time:0:09:00.629889

Epoch:4/8: step:1980, lr:0.00097391027, loss:3.2765665, pPAN_max:1.0, pPAN_min:1.0, elapsed_time:0:09:03.284911

Epoch:4/8: step:1990, lr:0.0009703772, loss:27.58936, pPAN_max:1.0, pPAN_min:1.0, elapsed_time:0:09:05.977547

Epoch:4/8: step:2000, lr:0.000966857, loss:20.037954, pPAN_max:1.0, pPAN_min:1.0, elapsed_time:0:09:08.785721

Epoch:4/8: step:2010, lr:0.00096334965, loss:10.108549, pPAN_max:1.0, pPAN_min:1.0, elapsed_time:0:09:11.475622

Epoch:4/8: step:2020, lr:0.0009598549, loss:5.79826, pPAN_max:1.0, pPAN_min:0.0, elapsed_time:0:09:14.154855

Epoch:4/8: step:2030, lr:0.00095637277, loss:33.0586, pPAN_max:1.0, pPAN_min:1.0, elapsed_time:0:09:16.891053

Epoch:4/8: step:2040, lr:0.0009529034, loss:10.992305, pPAN_max:1.0, pPAN_min:1.0, elapsed_time:0:09:19.536097

Epoch:4/8: step:2050, lr:0.0009494465, loss:10.111675, pPAN_max:1.0, pPAN_min:0.0, elapsed_time:0:09:22.170123

Epoch:4/8: step:2060, lr:0.0009460024, loss:36.11115, pPAN_max:1.0, pPAN_min:1.0, elapsed_time:0:09:24.769757

Epoch:4/8: step:2070, lr:0.0009425706, loss:8.527569, pPAN_max:1.0, pPAN_min:1.0, elapsed_time:0:09:27.465067

Epoch:4/8: step:2080, lr:0.00093915116, loss:36.053017, pPAN_max:1.0, pPAN_min:1.0, elapsed_time:0:09:30.092024

Epoch:4/8: step:2090, lr:0.00093574426, loss:16.156975, pPAN_max:1.0, pPAN_min:1.0, elapsed_time:0:09:32.789499

Epoch:4/8: step:2100, lr:0.00093234977, loss:26.177692, pPAN_max:1.0, pPAN_min:0.0, elapsed_time:0:09:35.593419

Epoch:4/8: step:2110, lr:0.0009289675, loss:18.064436, pPAN_max:1.0, pPAN_min:1.0, elapsed_time:0:09:38.233871

Epoch:4/8: step:2120, lr:0.00092559756, loss:23.476013, pPAN_max:1.0, pPAN_min:1.0, elapsed_time:0:09:40.825738

Epoch:4/8: step:2130, lr:0.0009222397, loss:8.903948, pPAN_max:1.0, pPAN_min:1.0, elapsed_time:0:09:43.492628

Epoch:4/8: step:2140, lr:0.0009188942, loss:14.220546, pPAN_max:1.0, pPAN_min:0.0, elapsed_time:0:09:46.222138

Epoch:4/8: step:2150, lr:0.00091556075, loss:3.9205763, pPAN_max:1.0, pPAN_min:1.0, elapsed_time:0:09:48.988535

Epoch:4/8: step:2160, lr:0.00091223937, loss:12.099545, pPAN_max:1.0, pPAN_min:1.0, elapsed_time:0:09:51.588409

Epoch:4/8: step:2170, lr:0.0009089301, loss:13.116807, pPAN_max:1.0, pPAN_min:1.0, elapsed_time:0:09:54.303735

Epoch:4/8: step:2180, lr:0.0009056328, loss:9.95464, pPAN_max:1.0, pPAN_min:1.0, elapsed_time:0:09:57.084170

Epoch:4/8: step:2190, lr:0.0009023475, loss:2.6044986, pPAN_max:1.0, pPAN_min:0.0, elapsed_time:0:09:59.722178

Epoch:4/8: step:2200, lr:0.00089907413, loss:10.541811, pPAN_max:1.0, pPAN_min:1.0, elapsed_time:0:10:02.483907

Epoch:4/8: step:2210, lr:0.0008958125, loss:25.055414, pPAN_max:1.0, pPAN_min:1.0, elapsed_time:0:10:05.167027

Epoch:4/8: step:2220, lr:0.00089256285, loss:23.527748, pPAN_max:1.0, pPAN_min:0.0, elapsed_time:0:10:07.798285

Epoch:4/8: step:2230, lr:0.0008893249, loss:8.241324, pPAN_max:1.0, pPAN_min:1.0, elapsed_time:0:10:10.431828

Epoch:4/8: step:2240, lr:0.0008860987, loss:3.695819, pPAN_max:1.0, pPAN_min:1.0, elapsed_time:0:10:13.064250

Epoch:4/8: step:2250, lr:0.00088288425, loss:4.2698836, pPAN_max:1.0, pPAN_min:1.0, elapsed_time:0:10:15.755719

Epoch:4/8: step:2260, lr:0.00087968144, loss:16.150517, pPAN_max:1.0, pPAN_min:0.0, elapsed_time:0:10:18.299188

Epoch:4/8: step:2270, lr:0.0008764903, loss:7.0501084, pPAN_max:1.0, pPAN_min:1.0, elapsed_time:0:10:20.927532

Epoch:4/8: step:2280, lr:0.00087331067, loss:2.778019, pPAN_max:1.0, pPAN_min:1.0, elapsed_time:0:10:23.593683

Epoch:4/8: step:2290, lr:0.00087014254, loss:8.582242, pPAN_max:1.0, pPAN_min:1.0, elapsed_time:0:10:26.294592

Epoch:4/8: step:2300, lr:0.000866986, loss:13.96548, pPAN_max:1.0, pPAN_min:0.0, elapsed_time:0:10:29.065763

Epoch:4/8: step:2310, lr:0.00086384086, loss:16.418312, pPAN_max:1.0, pPAN_min:1.0, elapsed_time:0:10:31.793509

Epoch:4/8: step:2320, lr:0.00086070714, loss:23.87032, pPAN_max:1.0, pPAN_min:0.0, elapsed_time:0:10:34.520717

Epoch:4/8: step:2330, lr:0.00085758476, loss:13.521649, pPAN_max:1.0, pPAN_min:1.0, elapsed_time:0:10:37.313249

Epoch:4/8: step:2340, lr:0.00085447374, loss:30.875221, pPAN_max:1.0, pPAN_min:1.0, elapsed_time:0:10:40.020992

Epoch:4/8: step:2350, lr:0.00085137406, loss:15.6415, pPAN_max:1.0, pPAN_min:0.0, elapsed_time:0:10:42.661464

Epoch:4/8: step:2360, lr:0.0008482856, loss:6.3436832, pPAN_max:1.0, pPAN_min:0.0, elapsed_time:0:10:45.331503

Epoch:4/8: step:2370, lr:0.0008452082, loss:1.8449633, pPAN_max:1.0, pPAN_min:1.0, elapsed_time:0:10:47.955818

Epoch:4/8: step:2380, lr:0.00084214204, loss:23.49418, pPAN_max:1.0, pPAN_min:0.0, elapsed_time:0:10:50.531420

Epoch:4/8: step:2390, lr:0.00083908706, loss:6.636701, pPAN_max:1.0, pPAN_min:1.0, elapsed_time:0:10:53.281901

Epoch:4/8: step:2400, lr:0.00083604315, loss:26.794987, pPAN_max:1.0, pPAN_min:0.0, elapsed_time:0:10:56.169390

Epoch:4/8: step:2410, lr:0.00083301024, loss:7.1688113, pPAN_max:1.0, pPAN_min:0.0, elapsed_time:0:10:58.794311

Epoch:4/8: step:2420, lr:0.00082998833, loss:8.804303, pPAN_max:1.0, pPAN_min:1.0, elapsed_time:0:11:01.501229

Epoch:4/8: step:2430, lr:0.0008269775, loss:5.479176, pPAN_max:1.0, pPAN_min:1.0, elapsed_time:0:11:04.234863

Epoch:4/8: step:2440, lr:0.00082397746, loss:25.259203, pPAN_max:1.0, pPAN_min:1.0, elapsed_time:0:11:06.906707

Epoch:4/8: step:2450, lr:0.0008209884, loss:29.074833, pPAN_max:1.0, pPAN_min:1.0, elapsed_time:0:11:09.509561

Epoch:5/8: step:2460, lr:0.00081801007, loss:37.247913, pPAN_max:1.0, pPAN_min:0.0, elapsed_time:0:11:14.901130

Epoch:5/8: step:2470, lr:0.0008150426, loss:15.944783, pPAN_max:1.0, pPAN_min:1.0, elapsed_time:0:11:17.539269

Epoch:5/8: step:2480, lr:0.000812086, loss:29.782059, pPAN_max:1.0, pPAN_min:0.0, elapsed_time:0:11:20.112379

Epoch:5/8: step:2490, lr:0.0008091399, loss:21.35516, pPAN_max:1.0, pPAN_min:0.0, elapsed_time:0:11:22.786230

Epoch:5/8: step:2500, lr:0.0008062047, loss:7.692786, pPAN_max:1.0, pPAN_min:1.0, elapsed_time:0:11:25.471471

Epoch:5/8: step:2510, lr:0.00080328004, loss:5.4569244, pPAN_max:1.0, pPAN_min:1.0, elapsed_time:0:11:28.136299

Epoch:5/8: step:2520, lr:0.00080036605, loss:7.713517, pPAN_max:1.0, pPAN_min:1.0, elapsed_time:0:11:30.833994

Epoch:5/8: step:2530, lr:0.0007974625, loss:19.25564, pPAN_max:1.0, pPAN_min:1.0, elapsed_time:0:11:33.499519

Epoch:5/8: step:2540, lr:0.00079456967, loss:36.163296, pPAN_max:1.0, pPAN_min:1.0, elapsed_time:0:11:36.194510

Epoch:5/8: step:2550, lr:0.00079168717, loss:11.588908, pPAN_max:1.0, pPAN_min:1.0, elapsed_time:0:11:38.983250

Epoch:5/8: step:2560, lr:0.0007888152, loss:24.728668, pPAN_max:1.0, pPAN_min:1.0, elapsed_time:0:11:41.637708

Epoch:5/8: step:2570, lr:0.00078595366, loss:17.40264, pPAN_max:1.0, pPAN_min:0.0, elapsed_time:0:11:44.352841

Epoch:5/8: step:2580, lr:0.00078310247, loss:5.7135534, pPAN_max:1.0, pPAN_min:1.0, elapsed_time:0:11:47.075498

Epoch:5/8: step:2590, lr:0.00078026165, loss:37.94541, pPAN_max:1.0, pPAN_min:1.0, elapsed_time:0:11:49.779182

Epoch:5/8: step:2600, lr:0.0007774311, loss:9.669481, pPAN_max:1.0, pPAN_min:0.0, elapsed_time:0:11:52.569955

Epoch:5/8: step:2610, lr:0.0007746109, loss:4.829114, pPAN_max:1.0, pPAN_min:1.0, elapsed_time:0:11:55.260695

Epoch:5/8: step:2620, lr:0.0007718009, loss:8.474218, pPAN_max:1.0, pPAN_min:1.0, elapsed_time:0:11:57.906525

Epoch:5/8: step:2630, lr:0.00076900097, loss:9.389115, pPAN_max:1.0, pPAN_min:0.0, elapsed_time:0:12:00.479437

Epoch:5/8: step:2640, lr:0.00076621136, loss:14.436878, pPAN_max:1.0, pPAN_min:0.0, elapsed_time:0:12:03.165001

Epoch:5/8: step:2650, lr:0.0007634317, loss:6.6950464, pPAN_max:1.0, pPAN_min:1.0, elapsed_time:0:12:05.892385

Epoch:5/8: step:2660, lr:0.00076066237, loss:9.243887, pPAN_max:1.0, pPAN_min:1.0, elapsed_time:0:12:08.531590

Epoch:5/8: step:2670, lr:0.0007579028, loss:13.142672, pPAN_max:1.0, pPAN_min:1.0, elapsed_time:0:12:11.060238

Epoch:5/8: step:2680, lr:0.0007551535, loss:5.995326, pPAN_max:1.0, pPAN_min:1.0, elapsed_time:0:12:13.755839

Epoch:5/8: step:2690, lr:0.00075241405, loss:11.124307, pPAN_max:1.0, pPAN_min:1.0, elapsed_time:0:12:16.465388

Epoch:5/8: step:2700, lr:0.0007496844, loss:1.7090055, pPAN_max:1.0, pPAN_min:1.0, elapsed_time:0:12:19.302663

Epoch:5/8: step:2710, lr:0.0007469648, loss:35.137646, pPAN_max:1.0, pPAN_min:1.0, elapsed_time:0:12:21.941287

Epoch:5/8: step:2720, lr:0.00074425514, loss:2.4789057, pPAN_max:1.0, pPAN_min:1.0, elapsed_time:0:12:24.630354

Epoch:5/8: step:2730, lr:0.0007415553, loss:7.938747, pPAN_max:1.0, pPAN_min:1.0, elapsed_time:0:12:27.248456

Epoch:5/8: step:2740, lr:0.0007388651, loss:37.235027, pPAN_max:1.0, pPAN_min:1.0, elapsed_time:0:12:29.938720

Epoch:5/8: step:2750, lr:0.0007361849, loss:7.7867613, pPAN_max:1.0, pPAN_min:1.0, elapsed_time:0:12:32.609014

Epoch:5/8: step:2760, lr:0.00073351414, loss:2.1048832, pPAN_max:1.0, pPAN_min:1.0, elapsed_time:0:12:35.200405

Epoch:5/8: step:2770, lr:0.0007308532, loss:17.806221, pPAN_max:1.0, pPAN_min:1.0, elapsed_time:0:12:37.805505

Epoch:5/8: step:2780, lr:0.000728202, loss:41.147602, pPAN_max:1.0, pPAN_min:0.0, elapsed_time:0:12:40.432429

Epoch:5/8: step:2790, lr:0.0007255602, loss:9.649482, pPAN_max:1.0, pPAN_min:1.0, elapsed_time:0:12:43.179399

Epoch:5/8: step:2800, lr:0.00072292815, loss:4.6602387, pPAN_max:1.0, pPAN_min:1.0, elapsed_time:0:12:45.931941

Epoch:5/8: step:2810, lr:0.0007203056, loss:14.248479, pPAN_max:1.0, pPAN_min:1.0, elapsed_time:0:12:48.563671

Epoch:5/8: step:2820, lr:0.00071769266, loss:28.67721, pPAN_max:1.0, pPAN_min:0.0, elapsed_time:0:12:51.191579

Epoch:5/8: step:2830, lr:0.00071508903, loss:2.865189, pPAN_max:1.0, pPAN_min:1.0, elapsed_time:0:12:53.793018

Epoch:5/8: step:2840, lr:0.000712495, loss:19.19831, pPAN_max:1.0, pPAN_min:1.0, elapsed_time:0:12:56.449169

Epoch:5/8: step:2850, lr:0.0007099102, loss:18.933184, pPAN_max:1.0, pPAN_min:1.0, elapsed_time:0:12:59.065566

Epoch:5/8: step:2860, lr:0.00070733484, loss:13.961953, pPAN_max:1.0, pPAN_min:0.0, elapsed_time:0:13:01.735945

Epoch:5/8: step:2870, lr:0.000704769, loss:15.199626, pPAN_max:1.0, pPAN_min:1.0, elapsed_time:0:13:04.360739

Epoch:5/8: step:2880, lr:0.00070221233, loss:2.6081028, pPAN_max:1.0, pPAN_min:0.0, elapsed_time:0:13:07.086137

Epoch:5/8: step:2890, lr:0.00069966493, loss:22.000486, pPAN_max:1.0, pPAN_min:1.0, elapsed_time:0:13:09.753459

Epoch:5/8: step:2900, lr:0.00069712667, loss:5.103992, pPAN_max:1.0, pPAN_min:1.0, elapsed_time:0:13:12.594813

Epoch:5/8: step:2910, lr:0.0006945977, loss:23.208586, pPAN_max:1.0, pPAN_min:1.0, elapsed_time:0:13:15.240016

Epoch:5/8: step:2920, lr:0.0006920781, loss:6.0433245, pPAN_max:1.0, pPAN_min:1.0, elapsed_time:0:13:17.928239

Epoch:5/8: step:2930, lr:0.0006895674, loss:20.525236, pPAN_max:1.0, pPAN_min:1.0, elapsed_time:0:13:20.515701

Epoch:5/8: step:2940, lr:0.000687066, loss:12.784149, pPAN_max:1.0, pPAN_min:1.0, elapsed_time:0:13:23.187602

Epoch:5/8: step:2950, lr:0.0006845734, loss:27.570013, pPAN_max:1.0, pPAN_min:0.0, elapsed_time:0:13:25.854738

Epoch:5/8: step:2960, lr:0.00068209, loss:10.259238, pPAN_max:1.0, pPAN_min:1.0, elapsed_time:0:13:28.528812

Epoch:5/8: step:2970, lr:0.00067961565, loss:26.128633, pPAN_max:1.0, pPAN_min:0.0, elapsed_time:0:13:31.173634

Epoch:5/8: step:2980, lr:0.0006771502, loss:20.887808, pPAN_max:1.0, pPAN_min:1.0, elapsed_time:0:13:33.841595

Epoch:5/8: step:2990, lr:0.00067469385, loss:7.4368453, pPAN_max:1.0, pPAN_min:1.0, elapsed_time:0:13:36.530451

Epoch:5/8: step:3000, lr:0.0006722462, loss:3.3169856, pPAN_max:1.0, pPAN_min:1.0, elapsed_time:0:13:39.293925

Epoch:5/8: step:3010, lr:0.00066980754, loss:20.084099, pPAN_max:1.0, pPAN_min:1.0, elapsed_time:0:13:41.932107

Epoch:5/8: step:3020, lr:0.0006673777, loss:10.711171, pPAN_max:1.0, pPAN_min:1.0, elapsed_time:0:13:44.553085

Epoch:5/8: step:3030, lr:0.0006649567, loss:22.879333, pPAN_max:1.0, pPAN_min:1.0, elapsed_time:0:13:47.218901

Epoch:5/8: step:3040, lr:0.00066254445, loss:40.435333, pPAN_max:1.0, pPAN_min:1.0, elapsed_time:0:13:49.851685

Epoch:5/8: step:3050, lr:0.00066014106, loss:11.487426, pPAN_max:1.0, pPAN_min:0.0, elapsed_time:0:13:52.503908

Epoch:5/8: step:3060, lr:0.00065774616, loss:4.23422, pPAN_max:1.0, pPAN_min:0.0, elapsed_time:0:13:55.237878

Epoch:5/8: step:3070, lr:0.00065536, loss:6.1646557, pPAN_max:1.0, pPAN_min:1.0, elapsed_time:0:13:57.858392

Epoch:6/8: step:3080, lr:0.0006529827, loss:2.4352398, pPAN_max:1.0, pPAN_min:1.0, elapsed_time:0:14:03.228208

Epoch:6/8: step:3090, lr:0.0006506138, loss:13.69268, pPAN_max:1.0, pPAN_min:0.0, elapsed_time:0:14:05.904605

Epoch:6/8: step:3100, lr:0.0006482537, loss:12.075685, pPAN_max:1.0, pPAN_min:0.0, elapsed_time:0:14:08.680767

Epoch:6/8: step:3110, lr:0.000645902, loss:9.330524, pPAN_max:1.0, pPAN_min:1.0, elapsed_time:0:14:11.341552

Epoch:6/8: step:3120, lr:0.0006435589, loss:7.0104303, pPAN_max:1.0, pPAN_min:1.0, elapsed_time:0:14:14.032331

Epoch:6/8: step:3130, lr:0.0006412243, loss:4.141229, pPAN_max:1.0, pPAN_min:0.0, elapsed_time:0:14:16.694030

Epoch:6/8: step:3140, lr:0.0006388981, loss:7.3248963, pPAN_max:1.0, pPAN_min:0.0, elapsed_time:0:14:19.311828

Epoch:6/8: step:3150, lr:0.00063658046, loss:14.707073, pPAN_max:1.0, pPAN_min:1.0, elapsed_time:0:14:21.907094

Epoch:6/8: step:3160, lr:0.0006342711, loss:7.4973693, pPAN_max:1.0, pPAN_min:1.0, elapsed_time:0:14:24.572537

Epoch:6/8: step:3170, lr:0.0006319702, loss:32.954605, pPAN_max:1.0, pPAN_min:1.0, elapsed_time:0:14:27.248850

Epoch:6/8: step:3180, lr:0.0006296776, loss:21.163198, pPAN_max:1.0, pPAN_min:1.0, elapsed_time:0:14:29.866146

Epoch:6/8: step:3190, lr:0.0006273934, loss:9.07174, pPAN_max:1.0, pPAN_min:1.0, elapsed_time:0:14:32.512761

Epoch:6/8: step:3200, lr:0.00062511745, loss:7.0682845, pPAN_max:1.0, pPAN_min:1.0, elapsed_time:0:14:35.305307

Epoch:6/8: step:3210, lr:0.0006228496, loss:9.84594, pPAN_max:1.0, pPAN_min:1.0, elapsed_time:0:14:37.944167

Epoch:6/8: step:3220, lr:0.0006205902, loss:28.910162, pPAN_max:1.0, pPAN_min:1.0, elapsed_time:0:14:40.589849

Epoch:6/8: step:3230, lr:0.00061833893, loss:13.602531, pPAN_max:1.0, pPAN_min:1.0, elapsed_time:0:14:43.251006

Epoch:6/8: step:3240, lr:0.0006160958, loss:6.644433, pPAN_max:1.0, pPAN_min:1.0, elapsed_time:0:14:45.910850

Epoch:6/8: step:3250, lr:0.0006138609, loss:22.32976, pPAN_max:1.0, pPAN_min:0.0, elapsed_time:0:14:48.558782

Epoch:6/8: step:3260, lr:0.000611634, loss:8.864699, pPAN_max:1.0, pPAN_min:1.0, elapsed_time:0:14:51.299211

Epoch:6/8: step:3270, lr:0.00060941506, loss:25.284725, pPAN_max:1.0, pPAN_min:1.0, elapsed_time:0:14:53.919502

Epoch:6/8: step:3280, lr:0.00060720433, loss:15.574337, pPAN_max:1.0, pPAN_min:1.0, elapsed_time:0:14:56.567833

Epoch:6/8: step:3290, lr:0.0006050016, loss:27.041729, pPAN_max:1.0, pPAN_min:1.0, elapsed_time:0:14:59.199012

Epoch:6/8: step:3300, lr:0.00060280686, loss:15.842844, pPAN_max:1.0, pPAN_min:1.0, elapsed_time:0:15:01.947245

Epoch:6/8: step:3310, lr:0.0006006202, loss:19.235876, pPAN_max:1.0, pPAN_min:1.0, elapsed_time:0:15:04.588309

Epoch:6/8: step:3320, lr:0.0005984412, loss:11.877824, pPAN_max:1.0, pPAN_min:0.0, elapsed_time:0:15:07.369546

Epoch:6/8: step:3330, lr:0.0005962703, loss:3.787245, pPAN_max:1.0, pPAN_min:1.0, elapsed_time:0:15:09.919273

Epoch:6/8: step:3340, lr:0.00059410726, loss:14.34325, pPAN_max:1.0, pPAN_min:0.0, elapsed_time:0:15:12.586422

Epoch:6/8: step:3350, lr:0.000591952, loss:41.161167, pPAN_max:1.0, pPAN_min:0.0, elapsed_time:0:15:15.333391

Epoch:6/8: step:3360, lr:0.00058980467, loss:8.243832, pPAN_max:1.0, pPAN_min:1.0, elapsed_time:0:15:18.042629

Epoch:6/8: step:3370, lr:0.00058766495, loss:7.4446583, pPAN_max:1.0, pPAN_min:1.0, elapsed_time:0:15:20.662730

Epoch:6/8: step:3380, lr:0.0005855331, loss:34.0198, pPAN_max:1.0, pPAN_min:1.0, elapsed_time:0:15:23.297871

Epoch:6/8: step:3390, lr:0.00058340904, loss:11.03788, pPAN_max:1.0, pPAN_min:1.0, elapsed_time:0:15:25.887013

Epoch:6/8: step:3400, lr:0.0005812926, loss:20.200619, pPAN_max:1.0, pPAN_min:1.0, elapsed_time:0:15:28.745066

Epoch:6/8: step:3410, lr:0.0005791839, loss:12.063731, pPAN_max:1.0, pPAN_min:1.0, elapsed_time:0:15:31.360697

Epoch:6/8: step:3420, lr:0.00057708274, loss:15.485489, pPAN_max:1.0, pPAN_min:1.0, elapsed_time:0:15:33.946831

Epoch:6/8: step:3430, lr:0.0005749893, loss:24.354708, pPAN_max:1.0, pPAN_min:0.0, elapsed_time:0:15:36.636402

Epoch:6/8: step:3440, lr:0.0005729035, loss:16.396849, pPAN_max:1.0, pPAN_min:1.0, elapsed_time:0:15:39.264253

Epoch:6/8: step:3450, lr:0.0005708252, loss:14.381271, pPAN_max:1.0, pPAN_min:1.0, elapsed_time:0:15:42.095708

Epoch:6/8: step:3460, lr:0.00056875445, loss:11.871125, pPAN_max:1.0, pPAN_min:1.0, elapsed_time:0:15:44.726518

Epoch:6/8: step:3470, lr:0.00056669116, loss:42.083138, pPAN_max:1.0, pPAN_min:1.0, elapsed_time:0:15:47.392487

Epoch:6/8: step:3480, lr:0.0005646354, loss:19.279715, pPAN_max:1.0, pPAN_min:1.0, elapsed_time:0:15:50.162810

Epoch:6/8: step:3490, lr:0.0005625871, loss:19.351576, pPAN_max:1.0, pPAN_min:1.0, elapsed_time:0:15:52.810791

Epoch:6/8: step:3500, lr:0.00056054624, loss:24.24083, pPAN_max:1.0, pPAN_min:1.0, elapsed_time:0:15:55.678627

Epoch:6/8: step:3510, lr:0.0005585127, loss:24.1689, pPAN_max:1.0, pPAN_min:1.0, elapsed_time:0:15:58.455017

Epoch:6/8: step:3520, lr:0.0005564868, loss:4.473339, pPAN_max:1.0, pPAN_min:0.0, elapsed_time:0:16:01.132142

Epoch:6/8: step:3530, lr:0.0005544679, loss:31.892273, pPAN_max:1.0, pPAN_min:0.0, elapsed_time:0:16:03.913446

Epoch:6/8: step:3540, lr:0.0005524565, loss:17.399704, pPAN_max:1.0, pPAN_min:1.0, elapsed_time:0:16:06.565518

Epoch:6/8: step:3550, lr:0.0005504524, loss:15.274015, pPAN_max:1.0, pPAN_min:0.0, elapsed_time:0:16:09.163176

Epoch:6/8: step:3560, lr:0.00054845546, loss:5.876748, pPAN_max:1.0, pPAN_min:1.0, elapsed_time:0:16:11.789743

Epoch:6/8: step:3570, lr:0.000546466, loss:10.709175, pPAN_max:1.0, pPAN_min:1.0, elapsed_time:0:16:14.496742

Epoch:6/8: step:3580, lr:0.0005444834, loss:12.3343315, pPAN_max:1.0, pPAN_min:1.0, elapsed_time:0:16:17.127070

Epoch:6/8: step:3590, lr:0.00054250826, loss:22.095736, pPAN_max:1.0, pPAN_min:1.0, elapsed_time:0:16:19.792697

Epoch:6/8: step:3600, lr:0.00054054026, loss:8.707294, pPAN_max:1.0, pPAN_min:1.0, elapsed_time:0:16:22.574513

Epoch:6/8: step:3610, lr:0.00053857936, loss:19.720482, pPAN_max:1.0, pPAN_min:1.0, elapsed_time:0:16:25.313244

Epoch:6/8: step:3620, lr:0.0005366256, loss:42.702137, pPAN_max:1.0, pPAN_min:0.0, elapsed_time:0:16:27.959045

Epoch:6/8: step:3630, lr:0.00053467887, loss:4.924709, pPAN_max:1.0, pPAN_min:1.0, elapsed_time:0:16:30.676541

Epoch:6/8: step:3640, lr:0.0005327393, loss:7.1275783, pPAN_max:1.0, pPAN_min:1.0, elapsed_time:0:16:33.329703

Epoch:6/8: step:3650, lr:0.0005308066, loss:22.079397, pPAN_max:1.0, pPAN_min:0.0, elapsed_time:0:16:36.004029

Epoch:6/8: step:3660, lr:0.0005288811, loss:13.727353, pPAN_max:1.0, pPAN_min:1.0, elapsed_time:0:16:38.671028

Epoch:6/8: step:3670, lr:0.0005269625, loss:8.249127, pPAN_max:1.0, pPAN_min:0.0, elapsed_time:0:16:41.333707

Epoch:6/8: step:3680, lr:0.00052505085, loss:12.182655, pPAN_max:1.0, pPAN_min:1.0, elapsed_time:0:16:43.993589

Epoch:7/8: step:3690, lr:0.00052314607, loss:11.214326, pPAN_max:1.0, pPAN_min:1.0, elapsed_time:0:16:49.381229

Epoch:7/8: step:3700, lr:0.0005212483, loss:35.67241, pPAN_max:1.0, pPAN_min:1.0, elapsed_time:0:16:52.175116

Epoch:7/8: step:3710, lr:0.0005193574, loss:23.893642, pPAN_max:1.0, pPAN_min:1.0, elapsed_time:0:16:54.716040

Epoch:7/8: step:3720, lr:0.0005174734, loss:9.859635, pPAN_max:1.0, pPAN_min:0.0, elapsed_time:0:16:57.391784

Epoch:7/8: step:3730, lr:0.0005155962, loss:12.495917, pPAN_max:1.0, pPAN_min:1.0, elapsed_time:0:17:00.058166

Epoch:7/8: step:3740, lr:0.0005137257, loss:3.896387, pPAN_max:1.0, pPAN_min:1.0, elapsed_time:0:17:02.718901

Epoch:7/8: step:3750, lr:0.0005118621, loss:6.532155, pPAN_max:1.0, pPAN_min:0.0, elapsed_time:0:17:05.338468

Epoch:7/8: step:3760, lr:0.0005100052, loss:12.635047, pPAN_max:1.0, pPAN_min:1.0, elapsed_time:0:17:07.993412

Epoch:7/8: step:3770, lr:0.0005081551, loss:24.729527, pPAN_max:1.0, pPAN_min:1.0, elapsed_time:0:17:10.646253

Epoch:7/8: step:3780, lr:0.00050631166, loss:13.064376, pPAN_max:1.0, pPAN_min:1.0, elapsed_time:0:17:13.199597

Epoch:7/8: step:3790, lr:0.0005044749, loss:11.953567, pPAN_max:1.0, pPAN_min:1.0, elapsed_time:0:17:15.801392

Epoch:7/8: step:3800, lr:0.00050264486, loss:16.490223, pPAN_max:1.0, pPAN_min:0.0, elapsed_time:0:17:18.611152

Epoch:7/8: step:3810, lr:0.00050082145, loss:14.037042, pPAN_max:1.0, pPAN_min:0.0, elapsed_time:0:17:21.319073

Epoch:7/8: step:3820, lr:0.0004990047, loss:17.15498, pPAN_max:1.0, pPAN_min:1.0, elapsed_time:0:17:23.913945

Epoch:7/8: step:3830, lr:0.0004971944, loss:14.230281, pPAN_max:1.0, pPAN_min:1.0, elapsed_time:0:17:26.561545

Epoch:7/8: step:3840, lr:0.0004953908, loss:8.518859, pPAN_max:1.0, pPAN_min:1.0, elapsed_time:0:17:29.287551

Epoch:7/8: step:3850, lr:0.00049359363, loss:8.034019, pPAN_max:1.0, pPAN_min:0.0, elapsed_time:0:17:31.909938

Epoch:7/8: step:3860, lr:0.000491803, loss:25.499939, pPAN_max:1.0, pPAN_min:1.0, elapsed_time:0:17:34.565920

Epoch:7/8: step:3870, lr:0.000490019, loss:7.1513615, pPAN_max:1.0, pPAN_min:1.0, elapsed_time:0:17:37.220577

Epoch:7/8: step:3880, lr:0.00048824132, loss:32.717216, pPAN_max:1.0, pPAN_min:0.0, elapsed_time:0:17:39.938608

Epoch:7/8: step:3890, lr:0.00048647015, loss:18.09142, pPAN_max:1.0, pPAN_min:1.0, elapsed_time:0:17:42.664465

Epoch:7/8: step:3900, lr:0.0004847054, loss:22.058477, pPAN_max:1.0, pPAN_min:1.0, elapsed_time:0:17:45.434966

Epoch:7/8: step:3910, lr:0.00048294707, loss:23.513084, pPAN_max:1.0, pPAN_min:1.0, elapsed_time:0:17:48.068810

Epoch:7/8: step:3920, lr:0.0004811951, loss:24.113688, pPAN_max:1.0, pPAN_min:1.0, elapsed_time:0:17:50.707272

Epoch:7/8: step:3930, lr:0.00047944952, loss:11.897093, pPAN_max:1.0, pPAN_min:1.0, elapsed_time:0:17:53.307913

Epoch:7/8: step:3940, lr:0.00047771027, loss:29.524836, pPAN_max:1.0, pPAN_min:1.0, elapsed_time:0:17:55.961526

Epoch:7/8: step:3950, lr:0.00047597723, loss:4.176506, pPAN_max:1.0, pPAN_min:1.0, elapsed_time:0:17:58.659635

Epoch:7/8: step:3960, lr:0.00047425056, loss:22.6233, pPAN_max:1.0, pPAN_min:1.0, elapsed_time:0:18:01.309316

Epoch:7/8: step:3970, lr:0.00047253014, loss:22.968775, pPAN_max:1.0, pPAN_min:1.0, elapsed_time:0:18:03.925086

Epoch:7/8: step:3980, lr:0.000470816, loss:21.464617, pPAN_max:1.0, pPAN_min:1.0, elapsed_time:0:18:06.568042

Epoch:7/8: step:3990, lr:0.00046910802, loss:12.377427, pPAN_max:1.0, pPAN_min:1.0, elapsed_time:0:18:09.201050

Epoch:7/8: step:4000, lr:0.00046740618, loss:2.0758517, pPAN_max:1.0, pPAN_min:1.0, elapsed_time:0:18:11.963646

Epoch:7/8: step:4010, lr:0.00046571062, loss:29.260813, pPAN_max:1.0, pPAN_min:1.0, elapsed_time:0:18:14.613943

Epoch:7/8: step:4020, lr:0.00046402117, loss:11.017885, pPAN_max:1.0, pPAN_min:0.0, elapsed_time:0:18:17.348384

Epoch:7/8: step:4030, lr:0.0004623379, loss:36.522755, pPAN_max:1.0, pPAN_min:1.0, elapsed_time:0:18:20.047992

Epoch:7/8: step:4040, lr:0.00046066067, loss:8.611742, pPAN_max:1.0, pPAN_min:1.0, elapsed_time:0:18:22.652093

Epoch:7/8: step:4050, lr:0.00045898953, loss:4.0711036, pPAN_max:1.0, pPAN_min:1.0, elapsed_time:0:18:25.368078

Epoch:7/8: step:4060, lr:0.0004573245, loss:19.362112, pPAN_max:1.0, pPAN_min:1.0, elapsed_time:0:18:27.981937

Epoch:7/8: step:4070, lr:0.00045566546, loss:6.6489, pPAN_max:1.0, pPAN_min:0.0, elapsed_time:0:18:30.666512

Epoch:7/8: step:4080, lr:0.00045401248, loss:8.776542, pPAN_max:1.0, pPAN_min:0.0, elapsed_time:0:18:33.301511

Epoch:7/8: step:4090, lr:0.00045236544, loss:26.20385, pPAN_max:1.0, pPAN_min:0.0, elapsed_time:0:18:36.021056

Epoch:7/8: step:4100, lr:0.00045072442, loss:13.326109, pPAN_max:1.0, pPAN_min:1.0, elapsed_time:0:18:38.959500

Epoch:7/8: step:4110, lr:0.00044908933, loss:10.266522, pPAN_max:1.0, pPAN_min:0.0, elapsed_time:0:18:41.536617

Epoch:7/8: step:4120, lr:0.0004474602, loss:18.11927, pPAN_max:1.0, pPAN_min:0.0, elapsed_time:0:18:44.276744

Epoch:7/8: step:4130, lr:0.00044583698, loss:2.751004, pPAN_max:1.0, pPAN_min:0.0, elapsed_time:0:18:46.954790

Epoch:7/8: step:4140, lr:0.00044421962, loss:37.183563, pPAN_max:1.0, pPAN_min:0.0, elapsed_time:0:18:49.611276

Epoch:7/8: step:4150, lr:0.0004426081, loss:3.0575385, pPAN_max:1.0, pPAN_min:1.0, elapsed_time:0:18:52.181968

Epoch:7/8: step:4160, lr:0.00044100248, loss:15.871036, pPAN_max:1.0, pPAN_min:1.0, elapsed_time:0:18:54.806117

Epoch:7/8: step:4170, lr:0.00043940273, loss:10.599131, pPAN_max:1.0, pPAN_min:1.0, elapsed_time:0:18:57.495285

Epoch:7/8: step:4180, lr:0.0004378087, loss:7.0018682, pPAN_max:1.0, pPAN_min:1.0, elapsed_time:0:19:00.189791

Epoch:7/8: step:4190, lr:0.00043622052, loss:9.626068, pPAN_max:1.0, pPAN_min:0.0, elapsed_time:0:19:02.822596

Epoch:7/8: step:4200, lr:0.000434638, loss:12.379175, pPAN_max:1.0, pPAN_min:1.0, elapsed_time:0:19:05.543321

Epoch:7/8: step:4210, lr:0.00043306133, loss:16.396341, pPAN_max:1.0, pPAN_min:1.0, elapsed_time:0:19:08.189143

Epoch:7/8: step:4220, lr:0.0004314903, loss:15.119411, pPAN_max:1.0, pPAN_min:1.0, elapsed_time:0:19:10.913618

Epoch:7/8: step:4230, lr:0.00042992496, loss:19.590822, pPAN_max:1.0, pPAN_min:0.0, elapsed_time:0:19:13.567981

Epoch:7/8: step:4240, lr:0.00042836537, loss:4.9139023, pPAN_max:1.0, pPAN_min:0.0, elapsed_time:0:19:16.140212

Epoch:7/8: step:4250, lr:0.00042681143, loss:31.391691, pPAN_max:1.0, pPAN_min:0.0, elapsed_time:0:19:18.769317

Epoch:7/8: step:4260, lr:0.00042526308, loss:3.7446861, pPAN_max:1.0, pPAN_min:0.0, elapsed_time:0:19:21.438546

Epoch:7/8: step:4270, lr:0.00042372034, loss:5.874824, pPAN_max:1.0, pPAN_min:1.0, elapsed_time:0:19:24.123765

Epoch:7/8: step:4280, lr:0.0004221833, loss:12.3283615, pPAN_max:1.0, pPAN_min:1.0, elapsed_time:0:19:26.740159

Epoch:7/8: step:4290, lr:0.0004206517, loss:9.956062, pPAN_max:1.0, pPAN_min:1.0, elapsed_time:0:19:29.417256

Epoch:8/8: step:4300, lr:0.0004191257, loss:9.84289, pPAN_max:1.0, pPAN_min:1.0, elapsed_time:0:19:34.932144

Epoch:8/8: step:4310, lr:0.00041760528, loss:35.511982, pPAN_max:1.0, pPAN_min:1.0, elapsed_time:0:19:37.434451

Epoch:8/8: step:4320, lr:0.00041609033, loss:12.396405, pPAN_max:1.0, pPAN_min:1.0, elapsed_time:0:19:39.986318

Epoch:8/8: step:4330, lr:0.00041458092, loss:6.900235, pPAN_max:1.0, pPAN_min:1.0, elapsed_time:0:19:42.661015

Epoch:8/8: step:4340, lr:0.00041307692, loss:11.689783, pPAN_max:1.0, pPAN_min:0.0, elapsed_time:0:19:45.358952

Epoch:8/8: step:4350, lr:0.00041157845, loss:11.39971, pPAN_max:1.0, pPAN_min:0.0, elapsed_time:0:19:48.066753

Epoch:8/8: step:4360, lr:0.00041008537, loss:4.9017386, pPAN_max:1.0, pPAN_min:1.0, elapsed_time:0:19:50.859483

Epoch:8/8: step:4370, lr:0.00040859773, loss:15.882732, pPAN_max:1.0, pPAN_min:0.0, elapsed_time:0:19:53.606555

Epoch:8/8: step:4380, lr:0.00040711544, loss:21.703438, pPAN_max:1.0, pPAN_min:0.0, elapsed_time:0:19:56.246540

Epoch:8/8: step:4390, lr:0.00040563862, loss:3.1809335, pPAN_max:1.0, pPAN_min:1.0, elapsed_time:0:19:58.937339

Epoch:8/8: step:4400, lr:0.00040416713, loss:21.255539, pPAN_max:1.0, pPAN_min:0.0, elapsed_time:0:20:01.786106

Epoch:8/8: step:4410, lr:0.00040270085, loss:12.720968, pPAN_max:1.0, pPAN_min:1.0, elapsed_time:0:20:04.396607

Epoch:8/8: step:4420, lr:0.00040124005, loss:7.3117657, pPAN_max:1.0, pPAN_min:1.0, elapsed_time:0:20:07.096306

Epoch:8/8: step:4430, lr:0.00039978448, loss:15.826267, pPAN_max:1.0, pPAN_min:1.0, elapsed_time:0:20:09.683364

Epoch:8/8: step:4440, lr:0.0003983342, loss:5.866476, pPAN_max:1.0, pPAN_min:1.0, elapsed_time:0:20:12.283830

Epoch:8/8: step:4450, lr:0.0003968892, loss:24.191893, pPAN_max:1.0, pPAN_min:1.0, elapsed_time:0:20:15.011538

Epoch:8/8: step:4460, lr:0.00039544937, loss:16.07081, pPAN_max:1.0, pPAN_min:0.0, elapsed_time:0:20:17.682556

Epoch:8/8: step:4470, lr:0.00039401482, loss:6.853399, pPAN_max:1.0, pPAN_min:0.0, elapsed_time:0:20:20.431060

Epoch:8/8: step:4480, lr:0.00039258544, loss:11.232143, pPAN_max:1.0, pPAN_min:1.0, elapsed_time:0:20:23.130245

Epoch:8/8: step:4490, lr:0.0003911613, loss:83.29674, pPAN_max:1.0, pPAN_min:0.0, elapsed_time:0:20:25.757839

Epoch:8/8: step:4500, lr:0.00038974232, loss:14.4716215, pPAN_max:1.0, pPAN_min:1.0, elapsed_time:0:20:28.645525

Epoch:8/8: step:4510, lr:0.00038832848, loss:8.909073, pPAN_max:1.0, pPAN_min:1.0, elapsed_time:0:20:31.403458

Epoch:8/8: step:4520, lr:0.0003869197, loss:4.4534416, pPAN_max:1.0, pPAN_min:0.0, elapsed_time:0:20:34.177737

Epoch:8/8: step:4530, lr:0.0003855161, loss:10.468871, pPAN_max:1.0, pPAN_min:1.0, elapsed_time:0:20:36.880424

Epoch:8/8: step:4540, lr:0.0003841176, loss:12.937166, pPAN_max:1.0, pPAN_min:1.0, elapsed_time:0:20:39.615121

Epoch:8/8: step:4550, lr:0.00038272413, loss:21.0335, pPAN_max:1.0, pPAN_min:0.0, elapsed_time:0:20:42.279581

Epoch:8/8: step:4560, lr:0.0003813358, loss:13.810715, pPAN_max:1.0, pPAN_min:0.0, elapsed_time:0:20:44.961375

Epoch:8/8: step:4570, lr:0.00037995237, loss:7.454134, pPAN_max:1.0, pPAN_min:1.0, elapsed_time:0:20:47.581092

Epoch:8/8: step:4580, lr:0.00037857404, loss:8.473907, pPAN_max:1.0, pPAN_min:1.0, elapsed_time:0:20:50.297572

Epoch:8/8: step:4590, lr:0.00037720072, loss:9.140734, pPAN_max:1.0, pPAN_min:1.0, elapsed_time:0:20:52.939069

Epoch:8/8: step:4600, lr:0.00037583234, loss:38.03672, pPAN_max:1.0, pPAN_min:1.0, elapsed_time:0:20:55.887604

Epoch:8/8: step:4610, lr:0.00037446897, loss:10.014448, pPAN_max:1.0, pPAN_min:1.0, elapsed_time:0:20:58.561049

Epoch:8/8: step:4620, lr:0.0003731105, loss:15.251036, pPAN_max:1.0, pPAN_min:1.0, elapsed_time:0:21:01.258706

Epoch:8/8: step:4630, lr:0.000371757, loss:15.398441, pPAN_max:1.0, pPAN_min:1.0, elapsed_time:0:21:03.946886

Epoch:8/8: step:4640, lr:0.00037040838, loss:17.261066, pPAN_max:1.0, pPAN_min:1.0, elapsed_time:0:21:06.602629

Epoch:8/8: step:4650, lr:0.00036906466, loss:11.898688, pPAN_max:1.0, pPAN_min:1.0, elapsed_time:0:21:09.289158

Epoch:8/8: step:4660, lr:0.00036772588, loss:4.7930737, pPAN_max:1.0, pPAN_min:1.0, elapsed_time:0:21:11.991651

Epoch:8/8: step:4670, lr:0.00036639182, loss:23.348475, pPAN_max:1.0, pPAN_min:1.0, elapsed_time:0:21:14.683028

Epoch:8/8: step:4680, lr:0.00036506267, loss:11.518698, pPAN_max:1.0, pPAN_min:1.0, elapsed_time:0:21:17.410004

Epoch:8/8: step:4690, lr:0.00036373833, loss:17.485928, pPAN_max:1.0, pPAN_min:1.0, elapsed_time:0:21:20.046660

Epoch:8/8: step:4700, lr:0.00036241888, loss:4.097907, pPAN_max:1.0, pPAN_min:0.0, elapsed_time:0:21:22.935607

Epoch:8/8: step:4710, lr:0.0003611041, loss:36.577953, pPAN_max:1.0, pPAN_min:0.0, elapsed_time:0:21:25.505699

Epoch:8/8: step:4720, lr:0.00035979418, loss:8.12544, pPAN_max:1.0, pPAN_min:0.0, elapsed_time:0:21:28.288240

Epoch:8/8: step:4730, lr:0.00035848893, loss:16.196705, pPAN_max:1.0, pPAN_min:1.0, elapsed_time:0:21:30.904877

Epoch:8/8: step:4740, lr:0.00035718846, loss:6.211522, pPAN_max:1.0, pPAN_min:1.0, elapsed_time:0:21:33.596450

Epoch:8/8: step:4750, lr:0.00035589273, loss:28.664095, pPAN_max:1.0, pPAN_min:1.0, elapsed_time:0:21:36.111248

Epoch:8/8: step:4760, lr:0.0003546016, loss:19.64092, pPAN_max:1.0, pPAN_min:1.0, elapsed_time:0:21:38.699353

Epoch:8/8: step:4770, lr:0.0003533153, loss:29.685444, pPAN_max:1.0, pPAN_min:1.0, elapsed_time:0:21:41.429154

Epoch:8/8: step:4780, lr:0.00035203353, loss:3.7608185, pPAN_max:1.0, pPAN_min:0.0, elapsed_time:0:21:44.193448

Epoch:8/8: step:4790, lr:0.00035075648, loss:19.643772, pPAN_max:1.0, pPAN_min:1.0, elapsed_time:0:21:46.854027

Epoch:8/8: step:4800, lr:0.00034948406, loss:44.380455, pPAN_max:1.0, pPAN_min:1.0, elapsed_time:0:21:49.616123

Epoch:8/8: step:4810, lr:0.0003482162, loss:18.38164, pPAN_max:1.0, pPAN_min:0.0, elapsed_time:0:21:52.255004

Epoch:8/8: step:4820, lr:0.00034695305, loss:24.837622, pPAN_max:1.0, pPAN_min:1.0, elapsed_time:0:21:54.918478

Epoch:8/8: step:4830, lr:0.0003456944, loss:4.5047193, pPAN_max:1.0, pPAN_min:1.0, elapsed_time:0:21:57.666747

Epoch:8/8: step:4840, lr:0.00034444037, loss:9.825962, pPAN_max:1.0, pPAN_min:1.0, elapsed_time:0:22:00.362620

Epoch:8/8: step:4850, lr:0.00034319083, loss:10.402597, pPAN_max:1.0, pPAN_min:1.0, elapsed_time:0:22:03.029250

Epoch:8/8: step:4860, lr:0.00034194588, loss:3.3220792, pPAN_max:1.0, pPAN_min:1.0, elapsed_time:0:22:05.640873

Epoch:8/8: step:4870, lr:0.00034070542, loss:12.316917, pPAN_max:1.0, pPAN_min:0.0, elapsed_time:0:22:08.296217

Epoch:8/8: step:4880, lr:0.00033946938, loss:13.039089, pPAN_max:1.0, pPAN_min:0.0, elapsed_time:0:22:10.948878

Epoch:8/8: step:4890, lr:0.00033823794, loss:8.190728, pPAN_max:1.0, pPAN_min:1.0, elapsed_time:0:22:13.687601

Epoch:8/8: step:4900, lr:0.00033701095, loss:10.030836, pPAN_max:1.0, pPAN_min:0.0, elapsed_time:0:22:16.492017

Epoch:8/8: step:4910, lr:0.00033578838, loss:22.707264, pPAN_max:1.0, pPAN_min:1.0, elapsed_time:0:22:19.086065

Epoch:8/8: step:4912, lr:0.0003355444, loss:21.10414, pPAN_max:1.0, pPAN_min:1.0, elapsed_time:0:22:19.699272

