WARNING:tensorflow:From /usr/local/lib/python3.8/dist-packages/tensorflow/python/compat/v2_compat.py:111: disable_resource_variables (from tensorflow.python.ops.variable_scope) is deprecated and will be removed in a future version.
Instructions for updating:
non-resource variables are not supported in the long term
1023
source_pan_data shape: (4914, 264, 264, 1)
1053
gt_data shape: (4914, 264, 264, 4)
data shape: (4914, 264, 264, 5)
Epoches: 8, Batch_size: 8
Train images number 4914, Batches: 614.

Train set has been trimmed 2 samples...

2021-12-03 07:55:10.004394: I tensorflow/core/platform/cpu_feature_guard.cc:151] This TensorFlow binary is optimized with oneAPI Deep Neural Network Library (oneDNN) to use the following CPU instructions in performance-critical operations:  AVX2 FMA
To enable them in other operations, rebuild TensorFlow with the appropriate compiler flags.
2021-12-03 07:55:10.541934: I tensorflow/core/common_runtime/gpu/gpu_device.cc:1525] Created device /job:localhost/replica:0/task:0/device:GPU:0 with 78874 MB memory:  -> device: 0, name: NVIDIA A100 80GB PCIe, pci bus id: 0000:27:00.0, compute capability: 8.0
out shape: (8, 264, 264, 4)
PAN_converted_MS shape: (8, 264, 264, 4)
<tf.Variable 'pMS_ED/encoder/conv1/kernel:0' shape=(3, 3, 1, 32) dtype=float32_ref>
<tf.Variable 'pMS_ED/encoder/conv1/bias:0' shape=(32,) dtype=float32_ref>
<tf.Variable 'pMS_ED/encoder/conv2/kernel:0' shape=(3, 3, 32, 64) dtype=float32_ref>
<tf.Variable 'pMS_ED/encoder/conv2/bias:0' shape=(64,) dtype=float32_ref>
<tf.Variable 'pMS_ED/encoder/conv3/kernel:0' shape=(3, 3, 64, 96) dtype=float32_ref>
<tf.Variable 'pMS_ED/encoder/conv3/bias:0' shape=(96,) dtype=float32_ref>
<tf.Variable 'pMS_ED_1/decoder/conv2_1/kernel:0' shape=(3, 3, 96, 64) dtype=float32_ref>
<tf.Variable 'pMS_ED_1/decoder/conv2_1/bias:0' shape=(64,) dtype=float32_ref>
<tf.Variable 'pMS_ED_1/decoder/conv2_2/kernel:0' shape=(3, 3, 64, 32) dtype=float32_ref>
<tf.Variable 'pMS_ED_1/decoder/conv2_2/bias:0' shape=(32,) dtype=float32_ref>
<tf.Variable 'pMS_ED_1/decoder/conv2_3/kernel:0' shape=(3, 3, 32, 4) dtype=float32_ref>
<tf.Variable 'pMS_ED_1/decoder/conv2_3/bias:0' shape=(4,) dtype=float32_ref>
2021-12-03 07:55:18.122724: I tensorflow/stream_executor/cuda/cuda_dnn.cc:366] Loaded cuDNN version 8301
Epoch:1/8: step:10, lr:0.0019927449, loss:1.9602273, pMS_max:0.63024884, pMS_min:0.24859586, elapsed_time:0:00:12.279524

Epoch:1/8: step:20, lr:0.0019855157, loss:0.12455481, pMS_max:0.5022712, pMS_min:0.14995897, elapsed_time:0:00:14.618886

Epoch:1/8: step:30, lr:0.0019783129, loss:0.52659047, pMS_max:0.9947618, pMS_min:0.27629328, elapsed_time:0:00:16.801769

Epoch:1/8: step:40, lr:0.001971136, loss:0.22688895, pMS_max:0.42622343, pMS_min:0.16179329, elapsed_time:0:00:19.060612

Epoch:1/8: step:50, lr:0.0019639856, loss:0.7702819, pMS_max:0.50279945, pMS_min:0.12246895, elapsed_time:0:00:21.373126

Epoch:1/8: step:60, lr:0.001956861, loss:0.2617635, pMS_max:0.9817344, pMS_min:0.13529304, elapsed_time:0:00:23.644272

Epoch:1/8: step:70, lr:0.0019497622, loss:0.45863408, pMS_max:0.91661, pMS_min:0.15578383, elapsed_time:0:00:25.966879

Epoch:1/8: step:80, lr:0.0019426891, loss:0.2632308, pMS_max:0.99054086, pMS_min:0.10349241, elapsed_time:0:00:28.262437

Epoch:1/8: step:90, lr:0.0019356417, loss:0.47328985, pMS_max:0.6320461, pMS_min:0.054840147, elapsed_time:0:00:30.594343

Epoch:1/8: step:100, lr:0.0019286198, loss:0.19587941, pMS_max:0.96562576, pMS_min:0.09564388, elapsed_time:0:00:33.067446

Epoch:1/8: step:110, lr:0.0019216236, loss:0.24538921, pMS_max:0.9742582, pMS_min:0.07398385, elapsed_time:0:00:35.259837

Epoch:1/8: step:120, lr:0.0019146524, loss:0.70405805, pMS_max:0.9940257, pMS_min:0.16920918, elapsed_time:0:00:37.569889

Epoch:1/8: step:130, lr:0.0019077066, loss:0.61378205, pMS_max:0.9948867, pMS_min:0.09564069, elapsed_time:0:00:39.897827

Epoch:1/8: step:140, lr:0.0019007862, loss:0.55130196, pMS_max:0.78954923, pMS_min:0.1661937, elapsed_time:0:00:42.259416

Epoch:1/8: step:150, lr:0.0018938907, loss:0.67929137, pMS_max:0.996959, pMS_min:0.045243293, elapsed_time:0:00:44.453148

Epoch:1/8: step:160, lr:0.0018870204, loss:0.28298646, pMS_max:0.99932194, pMS_min:0.08272472, elapsed_time:0:00:46.724505

Epoch:1/8: step:170, lr:0.0018801749, loss:0.2672447, pMS_max:0.9933299, pMS_min:0.07164335, elapsed_time:0:00:48.959608

Epoch:1/8: step:180, lr:0.0018733543, loss:0.3773836, pMS_max:0.9881818, pMS_min:0.11421606, elapsed_time:0:00:51.215850

Epoch:1/8: step:190, lr:0.0018665583, loss:0.31463695, pMS_max:0.9939233, pMS_min:0.12330994, elapsed_time:0:00:53.535084

Epoch:1/8: step:200, lr:0.0018597872, loss:0.35932228, pMS_max:0.606696, pMS_min:0.1552163, elapsed_time:0:00:55.904637

Epoch:1/8: step:210, lr:0.0018530404, loss:0.17560384, pMS_max:0.62097824, pMS_min:0.008108854, elapsed_time:0:00:58.054821

Epoch:1/8: step:220, lr:0.0018463184, loss:0.28466743, pMS_max:0.98612183, pMS_min:0.07175782, elapsed_time:0:01:00.343386

Epoch:1/8: step:230, lr:0.0018396204, loss:0.33743304, pMS_max:0.96455944, pMS_min:0.016195327, elapsed_time:0:01:02.640116

Epoch:1/8: step:240, lr:0.0018329468, loss:0.5259138, pMS_max:0.94026953, pMS_min:0.08745465, elapsed_time:0:01:05.000832

Epoch:1/8: step:250, lr:0.0018262976, loss:0.30859995, pMS_max:0.9988096, pMS_min:0.060053557, elapsed_time:0:01:07.305477

Epoch:1/8: step:260, lr:0.0018196723, loss:0.7906484, pMS_max:0.7872224, pMS_min:0.11211723, elapsed_time:0:01:09.487081

Epoch:1/8: step:270, lr:0.0018130712, loss:0.19572845, pMS_max:0.9810986, pMS_min:0.0023068488, elapsed_time:0:01:11.682186

Epoch:1/8: step:280, lr:0.001806494, loss:0.36860776, pMS_max:0.9914888, pMS_min:0.10169324, elapsed_time:0:01:14.031724

Epoch:1/8: step:290, lr:0.0017999407, loss:0.21359487, pMS_max:0.99768794, pMS_min:0.013468593, elapsed_time:0:01:16.365805

Epoch:1/8: step:300, lr:0.0017934111, loss:0.8195807, pMS_max:0.6308585, pMS_min:0.06878778, elapsed_time:0:01:18.791408

Epoch:1/8: step:310, lr:0.0017869052, loss:0.3370949, pMS_max:0.89165664, pMS_min:0.002961278, elapsed_time:0:01:21.068940

Epoch:1/8: step:320, lr:0.0017804229, loss:0.23936066, pMS_max:0.7647741, pMS_min:0.00842309, elapsed_time:0:01:23.404226

Epoch:1/8: step:330, lr:0.001773964, loss:0.41799963, pMS_max:0.8086419, pMS_min:0.09174937, elapsed_time:0:01:25.742319

Epoch:1/8: step:340, lr:0.0017675287, loss:0.1660964, pMS_max:0.977289, pMS_min:0.010116339, elapsed_time:0:01:28.088827

Epoch:1/8: step:350, lr:0.0017611167, loss:0.2184035, pMS_max:0.70545864, pMS_min:0.025165409, elapsed_time:0:01:30.363420

Epoch:1/8: step:360, lr:0.001754728, loss:0.18984836, pMS_max:0.960311, pMS_min:0.11488354, elapsed_time:0:01:32.640792

Epoch:1/8: step:370, lr:0.0017483626, loss:0.47037494, pMS_max:0.98800206, pMS_min:0.08993593, elapsed_time:0:01:34.867236

Epoch:1/8: step:380, lr:0.0017420201, loss:0.09643924, pMS_max:0.8951267, pMS_min:0.019465417, elapsed_time:0:01:37.125331

Epoch:1/8: step:390, lr:0.0017357005, loss:0.39128256, pMS_max:0.99868363, pMS_min:0.19193411, elapsed_time:0:01:39.376021

Epoch:1/8: step:400, lr:0.0017294041, loss:0.18186413, pMS_max:0.87619126, pMS_min:0.115991175, elapsed_time:0:01:41.976545

Epoch:1/8: step:410, lr:0.0017231304, loss:0.091226004, pMS_max:0.62702197, pMS_min:0.08697155, elapsed_time:0:01:44.370623

Epoch:1/8: step:420, lr:0.0017168794, loss:0.3858943, pMS_max:0.82720625, pMS_min:0.103494704, elapsed_time:0:01:46.613631

Epoch:1/8: step:430, lr:0.0017106511, loss:0.19555205, pMS_max:0.6718213, pMS_min:0.06673196, elapsed_time:0:01:48.933835

Epoch:1/8: step:440, lr:0.0017044455, loss:0.45379037, pMS_max:0.6895266, pMS_min:0.10120085, elapsed_time:0:01:51.285426

Epoch:1/8: step:450, lr:0.0016982623, loss:0.3048166, pMS_max:0.48178852, pMS_min:0.017504156, elapsed_time:0:01:53.576651

Epoch:1/8: step:460, lr:0.0016921017, loss:0.37407708, pMS_max:0.99742395, pMS_min:0.048835695, elapsed_time:0:01:55.881452

Epoch:1/8: step:470, lr:0.0016859632, loss:0.14180742, pMS_max:0.69101113, pMS_min:0.041809916, elapsed_time:0:01:58.183279

Epoch:1/8: step:480, lr:0.0016798471, loss:0.1754019, pMS_max:0.9984726, pMS_min:0.17260194, elapsed_time:0:02:00.481401

Epoch:1/8: step:490, lr:0.0016737533, loss:0.20511068, pMS_max:0.96397406, pMS_min:0.0026193857, elapsed_time:0:02:02.689841

Epoch:1/8: step:500, lr:0.0016676813, loss:0.17602378, pMS_max:0.9944844, pMS_min:0.0036554039, elapsed_time:0:02:05.083833

Epoch:1/8: step:510, lr:0.0016616316, loss:0.4523933, pMS_max:0.98409045, pMS_min:0.067741275, elapsed_time:0:02:07.370766

Epoch:1/8: step:520, lr:0.0016556038, loss:0.19593213, pMS_max:0.9290598, pMS_min:0.11944041, elapsed_time:0:02:09.630348

Epoch:1/8: step:530, lr:0.0016495977, loss:0.18609607, pMS_max:0.99011457, pMS_min:0.004640937, elapsed_time:0:02:11.928197

Epoch:1/8: step:540, lr:0.0016436136, loss:0.20829423, pMS_max:0.87868184, pMS_min:0.070999205, elapsed_time:0:02:14.216001

Epoch:1/8: step:550, lr:0.001637651, loss:0.38746682, pMS_max:0.9940908, pMS_min:0.0008611083, elapsed_time:0:02:16.491040

Epoch:1/8: step:560, lr:0.0016317102, loss:0.42215908, pMS_max:0.98055136, pMS_min:0.074968785, elapsed_time:0:02:18.706390

Epoch:1/8: step:570, lr:0.001625791, loss:0.15294513, pMS_max:0.99799, pMS_min:0.07140067, elapsed_time:0:02:21.047563

Epoch:1/8: step:580, lr:0.0016198931, loss:0.36446095, pMS_max:0.8217441, pMS_min:0.0061736703, elapsed_time:0:02:23.434827

Epoch:1/8: step:590, lr:0.0016140166, loss:0.15600269, pMS_max:0.47102988, pMS_min:0.04953277, elapsed_time:0:02:25.681313

Epoch:1/8: step:600, lr:0.0016081616, loss:0.3692749, pMS_max:0.7660581, pMS_min:0.004989624, elapsed_time:0:02:28.096571

Epoch:1/8: step:610, lr:0.0016023277, loss:0.5814086, pMS_max:0.9994892, pMS_min:0.13077527, elapsed_time:0:02:30.320177

Epoch:2/8: step:620, lr:0.0015965151, loss:0.07072761, pMS_max:0.99860847, pMS_min:0.004634738, elapsed_time:0:02:35.341079

Epoch:2/8: step:630, lr:0.0015907234, loss:0.3373468, pMS_max:0.58374435, pMS_min:0.0018468201, elapsed_time:0:02:37.651008

Epoch:2/8: step:640, lr:0.0015849527, loss:0.28488457, pMS_max:0.9995066, pMS_min:0.004078895, elapsed_time:0:02:39.967803

Epoch:2/8: step:650, lr:0.0015792031, loss:0.11037949, pMS_max:0.95944035, pMS_min:0.0033736825, elapsed_time:0:02:42.119332

Epoch:2/8: step:660, lr:0.0015734743, loss:0.14038685, pMS_max:0.99878305, pMS_min:0.07931641, elapsed_time:0:02:44.399004

Epoch:2/8: step:670, lr:0.0015677663, loss:0.35855493, pMS_max:0.950311, pMS_min:0.12946504, elapsed_time:0:02:46.668137

Epoch:2/8: step:680, lr:0.0015620788, loss:0.19696121, pMS_max:0.9646898, pMS_min:0.05804059, elapsed_time:0:02:48.959493

Epoch:2/8: step:690, lr:0.0015564123, loss:0.21962795, pMS_max:0.7747091, pMS_min:0.05626902, elapsed_time:0:02:51.342740

Epoch:2/8: step:700, lr:0.001550766, loss:0.12783146, pMS_max:0.7990344, pMS_min:0.1491861, elapsed_time:0:02:53.763889

Epoch:2/8: step:710, lr:0.0015451404, loss:0.13261214, pMS_max:0.51673496, pMS_min:0.14559925, elapsed_time:0:02:56.165404

Epoch:2/8: step:720, lr:0.0015395351, loss:0.12519807, pMS_max:0.99910057, pMS_min:0.108875334, elapsed_time:0:02:58.365208

Epoch:2/8: step:730, lr:0.0015339503, loss:0.21042046, pMS_max:0.99616313, pMS_min:0.10449523, elapsed_time:0:03:00.674623

Epoch:2/8: step:740, lr:0.0015283856, loss:0.2585243, pMS_max:0.998134, pMS_min:0.15054137, elapsed_time:0:03:02.958260

Epoch:2/8: step:750, lr:0.001522841, loss:0.5479902, pMS_max:0.99785113, pMS_min:0.12361187, elapsed_time:0:03:05.180911

Epoch:2/8: step:760, lr:0.0015173168, loss:0.54773575, pMS_max:0.8671233, pMS_min:0.004281491, elapsed_time:0:03:07.418205

Epoch:2/8: step:770, lr:0.0015118126, loss:0.38877785, pMS_max:0.5691874, pMS_min:0.1313223, elapsed_time:0:03:09.689115

Epoch:2/8: step:780, lr:0.0015063282, loss:0.47738314, pMS_max:0.9768299, pMS_min:0.00095772743, elapsed_time:0:03:12.001446

Epoch:2/8: step:790, lr:0.0015008636, loss:0.23093681, pMS_max:0.99691856, pMS_min:0.10448575, elapsed_time:0:03:14.303254

Epoch:2/8: step:800, lr:0.0014954191, loss:0.1145913, pMS_max:0.96192324, pMS_min:0.03267187, elapsed_time:0:03:16.705640

Epoch:2/8: step:810, lr:0.0014899941, loss:0.3875388, pMS_max:0.9787394, pMS_min:0.004719764, elapsed_time:0:03:19.044272

Epoch:2/8: step:820, lr:0.001484589, loss:0.40963912, pMS_max:0.86523247, pMS_min:0.10387543, elapsed_time:0:03:21.308278

Epoch:2/8: step:830, lr:0.0014792033, loss:0.10377856, pMS_max:0.9581132, pMS_min:0.12756008, elapsed_time:0:03:23.534441

Epoch:2/8: step:840, lr:0.0014738374, loss:0.11180824, pMS_max:0.8432882, pMS_min:0.006931722, elapsed_time:0:03:25.797230

Epoch:2/8: step:850, lr:0.0014684908, loss:0.20508577, pMS_max:0.48263356, pMS_min:0.0023509264, elapsed_time:0:03:28.092337

Epoch:2/8: step:860, lr:0.0014631634, loss:0.27367473, pMS_max:0.99699485, pMS_min:0.006623, elapsed_time:0:03:30.391622

Epoch:2/8: step:870, lr:0.0014578557, loss:0.33879292, pMS_max:0.98505557, pMS_min:0.115092725, elapsed_time:0:03:32.649763

Epoch:2/8: step:880, lr:0.0014525672, loss:0.332884, pMS_max:0.9978471, pMS_min:0.0030847192, elapsed_time:0:03:34.975505

Epoch:2/8: step:890, lr:0.0014472976, loss:0.80892706, pMS_max:0.7649167, pMS_min:0.1279166, elapsed_time:0:03:37.217076

Epoch:2/8: step:900, lr:0.0014420473, loss:0.42681006, pMS_max:0.9564092, pMS_min:0.08724663, elapsed_time:0:03:39.563211

Epoch:2/8: step:910, lr:0.0014368162, loss:0.41888735, pMS_max:0.9912778, pMS_min:0.00454548, elapsed_time:0:03:41.803307

Epoch:2/8: step:920, lr:0.0014316038, loss:0.17976466, pMS_max:0.9651091, pMS_min:0.060928375, elapsed_time:0:03:44.166715

Epoch:2/8: step:930, lr:0.0014264104, loss:0.4410107, pMS_max:0.92165387, pMS_min:0.055876642, elapsed_time:0:03:46.448758

Epoch:2/8: step:940, lr:0.0014212359, loss:0.3643434, pMS_max:0.94846934, pMS_min:0.0013881028, elapsed_time:0:03:48.743020

Epoch:2/8: step:950, lr:0.00141608, loss:0.14360079, pMS_max:0.9670149, pMS_min:0.059416175, elapsed_time:0:03:51.020488

Epoch:2/8: step:960, lr:0.0014109431, loss:0.5188755, pMS_max:0.8366499, pMS_min:0.0802421, elapsed_time:0:03:53.351037

Epoch:2/8: step:970, lr:0.0014058247, loss:0.24562955, pMS_max:0.99684757, pMS_min:0.05279365, elapsed_time:0:03:55.622195

Epoch:2/8: step:980, lr:0.0014007248, loss:0.101650834, pMS_max:0.9909476, pMS_min:0.14778659, elapsed_time:0:03:57.919826

Epoch:2/8: step:990, lr:0.0013956433, loss:0.55619013, pMS_max:0.95249265, pMS_min:0.08621353, elapsed_time:0:04:00.202615

Epoch:2/8: step:1000, lr:0.0013905803, loss:0.21192175, pMS_max:0.7995198, pMS_min:0.040158838, elapsed_time:0:04:02.570836

Epoch:2/8: step:1010, lr:0.0013855359, loss:0.19371824, pMS_max:0.8854531, pMS_min:0.0020125508, elapsed_time:0:04:04.832482

Epoch:2/8: step:1020, lr:0.0013805097, loss:0.72441006, pMS_max:0.9957545, pMS_min:0.0014801025, elapsed_time:0:04:07.150943

Epoch:2/8: step:1030, lr:0.0013755016, loss:0.34100336, pMS_max:0.9892007, pMS_min:0.18248743, elapsed_time:0:04:09.382992

Epoch:2/8: step:1040, lr:0.0013705117, loss:0.40224975, pMS_max:0.9718511, pMS_min:0.001075834, elapsed_time:0:04:11.712122

Epoch:2/8: step:1050, lr:0.0013655401, loss:0.31586373, pMS_max:0.991367, pMS_min:0.100568324, elapsed_time:0:04:14.065278

Epoch:2/8: step:1060, lr:0.0013605863, loss:0.37327775, pMS_max:0.99380916, pMS_min:0.12766117, elapsed_time:0:04:16.339588

Epoch:2/8: step:1070, lr:0.0013556505, loss:0.5644109, pMS_max:0.994725, pMS_min:0.00053846836, elapsed_time:0:04:18.646322

Epoch:2/8: step:1080, lr:0.0013507328, loss:0.6030005, pMS_max:0.99782073, pMS_min:0.07988927, elapsed_time:0:04:20.963784

Epoch:2/8: step:1090, lr:0.0013458327, loss:0.374371, pMS_max:0.98878515, pMS_min:0.08332276, elapsed_time:0:04:23.136252

Epoch:2/8: step:1100, lr:0.0013409505, loss:0.052814007, pMS_max:0.49760914, pMS_min:0.06655273, elapsed_time:0:04:25.564553

Epoch:2/8: step:1110, lr:0.001336086, loss:0.21830559, pMS_max:0.99868375, pMS_min:0.0008263886, elapsed_time:0:04:27.863307

Epoch:2/8: step:1120, lr:0.001331239, loss:0.3578083, pMS_max:0.9980371, pMS_min:0.14022002, elapsed_time:0:04:30.110640

Epoch:2/8: step:1130, lr:0.0013264098, loss:0.43304083, pMS_max:0.9522685, pMS_min:0.0021746755, elapsed_time:0:04:32.503182

Epoch:2/8: step:1140, lr:0.001321598, loss:0.23356879, pMS_max:0.9996395, pMS_min:0.00052663684, elapsed_time:0:04:34.762039

Epoch:2/8: step:1150, lr:0.0013168036, loss:0.38026553, pMS_max:0.99698794, pMS_min:0.06017524, elapsed_time:0:04:37.064310

Epoch:2/8: step:1160, lr:0.0013120268, loss:0.32901186, pMS_max:0.998322, pMS_min:0.0004966855, elapsed_time:0:04:39.317134

Epoch:2/8: step:1170, lr:0.0013072671, loss:0.3316451, pMS_max:0.9943769, pMS_min:0.0004195869, elapsed_time:0:04:41.602606

Epoch:2/8: step:1180, lr:0.0013025248, loss:0.23823625, pMS_max:0.4635963, pMS_min:0.069848776, elapsed_time:0:04:43.933241

Epoch:2/8: step:1190, lr:0.0012977996, loss:0.584075, pMS_max:0.96698296, pMS_min:0.04949832, elapsed_time:0:04:46.282897

Epoch:2/8: step:1200, lr:0.0012930918, loss:0.21472423, pMS_max:0.9823385, pMS_min:0.09525356, elapsed_time:0:04:48.752186

Epoch:2/8: step:1210, lr:0.0012884008, loss:0.21058099, pMS_max:0.99788034, pMS_min:0.11919162, elapsed_time:0:04:50.868051

Epoch:2/8: step:1220, lr:0.0012837269, loss:0.25969338, pMS_max:0.99502933, pMS_min:0.0004324913, elapsed_time:0:04:53.143180

Epoch:3/8: step:1230, lr:0.00127907, loss:0.44762087, pMS_max:0.997779, pMS_min:0.0011460781, elapsed_time:0:04:58.178735

Epoch:3/8: step:1240, lr:0.0012744301, loss:0.3342948, pMS_max:0.9986566, pMS_min:0.09640956, elapsed_time:0:05:00.442610

Epoch:3/8: step:1250, lr:0.0012698068, loss:0.4069215, pMS_max:0.92778337, pMS_min:0.0935857, elapsed_time:0:05:02.706435

Epoch:3/8: step:1260, lr:0.0012652004, loss:0.56118524, pMS_max:0.9740933, pMS_min:0.121276736, elapsed_time:0:05:04.882674

Epoch:3/8: step:1270, lr:0.0012606106, loss:0.16678867, pMS_max:0.9918753, pMS_min:0.036727488, elapsed_time:0:05:07.240234

Epoch:3/8: step:1280, lr:0.0012560375, loss:0.5436069, pMS_max:0.98270553, pMS_min:0.12660664, elapsed_time:0:05:09.537360

Epoch:3/8: step:1290, lr:0.0012514811, loss:0.40174425, pMS_max:0.99463224, pMS_min:0.0900709, elapsed_time:0:05:11.853014

Epoch:3/8: step:1300, lr:0.0012469412, loss:0.36053497, pMS_max:0.9010254, pMS_min:0.069833934, elapsed_time:0:05:14.146157

Epoch:3/8: step:1310, lr:0.0012424176, loss:0.23383704, pMS_max:0.8521105, pMS_min:0.08320838, elapsed_time:0:05:16.427117

Epoch:3/8: step:1320, lr:0.0012379106, loss:0.4675579, pMS_max:0.99599063, pMS_min:0.10349327, elapsed_time:0:05:18.736316

Epoch:3/8: step:1330, lr:0.0012334199, loss:0.2440868, pMS_max:0.99372876, pMS_min:0.0004543364, elapsed_time:0:05:20.932218

Epoch:3/8: step:1340, lr:0.0012289454, loss:0.13274103, pMS_max:0.47906905, pMS_min:0.00091159344, elapsed_time:0:05:23.297474

Epoch:3/8: step:1350, lr:0.0012244872, loss:0.32554936, pMS_max:0.9177544, pMS_min:0.08272183, elapsed_time:0:05:25.494277

Epoch:3/8: step:1360, lr:0.0012200453, loss:0.52180713, pMS_max:0.9980463, pMS_min:0.15871015, elapsed_time:0:05:27.767090

Epoch:3/8: step:1370, lr:0.0012156194, loss:0.3288222, pMS_max:0.9988617, pMS_min:0.06503528, elapsed_time:0:05:30.120797

Epoch:3/8: step:1380, lr:0.0012112095, loss:0.47300732, pMS_max:0.9282613, pMS_min:0.09015545, elapsed_time:0:05:32.430207

Epoch:3/8: step:1390, lr:0.0012068156, loss:0.23524754, pMS_max:0.98513544, pMS_min:0.00030007958, elapsed_time:0:05:34.662534

Epoch:3/8: step:1400, lr:0.0012024377, loss:0.19659403, pMS_max:0.68268526, pMS_min:0.080289066, elapsed_time:0:05:37.081372

Epoch:3/8: step:1410, lr:0.0011980757, loss:0.38473648, pMS_max:0.9966948, pMS_min:0.00055903196, elapsed_time:0:05:39.338729

Epoch:3/8: step:1420, lr:0.0011937295, loss:0.36119682, pMS_max:0.81688327, pMS_min:0.109069824, elapsed_time:0:05:41.716465

Epoch:3/8: step:1430, lr:0.0011893989, loss:0.22629437, pMS_max:0.72077453, pMS_min:0.11453432, elapsed_time:0:05:43.997371

Epoch:3/8: step:1440, lr:0.0011850842, loss:0.31113327, pMS_max:0.8806128, pMS_min:0.0005595386, elapsed_time:0:05:46.222776

Epoch:3/8: step:1450, lr:0.0011807851, loss:0.26714253, pMS_max:0.7973795, pMS_min:0.00075399876, elapsed_time:0:05:48.555813

Epoch:3/8: step:1460, lr:0.0011765017, loss:0.09499286, pMS_max:0.7996501, pMS_min:0.06455487, elapsed_time:0:05:50.847104

Epoch:3/8: step:1470, lr:0.0011722336, loss:0.28783917, pMS_max:0.9963938, pMS_min:0.057285994, elapsed_time:0:05:53.136262

Epoch:3/8: step:1480, lr:0.0011679812, loss:0.39654022, pMS_max:0.9938132, pMS_min:0.114519775, elapsed_time:0:05:55.362149

Epoch:3/8: step:1490, lr:0.0011637443, loss:0.13053718, pMS_max:0.99278444, pMS_min:0.0851129, elapsed_time:0:05:57.611157

Epoch:3/8: step:1500, lr:0.0011595224, loss:0.33727515, pMS_max:0.9759266, pMS_min:0.14226037, elapsed_time:0:06:00.064920

Epoch:3/8: step:1510, lr:0.0011553161, loss:0.17444102, pMS_max:0.91087425, pMS_min:0.108163655, elapsed_time:0:06:02.337889

Epoch:3/8: step:1520, lr:0.0011511251, loss:0.18237297, pMS_max:0.9975587, pMS_min:0.103594035, elapsed_time:0:06:04.618749

Epoch:3/8: step:1530, lr:0.0011469492, loss:0.3740139, pMS_max:0.9971816, pMS_min:0.12404087, elapsed_time:0:06:06.933339

Epoch:3/8: step:1540, lr:0.0011427884, loss:0.47637808, pMS_max:0.96989536, pMS_min:0.20528242, elapsed_time:0:06:09.251110

Epoch:3/8: step:1550, lr:0.0011386429, loss:0.30606413, pMS_max:0.91451895, pMS_min:0.13296434, elapsed_time:0:06:11.440539

Epoch:3/8: step:1560, lr:0.0011345121, loss:0.6208796, pMS_max:0.9206066, pMS_min:0.0007995665, elapsed_time:0:06:13.669914

Epoch:3/8: step:1570, lr:0.0011303964, loss:0.2532251, pMS_max:0.9369555, pMS_min:0.13782385, elapsed_time:0:06:15.942534

Epoch:3/8: step:1580, lr:0.0011262959, loss:0.23082358, pMS_max:0.98446566, pMS_min:0.00031673908, elapsed_time:0:06:18.234181

Epoch:3/8: step:1590, lr:0.0011222101, loss:0.105638534, pMS_max:0.95489955, pMS_min:0.00044101477, elapsed_time:0:06:20.564178

Epoch:3/8: step:1600, lr:0.001118139, loss:0.5158648, pMS_max:0.98121405, pMS_min:0.00065383315, elapsed_time:0:06:23.021185

Epoch:3/8: step:1610, lr:0.0011140828, loss:0.12734893, pMS_max:0.99654865, pMS_min:0.09164265, elapsed_time:0:06:25.358018

Epoch:3/8: step:1620, lr:0.0011100413, loss:0.18127154, pMS_max:0.49471116, pMS_min:0.00016146898, elapsed_time:0:06:27.636941

Epoch:3/8: step:1630, lr:0.0011060145, loss:0.7719892, pMS_max:0.9995034, pMS_min:0.14145145, elapsed_time:0:06:29.888050

Epoch:3/8: step:1640, lr:0.0011020022, loss:0.23139115, pMS_max:0.74417686, pMS_min:0.012380719, elapsed_time:0:06:32.130650

Epoch:3/8: step:1650, lr:0.0010980044, loss:0.37872148, pMS_max:0.7152616, pMS_min:0.09336984, elapsed_time:0:06:34.483174

Epoch:3/8: step:1660, lr:0.0010940211, loss:0.16325532, pMS_max:0.99762154, pMS_min:0.00043118, elapsed_time:0:06:36.877987

Epoch:3/8: step:1670, lr:0.0010900525, loss:0.35212404, pMS_max:0.9396764, pMS_min:0.12106857, elapsed_time:0:06:39.158673

Epoch:3/8: step:1680, lr:0.0010860983, loss:0.24321806, pMS_max:0.87458074, pMS_min:0.14474806, elapsed_time:0:06:41.372041

Epoch:3/8: step:1690, lr:0.0010821583, loss:0.5848756, pMS_max:0.9959254, pMS_min:0.11378506, elapsed_time:0:06:43.608478

Epoch:3/8: step:1700, lr:0.0010782324, loss:0.10663448, pMS_max:0.98762184, pMS_min:0.123304635, elapsed_time:0:06:46.015825

Epoch:3/8: step:1710, lr:0.001074321, loss:0.17837277, pMS_max:0.84105074, pMS_min:0.15112376, elapsed_time:0:06:48.220836

Epoch:3/8: step:1720, lr:0.0010704236, loss:0.26959428, pMS_max:0.77204484, pMS_min:0.00035342574, elapsed_time:0:06:50.526532

Epoch:3/8: step:1730, lr:0.0010665406, loss:0.13201368, pMS_max:0.82827365, pMS_min:0.0003221929, elapsed_time:0:06:52.803770

Epoch:3/8: step:1740, lr:0.0010626715, loss:0.7269273, pMS_max:0.98894966, pMS_min:0.10775551, elapsed_time:0:06:54.989551

Epoch:3/8: step:1750, lr:0.0010588166, loss:0.5768668, pMS_max:0.9717613, pMS_min:0.09469813, elapsed_time:0:06:57.264590

Epoch:3/8: step:1760, lr:0.0010549756, loss:0.21456215, pMS_max:0.98410404, pMS_min:0.00020360947, elapsed_time:0:06:59.503178

Epoch:3/8: step:1770, lr:0.0010511485, loss:0.40028784, pMS_max:0.9101908, pMS_min:0.00035703182, elapsed_time:0:07:01.819285

Epoch:3/8: step:1780, lr:0.0010473352, loss:0.31928003, pMS_max:0.8566189, pMS_min:7.2181225e-05, elapsed_time:0:07:04.096997

Epoch:3/8: step:1790, lr:0.0010435358, loss:0.32820147, pMS_max:0.997185, pMS_min:0.11477801, elapsed_time:0:07:06.446982

Epoch:3/8: step:1800, lr:0.0010397503, loss:0.244841, pMS_max:0.93876904, pMS_min:7.9244375e-05, elapsed_time:0:07:08.804576

Epoch:3/8: step:1810, lr:0.0010359783, loss:0.30154276, pMS_max:0.9099901, pMS_min:0.049896657, elapsed_time:0:07:11.142070

Epoch:3/8: step:1820, lr:0.0010322202, loss:0.42129236, pMS_max:0.8960161, pMS_min:0.00068211555, elapsed_time:0:07:13.523147

Epoch:3/8: step:1830, lr:0.0010284757, loss:0.22801803, pMS_max:0.99715555, pMS_min:0.083339274, elapsed_time:0:07:15.797667

Epoch:3/8: step:1840, lr:0.0010247448, loss:0.21707411, pMS_max:0.99017286, pMS_min:0.00047123432, elapsed_time:0:07:18.117184

Epoch:4/8: step:1850, lr:0.0010210272, loss:0.5532591, pMS_max:0.9858583, pMS_min:0.116817, elapsed_time:0:07:23.103211

Epoch:4/8: step:1860, lr:0.0010173232, loss:0.36320594, pMS_max:0.93785334, pMS_min:0.0005033016, elapsed_time:0:07:25.476141

Epoch:4/8: step:1870, lr:0.0010136327, loss:0.54525083, pMS_max:0.91120505, pMS_min:0.15700081, elapsed_time:0:07:27.744520

Epoch:4/8: step:1880, lr:0.0010099557, loss:0.20190401, pMS_max:0.7700113, pMS_min:0.12657037, elapsed_time:0:07:30.116377

Epoch:4/8: step:1890, lr:0.0010062921, loss:0.29675922, pMS_max:0.99842656, pMS_min:5.7816505e-05, elapsed_time:0:07:32.471360

Epoch:4/8: step:1900, lr:0.0010026414, loss:0.38880816, pMS_max:0.98477083, pMS_min:0.12699658, elapsed_time:0:07:34.899153

Epoch:4/8: step:1910, lr:0.0009990042, loss:0.35455757, pMS_max:0.91748476, pMS_min:0.00010225177, elapsed_time:0:07:37.202245

Epoch:4/8: step:1920, lr:0.0009953801, loss:0.101005435, pMS_max:0.9852574, pMS_min:6.0021877e-05, elapsed_time:0:07:39.408553

Epoch:4/8: step:1930, lr:0.0009917691, loss:0.31821176, pMS_max:0.6337303, pMS_min:0.10210234, elapsed_time:0:07:41.679180

Epoch:4/8: step:1940, lr:0.0009881714, loss:0.22590485, pMS_max:0.7509866, pMS_min:5.1021576e-05, elapsed_time:0:07:43.994744

Epoch:4/8: step:1950, lr:0.0009845867, loss:0.38517678, pMS_max:0.8566543, pMS_min:0.12417203, elapsed_time:0:07:46.314019

Epoch:4/8: step:1960, lr:0.0009810149, loss:0.24234113, pMS_max:0.97994316, pMS_min:0.0001731813, elapsed_time:0:07:48.585427

Epoch:4/8: step:1970, lr:0.0009774562, loss:0.41426468, pMS_max:0.59615237, pMS_min:0.11675081, elapsed_time:0:07:50.851430

Epoch:4/8: step:1980, lr:0.00097391027, loss:0.09815922, pMS_max:0.9527941, pMS_min:6.452203e-05, elapsed_time:0:07:53.193901

Epoch:4/8: step:1990, lr:0.0009703772, loss:0.30638343, pMS_max:0.9983487, pMS_min:0.1328609, elapsed_time:0:07:55.486206

Epoch:4/8: step:2000, lr:0.000966857, loss:0.4510538, pMS_max:0.99218047, pMS_min:0.15161651, elapsed_time:0:07:58.169596

Epoch:4/8: step:2010, lr:0.00096334965, loss:0.15671092, pMS_max:0.7960943, pMS_min:0.068341225, elapsed_time:0:08:00.562007

Epoch:4/8: step:2020, lr:0.0009598549, loss:0.12678921, pMS_max:0.98641187, pMS_min:5.969405e-05, elapsed_time:0:08:02.911686

Epoch:4/8: step:2030, lr:0.00095637277, loss:0.27103686, pMS_max:0.64037585, pMS_min:4.8547983e-05, elapsed_time:0:08:05.262170

Epoch:4/8: step:2040, lr:0.0009529034, loss:0.13590899, pMS_max:0.99764496, pMS_min:0.12408325, elapsed_time:0:08:07.537296

Epoch:4/8: step:2050, lr:0.0009494465, loss:0.5096438, pMS_max:0.6735606, pMS_min:0.15120837, elapsed_time:0:08:09.807937

Epoch:4/8: step:2060, lr:0.0009460024, loss:0.16403429, pMS_max:0.72590435, pMS_min:0.0009923279, elapsed_time:0:08:12.159025

Epoch:4/8: step:2070, lr:0.0009425706, loss:0.26345044, pMS_max:0.99784744, pMS_min:0.12532294, elapsed_time:0:08:14.287381

Epoch:4/8: step:2080, lr:0.00093915116, loss:0.4914996, pMS_max:0.788811, pMS_min:0.059350222, elapsed_time:0:08:16.578440

Epoch:4/8: step:2090, lr:0.00093574426, loss:0.21541005, pMS_max:0.98696315, pMS_min:0.08293027, elapsed_time:0:08:18.882053

WARNING:tensorflow:From /usr/local/lib/python3.8/dist-packages/tensorflow/python/training/saver.py:1056: remove_checkpoint (from tensorflow.python.training.checkpoint_management) is deprecated and will be removed in a future version.
Instructions for updating:
Use standard file APIs to delete files with this prefix.
Epoch:4/8: step:2100, lr:0.00093234977, loss:0.35360867, pMS_max:0.6655705, pMS_min:0.09619117, elapsed_time:0:08:21.382314

Epoch:4/8: step:2110, lr:0.0009289675, loss:0.6001481, pMS_max:0.9972984, pMS_min:0.13273603, elapsed_time:0:08:23.666338

Epoch:4/8: step:2120, lr:0.00092559756, loss:0.20457639, pMS_max:0.960758, pMS_min:0.00019475818, elapsed_time:0:08:25.974909

Epoch:4/8: step:2130, lr:0.0009222397, loss:0.12909, pMS_max:0.99736166, pMS_min:5.0634146e-05, elapsed_time:0:08:28.206302

Epoch:4/8: step:2140, lr:0.0009188942, loss:0.1752321, pMS_max:0.83104026, pMS_min:0.09009272, elapsed_time:0:08:30.472844

Epoch:4/8: step:2150, lr:0.00091556075, loss:0.25623876, pMS_max:0.97892797, pMS_min:0.10016397, elapsed_time:0:08:32.579232

Epoch:4/8: step:2160, lr:0.00091223937, loss:0.1591553, pMS_max:0.6304601, pMS_min:0.022012234, elapsed_time:0:08:34.875927

Epoch:4/8: step:2170, lr:0.0009089301, loss:0.44259825, pMS_max:0.99651015, pMS_min:0.1336672, elapsed_time:0:08:37.187358

Epoch:4/8: step:2180, lr:0.0009056328, loss:0.33855605, pMS_max:0.9870863, pMS_min:0.11469942, elapsed_time:0:08:39.516522

Epoch:4/8: step:2190, lr:0.0009023475, loss:0.305018, pMS_max:0.9874362, pMS_min:0.10990384, elapsed_time:0:08:41.758715

Epoch:4/8: step:2200, lr:0.00089907413, loss:0.49719626, pMS_max:0.96908593, pMS_min:0.07968223, elapsed_time:0:08:44.216574

Epoch:4/8: step:2210, lr:0.0008958125, loss:0.4080872, pMS_max:0.9460521, pMS_min:0.08027065, elapsed_time:0:08:46.515050

Epoch:4/8: step:2220, lr:0.00089256285, loss:0.39259672, pMS_max:0.9690361, pMS_min:6.574392e-05, elapsed_time:0:08:48.875215

Epoch:4/8: step:2230, lr:0.0008893249, loss:0.20002595, pMS_max:0.68942386, pMS_min:0.13054505, elapsed_time:0:08:51.155743

Epoch:4/8: step:2240, lr:0.0008860987, loss:0.130477, pMS_max:0.9906708, pMS_min:0.08918488, elapsed_time:0:08:53.512440

Epoch:4/8: step:2250, lr:0.00088288425, loss:0.17937878, pMS_max:0.9826505, pMS_min:9.471178e-05, elapsed_time:0:08:55.870130

Epoch:4/8: step:2260, lr:0.00087968144, loss:0.5510207, pMS_max:0.9966407, pMS_min:0.13001305, elapsed_time:0:08:58.179959

Epoch:4/8: step:2270, lr:0.0008764903, loss:0.23870665, pMS_max:0.9745096, pMS_min:0.041167647, elapsed_time:0:09:00.473132

Epoch:4/8: step:2280, lr:0.00087331067, loss:0.21659878, pMS_max:0.9876406, pMS_min:2.3841858e-05, elapsed_time:0:09:02.772189

Epoch:4/8: step:2290, lr:0.00087014254, loss:0.44816738, pMS_max:0.94468915, pMS_min:3.874302e-05, elapsed_time:0:09:05.095957

Epoch:4/8: step:2300, lr:0.000866986, loss:0.35018146, pMS_max:0.9706107, pMS_min:0.13294476, elapsed_time:0:09:07.552474

Epoch:4/8: step:2310, lr:0.00086384086, loss:0.38925362, pMS_max:0.99487495, pMS_min:0.0943082, elapsed_time:0:09:09.827883

Epoch:4/8: step:2320, lr:0.00086070714, loss:0.36837503, pMS_max:0.63833606, pMS_min:0.12731403, elapsed_time:0:09:12.057868

Epoch:4/8: step:2330, lr:0.00085758476, loss:0.28987518, pMS_max:0.98267305, pMS_min:0.07114649, elapsed_time:0:09:14.355213

Epoch:4/8: step:2340, lr:0.00085447374, loss:0.20419583, pMS_max:0.998374, pMS_min:0.11068091, elapsed_time:0:09:16.601157

Epoch:4/8: step:2350, lr:0.00085137406, loss:0.27166367, pMS_max:0.9906595, pMS_min:0.11692834, elapsed_time:0:09:18.846481

Epoch:4/8: step:2360, lr:0.0008482856, loss:0.32326496, pMS_max:0.6242081, pMS_min:2.8938055e-05, elapsed_time:0:09:21.131574

Epoch:4/8: step:2370, lr:0.0008452082, loss:0.6203712, pMS_max:0.86189866, pMS_min:0.13355759, elapsed_time:0:09:23.429007

Epoch:4/8: step:2380, lr:0.00084214204, loss:0.31209278, pMS_max:0.8248143, pMS_min:0.110759854, elapsed_time:0:09:25.808353

Epoch:4/8: step:2390, lr:0.00083908706, loss:0.23087724, pMS_max:0.7693379, pMS_min:0.08701092, elapsed_time:0:09:28.065423

Epoch:4/8: step:2400, lr:0.00083604315, loss:0.39728665, pMS_max:0.92418575, pMS_min:0.1255421, elapsed_time:0:09:30.552937

Epoch:4/8: step:2410, lr:0.00083301024, loss:0.31412858, pMS_max:0.9971635, pMS_min:0.11153206, elapsed_time:0:09:32.838651

Epoch:4/8: step:2420, lr:0.00082998833, loss:0.19956142, pMS_max:0.98595536, pMS_min:0.09763545, elapsed_time:0:09:35.139186

Epoch:4/8: step:2430, lr:0.0008269775, loss:0.38335523, pMS_max:0.9902351, pMS_min:0.102697104, elapsed_time:0:09:37.459640

Epoch:4/8: step:2440, lr:0.00082397746, loss:0.6094069, pMS_max:0.96069646, pMS_min:0.080150396, elapsed_time:0:09:39.747960

Epoch:4/8: step:2450, lr:0.0008209884, loss:0.09919365, pMS_max:0.9972708, pMS_min:6.2942505e-05, elapsed_time:0:09:42.013490

Epoch:5/8: step:2460, lr:0.00081801007, loss:0.3017236, pMS_max:0.9982326, pMS_min:0.048001885, elapsed_time:0:09:47.134819

Epoch:5/8: step:2470, lr:0.0008150426, loss:0.44924787, pMS_max:0.98867345, pMS_min:0.10872471, elapsed_time:0:09:49.406469

Epoch:5/8: step:2480, lr:0.000812086, loss:0.20345055, pMS_max:0.9662178, pMS_min:0.086942375, elapsed_time:0:09:51.765879

Epoch:5/8: step:2490, lr:0.0008091399, loss:0.45465314, pMS_max:0.9966451, pMS_min:9.8615885e-05, elapsed_time:0:09:54.042420

Epoch:5/8: step:2500, lr:0.0008062047, loss:0.15958662, pMS_max:0.8745654, pMS_min:6.774068e-05, elapsed_time:0:09:56.495360

Epoch:5/8: step:2510, lr:0.00080328004, loss:0.43890423, pMS_max:0.6285523, pMS_min:0.00030848384, elapsed_time:0:09:58.768096

Epoch:5/8: step:2520, lr:0.00080036605, loss:0.07641269, pMS_max:0.87365043, pMS_min:0.00023597479, elapsed_time:0:10:01.104301

Epoch:5/8: step:2530, lr:0.0007974625, loss:0.16872649, pMS_max:0.9945829, pMS_min:0.00042754412, elapsed_time:0:10:03.382881

Epoch:5/8: step:2540, lr:0.00079456967, loss:0.249182, pMS_max:0.9958857, pMS_min:0.111022085, elapsed_time:0:10:05.699840

Epoch:5/8: step:2550, lr:0.00079168717, loss:0.52595514, pMS_max:0.9960438, pMS_min:0.00040075183, elapsed_time:0:10:08.015959

Epoch:5/8: step:2560, lr:0.0007888152, loss:0.25884908, pMS_max:0.847612, pMS_min:0.00030851364, elapsed_time:0:10:10.342651

Epoch:5/8: step:2570, lr:0.00078595366, loss:0.33636996, pMS_max:0.9723717, pMS_min:0.0745461, elapsed_time:0:10:12.589826

Epoch:5/8: step:2580, lr:0.00078310247, loss:0.13576156, pMS_max:0.96366477, pMS_min:0.11043981, elapsed_time:0:10:14.922231

Epoch:5/8: step:2590, lr:0.00078026165, loss:0.33276567, pMS_max:0.823653, pMS_min:0.082122296, elapsed_time:0:10:17.231230

Epoch:5/8: step:2600, lr:0.0007774311, loss:0.43225995, pMS_max:0.7979965, pMS_min:0.08492112, elapsed_time:0:10:19.626825

Epoch:5/8: step:2610, lr:0.0007746109, loss:0.418337, pMS_max:0.9930947, pMS_min:0.10601759, elapsed_time:0:10:21.952913

Epoch:5/8: step:2620, lr:0.0007718009, loss:0.38958237, pMS_max:0.96354234, pMS_min:0.00059869885, elapsed_time:0:10:24.221777

Epoch:5/8: step:2630, lr:0.00076900097, loss:0.30500174, pMS_max:0.9840585, pMS_min:0.14582324, elapsed_time:0:10:26.463306

Epoch:5/8: step:2640, lr:0.00076621136, loss:0.41000426, pMS_max:0.9965328, pMS_min:0.12514412, elapsed_time:0:10:28.659669

Epoch:5/8: step:2650, lr:0.0007634317, loss:0.16207972, pMS_max:0.99887973, pMS_min:0.09502855, elapsed_time:0:10:30.819844

Epoch:5/8: step:2660, lr:0.00076066237, loss:0.6587189, pMS_max:0.99676013, pMS_min:0.13011414, elapsed_time:0:10:33.136168

Epoch:5/8: step:2670, lr:0.0007579028, loss:0.32362443, pMS_max:0.98429626, pMS_min:3.2275915e-05, elapsed_time:0:10:35.399135

Epoch:5/8: step:2680, lr:0.0007551535, loss:0.39337677, pMS_max:0.9932908, pMS_min:0.124756545, elapsed_time:0:10:37.645790

Epoch:5/8: step:2690, lr:0.00075241405, loss:0.1932636, pMS_max:0.5473867, pMS_min:0.08432558, elapsed_time:0:10:39.957929

Epoch:5/8: step:2700, lr:0.0007496844, loss:0.09320047, pMS_max:0.9226098, pMS_min:0.07072693, elapsed_time:0:10:42.458553

Epoch:5/8: step:2710, lr:0.0007469648, loss:0.12000607, pMS_max:0.9889688, pMS_min:2.7447939e-05, elapsed_time:0:10:44.729467

Epoch:5/8: step:2720, lr:0.00074425514, loss:0.24498107, pMS_max:0.99549544, pMS_min:0.08427131, elapsed_time:0:10:47.304832

Epoch:5/8: step:2730, lr:0.0007415553, loss:0.3299279, pMS_max:0.98900753, pMS_min:0.11685601, elapsed_time:0:10:49.574834

Epoch:5/8: step:2740, lr:0.0007388651, loss:0.123903796, pMS_max:0.98466766, pMS_min:3.412366e-05, elapsed_time:0:10:51.860667

Epoch:5/8: step:2750, lr:0.0007361849, loss:0.27457124, pMS_max:0.9847974, pMS_min:0.1128951, elapsed_time:0:10:54.162128

Epoch:5/8: step:2760, lr:0.00073351414, loss:0.2006759, pMS_max:0.96054876, pMS_min:0.083893836, elapsed_time:0:10:56.452459

Epoch:5/8: step:2770, lr:0.0007308532, loss:0.2578897, pMS_max:0.99083364, pMS_min:3.555417e-05, elapsed_time:0:10:58.693727

Epoch:5/8: step:2780, lr:0.000728202, loss:0.3835578, pMS_max:0.9981968, pMS_min:0.10635796, elapsed_time:0:11:00.968594

Epoch:5/8: step:2790, lr:0.0007255602, loss:0.2926654, pMS_max:0.9856432, pMS_min:4.0888786e-05, elapsed_time:0:11:03.300651

Epoch:5/8: step:2800, lr:0.00072292815, loss:0.21218188, pMS_max:0.9582447, pMS_min:6.9111586e-05, elapsed_time:0:11:05.771469

Epoch:5/8: step:2810, lr:0.0007203056, loss:0.15396671, pMS_max:0.9982002, pMS_min:0.10433021, elapsed_time:0:11:08.092311

Epoch:5/8: step:2820, lr:0.00071769266, loss:0.41741088, pMS_max:0.99021626, pMS_min:0.10823956, elapsed_time:0:11:10.440752

Epoch:5/8: step:2830, lr:0.00071508903, loss:0.42384142, pMS_max:0.9440801, pMS_min:0.0963178, elapsed_time:0:11:12.837027

Epoch:5/8: step:2840, lr:0.000712495, loss:0.19845146, pMS_max:0.89903855, pMS_min:0.051743, elapsed_time:0:11:15.126063

Epoch:5/8: step:2850, lr:0.0007099102, loss:0.2807483, pMS_max:0.93405855, pMS_min:0.00015822053, elapsed_time:0:11:17.485345

Epoch:5/8: step:2860, lr:0.00070733484, loss:0.3949209, pMS_max:0.82879573, pMS_min:0.0845668, elapsed_time:0:11:19.826472

Epoch:5/8: step:2870, lr:0.000704769, loss:0.17975534, pMS_max:0.5451008, pMS_min:0.08662665, elapsed_time:0:11:22.051654

Epoch:5/8: step:2880, lr:0.00070221233, loss:0.3741836, pMS_max:0.9014176, pMS_min:0.09904012, elapsed_time:0:11:24.312430

Epoch:5/8: step:2890, lr:0.00069966493, loss:0.34636307, pMS_max:0.9777191, pMS_min:0.1527758, elapsed_time:0:11:26.609691

Epoch:5/8: step:2900, lr:0.00069712667, loss:0.37764788, pMS_max:0.9675814, pMS_min:2.3126602e-05, elapsed_time:0:11:29.048934

Epoch:5/8: step:2910, lr:0.0006945977, loss:0.33621192, pMS_max:0.9437249, pMS_min:6.598234e-05, elapsed_time:0:11:31.387048

Epoch:5/8: step:2920, lr:0.0006920781, loss:0.25522467, pMS_max:0.99394524, pMS_min:7.584691e-05, elapsed_time:0:11:33.714152

Epoch:5/8: step:2930, lr:0.0006895674, loss:0.43622357, pMS_max:0.9969243, pMS_min:0.13277537, elapsed_time:0:11:36.006956

Epoch:5/8: step:2940, lr:0.000687066, loss:0.38515404, pMS_max:0.8811732, pMS_min:7.852912e-05, elapsed_time:0:11:38.363524

Epoch:5/8: step:2950, lr:0.0006845734, loss:0.2760272, pMS_max:0.96734095, pMS_min:4.8577785e-05, elapsed_time:0:11:40.661179

Epoch:5/8: step:2960, lr:0.00068209, loss:0.5077827, pMS_max:0.90442663, pMS_min:4.9889088e-05, elapsed_time:0:11:42.946804

Epoch:5/8: step:2970, lr:0.00067961565, loss:0.28131986, pMS_max:0.9612671, pMS_min:0.08934283, elapsed_time:0:11:45.246032

Epoch:5/8: step:2980, lr:0.0006771502, loss:0.20741889, pMS_max:0.9540971, pMS_min:0.09051785, elapsed_time:0:11:47.620215

Epoch:5/8: step:2990, lr:0.00067469385, loss:0.26038277, pMS_max:0.9529549, pMS_min:0.120218605, elapsed_time:0:11:49.985180

Epoch:5/8: step:3000, lr:0.0006722462, loss:0.2917646, pMS_max:0.99697185, pMS_min:0.13187018, elapsed_time:0:11:52.424835

Epoch:5/8: step:3010, lr:0.00066980754, loss:0.4136703, pMS_max:0.75883263, pMS_min:0.1110605, elapsed_time:0:11:54.706523

Epoch:5/8: step:3020, lr:0.0006673777, loss:0.26830462, pMS_max:0.66877466, pMS_min:0.13982457, elapsed_time:0:11:56.973724

Epoch:5/8: step:3030, lr:0.0006649567, loss:0.36938837, pMS_max:0.97007376, pMS_min:0.10003647, elapsed_time:0:11:59.257595

Epoch:5/8: step:3040, lr:0.00066254445, loss:0.18388799, pMS_max:0.9959882, pMS_min:0.105252266, elapsed_time:0:12:01.554106

Epoch:5/8: step:3050, lr:0.00066014106, loss:0.5668436, pMS_max:0.99519396, pMS_min:0.10800323, elapsed_time:0:12:03.899046

Epoch:5/8: step:3060, lr:0.00065774616, loss:0.5331846, pMS_max:0.90461814, pMS_min:0.11667758, elapsed_time:0:12:06.166749

Epoch:5/8: step:3070, lr:0.00065536, loss:0.460611, pMS_max:0.7782863, pMS_min:0.080740154, elapsed_time:0:12:08.503412

Epoch:6/8: step:3080, lr:0.0006529827, loss:0.4508081, pMS_max:0.9790869, pMS_min:0.11626768, elapsed_time:0:12:13.500745

Epoch:6/8: step:3090, lr:0.0006506138, loss:0.096043356, pMS_max:0.607984, pMS_min:1.5735626e-05, elapsed_time:0:12:15.733807

Epoch:6/8: step:3100, lr:0.0006482537, loss:0.34823388, pMS_max:0.99791646, pMS_min:0.100931436, elapsed_time:0:12:18.138741

Epoch:6/8: step:3110, lr:0.000645902, loss:0.5551569, pMS_max:0.9200833, pMS_min:0.1081135, elapsed_time:0:12:20.327415

Epoch:6/8: step:3120, lr:0.0006435589, loss:0.12368913, pMS_max:0.99189615, pMS_min:0.0885396, elapsed_time:0:12:22.648706

Epoch:6/8: step:3130, lr:0.0006412243, loss:0.14659491, pMS_max:0.9891602, pMS_min:0.09212312, elapsed_time:0:12:24.882008

Epoch:6/8: step:3140, lr:0.0006388981, loss:0.22216621, pMS_max:0.59084344, pMS_min:0.14849553, elapsed_time:0:12:27.260508

Epoch:6/8: step:3150, lr:0.00063658046, loss:0.47363, pMS_max:0.97921705, pMS_min:0.11424032, elapsed_time:0:12:29.477610

Epoch:6/8: step:3160, lr:0.0006342711, loss:0.6044978, pMS_max:0.7395447, pMS_min:0.13702914, elapsed_time:0:12:31.797694

Epoch:6/8: step:3170, lr:0.0006319702, loss:0.42711598, pMS_max:0.9866938, pMS_min:0.109528005, elapsed_time:0:12:34.167169

Epoch:6/8: step:3180, lr:0.0006296776, loss:0.42008722, pMS_max:0.9282783, pMS_min:0.0691123, elapsed_time:0:12:36.455297

Epoch:6/8: step:3190, lr:0.0006273934, loss:0.12782577, pMS_max:0.90545154, pMS_min:0.08046386, elapsed_time:0:12:38.768981

Epoch:6/8: step:3200, lr:0.00062511745, loss:0.11076082, pMS_max:0.84567547, pMS_min:0.08765653, elapsed_time:0:12:41.247190

Epoch:6/8: step:3210, lr:0.0006228496, loss:0.2036509, pMS_max:0.9366064, pMS_min:0.055117995, elapsed_time:0:12:43.544922

Epoch:6/8: step:3220, lr:0.0006205902, loss:0.14964002, pMS_max:0.989354, pMS_min:0.13249776, elapsed_time:0:12:45.771939

Epoch:6/8: step:3230, lr:0.00061833893, loss:0.27403504, pMS_max:0.99260104, pMS_min:4.8607588e-05, elapsed_time:0:12:48.036671

Epoch:6/8: step:3240, lr:0.0006160958, loss:0.21285525, pMS_max:0.919213, pMS_min:0.14073732, elapsed_time:0:12:50.323844

Epoch:6/8: step:3250, lr:0.0006138609, loss:0.20237245, pMS_max:0.92084986, pMS_min:5.015731e-05, elapsed_time:0:12:52.652938

Epoch:6/8: step:3260, lr:0.000611634, loss:0.27561605, pMS_max:0.528228, pMS_min:0.15582883, elapsed_time:0:12:54.900064

Epoch:6/8: step:3270, lr:0.00060941506, loss:0.10988908, pMS_max:0.9938655, pMS_min:2.2858381e-05, elapsed_time:0:12:57.154559

Epoch:6/8: step:3280, lr:0.00060720433, loss:0.52271026, pMS_max:0.952064, pMS_min:0.119001955, elapsed_time:0:12:59.423936

Epoch:6/8: step:3290, lr:0.0006050016, loss:0.5184401, pMS_max:0.87729704, pMS_min:0.110455066, elapsed_time:0:13:01.630163

Epoch:6/8: step:3300, lr:0.00060280686, loss:0.47657558, pMS_max:0.99672836, pMS_min:2.9623508e-05, elapsed_time:0:13:04.067004

Epoch:6/8: step:3310, lr:0.0006006202, loss:0.2841924, pMS_max:0.9906539, pMS_min:0.13041821, elapsed_time:0:13:06.347382

Epoch:6/8: step:3320, lr:0.0005984412, loss:0.19559604, pMS_max:0.9982641, pMS_min:0.09831992, elapsed_time:0:13:08.730578

Epoch:6/8: step:3330, lr:0.0005962703, loss:0.38640743, pMS_max:0.9126408, pMS_min:0.12512457, elapsed_time:0:13:11.071218

Epoch:6/8: step:3340, lr:0.00059410726, loss:0.39976788, pMS_max:0.9838397, pMS_min:0.11221084, elapsed_time:0:13:13.387173

Epoch:6/8: step:3350, lr:0.000591952, loss:0.2608329, pMS_max:0.80626506, pMS_min:0.07805908, elapsed_time:0:13:15.647466

Epoch:6/8: step:3360, lr:0.00058980467, loss:0.058004633, pMS_max:0.9933965, pMS_min:4.2647123e-05, elapsed_time:0:13:18.033962

Epoch:6/8: step:3370, lr:0.00058766495, loss:0.23271771, pMS_max:0.9966489, pMS_min:0.09213552, elapsed_time:0:13:20.328464

Epoch:6/8: step:3380, lr:0.0005855331, loss:0.37022892, pMS_max:0.8174757, pMS_min:0.04316303, elapsed_time:0:13:22.624423

Epoch:6/8: step:3390, lr:0.00058340904, loss:0.4659786, pMS_max:0.78314996, pMS_min:4.9561262e-05, elapsed_time:0:13:24.903354

Epoch:6/8: step:3400, lr:0.0005812926, loss:0.19677623, pMS_max:0.5640884, pMS_min:4.786253e-05, elapsed_time:0:13:27.423533

Epoch:6/8: step:3410, lr:0.0005791839, loss:0.22490607, pMS_max:0.9296367, pMS_min:0.123156935, elapsed_time:0:13:29.752630

Epoch:6/8: step:3420, lr:0.00057708274, loss:0.40089023, pMS_max:0.97612315, pMS_min:0.093609035, elapsed_time:0:13:32.027312

Epoch:6/8: step:3430, lr:0.0005749893, loss:0.36535054, pMS_max:0.9852898, pMS_min:0.00012624264, elapsed_time:0:13:34.326054

Epoch:6/8: step:3440, lr:0.0005729035, loss:0.6711509, pMS_max:0.99564326, pMS_min:0.12599882, elapsed_time:0:13:36.584272

Epoch:6/8: step:3450, lr:0.0005708252, loss:0.2534972, pMS_max:0.909868, pMS_min:0.12842563, elapsed_time:0:13:38.896787

Epoch:6/8: step:3460, lr:0.00056875445, loss:0.400553, pMS_max:0.9954045, pMS_min:5.275011e-05, elapsed_time:0:13:41.235541

Epoch:6/8: step:3470, lr:0.00056669116, loss:0.24383518, pMS_max:0.99756783, pMS_min:0.10372746, elapsed_time:0:13:43.530418

Epoch:6/8: step:3480, lr:0.0005646354, loss:0.4042124, pMS_max:0.680858, pMS_min:0.046768934, elapsed_time:0:13:45.803562

Epoch:6/8: step:3490, lr:0.0005625871, loss:0.31804988, pMS_max:0.99530196, pMS_min:0.10338482, elapsed_time:0:13:48.117269

Epoch:6/8: step:3500, lr:0.00056054624, loss:0.22900221, pMS_max:0.9906286, pMS_min:0.09587261, elapsed_time:0:13:50.679423

Epoch:6/8: step:3510, lr:0.0005585127, loss:0.26112908, pMS_max:0.91573614, pMS_min:0.11430967, elapsed_time:0:13:52.895660

Epoch:6/8: step:3520, lr:0.0005564868, loss:0.43254468, pMS_max:0.9456231, pMS_min:0.08214241, elapsed_time:0:13:55.153803

Epoch:6/8: step:3530, lr:0.0005544679, loss:0.40256554, pMS_max:0.9936914, pMS_min:8.636713e-05, elapsed_time:0:13:57.448440

Epoch:6/8: step:3540, lr:0.0005524565, loss:0.4804602, pMS_max:0.9977446, pMS_min:0.05571714, elapsed_time:0:13:59.678641

Epoch:6/8: step:3550, lr:0.0005504524, loss:0.10361521, pMS_max:0.952215, pMS_min:6.502867e-05, elapsed_time:0:14:01.967465

Epoch:6/8: step:3560, lr:0.00054845546, loss:0.281528, pMS_max:0.99125224, pMS_min:3.1352043e-05, elapsed_time:0:14:04.257555

Epoch:6/8: step:3570, lr:0.000546466, loss:0.47026277, pMS_max:0.9970413, pMS_min:0.13182798, elapsed_time:0:14:06.541444

Epoch:6/8: step:3580, lr:0.0005444834, loss:0.19769397, pMS_max:0.9664249, pMS_min:4.1544437e-05, elapsed_time:0:14:08.821824

Epoch:6/8: step:3590, lr:0.00054250826, loss:0.16300064, pMS_max:0.90357876, pMS_min:0.10949537, elapsed_time:0:14:11.205604

Epoch:6/8: step:3600, lr:0.00054054026, loss:0.37472233, pMS_max:0.99019384, pMS_min:0.11235374, elapsed_time:0:14:13.715937

Epoch:6/8: step:3610, lr:0.00053857936, loss:0.23993379, pMS_max:0.62861836, pMS_min:0.074931294, elapsed_time:0:14:15.999122

Epoch:6/8: step:3620, lr:0.0005366256, loss:0.20113835, pMS_max:0.99683106, pMS_min:0.055869132, elapsed_time:0:14:18.324919

Epoch:6/8: step:3630, lr:0.00053467887, loss:0.16223103, pMS_max:0.9255872, pMS_min:0.14950737, elapsed_time:0:14:20.619612

Epoch:6/8: step:3640, lr:0.0005327393, loss:0.37882507, pMS_max:0.9890028, pMS_min:0.08403954, elapsed_time:0:14:22.855461

Epoch:6/8: step:3650, lr:0.0005308066, loss:0.21410285, pMS_max:0.9699873, pMS_min:0.1228683, elapsed_time:0:14:25.221757

Epoch:6/8: step:3660, lr:0.0005288811, loss:0.5264041, pMS_max:0.962034, pMS_min:0.12591955, elapsed_time:0:14:27.620303

Epoch:6/8: step:3670, lr:0.0005269625, loss:0.27672583, pMS_max:0.9100389, pMS_min:0.07902455, elapsed_time:0:14:29.897872

Epoch:6/8: step:3680, lr:0.00052505085, loss:0.28965595, pMS_max:0.82419944, pMS_min:0.12786576, elapsed_time:0:14:32.203081

Epoch:7/8: step:3690, lr:0.00052314607, loss:0.20654924, pMS_max:0.9190418, pMS_min:0.113541335, elapsed_time:0:14:37.228096

Epoch:7/8: step:3700, lr:0.0005212483, loss:0.29860967, pMS_max:0.99789107, pMS_min:0.13748917, elapsed_time:0:14:39.631580

Epoch:7/8: step:3710, lr:0.0005193574, loss:0.68138576, pMS_max:0.8588867, pMS_min:0.120386034, elapsed_time:0:14:41.857236

Epoch:7/8: step:3720, lr:0.0005174734, loss:0.51029897, pMS_max:0.91547, pMS_min:0.09362036, elapsed_time:0:14:44.125638

Epoch:7/8: step:3730, lr:0.0005155962, loss:0.18979613, pMS_max:0.76985884, pMS_min:0.108867526, elapsed_time:0:14:46.442733

Epoch:7/8: step:3740, lr:0.0005137257, loss:0.31459013, pMS_max:0.9918519, pMS_min:0.10702595, elapsed_time:0:14:48.729298

Epoch:7/8: step:3750, lr:0.0005118621, loss:0.37339902, pMS_max:0.9812886, pMS_min:0.08177677, elapsed_time:0:14:51.055089

Epoch:7/8: step:3760, lr:0.0005100052, loss:0.29401472, pMS_max:0.9961138, pMS_min:0.13453194, elapsed_time:0:14:53.326705

Epoch:7/8: step:3770, lr:0.0005081551, loss:0.119689226, pMS_max:0.9684697, pMS_min:3.2663345e-05, elapsed_time:0:14:55.627692

Epoch:7/8: step:3780, lr:0.00050631166, loss:0.3937788, pMS_max:0.97109747, pMS_min:2.3692846e-05, elapsed_time:0:14:57.939643

Epoch:7/8: step:3790, lr:0.0005044749, loss:0.29884768, pMS_max:0.9295339, pMS_min:0.09722099, elapsed_time:0:15:00.207763

Epoch:7/8: step:3800, lr:0.00050264486, loss:0.19102111, pMS_max:0.99441135, pMS_min:4.3720007e-05, elapsed_time:0:15:02.679074

Epoch:7/8: step:3810, lr:0.00050082145, loss:0.24654093, pMS_max:0.9959725, pMS_min:3.5762787e-05, elapsed_time:0:15:04.998092

Epoch:7/8: step:3820, lr:0.0004990047, loss:0.3602388, pMS_max:0.6056398, pMS_min:0.07624972, elapsed_time:0:15:07.387659

Epoch:7/8: step:3830, lr:0.0004971944, loss:0.34318873, pMS_max:0.98720145, pMS_min:0.11455375, elapsed_time:0:15:09.727202

Epoch:7/8: step:3840, lr:0.0004953908, loss:0.45741442, pMS_max:0.9966963, pMS_min:0.028363347, elapsed_time:0:15:12.057874

Epoch:7/8: step:3850, lr:0.00049359363, loss:0.2772687, pMS_max:0.990433, pMS_min:0.16255504, elapsed_time:0:15:14.391800

Epoch:7/8: step:3860, lr:0.000491803, loss:0.3491051, pMS_max:0.99149007, pMS_min:0.13685498, elapsed_time:0:15:16.652292

Epoch:7/8: step:3870, lr:0.000490019, loss:0.15448791, pMS_max:0.9715901, pMS_min:2.670288e-05, elapsed_time:0:15:19.035596

Epoch:7/8: step:3880, lr:0.00048824132, loss:0.13548408, pMS_max:0.94663477, pMS_min:0.12685043, elapsed_time:0:15:21.340284

Epoch:7/8: step:3890, lr:0.00048647015, loss:0.4676268, pMS_max:0.98983824, pMS_min:0.13938433, elapsed_time:0:15:23.681606

Epoch:7/8: step:3900, lr:0.0004847054, loss:0.38249254, pMS_max:0.9939828, pMS_min:8.097291e-05, elapsed_time:0:15:26.198182

Epoch:7/8: step:3910, lr:0.00048294707, loss:0.31150892, pMS_max:0.94921017, pMS_min:0.114623636, elapsed_time:0:15:28.567415

Epoch:7/8: step:3920, lr:0.0004811951, loss:0.4532807, pMS_max:0.9339771, pMS_min:0.08883208, elapsed_time:0:15:30.857690

Epoch:7/8: step:3930, lr:0.00047944952, loss:0.24562271, pMS_max:0.7705295, pMS_min:0.09820244, elapsed_time:0:15:33.153929

Epoch:7/8: step:3940, lr:0.00047771027, loss:0.3786203, pMS_max:0.8967571, pMS_min:0.13240197, elapsed_time:0:15:35.433357

Epoch:7/8: step:3950, lr:0.00047597723, loss:0.16256209, pMS_max:0.8977846, pMS_min:1.4811754e-05, elapsed_time:0:15:37.753813

Epoch:7/8: step:3960, lr:0.00047425056, loss:0.26724455, pMS_max:0.990461, pMS_min:0.13435361, elapsed_time:0:15:40.088824

Epoch:7/8: step:3970, lr:0.00047253014, loss:0.26539117, pMS_max:0.69649506, pMS_min:2.7030706e-05, elapsed_time:0:15:42.485546

Epoch:7/8: step:3980, lr:0.000470816, loss:0.6193787, pMS_max:0.7671701, pMS_min:0.09214711, elapsed_time:0:15:44.720748

Epoch:7/8: step:3990, lr:0.00046910802, loss:0.43859935, pMS_max:0.95697165, pMS_min:1.6540289e-05, elapsed_time:0:15:47.032702

Epoch:7/8: step:4000, lr:0.00046740618, loss:0.2256239, pMS_max:0.96979845, pMS_min:1.1056662e-05, elapsed_time:0:15:49.556546

Epoch:7/8: step:4010, lr:0.00046571062, loss:0.3441082, pMS_max:0.95332325, pMS_min:0.08485487, elapsed_time:0:15:51.836210

Epoch:7/8: step:4020, lr:0.00046402117, loss:0.57491463, pMS_max:0.7669071, pMS_min:0.070898175, elapsed_time:0:15:54.137712

Epoch:7/8: step:4030, lr:0.0004623379, loss:0.37563634, pMS_max:0.97507215, pMS_min:4.246831e-05, elapsed_time:0:15:56.477202

Epoch:7/8: step:4040, lr:0.00046066067, loss:0.17859843, pMS_max:0.99595034, pMS_min:0.13285294, elapsed_time:0:15:58.787567

Epoch:7/8: step:4050, lr:0.00045898953, loss:0.36997694, pMS_max:0.9287878, pMS_min:0.1463086, elapsed_time:0:16:01.094062

Epoch:7/8: step:4060, lr:0.0004573245, loss:0.6289001, pMS_max:0.9969375, pMS_min:1.6987324e-05, elapsed_time:0:16:03.403249

Epoch:7/8: step:4070, lr:0.00045566546, loss:0.2092493, pMS_max:0.99201065, pMS_min:0.059757143, elapsed_time:0:16:05.652165

Epoch:7/8: step:4080, lr:0.00045401248, loss:0.247487, pMS_max:0.97484094, pMS_min:2.861023e-05, elapsed_time:0:16:08.058702

Epoch:7/8: step:4090, lr:0.00045236544, loss:0.20889679, pMS_max:0.9627255, pMS_min:0.08506471, elapsed_time:0:16:10.462104

Epoch:7/8: step:4100, lr:0.00045072442, loss:0.23959772, pMS_max:0.9866777, pMS_min:0.00010830164, elapsed_time:0:16:12.947559

Epoch:7/8: step:4110, lr:0.00044908933, loss:0.50197536, pMS_max:0.92103946, pMS_min:0.124550164, elapsed_time:0:16:15.247924

Epoch:7/8: step:4120, lr:0.0004474602, loss:0.071300864, pMS_max:0.9594534, pMS_min:0.078742445, elapsed_time:0:16:17.476399

Epoch:7/8: step:4130, lr:0.00044583698, loss:0.22148289, pMS_max:0.9723323, pMS_min:0.10867059, elapsed_time:0:16:19.787616

Epoch:7/8: step:4140, lr:0.00044421962, loss:0.58078635, pMS_max:0.9101236, pMS_min:0.12868014, elapsed_time:0:16:22.036390

Epoch:7/8: step:4150, lr:0.0004426081, loss:0.16999169, pMS_max:0.92294836, pMS_min:0.092591524, elapsed_time:0:16:24.370020

Epoch:7/8: step:4160, lr:0.00044100248, loss:0.23670095, pMS_max:0.88391757, pMS_min:0.08316001, elapsed_time:0:16:26.708617

Epoch:7/8: step:4170, lr:0.00043940273, loss:0.22581057, pMS_max:0.9886038, pMS_min:0.10842931, elapsed_time:0:16:29.024092

Epoch:7/8: step:4180, lr:0.0004378087, loss:0.3239286, pMS_max:0.9449239, pMS_min:5.2809715e-05, elapsed_time:0:16:31.366641

Epoch:7/8: step:4190, lr:0.00043622052, loss:0.31726667, pMS_max:0.61003214, pMS_min:0.065871954, elapsed_time:0:16:33.601181

Epoch:7/8: step:4200, lr:0.000434638, loss:0.3805229, pMS_max:0.7985114, pMS_min:0.09478328, elapsed_time:0:16:36.057036

Epoch:7/8: step:4210, lr:0.00043306133, loss:0.7746382, pMS_max:0.99719644, pMS_min:0.14029133, elapsed_time:0:16:38.306750

Epoch:7/8: step:4220, lr:0.0004314903, loss:0.13569881, pMS_max:0.9936068, pMS_min:0.13639846, elapsed_time:0:16:40.606095

Epoch:7/8: step:4230, lr:0.00042992496, loss:0.34865826, pMS_max:0.95928496, pMS_min:0.13808516, elapsed_time:0:16:42.979656

Epoch:7/8: step:4240, lr:0.00042836537, loss:0.1989747, pMS_max:0.99216974, pMS_min:0.10244617, elapsed_time:0:16:45.259162

Epoch:7/8: step:4250, lr:0.00042681143, loss:0.2349162, pMS_max:0.9900744, pMS_min:0.11575723, elapsed_time:0:16:47.619234

Epoch:7/8: step:4260, lr:0.00042526308, loss:0.28649518, pMS_max:0.99281865, pMS_min:0.1405814, elapsed_time:0:16:49.906711

Epoch:7/8: step:4270, lr:0.00042372034, loss:0.4191178, pMS_max:0.99545586, pMS_min:9.715557e-06, elapsed_time:0:16:52.156873

Epoch:7/8: step:4280, lr:0.0004221833, loss:0.21216504, pMS_max:0.5721883, pMS_min:0.09147009, elapsed_time:0:16:54.534191

Epoch:7/8: step:4290, lr:0.0004206517, loss:0.24554758, pMS_max:0.9914337, pMS_min:0.073985696, elapsed_time:0:16:56.827030

Epoch:8/8: step:4300, lr:0.0004191257, loss:0.2763511, pMS_max:0.9277855, pMS_min:1.4334917e-05, elapsed_time:0:17:02.260784

Epoch:8/8: step:4310, lr:0.00041760528, loss:0.07391952, pMS_max:0.99330175, pMS_min:2.5004148e-05, elapsed_time:0:17:04.568995

Epoch:8/8: step:4320, lr:0.00041609033, loss:0.1679856, pMS_max:0.9726573, pMS_min:0.1276632, elapsed_time:0:17:06.915995

Epoch:8/8: step:4330, lr:0.00041458092, loss:0.16351499, pMS_max:0.9390367, pMS_min:0.09090567, elapsed_time:0:17:09.242330

Epoch:8/8: step:4340, lr:0.00041307692, loss:0.39871794, pMS_max:0.9552902, pMS_min:0.120060354, elapsed_time:0:17:11.601453

Epoch:8/8: step:4350, lr:0.00041157845, loss:0.37653416, pMS_max:0.9452064, pMS_min:5.888939e-05, elapsed_time:0:17:13.933883

Epoch:8/8: step:4360, lr:0.00041008537, loss:0.36397514, pMS_max:0.993775, pMS_min:0.0906592, elapsed_time:0:17:16.219751

Epoch:8/8: step:4370, lr:0.00040859773, loss:0.28585058, pMS_max:0.9134867, pMS_min:0.05909002, elapsed_time:0:17:18.625216

Epoch:8/8: step:4380, lr:0.00040711544, loss:0.28762856, pMS_max:0.9940114, pMS_min:4.6223402e-05, elapsed_time:0:17:20.875149

Epoch:8/8: step:4390, lr:0.00040563862, loss:0.14734156, pMS_max:0.98053634, pMS_min:0.11391166, elapsed_time:0:17:23.143246

Epoch:8/8: step:4400, lr:0.00040416713, loss:0.2267589, pMS_max:0.9795225, pMS_min:2.515316e-05, elapsed_time:0:17:25.657309

Epoch:8/8: step:4410, lr:0.00040270085, loss:0.38216186, pMS_max:0.99335825, pMS_min:0.11096686, elapsed_time:0:17:27.998273

Epoch:8/8: step:4420, lr:0.00040124005, loss:0.30669555, pMS_max:0.99094033, pMS_min:2.488494e-05, elapsed_time:0:17:30.355203

Epoch:8/8: step:4430, lr:0.00039978448, loss:0.7639406, pMS_max:0.89678156, pMS_min:0.12431386, elapsed_time:0:17:32.701550

Epoch:8/8: step:4440, lr:0.0003983342, loss:0.35344103, pMS_max:0.9583798, pMS_min:2.0623207e-05, elapsed_time:0:17:35.055940

Epoch:8/8: step:4450, lr:0.0003968892, loss:0.3869009, pMS_max:0.9754344, pMS_min:2.232194e-05, elapsed_time:0:17:37.346964

Epoch:8/8: step:4460, lr:0.00039544937, loss:0.331174, pMS_max:0.9797958, pMS_min:0.05685854, elapsed_time:0:17:39.710365

Epoch:8/8: step:4470, lr:0.00039401482, loss:0.08801845, pMS_max:0.9392979, pMS_min:0.038166165, elapsed_time:0:17:42.007887

Epoch:8/8: step:4480, lr:0.00039258544, loss:0.35780054, pMS_max:0.98308825, pMS_min:2.1010637e-05, elapsed_time:0:17:44.372310

Epoch:8/8: step:4490, lr:0.0003911613, loss:0.65802777, pMS_max:0.82978225, pMS_min:6.559491e-05, elapsed_time:0:17:46.785850

Epoch:8/8: step:4500, lr:0.00038974232, loss:0.065689266, pMS_max:0.9877027, pMS_min:0.09341714, elapsed_time:0:17:49.276887

Epoch:8/8: step:4510, lr:0.00038832848, loss:0.21307111, pMS_max:0.9927747, pMS_min:2.336502e-05, elapsed_time:0:17:51.592032

Epoch:8/8: step:4520, lr:0.0003869197, loss:0.30101222, pMS_max:0.9349153, pMS_min:0.11975202, elapsed_time:0:17:53.900068

Epoch:8/8: step:4530, lr:0.0003855161, loss:0.1865023, pMS_max:0.9970344, pMS_min:0.11350018, elapsed_time:0:17:56.219014

Epoch:8/8: step:4540, lr:0.0003841176, loss:0.18462038, pMS_max:0.9959079, pMS_min:0.10787448, elapsed_time:0:17:58.502915

Epoch:8/8: step:4550, lr:0.00038272413, loss:0.40672123, pMS_max:0.9894388, pMS_min:0.078623235, elapsed_time:0:18:00.775669

Epoch:8/8: step:4560, lr:0.0003813358, loss:0.45540172, pMS_max:0.95311844, pMS_min:0.09263635, elapsed_time:0:18:03.117309

Epoch:8/8: step:4570, lr:0.00037995237, loss:0.20927387, pMS_max:0.9927379, pMS_min:0.080429286, elapsed_time:0:18:05.436992

Epoch:8/8: step:4580, lr:0.00037857404, loss:0.30827188, pMS_max:0.9040561, pMS_min:0.11401513, elapsed_time:0:18:07.728725

Epoch:8/8: step:4590, lr:0.00037720072, loss:0.5842763, pMS_max:0.9909965, pMS_min:0.11797482, elapsed_time:0:18:10.064562

Epoch:8/8: step:4600, lr:0.00037583234, loss:0.2773599, pMS_max:0.97556317, pMS_min:0.15789151, elapsed_time:0:18:12.550149

Epoch:8/8: step:4610, lr:0.00037446897, loss:0.12321071, pMS_max:0.99414253, pMS_min:0.09404564, elapsed_time:0:18:14.908658

Epoch:8/8: step:4620, lr:0.0003731105, loss:0.4192617, pMS_max:0.98970675, pMS_min:0.12576783, elapsed_time:0:18:17.270939

Epoch:8/8: step:4630, lr:0.000371757, loss:0.5293613, pMS_max:0.9468894, pMS_min:0.062575966, elapsed_time:0:18:19.577178

Epoch:8/8: step:4640, lr:0.00037040838, loss:0.21723685, pMS_max:0.9912975, pMS_min:0.073349416, elapsed_time:0:18:21.928138

Epoch:8/8: step:4650, lr:0.00036906466, loss:0.28940386, pMS_max:0.96684825, pMS_min:0.12418303, elapsed_time:0:18:24.273148

Epoch:8/8: step:4660, lr:0.00036772588, loss:0.48233265, pMS_max:0.9479488, pMS_min:5.468726e-05, elapsed_time:0:18:26.547849

Epoch:8/8: step:4670, lr:0.00036639182, loss:0.24571523, pMS_max:0.99023396, pMS_min:1.9341707e-05, elapsed_time:0:18:28.778133

Epoch:8/8: step:4680, lr:0.00036506267, loss:0.6231965, pMS_max:0.9528109, pMS_min:2.2262335e-05, elapsed_time:0:18:31.038260

Epoch:8/8: step:4690, lr:0.00036373833, loss:0.3092052, pMS_max:0.6287818, pMS_min:3.3318996e-05, elapsed_time:0:18:33.397057

Epoch:8/8: step:4700, lr:0.00036241888, loss:0.065137394, pMS_max:0.6028264, pMS_min:0.07550597, elapsed_time:0:18:35.951432

Epoch:8/8: step:4710, lr:0.0003611041, loss:0.20990421, pMS_max:0.98050594, pMS_min:0.14739585, elapsed_time:0:18:38.212086

Epoch:8/8: step:4720, lr:0.00035979418, loss:0.09510208, pMS_max:0.9755614, pMS_min:0.081107706, elapsed_time:0:18:40.447147

Epoch:8/8: step:4730, lr:0.00035848893, loss:0.38281095, pMS_max:0.94538194, pMS_min:0.07129437, elapsed_time:0:18:42.756567

Epoch:8/8: step:4740, lr:0.00035718846, loss:0.18737799, pMS_max:0.9914359, pMS_min:3.5464764e-05, elapsed_time:0:18:45.061517

Epoch:8/8: step:4750, lr:0.00035589273, loss:0.25641805, pMS_max:0.9737849, pMS_min:0.08606991, elapsed_time:0:18:47.401435

Epoch:8/8: step:4760, lr:0.0003546016, loss:0.2697987, pMS_max:0.9912995, pMS_min:0.11228445, elapsed_time:0:18:49.739902

Epoch:8/8: step:4770, lr:0.0003533153, loss:0.38973835, pMS_max:0.9607583, pMS_min:0.13657829, elapsed_time:0:18:52.065502

Epoch:8/8: step:4780, lr:0.00035203353, loss:0.2632854, pMS_max:0.9578322, pMS_min:0.13356876, elapsed_time:0:18:54.356583

Epoch:8/8: step:4790, lr:0.00035075648, loss:0.31370276, pMS_max:0.7751605, pMS_min:0.08114815, elapsed_time:0:18:56.653886

Epoch:8/8: step:4800, lr:0.00034948406, loss:0.49005127, pMS_max:0.99440944, pMS_min:2.0235777e-05, elapsed_time:0:18:59.068333

Epoch:8/8: step:4810, lr:0.0003482162, loss:0.34703022, pMS_max:0.97329545, pMS_min:0.0754509, elapsed_time:0:19:01.400951

Epoch:8/8: step:4820, lr:0.00034695305, loss:0.13931528, pMS_max:0.9803932, pMS_min:2.4288893e-05, elapsed_time:0:19:03.730108

Epoch:8/8: step:4830, lr:0.0003456944, loss:0.31617188, pMS_max:0.9279181, pMS_min:2.3126602e-05, elapsed_time:0:19:06.016271

Epoch:8/8: step:4840, lr:0.00034444037, loss:0.32285225, pMS_max:0.9877963, pMS_min:0.08365649, elapsed_time:0:19:08.273088

Epoch:8/8: step:4850, lr:0.00034319083, loss:0.4243974, pMS_max:0.98480487, pMS_min:0.098106325, elapsed_time:0:19:10.632140

Epoch:8/8: step:4860, lr:0.00034194588, loss:0.25086802, pMS_max:0.97789603, pMS_min:0.07121536, elapsed_time:0:19:13.002111

Epoch:8/8: step:4870, lr:0.00034070542, loss:0.25648177, pMS_max:0.88712704, pMS_min:3.3944845e-05, elapsed_time:0:19:15.287369

Epoch:8/8: step:4880, lr:0.00033946938, loss:0.4052521, pMS_max:0.9789108, pMS_min:0.13549092, elapsed_time:0:19:17.572061

Epoch:8/8: step:4890, lr:0.00033823794, loss:0.1702495, pMS_max:0.99676734, pMS_min:0.10637978, elapsed_time:0:19:19.870847

Epoch:8/8: step:4900, lr:0.00033701095, loss:0.40069866, pMS_max:0.9947597, pMS_min:0.11289689, elapsed_time:0:19:22.466125

Epoch:8/8: step:4910, lr:0.00033578838, loss:0.16431178, pMS_max:0.8652156, pMS_min:0.00012248755, elapsed_time:0:19:24.840210

Epoch:8/8: step:4912, lr:0.0003355444, loss:0.14514136, pMS_max:0.962947, pMS_min:0.08085099, elapsed_time:0:19:25.474284

