WARNING:tensorflow:From /usr/local/lib/python3.8/dist-packages/tensorflow/python/compat/v2_compat.py:111: disable_resource_variables (from tensorflow.python.ops.variable_scope) is deprecated and will be removed in a future version.
Instructions for updating:
non-resource variables are not supported in the long term
file1: test_imgs/pan/1.tif shape: (264, 264)
file2: test_imgs/ms/1.tif shape: (66, 66, 4)
2021-12-03 11:44:41.013349: I tensorflow/core/platform/cpu_feature_guard.cc:151] This TensorFlow binary is optimized with oneAPI Deep Neural Network Library (oneDNN) to use the following CPU instructions in performance-critical operations:  AVX2 FMA
To enable them in other operations, rebuild TensorFlow with the appropriate compiler flags.
2021-12-03 11:44:41.531378: I tensorflow/core/common_runtime/gpu/gpu_device.cc:1525] Created device /job:localhost/replica:0/task:0/device:GPU:0 with 78874 MB memory:  -> device: 0, name: NVIDIA A100 80GB PCIe, pci bus id: 0000:27:00.0, compute capability: 8.0
out shape: (1, 264, 264, 1)
2021-12-03 11:44:43.235018: I tensorflow/stream_executor/cuda/cuda_dnn.cc:366] Loaded cuDNN version 8301
file1: test_imgs/pan/2.tif shape: (264, 264)
file2: test_imgs/ms/2.tif shape: (66, 66, 4)
2021-12-03 11:44:44.473480: I tensorflow/core/common_runtime/gpu/gpu_device.cc:1525] Created device /job:localhost/replica:0/task:0/device:GPU:0 with 78874 MB memory:  -> device: 0, name: NVIDIA A100 80GB PCIe, pci bus id: 0000:27:00.0, compute capability: 8.0
out shape: (1, 264, 264, 1)
file1: test_imgs/pan/3.tif shape: (264, 264)
file2: test_imgs/ms/3.tif shape: (66, 66, 4)
2021-12-03 11:44:44.816851: I tensorflow/core/common_runtime/gpu/gpu_device.cc:1525] Created device /job:localhost/replica:0/task:0/device:GPU:0 with 78874 MB memory:  -> device: 0, name: NVIDIA A100 80GB PCIe, pci bus id: 0000:27:00.0, compute capability: 8.0
out shape: (1, 264, 264, 1)
file1: test_imgs/pan/4.tif shape: (264, 264)
file2: test_imgs/ms/4.tif shape: (66, 66, 4)
2021-12-03 11:44:45.082209: I tensorflow/core/common_runtime/gpu/gpu_device.cc:1525] Created device /job:localhost/replica:0/task:0/device:GPU:0 with 78874 MB memory:  -> device: 0, name: NVIDIA A100 80GB PCIe, pci bus id: 0000:27:00.0, compute capability: 8.0
out shape: (1, 264, 264, 1)
file1: test_imgs/pan/5.tif shape: (264, 264)
file2: test_imgs/ms/5.tif shape: (66, 66, 4)
2021-12-03 11:44:45.332231: I tensorflow/core/common_runtime/gpu/gpu_device.cc:1525] Created device /job:localhost/replica:0/task:0/device:GPU:0 with 78874 MB memory:  -> device: 0, name: NVIDIA A100 80GB PCIe, pci bus id: 0000:27:00.0, compute capability: 8.0
out shape: (1, 264, 264, 1)
file1: test_imgs/pan/6.tif shape: (264, 264)
file2: test_imgs/ms/6.tif shape: (66, 66, 4)
2021-12-03 11:44:45.579456: I tensorflow/core/common_runtime/gpu/gpu_device.cc:1525] Created device /job:localhost/replica:0/task:0/device:GPU:0 with 78874 MB memory:  -> device: 0, name: NVIDIA A100 80GB PCIe, pci bus id: 0000:27:00.0, compute capability: 8.0
out shape: (1, 264, 264, 1)
file1: test_imgs/pan/7.tif shape: (264, 264)
file2: test_imgs/ms/7.tif shape: (66, 66, 4)
2021-12-03 11:44:45.828952: I tensorflow/core/common_runtime/gpu/gpu_device.cc:1525] Created device /job:localhost/replica:0/task:0/device:GPU:0 with 78874 MB memory:  -> device: 0, name: NVIDIA A100 80GB PCIe, pci bus id: 0000:27:00.0, compute capability: 8.0
out shape: (1, 264, 264, 1)
file1: test_imgs/pan/8.tif shape: (264, 264)
file2: test_imgs/ms/8.tif shape: (66, 66, 4)
2021-12-03 11:44:46.079437: I tensorflow/core/common_runtime/gpu/gpu_device.cc:1525] Created device /job:localhost/replica:0/task:0/device:GPU:0 with 78874 MB memory:  -> device: 0, name: NVIDIA A100 80GB PCIe, pci bus id: 0000:27:00.0, compute capability: 8.0
out shape: (1, 264, 264, 1)
file1: test_imgs/pan/9.tif shape: (264, 264)
file2: test_imgs/ms/9.tif shape: (66, 66, 4)
2021-12-03 11:44:46.319709: I tensorflow/core/common_runtime/gpu/gpu_device.cc:1525] Created device /job:localhost/replica:0/task:0/device:GPU:0 with 78874 MB memory:  -> device: 0, name: NVIDIA A100 80GB PCIe, pci bus id: 0000:27:00.0, compute capability: 8.0
out shape: (1, 264, 264, 1)
file1: test_imgs/pan/10.tif shape: (264, 264)
file2: test_imgs/ms/10.tif shape: (66, 66, 4)
2021-12-03 11:44:46.599693: I tensorflow/core/common_runtime/gpu/gpu_device.cc:1525] Created device /job:localhost/replica:0/task:0/device:GPU:0 with 78874 MB memory:  -> device: 0, name: NVIDIA A100 80GB PCIe, pci bus id: 0000:27:00.0, compute capability: 8.0
out shape: (1, 264, 264, 1)
file1: test_imgs/pan/11.tif shape: (264, 264)
file2: test_imgs/ms/11.tif shape: (66, 66, 4)
2021-12-03 11:44:46.865042: I tensorflow/core/common_runtime/gpu/gpu_device.cc:1525] Created device /job:localhost/replica:0/task:0/device:GPU:0 with 78874 MB memory:  -> device: 0, name: NVIDIA A100 80GB PCIe, pci bus id: 0000:27:00.0, compute capability: 8.0
out shape: (1, 264, 264, 1)
file1: test_imgs/pan/12.tif shape: (264, 264)
file2: test_imgs/ms/12.tif shape: (66, 66, 4)
2021-12-03 11:44:47.134626: I tensorflow/core/common_runtime/gpu/gpu_device.cc:1525] Created device /job:localhost/replica:0/task:0/device:GPU:0 with 78874 MB memory:  -> device: 0, name: NVIDIA A100 80GB PCIe, pci bus id: 0000:27:00.0, compute capability: 8.0
out shape: (1, 264, 264, 1)
file1: test_imgs/pan/13.tif shape: (264, 264)
file2: test_imgs/ms/13.tif shape: (66, 66, 4)
2021-12-03 11:44:47.406098: I tensorflow/core/common_runtime/gpu/gpu_device.cc:1525] Created device /job:localhost/replica:0/task:0/device:GPU:0 with 78874 MB memory:  -> device: 0, name: NVIDIA A100 80GB PCIe, pci bus id: 0000:27:00.0, compute capability: 8.0
out shape: (1, 264, 264, 1)
file1: test_imgs/pan/14.tif shape: (264, 264)
file2: test_imgs/ms/14.tif shape: (66, 66, 4)
2021-12-03 11:44:47.676566: I tensorflow/core/common_runtime/gpu/gpu_device.cc:1525] Created device /job:localhost/replica:0/task:0/device:GPU:0 with 78874 MB memory:  -> device: 0, name: NVIDIA A100 80GB PCIe, pci bus id: 0000:27:00.0, compute capability: 8.0
out shape: (1, 264, 264, 1)
file1: test_imgs/pan/15.tif shape: (264, 264)
file2: test_imgs/ms/15.tif shape: (66, 66, 4)
2021-12-03 11:44:48.011569: I tensorflow/core/common_runtime/gpu/gpu_device.cc:1525] Created device /job:localhost/replica:0/task:0/device:GPU:0 with 78874 MB memory:  -> device: 0, name: NVIDIA A100 80GB PCIe, pci bus id: 0000:27:00.0, compute capability: 8.0
out shape: (1, 264, 264, 1)
file1: test_imgs/pan/16.tif shape: (264, 264)
file2: test_imgs/ms/16.tif shape: (66, 66, 4)
2021-12-03 11:44:48.346179: I tensorflow/core/common_runtime/gpu/gpu_device.cc:1525] Created device /job:localhost/replica:0/task:0/device:GPU:0 with 78874 MB memory:  -> device: 0, name: NVIDIA A100 80GB PCIe, pci bus id: 0000:27:00.0, compute capability: 8.0
out shape: (1, 264, 264, 1)
file1: test_imgs/pan/17.tif shape: (264, 264)
file2: test_imgs/ms/17.tif shape: (66, 66, 4)
2021-12-03 11:44:48.612676: I tensorflow/core/common_runtime/gpu/gpu_device.cc:1525] Created device /job:localhost/replica:0/task:0/device:GPU:0 with 78874 MB memory:  -> device: 0, name: NVIDIA A100 80GB PCIe, pci bus id: 0000:27:00.0, compute capability: 8.0
out shape: (1, 264, 264, 1)
file1: test_imgs/pan/18.tif shape: (264, 264)
file2: test_imgs/ms/18.tif shape: (66, 66, 4)
2021-12-03 11:44:48.879827: I tensorflow/core/common_runtime/gpu/gpu_device.cc:1525] Created device /job:localhost/replica:0/task:0/device:GPU:0 with 78874 MB memory:  -> device: 0, name: NVIDIA A100 80GB PCIe, pci bus id: 0000:27:00.0, compute capability: 8.0
out shape: (1, 264, 264, 1)
file1: test_imgs/pan/19.tif shape: (264, 264)
file2: test_imgs/ms/19.tif shape: (66, 66, 4)
2021-12-03 11:44:49.141589: I tensorflow/core/common_runtime/gpu/gpu_device.cc:1525] Created device /job:localhost/replica:0/task:0/device:GPU:0 with 78874 MB memory:  -> device: 0, name: NVIDIA A100 80GB PCIe, pci bus id: 0000:27:00.0, compute capability: 8.0
out shape: (1, 264, 264, 1)
file1: test_imgs/pan/20.tif shape: (264, 264)
file2: test_imgs/ms/20.tif shape: (66, 66, 4)
2021-12-03 11:44:49.392205: I tensorflow/core/common_runtime/gpu/gpu_device.cc:1525] Created device /job:localhost/replica:0/task:0/device:GPU:0 with 78874 MB memory:  -> device: 0, name: NVIDIA A100 80GB PCIe, pci bus id: 0000:27:00.0, compute capability: 8.0
out shape: (1, 264, 264, 1)
file1: test_imgs/pan/21.tif shape: (264, 264)
file2: test_imgs/ms/21.tif shape: (66, 66, 4)
2021-12-03 11:44:49.651608: I tensorflow/core/common_runtime/gpu/gpu_device.cc:1525] Created device /job:localhost/replica:0/task:0/device:GPU:0 with 78874 MB memory:  -> device: 0, name: NVIDIA A100 80GB PCIe, pci bus id: 0000:27:00.0, compute capability: 8.0
out shape: (1, 264, 264, 1)
file1: test_imgs/pan/22.tif shape: (264, 264)
file2: test_imgs/ms/22.tif shape: (66, 66, 4)
2021-12-03 11:44:49.896616: I tensorflow/core/common_runtime/gpu/gpu_device.cc:1525] Created device /job:localhost/replica:0/task:0/device:GPU:0 with 78874 MB memory:  -> device: 0, name: NVIDIA A100 80GB PCIe, pci bus id: 0000:27:00.0, compute capability: 8.0
out shape: (1, 264, 264, 1)
file1: test_imgs/pan/23.tif shape: (264, 264)
file2: test_imgs/ms/23.tif shape: (66, 66, 4)
2021-12-03 11:44:50.158456: I tensorflow/core/common_runtime/gpu/gpu_device.cc:1525] Created device /job:localhost/replica:0/task:0/device:GPU:0 with 78874 MB memory:  -> device: 0, name: NVIDIA A100 80GB PCIe, pci bus id: 0000:27:00.0, compute capability: 8.0
out shape: (1, 264, 264, 1)
file1: test_imgs/pan/24.tif shape: (264, 264)
file2: test_imgs/ms/24.tif shape: (66, 66, 4)
2021-12-03 11:44:50.419255: I tensorflow/core/common_runtime/gpu/gpu_device.cc:1525] Created device /job:localhost/replica:0/task:0/device:GPU:0 with 78874 MB memory:  -> device: 0, name: NVIDIA A100 80GB PCIe, pci bus id: 0000:27:00.0, compute capability: 8.0
out shape: (1, 264, 264, 1)
file1: test_imgs/pan/25.tif shape: (264, 264)
file2: test_imgs/ms/25.tif shape: (66, 66, 4)
2021-12-03 11:44:50.679158: I tensorflow/core/common_runtime/gpu/gpu_device.cc:1525] Created device /job:localhost/replica:0/task:0/device:GPU:0 with 78874 MB memory:  -> device: 0, name: NVIDIA A100 80GB PCIe, pci bus id: 0000:27:00.0, compute capability: 8.0
out shape: (1, 264, 264, 1)
file1: test_imgs/pan/26.tif shape: (264, 264)
file2: test_imgs/ms/26.tif shape: (66, 66, 4)
2021-12-03 11:44:51.224364: I tensorflow/core/common_runtime/gpu/gpu_device.cc:1525] Created device /job:localhost/replica:0/task:0/device:GPU:0 with 78874 MB memory:  -> device: 0, name: NVIDIA A100 80GB PCIe, pci bus id: 0000:27:00.0, compute capability: 8.0
out shape: (1, 264, 264, 1)
file1: test_imgs/pan/27.tif shape: (264, 264)
file2: test_imgs/ms/27.tif shape: (66, 66, 4)
2021-12-03 11:44:51.489816: I tensorflow/core/common_runtime/gpu/gpu_device.cc:1525] Created device /job:localhost/replica:0/task:0/device:GPU:0 with 78874 MB memory:  -> device: 0, name: NVIDIA A100 80GB PCIe, pci bus id: 0000:27:00.0, compute capability: 8.0
out shape: (1, 264, 264, 1)
file1: test_imgs/pan/28.tif shape: (264, 264)
file2: test_imgs/ms/28.tif shape: (66, 66, 4)
2021-12-03 11:44:51.745734: I tensorflow/core/common_runtime/gpu/gpu_device.cc:1525] Created device /job:localhost/replica:0/task:0/device:GPU:0 with 78874 MB memory:  -> device: 0, name: NVIDIA A100 80GB PCIe, pci bus id: 0000:27:00.0, compute capability: 8.0
out shape: (1, 264, 264, 1)
file1: test_imgs/pan/29.tif shape: (264, 264)
file2: test_imgs/ms/29.tif shape: (66, 66, 4)
2021-12-03 11:44:51.995952: I tensorflow/core/common_runtime/gpu/gpu_device.cc:1525] Created device /job:localhost/replica:0/task:0/device:GPU:0 with 78874 MB memory:  -> device: 0, name: NVIDIA A100 80GB PCIe, pci bus id: 0000:27:00.0, compute capability: 8.0
out shape: (1, 264, 264, 1)
file1: test_imgs/pan/30.tif shape: (264, 264)
file2: test_imgs/ms/30.tif shape: (66, 66, 4)
2021-12-03 11:44:52.250435: I tensorflow/core/common_runtime/gpu/gpu_device.cc:1525] Created device /job:localhost/replica:0/task:0/device:GPU:0 with 78874 MB memory:  -> device: 0, name: NVIDIA A100 80GB PCIe, pci bus id: 0000:27:00.0, compute capability: 8.0
out shape: (1, 264, 264, 1)
file1: test_imgs/pan/31.tif shape: (264, 264)
file2: test_imgs/ms/31.tif shape: (66, 66, 4)
2021-12-03 11:44:52.508233: I tensorflow/core/common_runtime/gpu/gpu_device.cc:1525] Created device /job:localhost/replica:0/task:0/device:GPU:0 with 78874 MB memory:  -> device: 0, name: NVIDIA A100 80GB PCIe, pci bus id: 0000:27:00.0, compute capability: 8.0
out shape: (1, 264, 264, 1)
file1: test_imgs/pan/32.tif shape: (264, 264)
file2: test_imgs/ms/32.tif shape: (66, 66, 4)
2021-12-03 11:44:52.762912: I tensorflow/core/common_runtime/gpu/gpu_device.cc:1525] Created device /job:localhost/replica:0/task:0/device:GPU:0 with 78874 MB memory:  -> device: 0, name: NVIDIA A100 80GB PCIe, pci bus id: 0000:27:00.0, compute capability: 8.0
out shape: (1, 264, 264, 1)
file1: test_imgs/pan/33.tif shape: (264, 264)
file2: test_imgs/ms/33.tif shape: (66, 66, 4)
2021-12-03 11:44:53.016674: I tensorflow/core/common_runtime/gpu/gpu_device.cc:1525] Created device /job:localhost/replica:0/task:0/device:GPU:0 with 78874 MB memory:  -> device: 0, name: NVIDIA A100 80GB PCIe, pci bus id: 0000:27:00.0, compute capability: 8.0
out shape: (1, 264, 264, 1)
file1: test_imgs/pan/34.tif shape: (264, 264)
file2: test_imgs/ms/34.tif shape: (66, 66, 4)
2021-12-03 11:44:53.277926: I tensorflow/core/common_runtime/gpu/gpu_device.cc:1525] Created device /job:localhost/replica:0/task:0/device:GPU:0 with 78874 MB memory:  -> device: 0, name: NVIDIA A100 80GB PCIe, pci bus id: 0000:27:00.0, compute capability: 8.0
out shape: (1, 264, 264, 1)
file1: test_imgs/pan/35.tif shape: (264, 264)
file2: test_imgs/ms/35.tif shape: (66, 66, 4)
2021-12-03 11:44:53.541683: I tensorflow/core/common_runtime/gpu/gpu_device.cc:1525] Created device /job:localhost/replica:0/task:0/device:GPU:0 with 78874 MB memory:  -> device: 0, name: NVIDIA A100 80GB PCIe, pci bus id: 0000:27:00.0, compute capability: 8.0
out shape: (1, 264, 264, 1)
file1: test_imgs/pan/36.tif shape: (264, 264)
file2: test_imgs/ms/36.tif shape: (66, 66, 4)
2021-12-03 11:44:53.806662: I tensorflow/core/common_runtime/gpu/gpu_device.cc:1525] Created device /job:localhost/replica:0/task:0/device:GPU:0 with 78874 MB memory:  -> device: 0, name: NVIDIA A100 80GB PCIe, pci bus id: 0000:27:00.0, compute capability: 8.0
out shape: (1, 264, 264, 1)
file1: test_imgs/pan/37.tif shape: (264, 264)
file2: test_imgs/ms/37.tif shape: (66, 66, 4)
2021-12-03 11:44:54.066887: I tensorflow/core/common_runtime/gpu/gpu_device.cc:1525] Created device /job:localhost/replica:0/task:0/device:GPU:0 with 78874 MB memory:  -> device: 0, name: NVIDIA A100 80GB PCIe, pci bus id: 0000:27:00.0, compute capability: 8.0
out shape: (1, 264, 264, 1)
file1: test_imgs/pan/38.tif shape: (264, 264)
file2: test_imgs/ms/38.tif shape: (66, 66, 4)
2021-12-03 11:44:54.356616: I tensorflow/core/common_runtime/gpu/gpu_device.cc:1525] Created device /job:localhost/replica:0/task:0/device:GPU:0 with 78874 MB memory:  -> device: 0, name: NVIDIA A100 80GB PCIe, pci bus id: 0000:27:00.0, compute capability: 8.0
out shape: (1, 264, 264, 1)
file1: test_imgs/pan/39.tif shape: (264, 264)
file2: test_imgs/ms/39.tif shape: (66, 66, 4)
2021-12-03 11:44:54.624615: I tensorflow/core/common_runtime/gpu/gpu_device.cc:1525] Created device /job:localhost/replica:0/task:0/device:GPU:0 with 78874 MB memory:  -> device: 0, name: NVIDIA A100 80GB PCIe, pci bus id: 0000:27:00.0, compute capability: 8.0
out shape: (1, 264, 264, 1)
file1: test_imgs/pan/40.tif shape: (264, 264)
file2: test_imgs/ms/40.tif shape: (66, 66, 4)
2021-12-03 11:44:54.895739: I tensorflow/core/common_runtime/gpu/gpu_device.cc:1525] Created device /job:localhost/replica:0/task:0/device:GPU:0 with 78874 MB memory:  -> device: 0, name: NVIDIA A100 80GB PCIe, pci bus id: 0000:27:00.0, compute capability: 8.0
out shape: (1, 264, 264, 1)
file1: test_imgs/pan/41.tif shape: (264, 264)
file2: test_imgs/ms/41.tif shape: (66, 66, 4)
2021-12-03 11:44:55.296493: I tensorflow/core/common_runtime/gpu/gpu_device.cc:1525] Created device /job:localhost/replica:0/task:0/device:GPU:0 with 78874 MB memory:  -> device: 0, name: NVIDIA A100 80GB PCIe, pci bus id: 0000:27:00.0, compute capability: 8.0
out shape: (1, 264, 264, 1)
file1: test_imgs/pan/42.tif shape: (264, 264)
file2: test_imgs/ms/42.tif shape: (66, 66, 4)
2021-12-03 11:44:55.599117: I tensorflow/core/common_runtime/gpu/gpu_device.cc:1525] Created device /job:localhost/replica:0/task:0/device:GPU:0 with 78874 MB memory:  -> device: 0, name: NVIDIA A100 80GB PCIe, pci bus id: 0000:27:00.0, compute capability: 8.0
out shape: (1, 264, 264, 1)
file1: test_imgs/pan/43.tif shape: (264, 264)
file2: test_imgs/ms/43.tif shape: (66, 66, 4)
2021-12-03 11:44:55.884777: I tensorflow/core/common_runtime/gpu/gpu_device.cc:1525] Created device /job:localhost/replica:0/task:0/device:GPU:0 with 78874 MB memory:  -> device: 0, name: NVIDIA A100 80GB PCIe, pci bus id: 0000:27:00.0, compute capability: 8.0
out shape: (1, 264, 264, 1)
file1: test_imgs/pan/44.tif shape: (264, 264)
file2: test_imgs/ms/44.tif shape: (66, 66, 4)
2021-12-03 11:44:56.144145: I tensorflow/core/common_runtime/gpu/gpu_device.cc:1525] Created device /job:localhost/replica:0/task:0/device:GPU:0 with 78874 MB memory:  -> device: 0, name: NVIDIA A100 80GB PCIe, pci bus id: 0000:27:00.0, compute capability: 8.0
out shape: (1, 264, 264, 1)
file1: test_imgs/pan/45.tif shape: (264, 264)
file2: test_imgs/ms/45.tif shape: (66, 66, 4)
2021-12-03 11:44:56.407961: I tensorflow/core/common_runtime/gpu/gpu_device.cc:1525] Created device /job:localhost/replica:0/task:0/device:GPU:0 with 78874 MB memory:  -> device: 0, name: NVIDIA A100 80GB PCIe, pci bus id: 0000:27:00.0, compute capability: 8.0
out shape: (1, 264, 264, 1)
file1: test_imgs/pan/46.tif shape: (264, 264)
file2: test_imgs/ms/46.tif shape: (66, 66, 4)
2021-12-03 11:44:56.676128: I tensorflow/core/common_runtime/gpu/gpu_device.cc:1525] Created device /job:localhost/replica:0/task:0/device:GPU:0 with 78874 MB memory:  -> device: 0, name: NVIDIA A100 80GB PCIe, pci bus id: 0000:27:00.0, compute capability: 8.0
out shape: (1, 264, 264, 1)
file1: test_imgs/pan/47.tif shape: (264, 264)
file2: test_imgs/ms/47.tif shape: (66, 66, 4)
2021-12-03 11:44:56.948178: I tensorflow/core/common_runtime/gpu/gpu_device.cc:1525] Created device /job:localhost/replica:0/task:0/device:GPU:0 with 78874 MB memory:  -> device: 0, name: NVIDIA A100 80GB PCIe, pci bus id: 0000:27:00.0, compute capability: 8.0
out shape: (1, 264, 264, 1)
file1: test_imgs/pan/48.tif shape: (264, 264)
file2: test_imgs/ms/48.tif shape: (66, 66, 4)
2021-12-03 11:44:57.213748: I tensorflow/core/common_runtime/gpu/gpu_device.cc:1525] Created device /job:localhost/replica:0/task:0/device:GPU:0 with 78874 MB memory:  -> device: 0, name: NVIDIA A100 80GB PCIe, pci bus id: 0000:27:00.0, compute capability: 8.0
out shape: (1, 264, 264, 1)
file1: test_imgs/pan/49.tif shape: (264, 264)
file2: test_imgs/ms/49.tif shape: (66, 66, 4)
2021-12-03 11:44:57.484014: I tensorflow/core/common_runtime/gpu/gpu_device.cc:1525] Created device /job:localhost/replica:0/task:0/device:GPU:0 with 78874 MB memory:  -> device: 0, name: NVIDIA A100 80GB PCIe, pci bus id: 0000:27:00.0, compute capability: 8.0
out shape: (1, 264, 264, 1)
file1: test_imgs/pan/50.tif shape: (264, 264)
file2: test_imgs/ms/50.tif shape: (66, 66, 4)
2021-12-03 11:44:57.745630: I tensorflow/core/common_runtime/gpu/gpu_device.cc:1525] Created device /job:localhost/replica:0/task:0/device:GPU:0 with 78874 MB memory:  -> device: 0, name: NVIDIA A100 80GB PCIe, pci bus id: 0000:27:00.0, compute capability: 8.0
out shape: (1, 264, 264, 1)
file1: test_imgs/pan/51.tif shape: (264, 264)
file2: test_imgs/ms/51.tif shape: (66, 66, 4)
2021-12-03 11:44:58.011658: I tensorflow/core/common_runtime/gpu/gpu_device.cc:1525] Created device /job:localhost/replica:0/task:0/device:GPU:0 with 78874 MB memory:  -> device: 0, name: NVIDIA A100 80GB PCIe, pci bus id: 0000:27:00.0, compute capability: 8.0
out shape: (1, 264, 264, 1)
file1: test_imgs/pan/52.tif shape: (264, 264)
file2: test_imgs/ms/52.tif shape: (66, 66, 4)
2021-12-03 11:44:58.449576: I tensorflow/core/common_runtime/gpu/gpu_device.cc:1525] Created device /job:localhost/replica:0/task:0/device:GPU:0 with 78874 MB memory:  -> device: 0, name: NVIDIA A100 80GB PCIe, pci bus id: 0000:27:00.0, compute capability: 8.0
out shape: (1, 264, 264, 1)
file1: test_imgs/pan/53.tif shape: (264, 264)
file2: test_imgs/ms/53.tif shape: (66, 66, 4)
2021-12-03 11:44:58.713473: I tensorflow/core/common_runtime/gpu/gpu_device.cc:1525] Created device /job:localhost/replica:0/task:0/device:GPU:0 with 78874 MB memory:  -> device: 0, name: NVIDIA A100 80GB PCIe, pci bus id: 0000:27:00.0, compute capability: 8.0
out shape: (1, 264, 264, 1)
file1: test_imgs/pan/54.tif shape: (264, 264)
file2: test_imgs/ms/54.tif shape: (66, 66, 4)
2021-12-03 11:44:58.979338: I tensorflow/core/common_runtime/gpu/gpu_device.cc:1525] Created device /job:localhost/replica:0/task:0/device:GPU:0 with 78874 MB memory:  -> device: 0, name: NVIDIA A100 80GB PCIe, pci bus id: 0000:27:00.0, compute capability: 8.0
out shape: (1, 264, 264, 1)
file1: test_imgs/pan/55.tif shape: (264, 264)
file2: test_imgs/ms/55.tif shape: (66, 66, 4)
2021-12-03 11:44:59.241031: I tensorflow/core/common_runtime/gpu/gpu_device.cc:1525] Created device /job:localhost/replica:0/task:0/device:GPU:0 with 78874 MB memory:  -> device: 0, name: NVIDIA A100 80GB PCIe, pci bus id: 0000:27:00.0, compute capability: 8.0
out shape: (1, 264, 264, 1)
file1: test_imgs/pan/56.tif shape: (264, 264)
file2: test_imgs/ms/56.tif shape: (66, 66, 4)
2021-12-03 11:44:59.506012: I tensorflow/core/common_runtime/gpu/gpu_device.cc:1525] Created device /job:localhost/replica:0/task:0/device:GPU:0 with 78874 MB memory:  -> device: 0, name: NVIDIA A100 80GB PCIe, pci bus id: 0000:27:00.0, compute capability: 8.0
out shape: (1, 264, 264, 1)
file1: test_imgs/pan/57.tif shape: (264, 264)
file2: test_imgs/ms/57.tif shape: (66, 66, 4)
2021-12-03 11:44:59.768520: I tensorflow/core/common_runtime/gpu/gpu_device.cc:1525] Created device /job:localhost/replica:0/task:0/device:GPU:0 with 78874 MB memory:  -> device: 0, name: NVIDIA A100 80GB PCIe, pci bus id: 0000:27:00.0, compute capability: 8.0
out shape: (1, 264, 264, 1)
file1: test_imgs/pan/58.tif shape: (264, 264)
file2: test_imgs/ms/58.tif shape: (66, 66, 4)
2021-12-03 11:45:00.032027: I tensorflow/core/common_runtime/gpu/gpu_device.cc:1525] Created device /job:localhost/replica:0/task:0/device:GPU:0 with 78874 MB memory:  -> device: 0, name: NVIDIA A100 80GB PCIe, pci bus id: 0000:27:00.0, compute capability: 8.0
out shape: (1, 264, 264, 1)
file1: test_imgs/pan/59.tif shape: (264, 264)
file2: test_imgs/ms/59.tif shape: (66, 66, 4)
2021-12-03 11:45:00.299957: I tensorflow/core/common_runtime/gpu/gpu_device.cc:1525] Created device /job:localhost/replica:0/task:0/device:GPU:0 with 78874 MB memory:  -> device: 0, name: NVIDIA A100 80GB PCIe, pci bus id: 0000:27:00.0, compute capability: 8.0
out shape: (1, 264, 264, 1)
file1: test_imgs/pan/60.tif shape: (264, 264)
file2: test_imgs/ms/60.tif shape: (66, 66, 4)
2021-12-03 11:45:00.557807: I tensorflow/core/common_runtime/gpu/gpu_device.cc:1525] Created device /job:localhost/replica:0/task:0/device:GPU:0 with 78874 MB memory:  -> device: 0, name: NVIDIA A100 80GB PCIe, pci bus id: 0000:27:00.0, compute capability: 8.0
out shape: (1, 264, 264, 1)
file1: test_imgs/pan/61.tif shape: (264, 264)
file2: test_imgs/ms/61.tif shape: (66, 66, 4)
2021-12-03 11:45:00.822935: I tensorflow/core/common_runtime/gpu/gpu_device.cc:1525] Created device /job:localhost/replica:0/task:0/device:GPU:0 with 78874 MB memory:  -> device: 0, name: NVIDIA A100 80GB PCIe, pci bus id: 0000:27:00.0, compute capability: 8.0
out shape: (1, 264, 264, 1)
file1: test_imgs/pan/62.tif shape: (264, 264)
file2: test_imgs/ms/62.tif shape: (66, 66, 4)
2021-12-03 11:45:01.090746: I tensorflow/core/common_runtime/gpu/gpu_device.cc:1525] Created device /job:localhost/replica:0/task:0/device:GPU:0 with 78874 MB memory:  -> device: 0, name: NVIDIA A100 80GB PCIe, pci bus id: 0000:27:00.0, compute capability: 8.0
out shape: (1, 264, 264, 1)
file1: test_imgs/pan/63.tif shape: (264, 264)
file2: test_imgs/ms/63.tif shape: (66, 66, 4)
2021-12-03 11:45:01.351656: I tensorflow/core/common_runtime/gpu/gpu_device.cc:1525] Created device /job:localhost/replica:0/task:0/device:GPU:0 with 78874 MB memory:  -> device: 0, name: NVIDIA A100 80GB PCIe, pci bus id: 0000:27:00.0, compute capability: 8.0
out shape: (1, 264, 264, 1)
file1: test_imgs/pan/64.tif shape: (264, 264)
file2: test_imgs/ms/64.tif shape: (66, 66, 4)
2021-12-03 11:45:01.605866: I tensorflow/core/common_runtime/gpu/gpu_device.cc:1525] Created device /job:localhost/replica:0/task:0/device:GPU:0 with 78874 MB memory:  -> device: 0, name: NVIDIA A100 80GB PCIe, pci bus id: 0000:27:00.0, compute capability: 8.0
out shape: (1, 264, 264, 1)
file1: test_imgs/pan/65.tif shape: (264, 264)
file2: test_imgs/ms/65.tif shape: (66, 66, 4)
2021-12-03 11:45:01.868914: I tensorflow/core/common_runtime/gpu/gpu_device.cc:1525] Created device /job:localhost/replica:0/task:0/device:GPU:0 with 78874 MB memory:  -> device: 0, name: NVIDIA A100 80GB PCIe, pci bus id: 0000:27:00.0, compute capability: 8.0
out shape: (1, 264, 264, 1)
file1: test_imgs/pan/66.tif shape: (264, 264)
file2: test_imgs/ms/66.tif shape: (66, 66, 4)
2021-12-03 11:45:02.128825: I tensorflow/core/common_runtime/gpu/gpu_device.cc:1525] Created device /job:localhost/replica:0/task:0/device:GPU:0 with 78874 MB memory:  -> device: 0, name: NVIDIA A100 80GB PCIe, pci bus id: 0000:27:00.0, compute capability: 8.0
out shape: (1, 264, 264, 1)
file1: test_imgs/pan/67.tif shape: (264, 264)
file2: test_imgs/ms/67.tif shape: (66, 66, 4)
2021-12-03 11:45:02.392974: I tensorflow/core/common_runtime/gpu/gpu_device.cc:1525] Created device /job:localhost/replica:0/task:0/device:GPU:0 with 78874 MB memory:  -> device: 0, name: NVIDIA A100 80GB PCIe, pci bus id: 0000:27:00.0, compute capability: 8.0
out shape: (1, 264, 264, 1)
file1: test_imgs/pan/68.tif shape: (264, 264)
file2: test_imgs/ms/68.tif shape: (66, 66, 4)
2021-12-03 11:45:02.652069: I tensorflow/core/common_runtime/gpu/gpu_device.cc:1525] Created device /job:localhost/replica:0/task:0/device:GPU:0 with 78874 MB memory:  -> device: 0, name: NVIDIA A100 80GB PCIe, pci bus id: 0000:27:00.0, compute capability: 8.0
out shape: (1, 264, 264, 1)
file1: test_imgs/pan/69.tif shape: (264, 264)
file2: test_imgs/ms/69.tif shape: (66, 66, 4)
2021-12-03 11:45:02.914273: I tensorflow/core/common_runtime/gpu/gpu_device.cc:1525] Created device /job:localhost/replica:0/task:0/device:GPU:0 with 78874 MB memory:  -> device: 0, name: NVIDIA A100 80GB PCIe, pci bus id: 0000:27:00.0, compute capability: 8.0
out shape: (1, 264, 264, 1)
file1: test_imgs/pan/70.tif shape: (264, 264)
file2: test_imgs/ms/70.tif shape: (66, 66, 4)
2021-12-03 11:45:03.173252: I tensorflow/core/common_runtime/gpu/gpu_device.cc:1525] Created device /job:localhost/replica:0/task:0/device:GPU:0 with 78874 MB memory:  -> device: 0, name: NVIDIA A100 80GB PCIe, pci bus id: 0000:27:00.0, compute capability: 8.0
out shape: (1, 264, 264, 1)
file1: test_imgs/pan/71.tif shape: (264, 264)
file2: test_imgs/ms/71.tif shape: (66, 66, 4)
2021-12-03 11:45:03.431469: I tensorflow/core/common_runtime/gpu/gpu_device.cc:1525] Created device /job:localhost/replica:0/task:0/device:GPU:0 with 78874 MB memory:  -> device: 0, name: NVIDIA A100 80GB PCIe, pci bus id: 0000:27:00.0, compute capability: 8.0
out shape: (1, 264, 264, 1)
file1: test_imgs/pan/72.tif shape: (264, 264)
file2: test_imgs/ms/72.tif shape: (66, 66, 4)
2021-12-03 11:45:03.692937: I tensorflow/core/common_runtime/gpu/gpu_device.cc:1525] Created device /job:localhost/replica:0/task:0/device:GPU:0 with 78874 MB memory:  -> device: 0, name: NVIDIA A100 80GB PCIe, pci bus id: 0000:27:00.0, compute capability: 8.0
out shape: (1, 264, 264, 1)
file1: test_imgs/pan/73.tif shape: (264, 264)
file2: test_imgs/ms/73.tif shape: (66, 66, 4)
2021-12-03 11:45:03.951870: I tensorflow/core/common_runtime/gpu/gpu_device.cc:1525] Created device /job:localhost/replica:0/task:0/device:GPU:0 with 78874 MB memory:  -> device: 0, name: NVIDIA A100 80GB PCIe, pci bus id: 0000:27:00.0, compute capability: 8.0
out shape: (1, 264, 264, 1)
file1: test_imgs/pan/74.tif shape: (264, 264)
file2: test_imgs/ms/74.tif shape: (66, 66, 4)
2021-12-03 11:45:04.211135: I tensorflow/core/common_runtime/gpu/gpu_device.cc:1525] Created device /job:localhost/replica:0/task:0/device:GPU:0 with 78874 MB memory:  -> device: 0, name: NVIDIA A100 80GB PCIe, pci bus id: 0000:27:00.0, compute capability: 8.0
out shape: (1, 264, 264, 1)
file1: test_imgs/pan/75.tif shape: (264, 264)
file2: test_imgs/ms/75.tif shape: (66, 66, 4)
2021-12-03 11:45:04.474266: I tensorflow/core/common_runtime/gpu/gpu_device.cc:1525] Created device /job:localhost/replica:0/task:0/device:GPU:0 with 78874 MB memory:  -> device: 0, name: NVIDIA A100 80GB PCIe, pci bus id: 0000:27:00.0, compute capability: 8.0
out shape: (1, 264, 264, 1)
file1: test_imgs/pan/76.tif shape: (264, 264)
file2: test_imgs/ms/76.tif shape: (66, 66, 4)
2021-12-03 11:45:04.736032: I tensorflow/core/common_runtime/gpu/gpu_device.cc:1525] Created device /job:localhost/replica:0/task:0/device:GPU:0 with 78874 MB memory:  -> device: 0, name: NVIDIA A100 80GB PCIe, pci bus id: 0000:27:00.0, compute capability: 8.0
out shape: (1, 264, 264, 1)
file1: test_imgs/pan/77.tif shape: (264, 264)
file2: test_imgs/ms/77.tif shape: (66, 66, 4)
2021-12-03 11:45:05.128071: I tensorflow/core/common_runtime/gpu/gpu_device.cc:1525] Created device /job:localhost/replica:0/task:0/device:GPU:0 with 78874 MB memory:  -> device: 0, name: NVIDIA A100 80GB PCIe, pci bus id: 0000:27:00.0, compute capability: 8.0
out shape: (1, 264, 264, 1)
file1: test_imgs/pan/78.tif shape: (264, 264)
file2: test_imgs/ms/78.tif shape: (66, 66, 4)
2021-12-03 11:45:05.385391: I tensorflow/core/common_runtime/gpu/gpu_device.cc:1525] Created device /job:localhost/replica:0/task:0/device:GPU:0 with 78874 MB memory:  -> device: 0, name: NVIDIA A100 80GB PCIe, pci bus id: 0000:27:00.0, compute capability: 8.0
out shape: (1, 264, 264, 1)
file1: test_imgs/pan/79.tif shape: (264, 264)
file2: test_imgs/ms/79.tif shape: (66, 66, 4)
2021-12-03 11:45:05.645448: I tensorflow/core/common_runtime/gpu/gpu_device.cc:1525] Created device /job:localhost/replica:0/task:0/device:GPU:0 with 78874 MB memory:  -> device: 0, name: NVIDIA A100 80GB PCIe, pci bus id: 0000:27:00.0, compute capability: 8.0
out shape: (1, 264, 264, 1)
file1: test_imgs/pan/80.tif shape: (264, 264)
file2: test_imgs/ms/80.tif shape: (66, 66, 4)
2021-12-03 11:45:05.905087: I tensorflow/core/common_runtime/gpu/gpu_device.cc:1525] Created device /job:localhost/replica:0/task:0/device:GPU:0 with 78874 MB memory:  -> device: 0, name: NVIDIA A100 80GB PCIe, pci bus id: 0000:27:00.0, compute capability: 8.0
out shape: (1, 264, 264, 1)
file1: test_imgs/pan/81.tif shape: (264, 264)
file2: test_imgs/ms/81.tif shape: (66, 66, 4)
2021-12-03 11:45:06.167153: I tensorflow/core/common_runtime/gpu/gpu_device.cc:1525] Created device /job:localhost/replica:0/task:0/device:GPU:0 with 78874 MB memory:  -> device: 0, name: NVIDIA A100 80GB PCIe, pci bus id: 0000:27:00.0, compute capability: 8.0
out shape: (1, 264, 264, 1)
file1: test_imgs/pan/82.tif shape: (264, 264)
file2: test_imgs/ms/82.tif shape: (66, 66, 4)
2021-12-03 11:45:06.437363: I tensorflow/core/common_runtime/gpu/gpu_device.cc:1525] Created device /job:localhost/replica:0/task:0/device:GPU:0 with 78874 MB memory:  -> device: 0, name: NVIDIA A100 80GB PCIe, pci bus id: 0000:27:00.0, compute capability: 8.0
out shape: (1, 264, 264, 1)
file1: test_imgs/pan/83.tif shape: (264, 264)
file2: test_imgs/ms/83.tif shape: (66, 66, 4)
2021-12-03 11:45:06.698882: I tensorflow/core/common_runtime/gpu/gpu_device.cc:1525] Created device /job:localhost/replica:0/task:0/device:GPU:0 with 78874 MB memory:  -> device: 0, name: NVIDIA A100 80GB PCIe, pci bus id: 0000:27:00.0, compute capability: 8.0
out shape: (1, 264, 264, 1)
file1: test_imgs/pan/84.tif shape: (264, 264)
file2: test_imgs/ms/84.tif shape: (66, 66, 4)
2021-12-03 11:45:06.958447: I tensorflow/core/common_runtime/gpu/gpu_device.cc:1525] Created device /job:localhost/replica:0/task:0/device:GPU:0 with 78874 MB memory:  -> device: 0, name: NVIDIA A100 80GB PCIe, pci bus id: 0000:27:00.0, compute capability: 8.0
out shape: (1, 264, 264, 1)
file1: test_imgs/pan/85.tif shape: (264, 264)
file2: test_imgs/ms/85.tif shape: (66, 66, 4)
2021-12-03 11:45:07.220042: I tensorflow/core/common_runtime/gpu/gpu_device.cc:1525] Created device /job:localhost/replica:0/task:0/device:GPU:0 with 78874 MB memory:  -> device: 0, name: NVIDIA A100 80GB PCIe, pci bus id: 0000:27:00.0, compute capability: 8.0
out shape: (1, 264, 264, 1)
file1: test_imgs/pan/86.tif shape: (264, 264)
file2: test_imgs/ms/86.tif shape: (66, 66, 4)
2021-12-03 11:45:07.480942: I tensorflow/core/common_runtime/gpu/gpu_device.cc:1525] Created device /job:localhost/replica:0/task:0/device:GPU:0 with 78874 MB memory:  -> device: 0, name: NVIDIA A100 80GB PCIe, pci bus id: 0000:27:00.0, compute capability: 8.0
out shape: (1, 264, 264, 1)
file1: test_imgs/pan/87.tif shape: (264, 264)
file2: test_imgs/ms/87.tif shape: (66, 66, 4)
2021-12-03 11:45:07.742927: I tensorflow/core/common_runtime/gpu/gpu_device.cc:1525] Created device /job:localhost/replica:0/task:0/device:GPU:0 with 78874 MB memory:  -> device: 0, name: NVIDIA A100 80GB PCIe, pci bus id: 0000:27:00.0, compute capability: 8.0
out shape: (1, 264, 264, 1)
file1: test_imgs/pan/88.tif shape: (264, 264)
file2: test_imgs/ms/88.tif shape: (66, 66, 4)
2021-12-03 11:45:07.997439: I tensorflow/core/common_runtime/gpu/gpu_device.cc:1525] Created device /job:localhost/replica:0/task:0/device:GPU:0 with 78874 MB memory:  -> device: 0, name: NVIDIA A100 80GB PCIe, pci bus id: 0000:27:00.0, compute capability: 8.0
out shape: (1, 264, 264, 1)
file1: test_imgs/pan/89.tif shape: (264, 264)
file2: test_imgs/ms/89.tif shape: (66, 66, 4)
2021-12-03 11:45:08.258972: I tensorflow/core/common_runtime/gpu/gpu_device.cc:1525] Created device /job:localhost/replica:0/task:0/device:GPU:0 with 78874 MB memory:  -> device: 0, name: NVIDIA A100 80GB PCIe, pci bus id: 0000:27:00.0, compute capability: 8.0
out shape: (1, 264, 264, 1)
file1: test_imgs/pan/90.tif shape: (264, 264)
file2: test_imgs/ms/90.tif shape: (66, 66, 4)
2021-12-03 11:45:08.518005: I tensorflow/core/common_runtime/gpu/gpu_device.cc:1525] Created device /job:localhost/replica:0/task:0/device:GPU:0 with 78874 MB memory:  -> device: 0, name: NVIDIA A100 80GB PCIe, pci bus id: 0000:27:00.0, compute capability: 8.0
out shape: (1, 264, 264, 1)
file1: test_imgs/pan/91.tif shape: (264, 264)
file2: test_imgs/ms/91.tif shape: (66, 66, 4)
2021-12-03 11:45:08.779880: I tensorflow/core/common_runtime/gpu/gpu_device.cc:1525] Created device /job:localhost/replica:0/task:0/device:GPU:0 with 78874 MB memory:  -> device: 0, name: NVIDIA A100 80GB PCIe, pci bus id: 0000:27:00.0, compute capability: 8.0
out shape: (1, 264, 264, 1)
file1: test_imgs/pan/92.tif shape: (264, 264)
file2: test_imgs/ms/92.tif shape: (66, 66, 4)
2021-12-03 11:45:09.042506: I tensorflow/core/common_runtime/gpu/gpu_device.cc:1525] Created device /job:localhost/replica:0/task:0/device:GPU:0 with 78874 MB memory:  -> device: 0, name: NVIDIA A100 80GB PCIe, pci bus id: 0000:27:00.0, compute capability: 8.0
out shape: (1, 264, 264, 1)
file1: test_imgs/pan/93.tif shape: (264, 264)
file2: test_imgs/ms/93.tif shape: (66, 66, 4)
2021-12-03 11:45:09.312128: I tensorflow/core/common_runtime/gpu/gpu_device.cc:1525] Created device /job:localhost/replica:0/task:0/device:GPU:0 with 78874 MB memory:  -> device: 0, name: NVIDIA A100 80GB PCIe, pci bus id: 0000:27:00.0, compute capability: 8.0
out shape: (1, 264, 264, 1)
file1: test_imgs/pan/94.tif shape: (264, 264)
file2: test_imgs/ms/94.tif shape: (66, 66, 4)
2021-12-03 11:45:09.569797: I tensorflow/core/common_runtime/gpu/gpu_device.cc:1525] Created device /job:localhost/replica:0/task:0/device:GPU:0 with 78874 MB memory:  -> device: 0, name: NVIDIA A100 80GB PCIe, pci bus id: 0000:27:00.0, compute capability: 8.0
out shape: (1, 264, 264, 1)
file1: test_imgs/pan/95.tif shape: (264, 264)
file2: test_imgs/ms/95.tif shape: (66, 66, 4)
2021-12-03 11:45:09.832429: I tensorflow/core/common_runtime/gpu/gpu_device.cc:1525] Created device /job:localhost/replica:0/task:0/device:GPU:0 with 78874 MB memory:  -> device: 0, name: NVIDIA A100 80GB PCIe, pci bus id: 0000:27:00.0, compute capability: 8.0
out shape: (1, 264, 264, 1)
file1: test_imgs/pan/96.tif shape: (264, 264)
file2: test_imgs/ms/96.tif shape: (66, 66, 4)
2021-12-03 11:45:10.103444: I tensorflow/core/common_runtime/gpu/gpu_device.cc:1525] Created device /job:localhost/replica:0/task:0/device:GPU:0 with 78874 MB memory:  -> device: 0, name: NVIDIA A100 80GB PCIe, pci bus id: 0000:27:00.0, compute capability: 8.0
out shape: (1, 264, 264, 1)
file1: test_imgs/pan/97.tif shape: (264, 264)
file2: test_imgs/ms/97.tif shape: (66, 66, 4)
2021-12-03 11:45:10.370052: I tensorflow/core/common_runtime/gpu/gpu_device.cc:1525] Created device /job:localhost/replica:0/task:0/device:GPU:0 with 78874 MB memory:  -> device: 0, name: NVIDIA A100 80GB PCIe, pci bus id: 0000:27:00.0, compute capability: 8.0
out shape: (1, 264, 264, 1)
file1: test_imgs/pan/98.tif shape: (264, 264)
file2: test_imgs/ms/98.tif shape: (66, 66, 4)
2021-12-03 11:45:10.635837: I tensorflow/core/common_runtime/gpu/gpu_device.cc:1525] Created device /job:localhost/replica:0/task:0/device:GPU:0 with 78874 MB memory:  -> device: 0, name: NVIDIA A100 80GB PCIe, pci bus id: 0000:27:00.0, compute capability: 8.0
out shape: (1, 264, 264, 1)
file1: test_imgs/pan/99.tif shape: (264, 264)
file2: test_imgs/ms/99.tif shape: (66, 66, 4)
2021-12-03 11:45:10.905793: I tensorflow/core/common_runtime/gpu/gpu_device.cc:1525] Created device /job:localhost/replica:0/task:0/device:GPU:0 with 78874 MB memory:  -> device: 0, name: NVIDIA A100 80GB PCIe, pci bus id: 0000:27:00.0, compute capability: 8.0
out shape: (1, 264, 264, 1)
file1: test_imgs/pan/100.tif shape: (264, 264)
file2: test_imgs/ms/100.tif shape: (66, 66, 4)
2021-12-03 11:45:11.174406: I tensorflow/core/common_runtime/gpu/gpu_device.cc:1525] Created device /job:localhost/replica:0/task:0/device:GPU:0 with 78874 MB memory:  -> device: 0, name: NVIDIA A100 80GB PCIe, pci bus id: 0000:27:00.0, compute capability: 8.0
out shape: (1, 264, 264, 1)
