WARNING:tensorflow:From /usr/local/lib/python3.8/dist-packages/tensorflow/python/compat/v2_compat.py:111: disable_resource_variables (from tensorflow.python.ops.variable_scope) is deprecated and will be removed in a future version.
Instructions for updating:
non-resource variables are not supported in the long term
file1: test_imgs/pan/1.tif shape: (264, 264)
file2: test_imgs/ms/1.tif shape: (66, 66, 4)
2021-12-05 08:01:08.249451: I tensorflow/core/platform/cpu_feature_guard.cc:151] This TensorFlow binary is optimized with oneAPI Deep Neural Network Library (oneDNN) to use the following CPU instructions in performance-critical operations:  AVX2 FMA
To enable them in other operations, rebuild TensorFlow with the appropriate compiler flags.
2021-12-05 08:01:08.788890: I tensorflow/core/common_runtime/gpu/gpu_device.cc:1525] Created device /job:localhost/replica:0/task:0/device:GPU:0 with 78874 MB memory:  -> device: 0, name: NVIDIA A100 80GB PCIe, pci bus id: 0000:27:00.0, compute capability: 8.0
out shape: (1, 66, 66, 4)
2021-12-05 08:01:10.461716: I tensorflow/stream_executor/cuda/cuda_dnn.cc:366] Loaded cuDNN version 8301
file1: test_imgs/pan/2.tif shape: (264, 264)
file2: test_imgs/ms/2.tif shape: (66, 66, 4)
2021-12-05 08:01:11.582381: I tensorflow/core/common_runtime/gpu/gpu_device.cc:1525] Created device /job:localhost/replica:0/task:0/device:GPU:0 with 78874 MB memory:  -> device: 0, name: NVIDIA A100 80GB PCIe, pci bus id: 0000:27:00.0, compute capability: 8.0
out shape: (1, 66, 66, 4)
file1: test_imgs/pan/3.tif shape: (264, 264)
file2: test_imgs/ms/3.tif shape: (66, 66, 4)
2021-12-05 08:01:11.820401: I tensorflow/core/common_runtime/gpu/gpu_device.cc:1525] Created device /job:localhost/replica:0/task:0/device:GPU:0 with 78874 MB memory:  -> device: 0, name: NVIDIA A100 80GB PCIe, pci bus id: 0000:27:00.0, compute capability: 8.0
out shape: (1, 66, 66, 4)
file1: test_imgs/pan/4.tif shape: (264, 264)
file2: test_imgs/ms/4.tif shape: (66, 66, 4)
2021-12-05 08:01:12.053686: I tensorflow/core/common_runtime/gpu/gpu_device.cc:1525] Created device /job:localhost/replica:0/task:0/device:GPU:0 with 78874 MB memory:  -> device: 0, name: NVIDIA A100 80GB PCIe, pci bus id: 0000:27:00.0, compute capability: 8.0
out shape: (1, 66, 66, 4)
file1: test_imgs/pan/5.tif shape: (264, 264)
file2: test_imgs/ms/5.tif shape: (66, 66, 4)
2021-12-05 08:01:12.269691: I tensorflow/core/common_runtime/gpu/gpu_device.cc:1525] Created device /job:localhost/replica:0/task:0/device:GPU:0 with 78874 MB memory:  -> device: 0, name: NVIDIA A100 80GB PCIe, pci bus id: 0000:27:00.0, compute capability: 8.0
out shape: (1, 66, 66, 4)
file1: test_imgs/pan/6.tif shape: (264, 264)
file2: test_imgs/ms/6.tif shape: (66, 66, 4)
2021-12-05 08:01:12.482918: I tensorflow/core/common_runtime/gpu/gpu_device.cc:1525] Created device /job:localhost/replica:0/task:0/device:GPU:0 with 78874 MB memory:  -> device: 0, name: NVIDIA A100 80GB PCIe, pci bus id: 0000:27:00.0, compute capability: 8.0
out shape: (1, 66, 66, 4)
file1: test_imgs/pan/7.tif shape: (264, 264)
file2: test_imgs/ms/7.tif shape: (66, 66, 4)
2021-12-05 08:01:12.708369: I tensorflow/core/common_runtime/gpu/gpu_device.cc:1525] Created device /job:localhost/replica:0/task:0/device:GPU:0 with 78874 MB memory:  -> device: 0, name: NVIDIA A100 80GB PCIe, pci bus id: 0000:27:00.0, compute capability: 8.0
out shape: (1, 66, 66, 4)
file1: test_imgs/pan/8.tif shape: (264, 264)
file2: test_imgs/ms/8.tif shape: (66, 66, 4)
2021-12-05 08:01:12.940104: I tensorflow/core/common_runtime/gpu/gpu_device.cc:1525] Created device /job:localhost/replica:0/task:0/device:GPU:0 with 78874 MB memory:  -> device: 0, name: NVIDIA A100 80GB PCIe, pci bus id: 0000:27:00.0, compute capability: 8.0
out shape: (1, 66, 66, 4)
file1: test_imgs/pan/9.tif shape: (264, 264)
file2: test_imgs/ms/9.tif shape: (66, 66, 4)
2021-12-05 08:01:13.166794: I tensorflow/core/common_runtime/gpu/gpu_device.cc:1525] Created device /job:localhost/replica:0/task:0/device:GPU:0 with 78874 MB memory:  -> device: 0, name: NVIDIA A100 80GB PCIe, pci bus id: 0000:27:00.0, compute capability: 8.0
out shape: (1, 66, 66, 4)
file1: test_imgs/pan/10.tif shape: (264, 264)
file2: test_imgs/ms/10.tif shape: (66, 66, 4)
2021-12-05 08:01:13.413359: I tensorflow/core/common_runtime/gpu/gpu_device.cc:1525] Created device /job:localhost/replica:0/task:0/device:GPU:0 with 78874 MB memory:  -> device: 0, name: NVIDIA A100 80GB PCIe, pci bus id: 0000:27:00.0, compute capability: 8.0
out shape: (1, 66, 66, 4)
file1: test_imgs/pan/11.tif shape: (264, 264)
file2: test_imgs/ms/11.tif shape: (66, 66, 4)
2021-12-05 08:01:13.634912: I tensorflow/core/common_runtime/gpu/gpu_device.cc:1525] Created device /job:localhost/replica:0/task:0/device:GPU:0 with 78874 MB memory:  -> device: 0, name: NVIDIA A100 80GB PCIe, pci bus id: 0000:27:00.0, compute capability: 8.0
out shape: (1, 66, 66, 4)
file1: test_imgs/pan/12.tif shape: (264, 264)
file2: test_imgs/ms/12.tif shape: (66, 66, 4)
2021-12-05 08:01:13.859211: I tensorflow/core/common_runtime/gpu/gpu_device.cc:1525] Created device /job:localhost/replica:0/task:0/device:GPU:0 with 78874 MB memory:  -> device: 0, name: NVIDIA A100 80GB PCIe, pci bus id: 0000:27:00.0, compute capability: 8.0
out shape: (1, 66, 66, 4)
file1: test_imgs/pan/13.tif shape: (264, 264)
file2: test_imgs/ms/13.tif shape: (66, 66, 4)
2021-12-05 08:01:14.101321: I tensorflow/core/common_runtime/gpu/gpu_device.cc:1525] Created device /job:localhost/replica:0/task:0/device:GPU:0 with 78874 MB memory:  -> device: 0, name: NVIDIA A100 80GB PCIe, pci bus id: 0000:27:00.0, compute capability: 8.0
out shape: (1, 66, 66, 4)
file1: test_imgs/pan/14.tif shape: (264, 264)
file2: test_imgs/ms/14.tif shape: (66, 66, 4)
2021-12-05 08:01:14.325283: I tensorflow/core/common_runtime/gpu/gpu_device.cc:1525] Created device /job:localhost/replica:0/task:0/device:GPU:0 with 78874 MB memory:  -> device: 0, name: NVIDIA A100 80GB PCIe, pci bus id: 0000:27:00.0, compute capability: 8.0
out shape: (1, 66, 66, 4)
file1: test_imgs/pan/15.tif shape: (264, 264)
file2: test_imgs/ms/15.tif shape: (66, 66, 4)
2021-12-05 08:01:14.552775: I tensorflow/core/common_runtime/gpu/gpu_device.cc:1525] Created device /job:localhost/replica:0/task:0/device:GPU:0 with 78874 MB memory:  -> device: 0, name: NVIDIA A100 80GB PCIe, pci bus id: 0000:27:00.0, compute capability: 8.0
out shape: (1, 66, 66, 4)
file1: test_imgs/pan/16.tif shape: (264, 264)
file2: test_imgs/ms/16.tif shape: (66, 66, 4)
2021-12-05 08:01:14.789673: I tensorflow/core/common_runtime/gpu/gpu_device.cc:1525] Created device /job:localhost/replica:0/task:0/device:GPU:0 with 78874 MB memory:  -> device: 0, name: NVIDIA A100 80GB PCIe, pci bus id: 0000:27:00.0, compute capability: 8.0
out shape: (1, 66, 66, 4)
file1: test_imgs/pan/17.tif shape: (264, 264)
file2: test_imgs/ms/17.tif shape: (66, 66, 4)
2021-12-05 08:01:15.010367: I tensorflow/core/common_runtime/gpu/gpu_device.cc:1525] Created device /job:localhost/replica:0/task:0/device:GPU:0 with 78874 MB memory:  -> device: 0, name: NVIDIA A100 80GB PCIe, pci bus id: 0000:27:00.0, compute capability: 8.0
out shape: (1, 66, 66, 4)
file1: test_imgs/pan/18.tif shape: (264, 264)
file2: test_imgs/ms/18.tif shape: (66, 66, 4)
2021-12-05 08:01:15.227150: I tensorflow/core/common_runtime/gpu/gpu_device.cc:1525] Created device /job:localhost/replica:0/task:0/device:GPU:0 with 78874 MB memory:  -> device: 0, name: NVIDIA A100 80GB PCIe, pci bus id: 0000:27:00.0, compute capability: 8.0
out shape: (1, 66, 66, 4)
file1: test_imgs/pan/19.tif shape: (264, 264)
file2: test_imgs/ms/19.tif shape: (66, 66, 4)
2021-12-05 08:01:15.443150: I tensorflow/core/common_runtime/gpu/gpu_device.cc:1525] Created device /job:localhost/replica:0/task:0/device:GPU:0 with 78874 MB memory:  -> device: 0, name: NVIDIA A100 80GB PCIe, pci bus id: 0000:27:00.0, compute capability: 8.0
out shape: (1, 66, 66, 4)
file1: test_imgs/pan/20.tif shape: (264, 264)
file2: test_imgs/ms/20.tif shape: (66, 66, 4)
2021-12-05 08:01:15.656962: I tensorflow/core/common_runtime/gpu/gpu_device.cc:1525] Created device /job:localhost/replica:0/task:0/device:GPU:0 with 78874 MB memory:  -> device: 0, name: NVIDIA A100 80GB PCIe, pci bus id: 0000:27:00.0, compute capability: 8.0
out shape: (1, 66, 66, 4)
file1: test_imgs/pan/21.tif shape: (264, 264)
file2: test_imgs/ms/21.tif shape: (66, 66, 4)
2021-12-05 08:01:15.871497: I tensorflow/core/common_runtime/gpu/gpu_device.cc:1525] Created device /job:localhost/replica:0/task:0/device:GPU:0 with 78874 MB memory:  -> device: 0, name: NVIDIA A100 80GB PCIe, pci bus id: 0000:27:00.0, compute capability: 8.0
out shape: (1, 66, 66, 4)
file1: test_imgs/pan/22.tif shape: (264, 264)
file2: test_imgs/ms/22.tif shape: (66, 66, 4)
2021-12-05 08:01:16.085413: I tensorflow/core/common_runtime/gpu/gpu_device.cc:1525] Created device /job:localhost/replica:0/task:0/device:GPU:0 with 78874 MB memory:  -> device: 0, name: NVIDIA A100 80GB PCIe, pci bus id: 0000:27:00.0, compute capability: 8.0
out shape: (1, 66, 66, 4)
file1: test_imgs/pan/23.tif shape: (264, 264)
file2: test_imgs/ms/23.tif shape: (66, 66, 4)
2021-12-05 08:01:16.294530: I tensorflow/core/common_runtime/gpu/gpu_device.cc:1525] Created device /job:localhost/replica:0/task:0/device:GPU:0 with 78874 MB memory:  -> device: 0, name: NVIDIA A100 80GB PCIe, pci bus id: 0000:27:00.0, compute capability: 8.0
out shape: (1, 66, 66, 4)
file1: test_imgs/pan/24.tif shape: (264, 264)
file2: test_imgs/ms/24.tif shape: (66, 66, 4)
2021-12-05 08:01:16.506649: I tensorflow/core/common_runtime/gpu/gpu_device.cc:1525] Created device /job:localhost/replica:0/task:0/device:GPU:0 with 78874 MB memory:  -> device: 0, name: NVIDIA A100 80GB PCIe, pci bus id: 0000:27:00.0, compute capability: 8.0
out shape: (1, 66, 66, 4)
file1: test_imgs/pan/25.tif shape: (264, 264)
file2: test_imgs/ms/25.tif shape: (66, 66, 4)
2021-12-05 08:01:16.715533: I tensorflow/core/common_runtime/gpu/gpu_device.cc:1525] Created device /job:localhost/replica:0/task:0/device:GPU:0 with 78874 MB memory:  -> device: 0, name: NVIDIA A100 80GB PCIe, pci bus id: 0000:27:00.0, compute capability: 8.0
out shape: (1, 66, 66, 4)
file1: test_imgs/pan/26.tif shape: (264, 264)
file2: test_imgs/ms/26.tif shape: (66, 66, 4)
2021-12-05 08:01:17.113610: I tensorflow/core/common_runtime/gpu/gpu_device.cc:1525] Created device /job:localhost/replica:0/task:0/device:GPU:0 with 78874 MB memory:  -> device: 0, name: NVIDIA A100 80GB PCIe, pci bus id: 0000:27:00.0, compute capability: 8.0
out shape: (1, 66, 66, 4)
file1: test_imgs/pan/27.tif shape: (264, 264)
file2: test_imgs/ms/27.tif shape: (66, 66, 4)
2021-12-05 08:01:17.321566: I tensorflow/core/common_runtime/gpu/gpu_device.cc:1525] Created device /job:localhost/replica:0/task:0/device:GPU:0 with 78874 MB memory:  -> device: 0, name: NVIDIA A100 80GB PCIe, pci bus id: 0000:27:00.0, compute capability: 8.0
out shape: (1, 66, 66, 4)
file1: test_imgs/pan/28.tif shape: (264, 264)
file2: test_imgs/ms/28.tif shape: (66, 66, 4)
2021-12-05 08:01:17.526375: I tensorflow/core/common_runtime/gpu/gpu_device.cc:1525] Created device /job:localhost/replica:0/task:0/device:GPU:0 with 78874 MB memory:  -> device: 0, name: NVIDIA A100 80GB PCIe, pci bus id: 0000:27:00.0, compute capability: 8.0
out shape: (1, 66, 66, 4)
file1: test_imgs/pan/29.tif shape: (264, 264)
file2: test_imgs/ms/29.tif shape: (66, 66, 4)
2021-12-05 08:01:17.735579: I tensorflow/core/common_runtime/gpu/gpu_device.cc:1525] Created device /job:localhost/replica:0/task:0/device:GPU:0 with 78874 MB memory:  -> device: 0, name: NVIDIA A100 80GB PCIe, pci bus id: 0000:27:00.0, compute capability: 8.0
out shape: (1, 66, 66, 4)
file1: test_imgs/pan/30.tif shape: (264, 264)
file2: test_imgs/ms/30.tif shape: (66, 66, 4)
2021-12-05 08:01:17.942944: I tensorflow/core/common_runtime/gpu/gpu_device.cc:1525] Created device /job:localhost/replica:0/task:0/device:GPU:0 with 78874 MB memory:  -> device: 0, name: NVIDIA A100 80GB PCIe, pci bus id: 0000:27:00.0, compute capability: 8.0
out shape: (1, 66, 66, 4)
file1: test_imgs/pan/31.tif shape: (264, 264)
file2: test_imgs/ms/31.tif shape: (66, 66, 4)
2021-12-05 08:01:18.151482: I tensorflow/core/common_runtime/gpu/gpu_device.cc:1525] Created device /job:localhost/replica:0/task:0/device:GPU:0 with 78874 MB memory:  -> device: 0, name: NVIDIA A100 80GB PCIe, pci bus id: 0000:27:00.0, compute capability: 8.0
out shape: (1, 66, 66, 4)
file1: test_imgs/pan/32.tif shape: (264, 264)
file2: test_imgs/ms/32.tif shape: (66, 66, 4)
2021-12-05 08:01:18.369811: I tensorflow/core/common_runtime/gpu/gpu_device.cc:1525] Created device /job:localhost/replica:0/task:0/device:GPU:0 with 78874 MB memory:  -> device: 0, name: NVIDIA A100 80GB PCIe, pci bus id: 0000:27:00.0, compute capability: 8.0
out shape: (1, 66, 66, 4)
file1: test_imgs/pan/33.tif shape: (264, 264)
file2: test_imgs/ms/33.tif shape: (66, 66, 4)
2021-12-05 08:01:18.575713: I tensorflow/core/common_runtime/gpu/gpu_device.cc:1525] Created device /job:localhost/replica:0/task:0/device:GPU:0 with 78874 MB memory:  -> device: 0, name: NVIDIA A100 80GB PCIe, pci bus id: 0000:27:00.0, compute capability: 8.0
out shape: (1, 66, 66, 4)
file1: test_imgs/pan/34.tif shape: (264, 264)
file2: test_imgs/ms/34.tif shape: (66, 66, 4)
2021-12-05 08:01:18.789103: I tensorflow/core/common_runtime/gpu/gpu_device.cc:1525] Created device /job:localhost/replica:0/task:0/device:GPU:0 with 78874 MB memory:  -> device: 0, name: NVIDIA A100 80GB PCIe, pci bus id: 0000:27:00.0, compute capability: 8.0
out shape: (1, 66, 66, 4)
file1: test_imgs/pan/35.tif shape: (264, 264)
file2: test_imgs/ms/35.tif shape: (66, 66, 4)
2021-12-05 08:01:19.009859: I tensorflow/core/common_runtime/gpu/gpu_device.cc:1525] Created device /job:localhost/replica:0/task:0/device:GPU:0 with 78874 MB memory:  -> device: 0, name: NVIDIA A100 80GB PCIe, pci bus id: 0000:27:00.0, compute capability: 8.0
out shape: (1, 66, 66, 4)
file1: test_imgs/pan/36.tif shape: (264, 264)
file2: test_imgs/ms/36.tif shape: (66, 66, 4)
2021-12-05 08:01:19.228232: I tensorflow/core/common_runtime/gpu/gpu_device.cc:1525] Created device /job:localhost/replica:0/task:0/device:GPU:0 with 78874 MB memory:  -> device: 0, name: NVIDIA A100 80GB PCIe, pci bus id: 0000:27:00.0, compute capability: 8.0
out shape: (1, 66, 66, 4)
file1: test_imgs/pan/37.tif shape: (264, 264)
file2: test_imgs/ms/37.tif shape: (66, 66, 4)
2021-12-05 08:01:19.444024: I tensorflow/core/common_runtime/gpu/gpu_device.cc:1525] Created device /job:localhost/replica:0/task:0/device:GPU:0 with 78874 MB memory:  -> device: 0, name: NVIDIA A100 80GB PCIe, pci bus id: 0000:27:00.0, compute capability: 8.0
out shape: (1, 66, 66, 4)
file1: test_imgs/pan/38.tif shape: (264, 264)
file2: test_imgs/ms/38.tif shape: (66, 66, 4)
2021-12-05 08:01:19.659510: I tensorflow/core/common_runtime/gpu/gpu_device.cc:1525] Created device /job:localhost/replica:0/task:0/device:GPU:0 with 78874 MB memory:  -> device: 0, name: NVIDIA A100 80GB PCIe, pci bus id: 0000:27:00.0, compute capability: 8.0
out shape: (1, 66, 66, 4)
file1: test_imgs/pan/39.tif shape: (264, 264)
file2: test_imgs/ms/39.tif shape: (66, 66, 4)
2021-12-05 08:01:19.870519: I tensorflow/core/common_runtime/gpu/gpu_device.cc:1525] Created device /job:localhost/replica:0/task:0/device:GPU:0 with 78874 MB memory:  -> device: 0, name: NVIDIA A100 80GB PCIe, pci bus id: 0000:27:00.0, compute capability: 8.0
out shape: (1, 66, 66, 4)
file1: test_imgs/pan/40.tif shape: (264, 264)
file2: test_imgs/ms/40.tif shape: (66, 66, 4)
2021-12-05 08:01:20.098864: I tensorflow/core/common_runtime/gpu/gpu_device.cc:1525] Created device /job:localhost/replica:0/task:0/device:GPU:0 with 78874 MB memory:  -> device: 0, name: NVIDIA A100 80GB PCIe, pci bus id: 0000:27:00.0, compute capability: 8.0
out shape: (1, 66, 66, 4)
file1: test_imgs/pan/41.tif shape: (264, 264)
file2: test_imgs/ms/41.tif shape: (66, 66, 4)
2021-12-05 08:01:20.308045: I tensorflow/core/common_runtime/gpu/gpu_device.cc:1525] Created device /job:localhost/replica:0/task:0/device:GPU:0 with 78874 MB memory:  -> device: 0, name: NVIDIA A100 80GB PCIe, pci bus id: 0000:27:00.0, compute capability: 8.0
out shape: (1, 66, 66, 4)
file1: test_imgs/pan/42.tif shape: (264, 264)
file2: test_imgs/ms/42.tif shape: (66, 66, 4)
2021-12-05 08:01:20.522583: I tensorflow/core/common_runtime/gpu/gpu_device.cc:1525] Created device /job:localhost/replica:0/task:0/device:GPU:0 with 78874 MB memory:  -> device: 0, name: NVIDIA A100 80GB PCIe, pci bus id: 0000:27:00.0, compute capability: 8.0
out shape: (1, 66, 66, 4)
file1: test_imgs/pan/43.tif shape: (264, 264)
file2: test_imgs/ms/43.tif shape: (66, 66, 4)
2021-12-05 08:01:20.731532: I tensorflow/core/common_runtime/gpu/gpu_device.cc:1525] Created device /job:localhost/replica:0/task:0/device:GPU:0 with 78874 MB memory:  -> device: 0, name: NVIDIA A100 80GB PCIe, pci bus id: 0000:27:00.0, compute capability: 8.0
out shape: (1, 66, 66, 4)
file1: test_imgs/pan/44.tif shape: (264, 264)
file2: test_imgs/ms/44.tif shape: (66, 66, 4)
2021-12-05 08:01:20.951756: I tensorflow/core/common_runtime/gpu/gpu_device.cc:1525] Created device /job:localhost/replica:0/task:0/device:GPU:0 with 78874 MB memory:  -> device: 0, name: NVIDIA A100 80GB PCIe, pci bus id: 0000:27:00.0, compute capability: 8.0
out shape: (1, 66, 66, 4)
file1: test_imgs/pan/45.tif shape: (264, 264)
file2: test_imgs/ms/45.tif shape: (66, 66, 4)
2021-12-05 08:01:21.163330: I tensorflow/core/common_runtime/gpu/gpu_device.cc:1525] Created device /job:localhost/replica:0/task:0/device:GPU:0 with 78874 MB memory:  -> device: 0, name: NVIDIA A100 80GB PCIe, pci bus id: 0000:27:00.0, compute capability: 8.0
out shape: (1, 66, 66, 4)
file1: test_imgs/pan/46.tif shape: (264, 264)
file2: test_imgs/ms/46.tif shape: (66, 66, 4)
2021-12-05 08:01:21.388356: I tensorflow/core/common_runtime/gpu/gpu_device.cc:1525] Created device /job:localhost/replica:0/task:0/device:GPU:0 with 78874 MB memory:  -> device: 0, name: NVIDIA A100 80GB PCIe, pci bus id: 0000:27:00.0, compute capability: 8.0
out shape: (1, 66, 66, 4)
file1: test_imgs/pan/47.tif shape: (264, 264)
file2: test_imgs/ms/47.tif shape: (66, 66, 4)
2021-12-05 08:01:21.601547: I tensorflow/core/common_runtime/gpu/gpu_device.cc:1525] Created device /job:localhost/replica:0/task:0/device:GPU:0 with 78874 MB memory:  -> device: 0, name: NVIDIA A100 80GB PCIe, pci bus id: 0000:27:00.0, compute capability: 8.0
out shape: (1, 66, 66, 4)
file1: test_imgs/pan/48.tif shape: (264, 264)
file2: test_imgs/ms/48.tif shape: (66, 66, 4)
2021-12-05 08:01:21.823572: I tensorflow/core/common_runtime/gpu/gpu_device.cc:1525] Created device /job:localhost/replica:0/task:0/device:GPU:0 with 78874 MB memory:  -> device: 0, name: NVIDIA A100 80GB PCIe, pci bus id: 0000:27:00.0, compute capability: 8.0
out shape: (1, 66, 66, 4)
file1: test_imgs/pan/49.tif shape: (264, 264)
file2: test_imgs/ms/49.tif shape: (66, 66, 4)
2021-12-05 08:01:22.030236: I tensorflow/core/common_runtime/gpu/gpu_device.cc:1525] Created device /job:localhost/replica:0/task:0/device:GPU:0 with 78874 MB memory:  -> device: 0, name: NVIDIA A100 80GB PCIe, pci bus id: 0000:27:00.0, compute capability: 8.0
out shape: (1, 66, 66, 4)
file1: test_imgs/pan/50.tif shape: (264, 264)
file2: test_imgs/ms/50.tif shape: (66, 66, 4)
2021-12-05 08:01:22.234256: I tensorflow/core/common_runtime/gpu/gpu_device.cc:1525] Created device /job:localhost/replica:0/task:0/device:GPU:0 with 78874 MB memory:  -> device: 0, name: NVIDIA A100 80GB PCIe, pci bus id: 0000:27:00.0, compute capability: 8.0
out shape: (1, 66, 66, 4)
file1: test_imgs/pan/51.tif shape: (264, 264)
file2: test_imgs/ms/51.tif shape: (66, 66, 4)
2021-12-05 08:01:22.442798: I tensorflow/core/common_runtime/gpu/gpu_device.cc:1525] Created device /job:localhost/replica:0/task:0/device:GPU:0 with 78874 MB memory:  -> device: 0, name: NVIDIA A100 80GB PCIe, pci bus id: 0000:27:00.0, compute capability: 8.0
out shape: (1, 66, 66, 4)
file1: test_imgs/pan/52.tif shape: (264, 264)
file2: test_imgs/ms/52.tif shape: (66, 66, 4)
2021-12-05 08:01:22.807232: I tensorflow/core/common_runtime/gpu/gpu_device.cc:1525] Created device /job:localhost/replica:0/task:0/device:GPU:0 with 78874 MB memory:  -> device: 0, name: NVIDIA A100 80GB PCIe, pci bus id: 0000:27:00.0, compute capability: 8.0
out shape: (1, 66, 66, 4)
file1: test_imgs/pan/53.tif shape: (264, 264)
file2: test_imgs/ms/53.tif shape: (66, 66, 4)
2021-12-05 08:01:23.014173: I tensorflow/core/common_runtime/gpu/gpu_device.cc:1525] Created device /job:localhost/replica:0/task:0/device:GPU:0 with 78874 MB memory:  -> device: 0, name: NVIDIA A100 80GB PCIe, pci bus id: 0000:27:00.0, compute capability: 8.0
out shape: (1, 66, 66, 4)
file1: test_imgs/pan/54.tif shape: (264, 264)
file2: test_imgs/ms/54.tif shape: (66, 66, 4)
2021-12-05 08:01:23.219216: I tensorflow/core/common_runtime/gpu/gpu_device.cc:1525] Created device /job:localhost/replica:0/task:0/device:GPU:0 with 78874 MB memory:  -> device: 0, name: NVIDIA A100 80GB PCIe, pci bus id: 0000:27:00.0, compute capability: 8.0
out shape: (1, 66, 66, 4)
file1: test_imgs/pan/55.tif shape: (264, 264)
file2: test_imgs/ms/55.tif shape: (66, 66, 4)
2021-12-05 08:01:23.432174: I tensorflow/core/common_runtime/gpu/gpu_device.cc:1525] Created device /job:localhost/replica:0/task:0/device:GPU:0 with 78874 MB memory:  -> device: 0, name: NVIDIA A100 80GB PCIe, pci bus id: 0000:27:00.0, compute capability: 8.0
out shape: (1, 66, 66, 4)
file1: test_imgs/pan/56.tif shape: (264, 264)
file2: test_imgs/ms/56.tif shape: (66, 66, 4)
2021-12-05 08:01:23.639684: I tensorflow/core/common_runtime/gpu/gpu_device.cc:1525] Created device /job:localhost/replica:0/task:0/device:GPU:0 with 78874 MB memory:  -> device: 0, name: NVIDIA A100 80GB PCIe, pci bus id: 0000:27:00.0, compute capability: 8.0
out shape: (1, 66, 66, 4)
file1: test_imgs/pan/57.tif shape: (264, 264)
file2: test_imgs/ms/57.tif shape: (66, 66, 4)
2021-12-05 08:01:23.844961: I tensorflow/core/common_runtime/gpu/gpu_device.cc:1525] Created device /job:localhost/replica:0/task:0/device:GPU:0 with 78874 MB memory:  -> device: 0, name: NVIDIA A100 80GB PCIe, pci bus id: 0000:27:00.0, compute capability: 8.0
out shape: (1, 66, 66, 4)
file1: test_imgs/pan/58.tif shape: (264, 264)
file2: test_imgs/ms/58.tif shape: (66, 66, 4)
2021-12-05 08:01:24.048524: I tensorflow/core/common_runtime/gpu/gpu_device.cc:1525] Created device /job:localhost/replica:0/task:0/device:GPU:0 with 78874 MB memory:  -> device: 0, name: NVIDIA A100 80GB PCIe, pci bus id: 0000:27:00.0, compute capability: 8.0
out shape: (1, 66, 66, 4)
file1: test_imgs/pan/59.tif shape: (264, 264)
file2: test_imgs/ms/59.tif shape: (66, 66, 4)
2021-12-05 08:01:24.257435: I tensorflow/core/common_runtime/gpu/gpu_device.cc:1525] Created device /job:localhost/replica:0/task:0/device:GPU:0 with 78874 MB memory:  -> device: 0, name: NVIDIA A100 80GB PCIe, pci bus id: 0000:27:00.0, compute capability: 8.0
out shape: (1, 66, 66, 4)
file1: test_imgs/pan/60.tif shape: (264, 264)
file2: test_imgs/ms/60.tif shape: (66, 66, 4)
2021-12-05 08:01:24.461431: I tensorflow/core/common_runtime/gpu/gpu_device.cc:1525] Created device /job:localhost/replica:0/task:0/device:GPU:0 with 78874 MB memory:  -> device: 0, name: NVIDIA A100 80GB PCIe, pci bus id: 0000:27:00.0, compute capability: 8.0
out shape: (1, 66, 66, 4)
file1: test_imgs/pan/61.tif shape: (264, 264)
file2: test_imgs/ms/61.tif shape: (66, 66, 4)
2021-12-05 08:01:24.672459: I tensorflow/core/common_runtime/gpu/gpu_device.cc:1525] Created device /job:localhost/replica:0/task:0/device:GPU:0 with 78874 MB memory:  -> device: 0, name: NVIDIA A100 80GB PCIe, pci bus id: 0000:27:00.0, compute capability: 8.0
out shape: (1, 66, 66, 4)
file1: test_imgs/pan/62.tif shape: (264, 264)
file2: test_imgs/ms/62.tif shape: (66, 66, 4)
2021-12-05 08:01:24.890441: I tensorflow/core/common_runtime/gpu/gpu_device.cc:1525] Created device /job:localhost/replica:0/task:0/device:GPU:0 with 78874 MB memory:  -> device: 0, name: NVIDIA A100 80GB PCIe, pci bus id: 0000:27:00.0, compute capability: 8.0
out shape: (1, 66, 66, 4)
file1: test_imgs/pan/63.tif shape: (264, 264)
file2: test_imgs/ms/63.tif shape: (66, 66, 4)
2021-12-05 08:01:25.103306: I tensorflow/core/common_runtime/gpu/gpu_device.cc:1525] Created device /job:localhost/replica:0/task:0/device:GPU:0 with 78874 MB memory:  -> device: 0, name: NVIDIA A100 80GB PCIe, pci bus id: 0000:27:00.0, compute capability: 8.0
out shape: (1, 66, 66, 4)
file1: test_imgs/pan/64.tif shape: (264, 264)
file2: test_imgs/ms/64.tif shape: (66, 66, 4)
2021-12-05 08:01:25.328697: I tensorflow/core/common_runtime/gpu/gpu_device.cc:1525] Created device /job:localhost/replica:0/task:0/device:GPU:0 with 78874 MB memory:  -> device: 0, name: NVIDIA A100 80GB PCIe, pci bus id: 0000:27:00.0, compute capability: 8.0
out shape: (1, 66, 66, 4)
file1: test_imgs/pan/65.tif shape: (264, 264)
file2: test_imgs/ms/65.tif shape: (66, 66, 4)
2021-12-05 08:01:25.544201: I tensorflow/core/common_runtime/gpu/gpu_device.cc:1525] Created device /job:localhost/replica:0/task:0/device:GPU:0 with 78874 MB memory:  -> device: 0, name: NVIDIA A100 80GB PCIe, pci bus id: 0000:27:00.0, compute capability: 8.0
out shape: (1, 66, 66, 4)
file1: test_imgs/pan/66.tif shape: (264, 264)
file2: test_imgs/ms/66.tif shape: (66, 66, 4)
2021-12-05 08:01:25.756565: I tensorflow/core/common_runtime/gpu/gpu_device.cc:1525] Created device /job:localhost/replica:0/task:0/device:GPU:0 with 78874 MB memory:  -> device: 0, name: NVIDIA A100 80GB PCIe, pci bus id: 0000:27:00.0, compute capability: 8.0
out shape: (1, 66, 66, 4)
file1: test_imgs/pan/67.tif shape: (264, 264)
file2: test_imgs/ms/67.tif shape: (66, 66, 4)
2021-12-05 08:01:25.968764: I tensorflow/core/common_runtime/gpu/gpu_device.cc:1525] Created device /job:localhost/replica:0/task:0/device:GPU:0 with 78874 MB memory:  -> device: 0, name: NVIDIA A100 80GB PCIe, pci bus id: 0000:27:00.0, compute capability: 8.0
out shape: (1, 66, 66, 4)
file1: test_imgs/pan/68.tif shape: (264, 264)
file2: test_imgs/ms/68.tif shape: (66, 66, 4)
2021-12-05 08:01:26.184220: I tensorflow/core/common_runtime/gpu/gpu_device.cc:1525] Created device /job:localhost/replica:0/task:0/device:GPU:0 with 78874 MB memory:  -> device: 0, name: NVIDIA A100 80GB PCIe, pci bus id: 0000:27:00.0, compute capability: 8.0
out shape: (1, 66, 66, 4)
file1: test_imgs/pan/69.tif shape: (264, 264)
file2: test_imgs/ms/69.tif shape: (66, 66, 4)
2021-12-05 08:01:26.393839: I tensorflow/core/common_runtime/gpu/gpu_device.cc:1525] Created device /job:localhost/replica:0/task:0/device:GPU:0 with 78874 MB memory:  -> device: 0, name: NVIDIA A100 80GB PCIe, pci bus id: 0000:27:00.0, compute capability: 8.0
out shape: (1, 66, 66, 4)
file1: test_imgs/pan/70.tif shape: (264, 264)
file2: test_imgs/ms/70.tif shape: (66, 66, 4)
2021-12-05 08:01:26.599257: I tensorflow/core/common_runtime/gpu/gpu_device.cc:1525] Created device /job:localhost/replica:0/task:0/device:GPU:0 with 78874 MB memory:  -> device: 0, name: NVIDIA A100 80GB PCIe, pci bus id: 0000:27:00.0, compute capability: 8.0
out shape: (1, 66, 66, 4)
file1: test_imgs/pan/71.tif shape: (264, 264)
file2: test_imgs/ms/71.tif shape: (66, 66, 4)
2021-12-05 08:01:26.804301: I tensorflow/core/common_runtime/gpu/gpu_device.cc:1525] Created device /job:localhost/replica:0/task:0/device:GPU:0 with 78874 MB memory:  -> device: 0, name: NVIDIA A100 80GB PCIe, pci bus id: 0000:27:00.0, compute capability: 8.0
out shape: (1, 66, 66, 4)
file1: test_imgs/pan/72.tif shape: (264, 264)
file2: test_imgs/ms/72.tif shape: (66, 66, 4)
2021-12-05 08:01:27.019505: I tensorflow/core/common_runtime/gpu/gpu_device.cc:1525] Created device /job:localhost/replica:0/task:0/device:GPU:0 with 78874 MB memory:  -> device: 0, name: NVIDIA A100 80GB PCIe, pci bus id: 0000:27:00.0, compute capability: 8.0
out shape: (1, 66, 66, 4)
file1: test_imgs/pan/73.tif shape: (264, 264)
file2: test_imgs/ms/73.tif shape: (66, 66, 4)
2021-12-05 08:01:27.227723: I tensorflow/core/common_runtime/gpu/gpu_device.cc:1525] Created device /job:localhost/replica:0/task:0/device:GPU:0 with 78874 MB memory:  -> device: 0, name: NVIDIA A100 80GB PCIe, pci bus id: 0000:27:00.0, compute capability: 8.0
out shape: (1, 66, 66, 4)
file1: test_imgs/pan/74.tif shape: (264, 264)
file2: test_imgs/ms/74.tif shape: (66, 66, 4)
2021-12-05 08:01:27.435141: I tensorflow/core/common_runtime/gpu/gpu_device.cc:1525] Created device /job:localhost/replica:0/task:0/device:GPU:0 with 78874 MB memory:  -> device: 0, name: NVIDIA A100 80GB PCIe, pci bus id: 0000:27:00.0, compute capability: 8.0
out shape: (1, 66, 66, 4)
file1: test_imgs/pan/75.tif shape: (264, 264)
file2: test_imgs/ms/75.tif shape: (66, 66, 4)
2021-12-05 08:01:27.647264: I tensorflow/core/common_runtime/gpu/gpu_device.cc:1525] Created device /job:localhost/replica:0/task:0/device:GPU:0 with 78874 MB memory:  -> device: 0, name: NVIDIA A100 80GB PCIe, pci bus id: 0000:27:00.0, compute capability: 8.0
out shape: (1, 66, 66, 4)
file1: test_imgs/pan/76.tif shape: (264, 264)
file2: test_imgs/ms/76.tif shape: (66, 66, 4)
2021-12-05 08:01:27.859123: I tensorflow/core/common_runtime/gpu/gpu_device.cc:1525] Created device /job:localhost/replica:0/task:0/device:GPU:0 with 78874 MB memory:  -> device: 0, name: NVIDIA A100 80GB PCIe, pci bus id: 0000:27:00.0, compute capability: 8.0
out shape: (1, 66, 66, 4)
file1: test_imgs/pan/77.tif shape: (264, 264)
file2: test_imgs/ms/77.tif shape: (66, 66, 4)
2021-12-05 08:01:28.217691: I tensorflow/core/common_runtime/gpu/gpu_device.cc:1525] Created device /job:localhost/replica:0/task:0/device:GPU:0 with 78874 MB memory:  -> device: 0, name: NVIDIA A100 80GB PCIe, pci bus id: 0000:27:00.0, compute capability: 8.0
out shape: (1, 66, 66, 4)
file1: test_imgs/pan/78.tif shape: (264, 264)
file2: test_imgs/ms/78.tif shape: (66, 66, 4)
2021-12-05 08:01:28.438280: I tensorflow/core/common_runtime/gpu/gpu_device.cc:1525] Created device /job:localhost/replica:0/task:0/device:GPU:0 with 78874 MB memory:  -> device: 0, name: NVIDIA A100 80GB PCIe, pci bus id: 0000:27:00.0, compute capability: 8.0
out shape: (1, 66, 66, 4)
file1: test_imgs/pan/79.tif shape: (264, 264)
file2: test_imgs/ms/79.tif shape: (66, 66, 4)
2021-12-05 08:01:28.647006: I tensorflow/core/common_runtime/gpu/gpu_device.cc:1525] Created device /job:localhost/replica:0/task:0/device:GPU:0 with 78874 MB memory:  -> device: 0, name: NVIDIA A100 80GB PCIe, pci bus id: 0000:27:00.0, compute capability: 8.0
out shape: (1, 66, 66, 4)
file1: test_imgs/pan/80.tif shape: (264, 264)
file2: test_imgs/ms/80.tif shape: (66, 66, 4)
2021-12-05 08:01:28.855410: I tensorflow/core/common_runtime/gpu/gpu_device.cc:1525] Created device /job:localhost/replica:0/task:0/device:GPU:0 with 78874 MB memory:  -> device: 0, name: NVIDIA A100 80GB PCIe, pci bus id: 0000:27:00.0, compute capability: 8.0
out shape: (1, 66, 66, 4)
file1: test_imgs/pan/81.tif shape: (264, 264)
file2: test_imgs/ms/81.tif shape: (66, 66, 4)
2021-12-05 08:01:29.060350: I tensorflow/core/common_runtime/gpu/gpu_device.cc:1525] Created device /job:localhost/replica:0/task:0/device:GPU:0 with 78874 MB memory:  -> device: 0, name: NVIDIA A100 80GB PCIe, pci bus id: 0000:27:00.0, compute capability: 8.0
out shape: (1, 66, 66, 4)
file1: test_imgs/pan/82.tif shape: (264, 264)
file2: test_imgs/ms/82.tif shape: (66, 66, 4)
2021-12-05 08:01:29.268846: I tensorflow/core/common_runtime/gpu/gpu_device.cc:1525] Created device /job:localhost/replica:0/task:0/device:GPU:0 with 78874 MB memory:  -> device: 0, name: NVIDIA A100 80GB PCIe, pci bus id: 0000:27:00.0, compute capability: 8.0
out shape: (1, 66, 66, 4)
file1: test_imgs/pan/83.tif shape: (264, 264)
file2: test_imgs/ms/83.tif shape: (66, 66, 4)
2021-12-05 08:01:29.477759: I tensorflow/core/common_runtime/gpu/gpu_device.cc:1525] Created device /job:localhost/replica:0/task:0/device:GPU:0 with 78874 MB memory:  -> device: 0, name: NVIDIA A100 80GB PCIe, pci bus id: 0000:27:00.0, compute capability: 8.0
out shape: (1, 66, 66, 4)
file1: test_imgs/pan/84.tif shape: (264, 264)
file2: test_imgs/ms/84.tif shape: (66, 66, 4)
2021-12-05 08:01:29.685827: I tensorflow/core/common_runtime/gpu/gpu_device.cc:1525] Created device /job:localhost/replica:0/task:0/device:GPU:0 with 78874 MB memory:  -> device: 0, name: NVIDIA A100 80GB PCIe, pci bus id: 0000:27:00.0, compute capability: 8.0
out shape: (1, 66, 66, 4)
file1: test_imgs/pan/85.tif shape: (264, 264)
file2: test_imgs/ms/85.tif shape: (66, 66, 4)
2021-12-05 08:01:29.900715: I tensorflow/core/common_runtime/gpu/gpu_device.cc:1525] Created device /job:localhost/replica:0/task:0/device:GPU:0 with 78874 MB memory:  -> device: 0, name: NVIDIA A100 80GB PCIe, pci bus id: 0000:27:00.0, compute capability: 8.0
out shape: (1, 66, 66, 4)
file1: test_imgs/pan/86.tif shape: (264, 264)
file2: test_imgs/ms/86.tif shape: (66, 66, 4)
2021-12-05 08:01:30.107536: I tensorflow/core/common_runtime/gpu/gpu_device.cc:1525] Created device /job:localhost/replica:0/task:0/device:GPU:0 with 78874 MB memory:  -> device: 0, name: NVIDIA A100 80GB PCIe, pci bus id: 0000:27:00.0, compute capability: 8.0
out shape: (1, 66, 66, 4)
file1: test_imgs/pan/87.tif shape: (264, 264)
file2: test_imgs/ms/87.tif shape: (66, 66, 4)
2021-12-05 08:01:30.312894: I tensorflow/core/common_runtime/gpu/gpu_device.cc:1525] Created device /job:localhost/replica:0/task:0/device:GPU:0 with 78874 MB memory:  -> device: 0, name: NVIDIA A100 80GB PCIe, pci bus id: 0000:27:00.0, compute capability: 8.0
out shape: (1, 66, 66, 4)
file1: test_imgs/pan/88.tif shape: (264, 264)
file2: test_imgs/ms/88.tif shape: (66, 66, 4)
2021-12-05 08:01:30.514806: I tensorflow/core/common_runtime/gpu/gpu_device.cc:1525] Created device /job:localhost/replica:0/task:0/device:GPU:0 with 78874 MB memory:  -> device: 0, name: NVIDIA A100 80GB PCIe, pci bus id: 0000:27:00.0, compute capability: 8.0
out shape: (1, 66, 66, 4)
file1: test_imgs/pan/89.tif shape: (264, 264)
file2: test_imgs/ms/89.tif shape: (66, 66, 4)
2021-12-05 08:01:30.730976: I tensorflow/core/common_runtime/gpu/gpu_device.cc:1525] Created device /job:localhost/replica:0/task:0/device:GPU:0 with 78874 MB memory:  -> device: 0, name: NVIDIA A100 80GB PCIe, pci bus id: 0000:27:00.0, compute capability: 8.0
out shape: (1, 66, 66, 4)
file1: test_imgs/pan/90.tif shape: (264, 264)
file2: test_imgs/ms/90.tif shape: (66, 66, 4)
2021-12-05 08:01:30.934472: I tensorflow/core/common_runtime/gpu/gpu_device.cc:1525] Created device /job:localhost/replica:0/task:0/device:GPU:0 with 78874 MB memory:  -> device: 0, name: NVIDIA A100 80GB PCIe, pci bus id: 0000:27:00.0, compute capability: 8.0
out shape: (1, 66, 66, 4)
file1: test_imgs/pan/91.tif shape: (264, 264)
file2: test_imgs/ms/91.tif shape: (66, 66, 4)
2021-12-05 08:01:31.139059: I tensorflow/core/common_runtime/gpu/gpu_device.cc:1525] Created device /job:localhost/replica:0/task:0/device:GPU:0 with 78874 MB memory:  -> device: 0, name: NVIDIA A100 80GB PCIe, pci bus id: 0000:27:00.0, compute capability: 8.0
out shape: (1, 66, 66, 4)
file1: test_imgs/pan/92.tif shape: (264, 264)
file2: test_imgs/ms/92.tif shape: (66, 66, 4)
2021-12-05 08:01:31.355157: I tensorflow/core/common_runtime/gpu/gpu_device.cc:1525] Created device /job:localhost/replica:0/task:0/device:GPU:0 with 78874 MB memory:  -> device: 0, name: NVIDIA A100 80GB PCIe, pci bus id: 0000:27:00.0, compute capability: 8.0
out shape: (1, 66, 66, 4)
file1: test_imgs/pan/93.tif shape: (264, 264)
file2: test_imgs/ms/93.tif shape: (66, 66, 4)
2021-12-05 08:01:31.559074: I tensorflow/core/common_runtime/gpu/gpu_device.cc:1525] Created device /job:localhost/replica:0/task:0/device:GPU:0 with 78874 MB memory:  -> device: 0, name: NVIDIA A100 80GB PCIe, pci bus id: 0000:27:00.0, compute capability: 8.0
out shape: (1, 66, 66, 4)
file1: test_imgs/pan/94.tif shape: (264, 264)
file2: test_imgs/ms/94.tif shape: (66, 66, 4)
2021-12-05 08:01:31.770406: I tensorflow/core/common_runtime/gpu/gpu_device.cc:1525] Created device /job:localhost/replica:0/task:0/device:GPU:0 with 78874 MB memory:  -> device: 0, name: NVIDIA A100 80GB PCIe, pci bus id: 0000:27:00.0, compute capability: 8.0
out shape: (1, 66, 66, 4)
file1: test_imgs/pan/95.tif shape: (264, 264)
file2: test_imgs/ms/95.tif shape: (66, 66, 4)
2021-12-05 08:01:31.972013: I tensorflow/core/common_runtime/gpu/gpu_device.cc:1525] Created device /job:localhost/replica:0/task:0/device:GPU:0 with 78874 MB memory:  -> device: 0, name: NVIDIA A100 80GB PCIe, pci bus id: 0000:27:00.0, compute capability: 8.0
out shape: (1, 66, 66, 4)
file1: test_imgs/pan/96.tif shape: (264, 264)
file2: test_imgs/ms/96.tif shape: (66, 66, 4)
2021-12-05 08:01:32.182501: I tensorflow/core/common_runtime/gpu/gpu_device.cc:1525] Created device /job:localhost/replica:0/task:0/device:GPU:0 with 78874 MB memory:  -> device: 0, name: NVIDIA A100 80GB PCIe, pci bus id: 0000:27:00.0, compute capability: 8.0
out shape: (1, 66, 66, 4)
file1: test_imgs/pan/97.tif shape: (264, 264)
file2: test_imgs/ms/97.tif shape: (66, 66, 4)
2021-12-05 08:01:32.394590: I tensorflow/core/common_runtime/gpu/gpu_device.cc:1525] Created device /job:localhost/replica:0/task:0/device:GPU:0 with 78874 MB memory:  -> device: 0, name: NVIDIA A100 80GB PCIe, pci bus id: 0000:27:00.0, compute capability: 8.0
out shape: (1, 66, 66, 4)
file1: test_imgs/pan/98.tif shape: (264, 264)
file2: test_imgs/ms/98.tif shape: (66, 66, 4)
2021-12-05 08:01:32.596882: I tensorflow/core/common_runtime/gpu/gpu_device.cc:1525] Created device /job:localhost/replica:0/task:0/device:GPU:0 with 78874 MB memory:  -> device: 0, name: NVIDIA A100 80GB PCIe, pci bus id: 0000:27:00.0, compute capability: 8.0
out shape: (1, 66, 66, 4)
file1: test_imgs/pan/99.tif shape: (264, 264)
file2: test_imgs/ms/99.tif shape: (66, 66, 4)
2021-12-05 08:01:32.806215: I tensorflow/core/common_runtime/gpu/gpu_device.cc:1525] Created device /job:localhost/replica:0/task:0/device:GPU:0 with 78874 MB memory:  -> device: 0, name: NVIDIA A100 80GB PCIe, pci bus id: 0000:27:00.0, compute capability: 8.0
out shape: (1, 66, 66, 4)
file1: test_imgs/pan/100.tif shape: (264, 264)
file2: test_imgs/ms/100.tif shape: (66, 66, 4)
2021-12-05 08:01:33.009760: I tensorflow/core/common_runtime/gpu/gpu_device.cc:1525] Created device /job:localhost/replica:0/task:0/device:GPU:0 with 78874 MB memory:  -> device: 0, name: NVIDIA A100 80GB PCIe, pci bus id: 0000:27:00.0, compute capability: 8.0
out shape: (1, 66, 66, 4)
