WARNING:tensorflow:From /usr/local/lib/python3.8/dist-packages/tensorflow/python/compat/v2_compat.py:111: disable_resource_variables (from tensorflow.python.ops.variable_scope) is deprecated and will be removed in a future version.
Instructions for updating:
non-resource variables are not supported in the long term
spec_diff.py:45: DeprecationWarning:     `imread` is deprecated!
    `imread` is deprecated in SciPy 1.0.0, and will be removed in 1.2.0.
    Use ``imageio.imread`` instead.
  pan = imread(file_name1) / dr
spec_diff.py:46: DeprecationWarning:     `imread` is deprecated!
    `imread` is deprecated in SciPy 1.0.0, and will be removed in 1.2.0.
    Use ``imageio.imread`` instead.
  ms = imread(file_name2) / dr
file1: test_imgs/pan/1.png shape: (264, 264)
file2: test_imgs/ms/1.tif shape: (66, 66, 4)
2021-12-03 09:34:02.927830: I tensorflow/core/platform/cpu_feature_guard.cc:151] This TensorFlow binary is optimized with oneAPI Deep Neural Network Library (oneDNN) to use the following CPU instructions in performance-critical operations:  AVX2 FMA
To enable them in other operations, rebuild TensorFlow with the appropriate compiler flags.
2021-12-03 09:34:03.490704: I tensorflow/core/common_runtime/gpu/gpu_device.cc:1525] Created device /job:localhost/replica:0/task:0/device:GPU:0 with 78874 MB memory:  -> device: 0, name: NVIDIA A100 80GB PCIe, pci bus id: 0000:27:00.0, compute capability: 8.0
out shape: (1, 66, 66, 4)
2021-12-03 09:34:05.177543: I tensorflow/stream_executor/cuda/cuda_dnn.cc:366] Loaded cuDNN version 8301
Traceback (most recent call last):
  File "spec_diff.py", line 102, in <module>
    main()
  File "spec_diff.py", line 46, in main
    ms = imread(file_name2) / dr
  File "/home/nhsmt1123/.local/lib/python3.8/site-packages/numpy/lib/utils.py", line 97, in newfunc
    return func(*args, **kwds)
  File "/home/nhsmt1123/.local/lib/python3.8/site-packages/scipy/misc/pilutil.py", line 164, in imread
    im = Image.open(name)
  File "/home/nhsmt1123/.local/lib/python3.8/site-packages/PIL/Image.py", line 3030, in open
    raise UnidentifiedImageError(
PIL.UnidentifiedImageError: cannot identify image file 'test_imgs/ms/2.tif'
WARNING:tensorflow:From /usr/local/lib/python3.8/dist-packages/tensorflow/python/compat/v2_compat.py:111: disable_resource_variables (from tensorflow.python.ops.variable_scope) is deprecated and will be removed in a future version.
Instructions for updating:
non-resource variables are not supported in the long term
Traceback (most recent call last):
  File "spec_diff.py", line 18, in <module>
    import rasterio
ModuleNotFoundError: No module named 'rasterio'
WARNING:tensorflow:From /usr/local/lib/python3.8/dist-packages/tensorflow/python/compat/v2_compat.py:111: disable_resource_variables (from tensorflow.python.ops.variable_scope) is deprecated and will be removed in a future version.
Instructions for updating:
non-resource variables are not supported in the long term
file1: test_imgs/pan/1.tif shape: (264, 264)
file2: test_imgs/ms/1.tif shape: (66, 66, 4)
2021-12-03 11:42:57.417760: I tensorflow/core/platform/cpu_feature_guard.cc:151] This TensorFlow binary is optimized with oneAPI Deep Neural Network Library (oneDNN) to use the following CPU instructions in performance-critical operations:  AVX2 FMA
To enable them in other operations, rebuild TensorFlow with the appropriate compiler flags.
2021-12-03 11:42:57.976867: I tensorflow/core/common_runtime/gpu/gpu_device.cc:1525] Created device /job:localhost/replica:0/task:0/device:GPU:0 with 78874 MB memory:  -> device: 0, name: NVIDIA A100 80GB PCIe, pci bus id: 0000:27:00.0, compute capability: 8.0
out shape: (1, 66, 66, 4)
2021-12-03 11:42:59.639563: I tensorflow/stream_executor/cuda/cuda_dnn.cc:366] Loaded cuDNN version 8301
file1: test_imgs/pan/2.tif shape: (264, 264)
file2: test_imgs/ms/2.tif shape: (66, 66, 4)
2021-12-03 11:43:00.773574: I tensorflow/core/common_runtime/gpu/gpu_device.cc:1525] Created device /job:localhost/replica:0/task:0/device:GPU:0 with 78874 MB memory:  -> device: 0, name: NVIDIA A100 80GB PCIe, pci bus id: 0000:27:00.0, compute capability: 8.0
out shape: (1, 66, 66, 4)
file1: test_imgs/pan/3.tif shape: (264, 264)
file2: test_imgs/ms/3.tif shape: (66, 66, 4)
2021-12-03 11:43:00.990388: I tensorflow/core/common_runtime/gpu/gpu_device.cc:1525] Created device /job:localhost/replica:0/task:0/device:GPU:0 with 78874 MB memory:  -> device: 0, name: NVIDIA A100 80GB PCIe, pci bus id: 0000:27:00.0, compute capability: 8.0
out shape: (1, 66, 66, 4)
file1: test_imgs/pan/4.tif shape: (264, 264)
file2: test_imgs/ms/4.tif shape: (66, 66, 4)
2021-12-03 11:43:01.200681: I tensorflow/core/common_runtime/gpu/gpu_device.cc:1525] Created device /job:localhost/replica:0/task:0/device:GPU:0 with 78874 MB memory:  -> device: 0, name: NVIDIA A100 80GB PCIe, pci bus id: 0000:27:00.0, compute capability: 8.0
out shape: (1, 66, 66, 4)
file1: test_imgs/pan/5.tif shape: (264, 264)
file2: test_imgs/ms/5.tif shape: (66, 66, 4)
2021-12-03 11:43:01.412086: I tensorflow/core/common_runtime/gpu/gpu_device.cc:1525] Created device /job:localhost/replica:0/task:0/device:GPU:0 with 78874 MB memory:  -> device: 0, name: NVIDIA A100 80GB PCIe, pci bus id: 0000:27:00.0, compute capability: 8.0
out shape: (1, 66, 66, 4)
file1: test_imgs/pan/6.tif shape: (264, 264)
file2: test_imgs/ms/6.tif shape: (66, 66, 4)
2021-12-03 11:43:01.624102: I tensorflow/core/common_runtime/gpu/gpu_device.cc:1525] Created device /job:localhost/replica:0/task:0/device:GPU:0 with 78874 MB memory:  -> device: 0, name: NVIDIA A100 80GB PCIe, pci bus id: 0000:27:00.0, compute capability: 8.0
out shape: (1, 66, 66, 4)
file1: test_imgs/pan/7.tif shape: (264, 264)
file2: test_imgs/ms/7.tif shape: (66, 66, 4)
2021-12-03 11:43:01.844356: I tensorflow/core/common_runtime/gpu/gpu_device.cc:1525] Created device /job:localhost/replica:0/task:0/device:GPU:0 with 78874 MB memory:  -> device: 0, name: NVIDIA A100 80GB PCIe, pci bus id: 0000:27:00.0, compute capability: 8.0
out shape: (1, 66, 66, 4)
file1: test_imgs/pan/8.tif shape: (264, 264)
file2: test_imgs/ms/8.tif shape: (66, 66, 4)
2021-12-03 11:43:02.056464: I tensorflow/core/common_runtime/gpu/gpu_device.cc:1525] Created device /job:localhost/replica:0/task:0/device:GPU:0 with 78874 MB memory:  -> device: 0, name: NVIDIA A100 80GB PCIe, pci bus id: 0000:27:00.0, compute capability: 8.0
out shape: (1, 66, 66, 4)
file1: test_imgs/pan/9.tif shape: (264, 264)
file2: test_imgs/ms/9.tif shape: (66, 66, 4)
2021-12-03 11:43:02.267618: I tensorflow/core/common_runtime/gpu/gpu_device.cc:1525] Created device /job:localhost/replica:0/task:0/device:GPU:0 with 78874 MB memory:  -> device: 0, name: NVIDIA A100 80GB PCIe, pci bus id: 0000:27:00.0, compute capability: 8.0
out shape: (1, 66, 66, 4)
file1: test_imgs/pan/10.tif shape: (264, 264)
file2: test_imgs/ms/10.tif shape: (66, 66, 4)
2021-12-03 11:43:02.484923: I tensorflow/core/common_runtime/gpu/gpu_device.cc:1525] Created device /job:localhost/replica:0/task:0/device:GPU:0 with 78874 MB memory:  -> device: 0, name: NVIDIA A100 80GB PCIe, pci bus id: 0000:27:00.0, compute capability: 8.0
out shape: (1, 66, 66, 4)
file1: test_imgs/pan/11.tif shape: (264, 264)
file2: test_imgs/ms/11.tif shape: (66, 66, 4)
2021-12-03 11:43:02.704098: I tensorflow/core/common_runtime/gpu/gpu_device.cc:1525] Created device /job:localhost/replica:0/task:0/device:GPU:0 with 78874 MB memory:  -> device: 0, name: NVIDIA A100 80GB PCIe, pci bus id: 0000:27:00.0, compute capability: 8.0
out shape: (1, 66, 66, 4)
file1: test_imgs/pan/12.tif shape: (264, 264)
file2: test_imgs/ms/12.tif shape: (66, 66, 4)
2021-12-03 11:43:02.918065: I tensorflow/core/common_runtime/gpu/gpu_device.cc:1525] Created device /job:localhost/replica:0/task:0/device:GPU:0 with 78874 MB memory:  -> device: 0, name: NVIDIA A100 80GB PCIe, pci bus id: 0000:27:00.0, compute capability: 8.0
out shape: (1, 66, 66, 4)
file1: test_imgs/pan/13.tif shape: (264, 264)
file2: test_imgs/ms/13.tif shape: (66, 66, 4)
2021-12-03 11:43:03.136422: I tensorflow/core/common_runtime/gpu/gpu_device.cc:1525] Created device /job:localhost/replica:0/task:0/device:GPU:0 with 78874 MB memory:  -> device: 0, name: NVIDIA A100 80GB PCIe, pci bus id: 0000:27:00.0, compute capability: 8.0
out shape: (1, 66, 66, 4)
file1: test_imgs/pan/14.tif shape: (264, 264)
file2: test_imgs/ms/14.tif shape: (66, 66, 4)
2021-12-03 11:43:03.352738: I tensorflow/core/common_runtime/gpu/gpu_device.cc:1525] Created device /job:localhost/replica:0/task:0/device:GPU:0 with 78874 MB memory:  -> device: 0, name: NVIDIA A100 80GB PCIe, pci bus id: 0000:27:00.0, compute capability: 8.0
out shape: (1, 66, 66, 4)
file1: test_imgs/pan/15.tif shape: (264, 264)
file2: test_imgs/ms/15.tif shape: (66, 66, 4)
2021-12-03 11:43:03.575204: I tensorflow/core/common_runtime/gpu/gpu_device.cc:1525] Created device /job:localhost/replica:0/task:0/device:GPU:0 with 78874 MB memory:  -> device: 0, name: NVIDIA A100 80GB PCIe, pci bus id: 0000:27:00.0, compute capability: 8.0
out shape: (1, 66, 66, 4)
file1: test_imgs/pan/16.tif shape: (264, 264)
file2: test_imgs/ms/16.tif shape: (66, 66, 4)
2021-12-03 11:43:03.792421: I tensorflow/core/common_runtime/gpu/gpu_device.cc:1525] Created device /job:localhost/replica:0/task:0/device:GPU:0 with 78874 MB memory:  -> device: 0, name: NVIDIA A100 80GB PCIe, pci bus id: 0000:27:00.0, compute capability: 8.0
out shape: (1, 66, 66, 4)
file1: test_imgs/pan/17.tif shape: (264, 264)
file2: test_imgs/ms/17.tif shape: (66, 66, 4)
2021-12-03 11:43:04.009193: I tensorflow/core/common_runtime/gpu/gpu_device.cc:1525] Created device /job:localhost/replica:0/task:0/device:GPU:0 with 78874 MB memory:  -> device: 0, name: NVIDIA A100 80GB PCIe, pci bus id: 0000:27:00.0, compute capability: 8.0
out shape: (1, 66, 66, 4)
file1: test_imgs/pan/18.tif shape: (264, 264)
file2: test_imgs/ms/18.tif shape: (66, 66, 4)
2021-12-03 11:43:04.223244: I tensorflow/core/common_runtime/gpu/gpu_device.cc:1525] Created device /job:localhost/replica:0/task:0/device:GPU:0 with 78874 MB memory:  -> device: 0, name: NVIDIA A100 80GB PCIe, pci bus id: 0000:27:00.0, compute capability: 8.0
out shape: (1, 66, 66, 4)
file1: test_imgs/pan/19.tif shape: (264, 264)
file2: test_imgs/ms/19.tif shape: (66, 66, 4)
2021-12-03 11:43:04.436441: I tensorflow/core/common_runtime/gpu/gpu_device.cc:1525] Created device /job:localhost/replica:0/task:0/device:GPU:0 with 78874 MB memory:  -> device: 0, name: NVIDIA A100 80GB PCIe, pci bus id: 0000:27:00.0, compute capability: 8.0
out shape: (1, 66, 66, 4)
file1: test_imgs/pan/20.tif shape: (264, 264)
file2: test_imgs/ms/20.tif shape: (66, 66, 4)
2021-12-03 11:43:04.651638: I tensorflow/core/common_runtime/gpu/gpu_device.cc:1525] Created device /job:localhost/replica:0/task:0/device:GPU:0 with 78874 MB memory:  -> device: 0, name: NVIDIA A100 80GB PCIe, pci bus id: 0000:27:00.0, compute capability: 8.0
out shape: (1, 66, 66, 4)
file1: test_imgs/pan/21.tif shape: (264, 264)
file2: test_imgs/ms/21.tif shape: (66, 66, 4)
2021-12-03 11:43:04.858680: I tensorflow/core/common_runtime/gpu/gpu_device.cc:1525] Created device /job:localhost/replica:0/task:0/device:GPU:0 with 78874 MB memory:  -> device: 0, name: NVIDIA A100 80GB PCIe, pci bus id: 0000:27:00.0, compute capability: 8.0
out shape: (1, 66, 66, 4)
file1: test_imgs/pan/22.tif shape: (264, 264)
file2: test_imgs/ms/22.tif shape: (66, 66, 4)
2021-12-03 11:43:05.068520: I tensorflow/core/common_runtime/gpu/gpu_device.cc:1525] Created device /job:localhost/replica:0/task:0/device:GPU:0 with 78874 MB memory:  -> device: 0, name: NVIDIA A100 80GB PCIe, pci bus id: 0000:27:00.0, compute capability: 8.0
out shape: (1, 66, 66, 4)
file1: test_imgs/pan/23.tif shape: (264, 264)
file2: test_imgs/ms/23.tif shape: (66, 66, 4)
2021-12-03 11:43:05.285316: I tensorflow/core/common_runtime/gpu/gpu_device.cc:1525] Created device /job:localhost/replica:0/task:0/device:GPU:0 with 78874 MB memory:  -> device: 0, name: NVIDIA A100 80GB PCIe, pci bus id: 0000:27:00.0, compute capability: 8.0
out shape: (1, 66, 66, 4)
file1: test_imgs/pan/24.tif shape: (264, 264)
file2: test_imgs/ms/24.tif shape: (66, 66, 4)
2021-12-03 11:43:05.496787: I tensorflow/core/common_runtime/gpu/gpu_device.cc:1525] Created device /job:localhost/replica:0/task:0/device:GPU:0 with 78874 MB memory:  -> device: 0, name: NVIDIA A100 80GB PCIe, pci bus id: 0000:27:00.0, compute capability: 8.0
out shape: (1, 66, 66, 4)
file1: test_imgs/pan/25.tif shape: (264, 264)
file2: test_imgs/ms/25.tif shape: (66, 66, 4)
2021-12-03 11:43:05.717581: I tensorflow/core/common_runtime/gpu/gpu_device.cc:1525] Created device /job:localhost/replica:0/task:0/device:GPU:0 with 78874 MB memory:  -> device: 0, name: NVIDIA A100 80GB PCIe, pci bus id: 0000:27:00.0, compute capability: 8.0
out shape: (1, 66, 66, 4)
file1: test_imgs/pan/26.tif shape: (264, 264)
file2: test_imgs/ms/26.tif shape: (66, 66, 4)
2021-12-03 11:43:06.075638: I tensorflow/core/common_runtime/gpu/gpu_device.cc:1525] Created device /job:localhost/replica:0/task:0/device:GPU:0 with 78874 MB memory:  -> device: 0, name: NVIDIA A100 80GB PCIe, pci bus id: 0000:27:00.0, compute capability: 8.0
out shape: (1, 66, 66, 4)
file1: test_imgs/pan/27.tif shape: (264, 264)
file2: test_imgs/ms/27.tif shape: (66, 66, 4)
2021-12-03 11:43:06.292470: I tensorflow/core/common_runtime/gpu/gpu_device.cc:1525] Created device /job:localhost/replica:0/task:0/device:GPU:0 with 78874 MB memory:  -> device: 0, name: NVIDIA A100 80GB PCIe, pci bus id: 0000:27:00.0, compute capability: 8.0
out shape: (1, 66, 66, 4)
file1: test_imgs/pan/28.tif shape: (264, 264)
file2: test_imgs/ms/28.tif shape: (66, 66, 4)
2021-12-03 11:43:06.501352: I tensorflow/core/common_runtime/gpu/gpu_device.cc:1525] Created device /job:localhost/replica:0/task:0/device:GPU:0 with 78874 MB memory:  -> device: 0, name: NVIDIA A100 80GB PCIe, pci bus id: 0000:27:00.0, compute capability: 8.0
out shape: (1, 66, 66, 4)
file1: test_imgs/pan/29.tif shape: (264, 264)
file2: test_imgs/ms/29.tif shape: (66, 66, 4)
2021-12-03 11:43:06.710655: I tensorflow/core/common_runtime/gpu/gpu_device.cc:1525] Created device /job:localhost/replica:0/task:0/device:GPU:0 with 78874 MB memory:  -> device: 0, name: NVIDIA A100 80GB PCIe, pci bus id: 0000:27:00.0, compute capability: 8.0
out shape: (1, 66, 66, 4)
file1: test_imgs/pan/30.tif shape: (264, 264)
file2: test_imgs/ms/30.tif shape: (66, 66, 4)
2021-12-03 11:43:06.923985: I tensorflow/core/common_runtime/gpu/gpu_device.cc:1525] Created device /job:localhost/replica:0/task:0/device:GPU:0 with 78874 MB memory:  -> device: 0, name: NVIDIA A100 80GB PCIe, pci bus id: 0000:27:00.0, compute capability: 8.0
out shape: (1, 66, 66, 4)
file1: test_imgs/pan/31.tif shape: (264, 264)
file2: test_imgs/ms/31.tif shape: (66, 66, 4)
2021-12-03 11:43:07.149320: I tensorflow/core/common_runtime/gpu/gpu_device.cc:1525] Created device /job:localhost/replica:0/task:0/device:GPU:0 with 78874 MB memory:  -> device: 0, name: NVIDIA A100 80GB PCIe, pci bus id: 0000:27:00.0, compute capability: 8.0
out shape: (1, 66, 66, 4)
file1: test_imgs/pan/32.tif shape: (264, 264)
file2: test_imgs/ms/32.tif shape: (66, 66, 4)
2021-12-03 11:43:07.362358: I tensorflow/core/common_runtime/gpu/gpu_device.cc:1525] Created device /job:localhost/replica:0/task:0/device:GPU:0 with 78874 MB memory:  -> device: 0, name: NVIDIA A100 80GB PCIe, pci bus id: 0000:27:00.0, compute capability: 8.0
out shape: (1, 66, 66, 4)
file1: test_imgs/pan/33.tif shape: (264, 264)
file2: test_imgs/ms/33.tif shape: (66, 66, 4)
2021-12-03 11:43:07.583269: I tensorflow/core/common_runtime/gpu/gpu_device.cc:1525] Created device /job:localhost/replica:0/task:0/device:GPU:0 with 78874 MB memory:  -> device: 0, name: NVIDIA A100 80GB PCIe, pci bus id: 0000:27:00.0, compute capability: 8.0
out shape: (1, 66, 66, 4)
file1: test_imgs/pan/34.tif shape: (264, 264)
file2: test_imgs/ms/34.tif shape: (66, 66, 4)
2021-12-03 11:43:07.797189: I tensorflow/core/common_runtime/gpu/gpu_device.cc:1525] Created device /job:localhost/replica:0/task:0/device:GPU:0 with 78874 MB memory:  -> device: 0, name: NVIDIA A100 80GB PCIe, pci bus id: 0000:27:00.0, compute capability: 8.0
out shape: (1, 66, 66, 4)
file1: test_imgs/pan/35.tif shape: (264, 264)
file2: test_imgs/ms/35.tif shape: (66, 66, 4)
2021-12-03 11:43:08.010590: I tensorflow/core/common_runtime/gpu/gpu_device.cc:1525] Created device /job:localhost/replica:0/task:0/device:GPU:0 with 78874 MB memory:  -> device: 0, name: NVIDIA A100 80GB PCIe, pci bus id: 0000:27:00.0, compute capability: 8.0
out shape: (1, 66, 66, 4)
file1: test_imgs/pan/36.tif shape: (264, 264)
file2: test_imgs/ms/36.tif shape: (66, 66, 4)
2021-12-03 11:43:08.224512: I tensorflow/core/common_runtime/gpu/gpu_device.cc:1525] Created device /job:localhost/replica:0/task:0/device:GPU:0 with 78874 MB memory:  -> device: 0, name: NVIDIA A100 80GB PCIe, pci bus id: 0000:27:00.0, compute capability: 8.0
out shape: (1, 66, 66, 4)
file1: test_imgs/pan/37.tif shape: (264, 264)
file2: test_imgs/ms/37.tif shape: (66, 66, 4)
2021-12-03 11:43:08.441607: I tensorflow/core/common_runtime/gpu/gpu_device.cc:1525] Created device /job:localhost/replica:0/task:0/device:GPU:0 with 78874 MB memory:  -> device: 0, name: NVIDIA A100 80GB PCIe, pci bus id: 0000:27:00.0, compute capability: 8.0
out shape: (1, 66, 66, 4)
file1: test_imgs/pan/38.tif shape: (264, 264)
file2: test_imgs/ms/38.tif shape: (66, 66, 4)
2021-12-03 11:43:08.661149: I tensorflow/core/common_runtime/gpu/gpu_device.cc:1525] Created device /job:localhost/replica:0/task:0/device:GPU:0 with 78874 MB memory:  -> device: 0, name: NVIDIA A100 80GB PCIe, pci bus id: 0000:27:00.0, compute capability: 8.0
out shape: (1, 66, 66, 4)
file1: test_imgs/pan/39.tif shape: (264, 264)
file2: test_imgs/ms/39.tif shape: (66, 66, 4)
2021-12-03 11:43:08.879244: I tensorflow/core/common_runtime/gpu/gpu_device.cc:1525] Created device /job:localhost/replica:0/task:0/device:GPU:0 with 78874 MB memory:  -> device: 0, name: NVIDIA A100 80GB PCIe, pci bus id: 0000:27:00.0, compute capability: 8.0
out shape: (1, 66, 66, 4)
file1: test_imgs/pan/40.tif shape: (264, 264)
file2: test_imgs/ms/40.tif shape: (66, 66, 4)
2021-12-03 11:43:09.086140: I tensorflow/core/common_runtime/gpu/gpu_device.cc:1525] Created device /job:localhost/replica:0/task:0/device:GPU:0 with 78874 MB memory:  -> device: 0, name: NVIDIA A100 80GB PCIe, pci bus id: 0000:27:00.0, compute capability: 8.0
out shape: (1, 66, 66, 4)
file1: test_imgs/pan/41.tif shape: (264, 264)
file2: test_imgs/ms/41.tif shape: (66, 66, 4)
2021-12-03 11:43:09.296953: I tensorflow/core/common_runtime/gpu/gpu_device.cc:1525] Created device /job:localhost/replica:0/task:0/device:GPU:0 with 78874 MB memory:  -> device: 0, name: NVIDIA A100 80GB PCIe, pci bus id: 0000:27:00.0, compute capability: 8.0
out shape: (1, 66, 66, 4)
file1: test_imgs/pan/42.tif shape: (264, 264)
file2: test_imgs/ms/42.tif shape: (66, 66, 4)
2021-12-03 11:43:09.503503: I tensorflow/core/common_runtime/gpu/gpu_device.cc:1525] Created device /job:localhost/replica:0/task:0/device:GPU:0 with 78874 MB memory:  -> device: 0, name: NVIDIA A100 80GB PCIe, pci bus id: 0000:27:00.0, compute capability: 8.0
out shape: (1, 66, 66, 4)
file1: test_imgs/pan/43.tif shape: (264, 264)
file2: test_imgs/ms/43.tif shape: (66, 66, 4)
2021-12-03 11:43:09.723034: I tensorflow/core/common_runtime/gpu/gpu_device.cc:1525] Created device /job:localhost/replica:0/task:0/device:GPU:0 with 78874 MB memory:  -> device: 0, name: NVIDIA A100 80GB PCIe, pci bus id: 0000:27:00.0, compute capability: 8.0
out shape: (1, 66, 66, 4)
file1: test_imgs/pan/44.tif shape: (264, 264)
file2: test_imgs/ms/44.tif shape: (66, 66, 4)
2021-12-03 11:43:09.937033: I tensorflow/core/common_runtime/gpu/gpu_device.cc:1525] Created device /job:localhost/replica:0/task:0/device:GPU:0 with 78874 MB memory:  -> device: 0, name: NVIDIA A100 80GB PCIe, pci bus id: 0000:27:00.0, compute capability: 8.0
out shape: (1, 66, 66, 4)
file1: test_imgs/pan/45.tif shape: (264, 264)
file2: test_imgs/ms/45.tif shape: (66, 66, 4)
2021-12-03 11:43:10.152295: I tensorflow/core/common_runtime/gpu/gpu_device.cc:1525] Created device /job:localhost/replica:0/task:0/device:GPU:0 with 78874 MB memory:  -> device: 0, name: NVIDIA A100 80GB PCIe, pci bus id: 0000:27:00.0, compute capability: 8.0
out shape: (1, 66, 66, 4)
file1: test_imgs/pan/46.tif shape: (264, 264)
file2: test_imgs/ms/46.tif shape: (66, 66, 4)
2021-12-03 11:43:10.374940: I tensorflow/core/common_runtime/gpu/gpu_device.cc:1525] Created device /job:localhost/replica:0/task:0/device:GPU:0 with 78874 MB memory:  -> device: 0, name: NVIDIA A100 80GB PCIe, pci bus id: 0000:27:00.0, compute capability: 8.0
out shape: (1, 66, 66, 4)
file1: test_imgs/pan/47.tif shape: (264, 264)
file2: test_imgs/ms/47.tif shape: (66, 66, 4)
2021-12-03 11:43:10.590797: I tensorflow/core/common_runtime/gpu/gpu_device.cc:1525] Created device /job:localhost/replica:0/task:0/device:GPU:0 with 78874 MB memory:  -> device: 0, name: NVIDIA A100 80GB PCIe, pci bus id: 0000:27:00.0, compute capability: 8.0
out shape: (1, 66, 66, 4)
file1: test_imgs/pan/48.tif shape: (264, 264)
file2: test_imgs/ms/48.tif shape: (66, 66, 4)
2021-12-03 11:43:10.809721: I tensorflow/core/common_runtime/gpu/gpu_device.cc:1525] Created device /job:localhost/replica:0/task:0/device:GPU:0 with 78874 MB memory:  -> device: 0, name: NVIDIA A100 80GB PCIe, pci bus id: 0000:27:00.0, compute capability: 8.0
out shape: (1, 66, 66, 4)
file1: test_imgs/pan/49.tif shape: (264, 264)
file2: test_imgs/ms/49.tif shape: (66, 66, 4)
2021-12-03 11:43:11.028949: I tensorflow/core/common_runtime/gpu/gpu_device.cc:1525] Created device /job:localhost/replica:0/task:0/device:GPU:0 with 78874 MB memory:  -> device: 0, name: NVIDIA A100 80GB PCIe, pci bus id: 0000:27:00.0, compute capability: 8.0
out shape: (1, 66, 66, 4)
file1: test_imgs/pan/50.tif shape: (264, 264)
file2: test_imgs/ms/50.tif shape: (66, 66, 4)
2021-12-03 11:43:11.241704: I tensorflow/core/common_runtime/gpu/gpu_device.cc:1525] Created device /job:localhost/replica:0/task:0/device:GPU:0 with 78874 MB memory:  -> device: 0, name: NVIDIA A100 80GB PCIe, pci bus id: 0000:27:00.0, compute capability: 8.0
out shape: (1, 66, 66, 4)
file1: test_imgs/pan/51.tif shape: (264, 264)
file2: test_imgs/ms/51.tif shape: (66, 66, 4)
2021-12-03 11:43:11.458612: I tensorflow/core/common_runtime/gpu/gpu_device.cc:1525] Created device /job:localhost/replica:0/task:0/device:GPU:0 with 78874 MB memory:  -> device: 0, name: NVIDIA A100 80GB PCIe, pci bus id: 0000:27:00.0, compute capability: 8.0
out shape: (1, 66, 66, 4)
file1: test_imgs/pan/52.tif shape: (264, 264)
file2: test_imgs/ms/52.tif shape: (66, 66, 4)
2021-12-03 11:43:11.798102: I tensorflow/core/common_runtime/gpu/gpu_device.cc:1525] Created device /job:localhost/replica:0/task:0/device:GPU:0 with 78874 MB memory:  -> device: 0, name: NVIDIA A100 80GB PCIe, pci bus id: 0000:27:00.0, compute capability: 8.0
out shape: (1, 66, 66, 4)
file1: test_imgs/pan/53.tif shape: (264, 264)
file2: test_imgs/ms/53.tif shape: (66, 66, 4)
2021-12-03 11:43:12.015526: I tensorflow/core/common_runtime/gpu/gpu_device.cc:1525] Created device /job:localhost/replica:0/task:0/device:GPU:0 with 78874 MB memory:  -> device: 0, name: NVIDIA A100 80GB PCIe, pci bus id: 0000:27:00.0, compute capability: 8.0
out shape: (1, 66, 66, 4)
file1: test_imgs/pan/54.tif shape: (264, 264)
file2: test_imgs/ms/54.tif shape: (66, 66, 4)
2021-12-03 11:43:12.238361: I tensorflow/core/common_runtime/gpu/gpu_device.cc:1525] Created device /job:localhost/replica:0/task:0/device:GPU:0 with 78874 MB memory:  -> device: 0, name: NVIDIA A100 80GB PCIe, pci bus id: 0000:27:00.0, compute capability: 8.0
out shape: (1, 66, 66, 4)
file1: test_imgs/pan/55.tif shape: (264, 264)
file2: test_imgs/ms/55.tif shape: (66, 66, 4)
2021-12-03 11:43:12.459156: I tensorflow/core/common_runtime/gpu/gpu_device.cc:1525] Created device /job:localhost/replica:0/task:0/device:GPU:0 with 78874 MB memory:  -> device: 0, name: NVIDIA A100 80GB PCIe, pci bus id: 0000:27:00.0, compute capability: 8.0
out shape: (1, 66, 66, 4)
file1: test_imgs/pan/56.tif shape: (264, 264)
file2: test_imgs/ms/56.tif shape: (66, 66, 4)
2021-12-03 11:43:12.683156: I tensorflow/core/common_runtime/gpu/gpu_device.cc:1525] Created device /job:localhost/replica:0/task:0/device:GPU:0 with 78874 MB memory:  -> device: 0, name: NVIDIA A100 80GB PCIe, pci bus id: 0000:27:00.0, compute capability: 8.0
out shape: (1, 66, 66, 4)
file1: test_imgs/pan/57.tif shape: (264, 264)
file2: test_imgs/ms/57.tif shape: (66, 66, 4)
2021-12-03 11:43:12.906115: I tensorflow/core/common_runtime/gpu/gpu_device.cc:1525] Created device /job:localhost/replica:0/task:0/device:GPU:0 with 78874 MB memory:  -> device: 0, name: NVIDIA A100 80GB PCIe, pci bus id: 0000:27:00.0, compute capability: 8.0
out shape: (1, 66, 66, 4)
file1: test_imgs/pan/58.tif shape: (264, 264)
file2: test_imgs/ms/58.tif shape: (66, 66, 4)
2021-12-03 11:43:13.115898: I tensorflow/core/common_runtime/gpu/gpu_device.cc:1525] Created device /job:localhost/replica:0/task:0/device:GPU:0 with 78874 MB memory:  -> device: 0, name: NVIDIA A100 80GB PCIe, pci bus id: 0000:27:00.0, compute capability: 8.0
out shape: (1, 66, 66, 4)
file1: test_imgs/pan/59.tif shape: (264, 264)
file2: test_imgs/ms/59.tif shape: (66, 66, 4)
2021-12-03 11:43:13.334793: I tensorflow/core/common_runtime/gpu/gpu_device.cc:1525] Created device /job:localhost/replica:0/task:0/device:GPU:0 with 78874 MB memory:  -> device: 0, name: NVIDIA A100 80GB PCIe, pci bus id: 0000:27:00.0, compute capability: 8.0
out shape: (1, 66, 66, 4)
file1: test_imgs/pan/60.tif shape: (264, 264)
file2: test_imgs/ms/60.tif shape: (66, 66, 4)
2021-12-03 11:43:13.563693: I tensorflow/core/common_runtime/gpu/gpu_device.cc:1525] Created device /job:localhost/replica:0/task:0/device:GPU:0 with 78874 MB memory:  -> device: 0, name: NVIDIA A100 80GB PCIe, pci bus id: 0000:27:00.0, compute capability: 8.0
out shape: (1, 66, 66, 4)
file1: test_imgs/pan/61.tif shape: (264, 264)
file2: test_imgs/ms/61.tif shape: (66, 66, 4)
2021-12-03 11:43:13.785512: I tensorflow/core/common_runtime/gpu/gpu_device.cc:1525] Created device /job:localhost/replica:0/task:0/device:GPU:0 with 78874 MB memory:  -> device: 0, name: NVIDIA A100 80GB PCIe, pci bus id: 0000:27:00.0, compute capability: 8.0
out shape: (1, 66, 66, 4)
file1: test_imgs/pan/62.tif shape: (264, 264)
file2: test_imgs/ms/62.tif shape: (66, 66, 4)
2021-12-03 11:43:14.005453: I tensorflow/core/common_runtime/gpu/gpu_device.cc:1525] Created device /job:localhost/replica:0/task:0/device:GPU:0 with 78874 MB memory:  -> device: 0, name: NVIDIA A100 80GB PCIe, pci bus id: 0000:27:00.0, compute capability: 8.0
out shape: (1, 66, 66, 4)
file1: test_imgs/pan/63.tif shape: (264, 264)
file2: test_imgs/ms/63.tif shape: (66, 66, 4)
2021-12-03 11:43:14.229193: I tensorflow/core/common_runtime/gpu/gpu_device.cc:1525] Created device /job:localhost/replica:0/task:0/device:GPU:0 with 78874 MB memory:  -> device: 0, name: NVIDIA A100 80GB PCIe, pci bus id: 0000:27:00.0, compute capability: 8.0
out shape: (1, 66, 66, 4)
file1: test_imgs/pan/64.tif shape: (264, 264)
file2: test_imgs/ms/64.tif shape: (66, 66, 4)
2021-12-03 11:43:14.459359: I tensorflow/core/common_runtime/gpu/gpu_device.cc:1525] Created device /job:localhost/replica:0/task:0/device:GPU:0 with 78874 MB memory:  -> device: 0, name: NVIDIA A100 80GB PCIe, pci bus id: 0000:27:00.0, compute capability: 8.0
out shape: (1, 66, 66, 4)
file1: test_imgs/pan/65.tif shape: (264, 264)
file2: test_imgs/ms/65.tif shape: (66, 66, 4)
2021-12-03 11:43:14.693806: I tensorflow/core/common_runtime/gpu/gpu_device.cc:1525] Created device /job:localhost/replica:0/task:0/device:GPU:0 with 78874 MB memory:  -> device: 0, name: NVIDIA A100 80GB PCIe, pci bus id: 0000:27:00.0, compute capability: 8.0
out shape: (1, 66, 66, 4)
file1: test_imgs/pan/66.tif shape: (264, 264)
file2: test_imgs/ms/66.tif shape: (66, 66, 4)
2021-12-03 11:43:14.914355: I tensorflow/core/common_runtime/gpu/gpu_device.cc:1525] Created device /job:localhost/replica:0/task:0/device:GPU:0 with 78874 MB memory:  -> device: 0, name: NVIDIA A100 80GB PCIe, pci bus id: 0000:27:00.0, compute capability: 8.0
out shape: (1, 66, 66, 4)
file1: test_imgs/pan/67.tif shape: (264, 264)
file2: test_imgs/ms/67.tif shape: (66, 66, 4)
2021-12-03 11:43:15.133216: I tensorflow/core/common_runtime/gpu/gpu_device.cc:1525] Created device /job:localhost/replica:0/task:0/device:GPU:0 with 78874 MB memory:  -> device: 0, name: NVIDIA A100 80GB PCIe, pci bus id: 0000:27:00.0, compute capability: 8.0
out shape: (1, 66, 66, 4)
file1: test_imgs/pan/68.tif shape: (264, 264)
file2: test_imgs/ms/68.tif shape: (66, 66, 4)
2021-12-03 11:43:15.360180: I tensorflow/core/common_runtime/gpu/gpu_device.cc:1525] Created device /job:localhost/replica:0/task:0/device:GPU:0 with 78874 MB memory:  -> device: 0, name: NVIDIA A100 80GB PCIe, pci bus id: 0000:27:00.0, compute capability: 8.0
out shape: (1, 66, 66, 4)
file1: test_imgs/pan/69.tif shape: (264, 264)
file2: test_imgs/ms/69.tif shape: (66, 66, 4)
2021-12-03 11:43:15.587558: I tensorflow/core/common_runtime/gpu/gpu_device.cc:1525] Created device /job:localhost/replica:0/task:0/device:GPU:0 with 78874 MB memory:  -> device: 0, name: NVIDIA A100 80GB PCIe, pci bus id: 0000:27:00.0, compute capability: 8.0
out shape: (1, 66, 66, 4)
file1: test_imgs/pan/70.tif shape: (264, 264)
file2: test_imgs/ms/70.tif shape: (66, 66, 4)
2021-12-03 11:43:15.808538: I tensorflow/core/common_runtime/gpu/gpu_device.cc:1525] Created device /job:localhost/replica:0/task:0/device:GPU:0 with 78874 MB memory:  -> device: 0, name: NVIDIA A100 80GB PCIe, pci bus id: 0000:27:00.0, compute capability: 8.0
out shape: (1, 66, 66, 4)
file1: test_imgs/pan/71.tif shape: (264, 264)
file2: test_imgs/ms/71.tif shape: (66, 66, 4)
2021-12-03 11:43:16.030561: I tensorflow/core/common_runtime/gpu/gpu_device.cc:1525] Created device /job:localhost/replica:0/task:0/device:GPU:0 with 78874 MB memory:  -> device: 0, name: NVIDIA A100 80GB PCIe, pci bus id: 0000:27:00.0, compute capability: 8.0
out shape: (1, 66, 66, 4)
file1: test_imgs/pan/72.tif shape: (264, 264)
file2: test_imgs/ms/72.tif shape: (66, 66, 4)
2021-12-03 11:43:16.253375: I tensorflow/core/common_runtime/gpu/gpu_device.cc:1525] Created device /job:localhost/replica:0/task:0/device:GPU:0 with 78874 MB memory:  -> device: 0, name: NVIDIA A100 80GB PCIe, pci bus id: 0000:27:00.0, compute capability: 8.0
out shape: (1, 66, 66, 4)
file1: test_imgs/pan/73.tif shape: (264, 264)
file2: test_imgs/ms/73.tif shape: (66, 66, 4)
2021-12-03 11:43:16.468668: I tensorflow/core/common_runtime/gpu/gpu_device.cc:1525] Created device /job:localhost/replica:0/task:0/device:GPU:0 with 78874 MB memory:  -> device: 0, name: NVIDIA A100 80GB PCIe, pci bus id: 0000:27:00.0, compute capability: 8.0
out shape: (1, 66, 66, 4)
file1: test_imgs/pan/74.tif shape: (264, 264)
file2: test_imgs/ms/74.tif shape: (66, 66, 4)
2021-12-03 11:43:16.683205: I tensorflow/core/common_runtime/gpu/gpu_device.cc:1525] Created device /job:localhost/replica:0/task:0/device:GPU:0 with 78874 MB memory:  -> device: 0, name: NVIDIA A100 80GB PCIe, pci bus id: 0000:27:00.0, compute capability: 8.0
out shape: (1, 66, 66, 4)
file1: test_imgs/pan/75.tif shape: (264, 264)
file2: test_imgs/ms/75.tif shape: (66, 66, 4)
2021-12-03 11:43:16.911201: I tensorflow/core/common_runtime/gpu/gpu_device.cc:1525] Created device /job:localhost/replica:0/task:0/device:GPU:0 with 78874 MB memory:  -> device: 0, name: NVIDIA A100 80GB PCIe, pci bus id: 0000:27:00.0, compute capability: 8.0
out shape: (1, 66, 66, 4)
file1: test_imgs/pan/76.tif shape: (264, 264)
file2: test_imgs/ms/76.tif shape: (66, 66, 4)
2021-12-03 11:43:17.152337: I tensorflow/core/common_runtime/gpu/gpu_device.cc:1525] Created device /job:localhost/replica:0/task:0/device:GPU:0 with 78874 MB memory:  -> device: 0, name: NVIDIA A100 80GB PCIe, pci bus id: 0000:27:00.0, compute capability: 8.0
out shape: (1, 66, 66, 4)
file1: test_imgs/pan/77.tif shape: (264, 264)
file2: test_imgs/ms/77.tif shape: (66, 66, 4)
2021-12-03 11:43:17.514830: I tensorflow/core/common_runtime/gpu/gpu_device.cc:1525] Created device /job:localhost/replica:0/task:0/device:GPU:0 with 78874 MB memory:  -> device: 0, name: NVIDIA A100 80GB PCIe, pci bus id: 0000:27:00.0, compute capability: 8.0
out shape: (1, 66, 66, 4)
file1: test_imgs/pan/78.tif shape: (264, 264)
file2: test_imgs/ms/78.tif shape: (66, 66, 4)
2021-12-03 11:43:17.739583: I tensorflow/core/common_runtime/gpu/gpu_device.cc:1525] Created device /job:localhost/replica:0/task:0/device:GPU:0 with 78874 MB memory:  -> device: 0, name: NVIDIA A100 80GB PCIe, pci bus id: 0000:27:00.0, compute capability: 8.0
out shape: (1, 66, 66, 4)
file1: test_imgs/pan/79.tif shape: (264, 264)
file2: test_imgs/ms/79.tif shape: (66, 66, 4)
2021-12-03 11:43:17.965958: I tensorflow/core/common_runtime/gpu/gpu_device.cc:1525] Created device /job:localhost/replica:0/task:0/device:GPU:0 with 78874 MB memory:  -> device: 0, name: NVIDIA A100 80GB PCIe, pci bus id: 0000:27:00.0, compute capability: 8.0
out shape: (1, 66, 66, 4)
file1: test_imgs/pan/80.tif shape: (264, 264)
file2: test_imgs/ms/80.tif shape: (66, 66, 4)
2021-12-03 11:43:18.188260: I tensorflow/core/common_runtime/gpu/gpu_device.cc:1525] Created device /job:localhost/replica:0/task:0/device:GPU:0 with 78874 MB memory:  -> device: 0, name: NVIDIA A100 80GB PCIe, pci bus id: 0000:27:00.0, compute capability: 8.0
out shape: (1, 66, 66, 4)
file1: test_imgs/pan/81.tif shape: (264, 264)
file2: test_imgs/ms/81.tif shape: (66, 66, 4)
2021-12-03 11:43:18.406794: I tensorflow/core/common_runtime/gpu/gpu_device.cc:1525] Created device /job:localhost/replica:0/task:0/device:GPU:0 with 78874 MB memory:  -> device: 0, name: NVIDIA A100 80GB PCIe, pci bus id: 0000:27:00.0, compute capability: 8.0
out shape: (1, 66, 66, 4)
file1: test_imgs/pan/82.tif shape: (264, 264)
file2: test_imgs/ms/82.tif shape: (66, 66, 4)
2021-12-03 11:43:18.630352: I tensorflow/core/common_runtime/gpu/gpu_device.cc:1525] Created device /job:localhost/replica:0/task:0/device:GPU:0 with 78874 MB memory:  -> device: 0, name: NVIDIA A100 80GB PCIe, pci bus id: 0000:27:00.0, compute capability: 8.0
out shape: (1, 66, 66, 4)
file1: test_imgs/pan/83.tif shape: (264, 264)
file2: test_imgs/ms/83.tif shape: (66, 66, 4)
2021-12-03 11:43:18.845429: I tensorflow/core/common_runtime/gpu/gpu_device.cc:1525] Created device /job:localhost/replica:0/task:0/device:GPU:0 with 78874 MB memory:  -> device: 0, name: NVIDIA A100 80GB PCIe, pci bus id: 0000:27:00.0, compute capability: 8.0
out shape: (1, 66, 66, 4)
file1: test_imgs/pan/84.tif shape: (264, 264)
file2: test_imgs/ms/84.tif shape: (66, 66, 4)
2021-12-03 11:43:19.063620: I tensorflow/core/common_runtime/gpu/gpu_device.cc:1525] Created device /job:localhost/replica:0/task:0/device:GPU:0 with 78874 MB memory:  -> device: 0, name: NVIDIA A100 80GB PCIe, pci bus id: 0000:27:00.0, compute capability: 8.0
out shape: (1, 66, 66, 4)
file1: test_imgs/pan/85.tif shape: (264, 264)
file2: test_imgs/ms/85.tif shape: (66, 66, 4)
2021-12-03 11:43:19.285793: I tensorflow/core/common_runtime/gpu/gpu_device.cc:1525] Created device /job:localhost/replica:0/task:0/device:GPU:0 with 78874 MB memory:  -> device: 0, name: NVIDIA A100 80GB PCIe, pci bus id: 0000:27:00.0, compute capability: 8.0
out shape: (1, 66, 66, 4)
file1: test_imgs/pan/86.tif shape: (264, 264)
file2: test_imgs/ms/86.tif shape: (66, 66, 4)
2021-12-03 11:43:19.505294: I tensorflow/core/common_runtime/gpu/gpu_device.cc:1525] Created device /job:localhost/replica:0/task:0/device:GPU:0 with 78874 MB memory:  -> device: 0, name: NVIDIA A100 80GB PCIe, pci bus id: 0000:27:00.0, compute capability: 8.0
out shape: (1, 66, 66, 4)
file1: test_imgs/pan/87.tif shape: (264, 264)
file2: test_imgs/ms/87.tif shape: (66, 66, 4)
2021-12-03 11:43:19.715751: I tensorflow/core/common_runtime/gpu/gpu_device.cc:1525] Created device /job:localhost/replica:0/task:0/device:GPU:0 with 78874 MB memory:  -> device: 0, name: NVIDIA A100 80GB PCIe, pci bus id: 0000:27:00.0, compute capability: 8.0
out shape: (1, 66, 66, 4)
file1: test_imgs/pan/88.tif shape: (264, 264)
file2: test_imgs/ms/88.tif shape: (66, 66, 4)
2021-12-03 11:43:19.937062: I tensorflow/core/common_runtime/gpu/gpu_device.cc:1525] Created device /job:localhost/replica:0/task:0/device:GPU:0 with 78874 MB memory:  -> device: 0, name: NVIDIA A100 80GB PCIe, pci bus id: 0000:27:00.0, compute capability: 8.0
out shape: (1, 66, 66, 4)
file1: test_imgs/pan/89.tif shape: (264, 264)
file2: test_imgs/ms/89.tif shape: (66, 66, 4)
2021-12-03 11:43:20.155362: I tensorflow/core/common_runtime/gpu/gpu_device.cc:1525] Created device /job:localhost/replica:0/task:0/device:GPU:0 with 78874 MB memory:  -> device: 0, name: NVIDIA A100 80GB PCIe, pci bus id: 0000:27:00.0, compute capability: 8.0
out shape: (1, 66, 66, 4)
file1: test_imgs/pan/90.tif shape: (264, 264)
file2: test_imgs/ms/90.tif shape: (66, 66, 4)
2021-12-03 11:43:20.373278: I tensorflow/core/common_runtime/gpu/gpu_device.cc:1525] Created device /job:localhost/replica:0/task:0/device:GPU:0 with 78874 MB memory:  -> device: 0, name: NVIDIA A100 80GB PCIe, pci bus id: 0000:27:00.0, compute capability: 8.0
out shape: (1, 66, 66, 4)
file1: test_imgs/pan/91.tif shape: (264, 264)
file2: test_imgs/ms/91.tif shape: (66, 66, 4)
2021-12-03 11:43:20.589019: I tensorflow/core/common_runtime/gpu/gpu_device.cc:1525] Created device /job:localhost/replica:0/task:0/device:GPU:0 with 78874 MB memory:  -> device: 0, name: NVIDIA A100 80GB PCIe, pci bus id: 0000:27:00.0, compute capability: 8.0
out shape: (1, 66, 66, 4)
file1: test_imgs/pan/92.tif shape: (264, 264)
file2: test_imgs/ms/92.tif shape: (66, 66, 4)
2021-12-03 11:43:20.807689: I tensorflow/core/common_runtime/gpu/gpu_device.cc:1525] Created device /job:localhost/replica:0/task:0/device:GPU:0 with 78874 MB memory:  -> device: 0, name: NVIDIA A100 80GB PCIe, pci bus id: 0000:27:00.0, compute capability: 8.0
out shape: (1, 66, 66, 4)
file1: test_imgs/pan/93.tif shape: (264, 264)
file2: test_imgs/ms/93.tif shape: (66, 66, 4)
2021-12-03 11:43:21.023581: I tensorflow/core/common_runtime/gpu/gpu_device.cc:1525] Created device /job:localhost/replica:0/task:0/device:GPU:0 with 78874 MB memory:  -> device: 0, name: NVIDIA A100 80GB PCIe, pci bus id: 0000:27:00.0, compute capability: 8.0
out shape: (1, 66, 66, 4)
file1: test_imgs/pan/94.tif shape: (264, 264)
file2: test_imgs/ms/94.tif shape: (66, 66, 4)
2021-12-03 11:43:21.236675: I tensorflow/core/common_runtime/gpu/gpu_device.cc:1525] Created device /job:localhost/replica:0/task:0/device:GPU:0 with 78874 MB memory:  -> device: 0, name: NVIDIA A100 80GB PCIe, pci bus id: 0000:27:00.0, compute capability: 8.0
out shape: (1, 66, 66, 4)
file1: test_imgs/pan/95.tif shape: (264, 264)
file2: test_imgs/ms/95.tif shape: (66, 66, 4)
2021-12-03 11:43:21.456691: I tensorflow/core/common_runtime/gpu/gpu_device.cc:1525] Created device /job:localhost/replica:0/task:0/device:GPU:0 with 78874 MB memory:  -> device: 0, name: NVIDIA A100 80GB PCIe, pci bus id: 0000:27:00.0, compute capability: 8.0
out shape: (1, 66, 66, 4)
file1: test_imgs/pan/96.tif shape: (264, 264)
file2: test_imgs/ms/96.tif shape: (66, 66, 4)
2021-12-03 11:43:21.682539: I tensorflow/core/common_runtime/gpu/gpu_device.cc:1525] Created device /job:localhost/replica:0/task:0/device:GPU:0 with 78874 MB memory:  -> device: 0, name: NVIDIA A100 80GB PCIe, pci bus id: 0000:27:00.0, compute capability: 8.0
out shape: (1, 66, 66, 4)
file1: test_imgs/pan/97.tif shape: (264, 264)
file2: test_imgs/ms/97.tif shape: (66, 66, 4)
2021-12-03 11:43:21.899397: I tensorflow/core/common_runtime/gpu/gpu_device.cc:1525] Created device /job:localhost/replica:0/task:0/device:GPU:0 with 78874 MB memory:  -> device: 0, name: NVIDIA A100 80GB PCIe, pci bus id: 0000:27:00.0, compute capability: 8.0
out shape: (1, 66, 66, 4)
file1: test_imgs/pan/98.tif shape: (264, 264)
file2: test_imgs/ms/98.tif shape: (66, 66, 4)
2021-12-03 11:43:22.126388: I tensorflow/core/common_runtime/gpu/gpu_device.cc:1525] Created device /job:localhost/replica:0/task:0/device:GPU:0 with 78874 MB memory:  -> device: 0, name: NVIDIA A100 80GB PCIe, pci bus id: 0000:27:00.0, compute capability: 8.0
out shape: (1, 66, 66, 4)
file1: test_imgs/pan/99.tif shape: (264, 264)
file2: test_imgs/ms/99.tif shape: (66, 66, 4)
2021-12-03 11:43:22.352314: I tensorflow/core/common_runtime/gpu/gpu_device.cc:1525] Created device /job:localhost/replica:0/task:0/device:GPU:0 with 78874 MB memory:  -> device: 0, name: NVIDIA A100 80GB PCIe, pci bus id: 0000:27:00.0, compute capability: 8.0
out shape: (1, 66, 66, 4)
file1: test_imgs/pan/100.tif shape: (264, 264)
file2: test_imgs/ms/100.tif shape: (66, 66, 4)
2021-12-03 11:43:22.568603: I tensorflow/core/common_runtime/gpu/gpu_device.cc:1525] Created device /job:localhost/replica:0/task:0/device:GPU:0 with 78874 MB memory:  -> device: 0, name: NVIDIA A100 80GB PCIe, pci bus id: 0000:27:00.0, compute capability: 8.0
out shape: (1, 66, 66, 4)
