WARNING:tensorflow:From /usr/local/lib/python3.8/dist-packages/tensorflow/python/compat/v2_compat.py:111: disable_resource_variables (from tensorflow.python.ops.variable_scope) is deprecated and will be removed in a future version.
Instructions for updating:
non-resource variables are not supported in the long term
file1: test_imgs/pan_test/1.tif shape: (264, 264)
file2: test_imgs/ms_test/1.tif shape: (66, 66, 4)
2021-12-06 02:13:06.633307: I tensorflow/core/platform/cpu_feature_guard.cc:151] This TensorFlow binary is optimized with oneAPI Deep Neural Network Library (oneDNN) to use the following CPU instructions in performance-critical operations:  AVX2 FMA
To enable them in other operations, rebuild TensorFlow with the appropriate compiler flags.
2021-12-06 02:13:07.185816: I tensorflow/core/common_runtime/gpu/gpu_device.cc:1525] Created device /job:localhost/replica:0/task:0/device:GPU:0 with 78874 MB memory:  -> device: 0, name: NVIDIA A100 80GB PCIe, pci bus id: 0000:27:00.0, compute capability: 8.0
out shape: (1, 66, 66, 4)
2021-12-06 02:13:08.864448: I tensorflow/stream_executor/cuda/cuda_dnn.cc:366] Loaded cuDNN version 8301
file1: test_imgs/pan_test/2.tif shape: (264, 264)
file2: test_imgs/ms_test/2.tif shape: (66, 66, 4)
2021-12-06 02:13:09.995187: I tensorflow/core/common_runtime/gpu/gpu_device.cc:1525] Created device /job:localhost/replica:0/task:0/device:GPU:0 with 78874 MB memory:  -> device: 0, name: NVIDIA A100 80GB PCIe, pci bus id: 0000:27:00.0, compute capability: 8.0
out shape: (1, 66, 66, 4)
file1: test_imgs/pan_test/3.tif shape: (264, 264)
file2: test_imgs/ms_test/3.tif shape: (66, 66, 4)
2021-12-06 02:13:10.215224: I tensorflow/core/common_runtime/gpu/gpu_device.cc:1525] Created device /job:localhost/replica:0/task:0/device:GPU:0 with 78874 MB memory:  -> device: 0, name: NVIDIA A100 80GB PCIe, pci bus id: 0000:27:00.0, compute capability: 8.0
out shape: (1, 66, 66, 4)
file1: test_imgs/pan_test/4.tif shape: (264, 264)
file2: test_imgs/ms_test/4.tif shape: (66, 66, 4)
2021-12-06 02:13:10.432598: I tensorflow/core/common_runtime/gpu/gpu_device.cc:1525] Created device /job:localhost/replica:0/task:0/device:GPU:0 with 78874 MB memory:  -> device: 0, name: NVIDIA A100 80GB PCIe, pci bus id: 0000:27:00.0, compute capability: 8.0
out shape: (1, 66, 66, 4)
file1: test_imgs/pan_test/5.tif shape: (264, 264)
file2: test_imgs/ms_test/5.tif shape: (66, 66, 4)
2021-12-06 02:13:10.644138: I tensorflow/core/common_runtime/gpu/gpu_device.cc:1525] Created device /job:localhost/replica:0/task:0/device:GPU:0 with 78874 MB memory:  -> device: 0, name: NVIDIA A100 80GB PCIe, pci bus id: 0000:27:00.0, compute capability: 8.0
out shape: (1, 66, 66, 4)
file1: test_imgs/pan_test/6.tif shape: (264, 264)
file2: test_imgs/ms_test/6.tif shape: (66, 66, 4)
2021-12-06 02:13:10.849014: I tensorflow/core/common_runtime/gpu/gpu_device.cc:1525] Created device /job:localhost/replica:0/task:0/device:GPU:0 with 78874 MB memory:  -> device: 0, name: NVIDIA A100 80GB PCIe, pci bus id: 0000:27:00.0, compute capability: 8.0
out shape: (1, 66, 66, 4)
file1: test_imgs/pan_test/7.tif shape: (264, 264)
file2: test_imgs/ms_test/7.tif shape: (66, 66, 4)
2021-12-06 02:13:11.054974: I tensorflow/core/common_runtime/gpu/gpu_device.cc:1525] Created device /job:localhost/replica:0/task:0/device:GPU:0 with 78874 MB memory:  -> device: 0, name: NVIDIA A100 80GB PCIe, pci bus id: 0000:27:00.0, compute capability: 8.0
out shape: (1, 66, 66, 4)
file1: test_imgs/pan_test/8.tif shape: (264, 264)
file2: test_imgs/ms_test/8.tif shape: (66, 66, 4)
2021-12-06 02:13:11.281111: I tensorflow/core/common_runtime/gpu/gpu_device.cc:1525] Created device /job:localhost/replica:0/task:0/device:GPU:0 with 78874 MB memory:  -> device: 0, name: NVIDIA A100 80GB PCIe, pci bus id: 0000:27:00.0, compute capability: 8.0
out shape: (1, 66, 66, 4)
file1: test_imgs/pan_test/9.tif shape: (264, 264)
file2: test_imgs/ms_test/9.tif shape: (66, 66, 4)
2021-12-06 02:13:11.506600: I tensorflow/core/common_runtime/gpu/gpu_device.cc:1525] Created device /job:localhost/replica:0/task:0/device:GPU:0 with 78874 MB memory:  -> device: 0, name: NVIDIA A100 80GB PCIe, pci bus id: 0000:27:00.0, compute capability: 8.0
out shape: (1, 66, 66, 4)
file1: test_imgs/pan_test/10.tif shape: (264, 264)
file2: test_imgs/ms_test/10.tif shape: (66, 66, 4)
2021-12-06 02:13:11.736856: I tensorflow/core/common_runtime/gpu/gpu_device.cc:1525] Created device /job:localhost/replica:0/task:0/device:GPU:0 with 78874 MB memory:  -> device: 0, name: NVIDIA A100 80GB PCIe, pci bus id: 0000:27:00.0, compute capability: 8.0
out shape: (1, 66, 66, 4)
file1: test_imgs/pan_test/11.tif shape: (264, 264)
file2: test_imgs/ms_test/11.tif shape: (66, 66, 4)
2021-12-06 02:13:11.962960: I tensorflow/core/common_runtime/gpu/gpu_device.cc:1525] Created device /job:localhost/replica:0/task:0/device:GPU:0 with 78874 MB memory:  -> device: 0, name: NVIDIA A100 80GB PCIe, pci bus id: 0000:27:00.0, compute capability: 8.0
out shape: (1, 66, 66, 4)
file1: test_imgs/pan_test/12.tif shape: (264, 264)
file2: test_imgs/ms_test/12.tif shape: (66, 66, 4)
2021-12-06 02:13:12.177419: I tensorflow/core/common_runtime/gpu/gpu_device.cc:1525] Created device /job:localhost/replica:0/task:0/device:GPU:0 with 78874 MB memory:  -> device: 0, name: NVIDIA A100 80GB PCIe, pci bus id: 0000:27:00.0, compute capability: 8.0
out shape: (1, 66, 66, 4)
file1: test_imgs/pan_test/13.tif shape: (264, 264)
file2: test_imgs/ms_test/13.tif shape: (66, 66, 4)
2021-12-06 02:13:12.387230: I tensorflow/core/common_runtime/gpu/gpu_device.cc:1525] Created device /job:localhost/replica:0/task:0/device:GPU:0 with 78874 MB memory:  -> device: 0, name: NVIDIA A100 80GB PCIe, pci bus id: 0000:27:00.0, compute capability: 8.0
out shape: (1, 66, 66, 4)
file1: test_imgs/pan_test/14.tif shape: (264, 264)
file2: test_imgs/ms_test/14.tif shape: (66, 66, 4)
2021-12-06 02:13:12.594374: I tensorflow/core/common_runtime/gpu/gpu_device.cc:1525] Created device /job:localhost/replica:0/task:0/device:GPU:0 with 78874 MB memory:  -> device: 0, name: NVIDIA A100 80GB PCIe, pci bus id: 0000:27:00.0, compute capability: 8.0
out shape: (1, 66, 66, 4)
file1: test_imgs/pan_test/15.tif shape: (264, 264)
file2: test_imgs/ms_test/15.tif shape: (66, 66, 4)
2021-12-06 02:13:12.806148: I tensorflow/core/common_runtime/gpu/gpu_device.cc:1525] Created device /job:localhost/replica:0/task:0/device:GPU:0 with 78874 MB memory:  -> device: 0, name: NVIDIA A100 80GB PCIe, pci bus id: 0000:27:00.0, compute capability: 8.0
out shape: (1, 66, 66, 4)
file1: test_imgs/pan_test/16.tif shape: (264, 264)
file2: test_imgs/ms_test/16.tif shape: (66, 66, 4)
2021-12-06 02:13:13.021401: I tensorflow/core/common_runtime/gpu/gpu_device.cc:1525] Created device /job:localhost/replica:0/task:0/device:GPU:0 with 78874 MB memory:  -> device: 0, name: NVIDIA A100 80GB PCIe, pci bus id: 0000:27:00.0, compute capability: 8.0
out shape: (1, 66, 66, 4)
file1: test_imgs/pan_test/17.tif shape: (264, 264)
file2: test_imgs/ms_test/17.tif shape: (66, 66, 4)
2021-12-06 02:13:13.235380: I tensorflow/core/common_runtime/gpu/gpu_device.cc:1525] Created device /job:localhost/replica:0/task:0/device:GPU:0 with 78874 MB memory:  -> device: 0, name: NVIDIA A100 80GB PCIe, pci bus id: 0000:27:00.0, compute capability: 8.0
out shape: (1, 66, 66, 4)
file1: test_imgs/pan_test/18.tif shape: (264, 264)
file2: test_imgs/ms_test/18.tif shape: (66, 66, 4)
2021-12-06 02:13:13.445500: I tensorflow/core/common_runtime/gpu/gpu_device.cc:1525] Created device /job:localhost/replica:0/task:0/device:GPU:0 with 78874 MB memory:  -> device: 0, name: NVIDIA A100 80GB PCIe, pci bus id: 0000:27:00.0, compute capability: 8.0
out shape: (1, 66, 66, 4)
file1: test_imgs/pan_test/19.tif shape: (264, 264)
file2: test_imgs/ms_test/19.tif shape: (66, 66, 4)
2021-12-06 02:13:13.655024: I tensorflow/core/common_runtime/gpu/gpu_device.cc:1525] Created device /job:localhost/replica:0/task:0/device:GPU:0 with 78874 MB memory:  -> device: 0, name: NVIDIA A100 80GB PCIe, pci bus id: 0000:27:00.0, compute capability: 8.0
out shape: (1, 66, 66, 4)
file1: test_imgs/pan_test/20.tif shape: (264, 264)
file2: test_imgs/ms_test/20.tif shape: (66, 66, 4)
2021-12-06 02:13:13.872215: I tensorflow/core/common_runtime/gpu/gpu_device.cc:1525] Created device /job:localhost/replica:0/task:0/device:GPU:0 with 78874 MB memory:  -> device: 0, name: NVIDIA A100 80GB PCIe, pci bus id: 0000:27:00.0, compute capability: 8.0
out shape: (1, 66, 66, 4)
file1: test_imgs/pan_test/21.tif shape: (264, 264)
file2: test_imgs/ms_test/21.tif shape: (66, 66, 4)
2021-12-06 02:13:14.101161: I tensorflow/core/common_runtime/gpu/gpu_device.cc:1525] Created device /job:localhost/replica:0/task:0/device:GPU:0 with 78874 MB memory:  -> device: 0, name: NVIDIA A100 80GB PCIe, pci bus id: 0000:27:00.0, compute capability: 8.0
out shape: (1, 66, 66, 4)
file1: test_imgs/pan_test/22.tif shape: (264, 264)
file2: test_imgs/ms_test/22.tif shape: (66, 66, 4)
2021-12-06 02:13:14.327701: I tensorflow/core/common_runtime/gpu/gpu_device.cc:1525] Created device /job:localhost/replica:0/task:0/device:GPU:0 with 78874 MB memory:  -> device: 0, name: NVIDIA A100 80GB PCIe, pci bus id: 0000:27:00.0, compute capability: 8.0
out shape: (1, 66, 66, 4)
file1: test_imgs/pan_test/23.tif shape: (264, 264)
file2: test_imgs/ms_test/23.tif shape: (66, 66, 4)
2021-12-06 02:13:14.547652: I tensorflow/core/common_runtime/gpu/gpu_device.cc:1525] Created device /job:localhost/replica:0/task:0/device:GPU:0 with 78874 MB memory:  -> device: 0, name: NVIDIA A100 80GB PCIe, pci bus id: 0000:27:00.0, compute capability: 8.0
out shape: (1, 66, 66, 4)
file1: test_imgs/pan_test/24.tif shape: (264, 264)
file2: test_imgs/ms_test/24.tif shape: (66, 66, 4)
2021-12-06 02:13:14.766092: I tensorflow/core/common_runtime/gpu/gpu_device.cc:1525] Created device /job:localhost/replica:0/task:0/device:GPU:0 with 78874 MB memory:  -> device: 0, name: NVIDIA A100 80GB PCIe, pci bus id: 0000:27:00.0, compute capability: 8.0
out shape: (1, 66, 66, 4)
file1: test_imgs/pan_test/25.tif shape: (264, 264)
file2: test_imgs/ms_test/25.tif shape: (66, 66, 4)
2021-12-06 02:13:14.991339: I tensorflow/core/common_runtime/gpu/gpu_device.cc:1525] Created device /job:localhost/replica:0/task:0/device:GPU:0 with 78874 MB memory:  -> device: 0, name: NVIDIA A100 80GB PCIe, pci bus id: 0000:27:00.0, compute capability: 8.0
out shape: (1, 66, 66, 4)
file1: test_imgs/pan_test/26.tif shape: (264, 264)
file2: test_imgs/ms_test/26.tif shape: (66, 66, 4)
2021-12-06 02:13:15.461872: I tensorflow/core/common_runtime/gpu/gpu_device.cc:1525] Created device /job:localhost/replica:0/task:0/device:GPU:0 with 78874 MB memory:  -> device: 0, name: NVIDIA A100 80GB PCIe, pci bus id: 0000:27:00.0, compute capability: 8.0
out shape: (1, 66, 66, 4)
file1: test_imgs/pan_test/27.tif shape: (264, 264)
file2: test_imgs/ms_test/27.tif shape: (66, 66, 4)
2021-12-06 02:13:15.689466: I tensorflow/core/common_runtime/gpu/gpu_device.cc:1525] Created device /job:localhost/replica:0/task:0/device:GPU:0 with 78874 MB memory:  -> device: 0, name: NVIDIA A100 80GB PCIe, pci bus id: 0000:27:00.0, compute capability: 8.0
out shape: (1, 66, 66, 4)
file1: test_imgs/pan_test/28.tif shape: (264, 264)
file2: test_imgs/ms_test/28.tif shape: (66, 66, 4)
2021-12-06 02:13:15.913327: I tensorflow/core/common_runtime/gpu/gpu_device.cc:1525] Created device /job:localhost/replica:0/task:0/device:GPU:0 with 78874 MB memory:  -> device: 0, name: NVIDIA A100 80GB PCIe, pci bus id: 0000:27:00.0, compute capability: 8.0
out shape: (1, 66, 66, 4)
file1: test_imgs/pan_test/29.tif shape: (264, 264)
file2: test_imgs/ms_test/29.tif shape: (66, 66, 4)
2021-12-06 02:13:16.135618: I tensorflow/core/common_runtime/gpu/gpu_device.cc:1525] Created device /job:localhost/replica:0/task:0/device:GPU:0 with 78874 MB memory:  -> device: 0, name: NVIDIA A100 80GB PCIe, pci bus id: 0000:27:00.0, compute capability: 8.0
out shape: (1, 66, 66, 4)
file1: test_imgs/pan_test/30.tif shape: (264, 264)
file2: test_imgs/ms_test/30.tif shape: (66, 66, 4)
2021-12-06 02:13:16.358490: I tensorflow/core/common_runtime/gpu/gpu_device.cc:1525] Created device /job:localhost/replica:0/task:0/device:GPU:0 with 78874 MB memory:  -> device: 0, name: NVIDIA A100 80GB PCIe, pci bus id: 0000:27:00.0, compute capability: 8.0
out shape: (1, 66, 66, 4)
file1: test_imgs/pan_test/31.tif shape: (264, 264)
file2: test_imgs/ms_test/31.tif shape: (66, 66, 4)
2021-12-06 02:13:16.574071: I tensorflow/core/common_runtime/gpu/gpu_device.cc:1525] Created device /job:localhost/replica:0/task:0/device:GPU:0 with 78874 MB memory:  -> device: 0, name: NVIDIA A100 80GB PCIe, pci bus id: 0000:27:00.0, compute capability: 8.0
out shape: (1, 66, 66, 4)
file1: test_imgs/pan_test/32.tif shape: (264, 264)
file2: test_imgs/ms_test/32.tif shape: (66, 66, 4)
2021-12-06 02:13:16.785758: I tensorflow/core/common_runtime/gpu/gpu_device.cc:1525] Created device /job:localhost/replica:0/task:0/device:GPU:0 with 78874 MB memory:  -> device: 0, name: NVIDIA A100 80GB PCIe, pci bus id: 0000:27:00.0, compute capability: 8.0
out shape: (1, 66, 66, 4)
file1: test_imgs/pan_test/33.tif shape: (264, 264)
file2: test_imgs/ms_test/33.tif shape: (66, 66, 4)
2021-12-06 02:13:16.995374: I tensorflow/core/common_runtime/gpu/gpu_device.cc:1525] Created device /job:localhost/replica:0/task:0/device:GPU:0 with 78874 MB memory:  -> device: 0, name: NVIDIA A100 80GB PCIe, pci bus id: 0000:27:00.0, compute capability: 8.0
out shape: (1, 66, 66, 4)
file1: test_imgs/pan_test/34.tif shape: (264, 264)
file2: test_imgs/ms_test/34.tif shape: (66, 66, 4)
2021-12-06 02:13:17.202114: I tensorflow/core/common_runtime/gpu/gpu_device.cc:1525] Created device /job:localhost/replica:0/task:0/device:GPU:0 with 78874 MB memory:  -> device: 0, name: NVIDIA A100 80GB PCIe, pci bus id: 0000:27:00.0, compute capability: 8.0
out shape: (1, 66, 66, 4)
file1: test_imgs/pan_test/35.tif shape: (264, 264)
file2: test_imgs/ms_test/35.tif shape: (66, 66, 4)
2021-12-06 02:13:17.422050: I tensorflow/core/common_runtime/gpu/gpu_device.cc:1525] Created device /job:localhost/replica:0/task:0/device:GPU:0 with 78874 MB memory:  -> device: 0, name: NVIDIA A100 80GB PCIe, pci bus id: 0000:27:00.0, compute capability: 8.0
out shape: (1, 66, 66, 4)
file1: test_imgs/pan_test/36.tif shape: (264, 264)
file2: test_imgs/ms_test/36.tif shape: (66, 66, 4)
2021-12-06 02:13:17.645874: I tensorflow/core/common_runtime/gpu/gpu_device.cc:1525] Created device /job:localhost/replica:0/task:0/device:GPU:0 with 78874 MB memory:  -> device: 0, name: NVIDIA A100 80GB PCIe, pci bus id: 0000:27:00.0, compute capability: 8.0
out shape: (1, 66, 66, 4)
file1: test_imgs/pan_test/37.tif shape: (264, 264)
file2: test_imgs/ms_test/37.tif shape: (66, 66, 4)
2021-12-06 02:13:17.861397: I tensorflow/core/common_runtime/gpu/gpu_device.cc:1525] Created device /job:localhost/replica:0/task:0/device:GPU:0 with 78874 MB memory:  -> device: 0, name: NVIDIA A100 80GB PCIe, pci bus id: 0000:27:00.0, compute capability: 8.0
out shape: (1, 66, 66, 4)
file1: test_imgs/pan_test/38.tif shape: (264, 264)
file2: test_imgs/ms_test/38.tif shape: (66, 66, 4)
2021-12-06 02:13:18.078407: I tensorflow/core/common_runtime/gpu/gpu_device.cc:1525] Created device /job:localhost/replica:0/task:0/device:GPU:0 with 78874 MB memory:  -> device: 0, name: NVIDIA A100 80GB PCIe, pci bus id: 0000:27:00.0, compute capability: 8.0
out shape: (1, 66, 66, 4)
file1: test_imgs/pan_test/39.tif shape: (264, 264)
file2: test_imgs/ms_test/39.tif shape: (66, 66, 4)
2021-12-06 02:13:18.294194: I tensorflow/core/common_runtime/gpu/gpu_device.cc:1525] Created device /job:localhost/replica:0/task:0/device:GPU:0 with 78874 MB memory:  -> device: 0, name: NVIDIA A100 80GB PCIe, pci bus id: 0000:27:00.0, compute capability: 8.0
out shape: (1, 66, 66, 4)
file1: test_imgs/pan_test/40.tif shape: (264, 264)
file2: test_imgs/ms_test/40.tif shape: (66, 66, 4)
2021-12-06 02:13:18.514033: I tensorflow/core/common_runtime/gpu/gpu_device.cc:1525] Created device /job:localhost/replica:0/task:0/device:GPU:0 with 78874 MB memory:  -> device: 0, name: NVIDIA A100 80GB PCIe, pci bus id: 0000:27:00.0, compute capability: 8.0
out shape: (1, 66, 66, 4)
file1: test_imgs/pan_test/41.tif shape: (264, 264)
file2: test_imgs/ms_test/41.tif shape: (66, 66, 4)
2021-12-06 02:13:18.736051: I tensorflow/core/common_runtime/gpu/gpu_device.cc:1525] Created device /job:localhost/replica:0/task:0/device:GPU:0 with 78874 MB memory:  -> device: 0, name: NVIDIA A100 80GB PCIe, pci bus id: 0000:27:00.0, compute capability: 8.0
out shape: (1, 66, 66, 4)
file1: test_imgs/pan_test/42.tif shape: (264, 264)
file2: test_imgs/ms_test/42.tif shape: (66, 66, 4)
2021-12-06 02:13:18.950929: I tensorflow/core/common_runtime/gpu/gpu_device.cc:1525] Created device /job:localhost/replica:0/task:0/device:GPU:0 with 78874 MB memory:  -> device: 0, name: NVIDIA A100 80GB PCIe, pci bus id: 0000:27:00.0, compute capability: 8.0
out shape: (1, 66, 66, 4)
file1: test_imgs/pan_test/43.tif shape: (264, 264)
file2: test_imgs/ms_test/43.tif shape: (66, 66, 4)
2021-12-06 02:13:19.173196: I tensorflow/core/common_runtime/gpu/gpu_device.cc:1525] Created device /job:localhost/replica:0/task:0/device:GPU:0 with 78874 MB memory:  -> device: 0, name: NVIDIA A100 80GB PCIe, pci bus id: 0000:27:00.0, compute capability: 8.0
out shape: (1, 66, 66, 4)
file1: test_imgs/pan_test/44.tif shape: (264, 264)
file2: test_imgs/ms_test/44.tif shape: (66, 66, 4)
2021-12-06 02:13:19.406440: I tensorflow/core/common_runtime/gpu/gpu_device.cc:1525] Created device /job:localhost/replica:0/task:0/device:GPU:0 with 78874 MB memory:  -> device: 0, name: NVIDIA A100 80GB PCIe, pci bus id: 0000:27:00.0, compute capability: 8.0
out shape: (1, 66, 66, 4)
file1: test_imgs/pan_test/45.tif shape: (264, 264)
file2: test_imgs/ms_test/45.tif shape: (66, 66, 4)
2021-12-06 02:13:19.627891: I tensorflow/core/common_runtime/gpu/gpu_device.cc:1525] Created device /job:localhost/replica:0/task:0/device:GPU:0 with 78874 MB memory:  -> device: 0, name: NVIDIA A100 80GB PCIe, pci bus id: 0000:27:00.0, compute capability: 8.0
out shape: (1, 66, 66, 4)
file1: test_imgs/pan_test/46.tif shape: (264, 264)
file2: test_imgs/ms_test/46.tif shape: (66, 66, 4)
2021-12-06 02:13:19.841822: I tensorflow/core/common_runtime/gpu/gpu_device.cc:1525] Created device /job:localhost/replica:0/task:0/device:GPU:0 with 78874 MB memory:  -> device: 0, name: NVIDIA A100 80GB PCIe, pci bus id: 0000:27:00.0, compute capability: 8.0
out shape: (1, 66, 66, 4)
file1: test_imgs/pan_test/47.tif shape: (264, 264)
file2: test_imgs/ms_test/47.tif shape: (66, 66, 4)
2021-12-06 02:13:20.071347: I tensorflow/core/common_runtime/gpu/gpu_device.cc:1525] Created device /job:localhost/replica:0/task:0/device:GPU:0 with 78874 MB memory:  -> device: 0, name: NVIDIA A100 80GB PCIe, pci bus id: 0000:27:00.0, compute capability: 8.0
out shape: (1, 66, 66, 4)
file1: test_imgs/pan_test/48.tif shape: (264, 264)
file2: test_imgs/ms_test/48.tif shape: (66, 66, 4)
2021-12-06 02:13:20.287697: I tensorflow/core/common_runtime/gpu/gpu_device.cc:1525] Created device /job:localhost/replica:0/task:0/device:GPU:0 with 78874 MB memory:  -> device: 0, name: NVIDIA A100 80GB PCIe, pci bus id: 0000:27:00.0, compute capability: 8.0
out shape: (1, 66, 66, 4)
file1: test_imgs/pan_test/49.tif shape: (264, 264)
file2: test_imgs/ms_test/49.tif shape: (66, 66, 4)
2021-12-06 02:13:20.507836: I tensorflow/core/common_runtime/gpu/gpu_device.cc:1525] Created device /job:localhost/replica:0/task:0/device:GPU:0 with 78874 MB memory:  -> device: 0, name: NVIDIA A100 80GB PCIe, pci bus id: 0000:27:00.0, compute capability: 8.0
out shape: (1, 66, 66, 4)
file1: test_imgs/pan_test/50.tif shape: (264, 264)
file2: test_imgs/ms_test/50.tif shape: (66, 66, 4)
2021-12-06 02:13:20.726067: I tensorflow/core/common_runtime/gpu/gpu_device.cc:1525] Created device /job:localhost/replica:0/task:0/device:GPU:0 with 78874 MB memory:  -> device: 0, name: NVIDIA A100 80GB PCIe, pci bus id: 0000:27:00.0, compute capability: 8.0
out shape: (1, 66, 66, 4)
file1: test_imgs/pan_test/51.tif shape: (264, 264)
file2: test_imgs/ms_test/51.tif shape: (66, 66, 4)
2021-12-06 02:13:20.951710: I tensorflow/core/common_runtime/gpu/gpu_device.cc:1525] Created device /job:localhost/replica:0/task:0/device:GPU:0 with 78874 MB memory:  -> device: 0, name: NVIDIA A100 80GB PCIe, pci bus id: 0000:27:00.0, compute capability: 8.0
out shape: (1, 66, 66, 4)
file1: test_imgs/pan_test/52.tif shape: (264, 264)
file2: test_imgs/ms_test/52.tif shape: (66, 66, 4)
2021-12-06 02:13:21.341654: I tensorflow/core/common_runtime/gpu/gpu_device.cc:1525] Created device /job:localhost/replica:0/task:0/device:GPU:0 with 78874 MB memory:  -> device: 0, name: NVIDIA A100 80GB PCIe, pci bus id: 0000:27:00.0, compute capability: 8.0
out shape: (1, 66, 66, 4)
file1: test_imgs/pan_test/53.tif shape: (264, 264)
file2: test_imgs/ms_test/53.tif shape: (66, 66, 4)
2021-12-06 02:13:21.554682: I tensorflow/core/common_runtime/gpu/gpu_device.cc:1525] Created device /job:localhost/replica:0/task:0/device:GPU:0 with 78874 MB memory:  -> device: 0, name: NVIDIA A100 80GB PCIe, pci bus id: 0000:27:00.0, compute capability: 8.0
out shape: (1, 66, 66, 4)
file1: test_imgs/pan_test/54.tif shape: (264, 264)
file2: test_imgs/ms_test/54.tif shape: (66, 66, 4)
2021-12-06 02:13:21.775861: I tensorflow/core/common_runtime/gpu/gpu_device.cc:1525] Created device /job:localhost/replica:0/task:0/device:GPU:0 with 78874 MB memory:  -> device: 0, name: NVIDIA A100 80GB PCIe, pci bus id: 0000:27:00.0, compute capability: 8.0
out shape: (1, 66, 66, 4)
file1: test_imgs/pan_test/55.tif shape: (264, 264)
file2: test_imgs/ms_test/55.tif shape: (66, 66, 4)
2021-12-06 02:13:22.002711: I tensorflow/core/common_runtime/gpu/gpu_device.cc:1525] Created device /job:localhost/replica:0/task:0/device:GPU:0 with 78874 MB memory:  -> device: 0, name: NVIDIA A100 80GB PCIe, pci bus id: 0000:27:00.0, compute capability: 8.0
out shape: (1, 66, 66, 4)
file1: test_imgs/pan_test/56.tif shape: (264, 264)
file2: test_imgs/ms_test/56.tif shape: (66, 66, 4)
2021-12-06 02:13:22.218450: I tensorflow/core/common_runtime/gpu/gpu_device.cc:1525] Created device /job:localhost/replica:0/task:0/device:GPU:0 with 78874 MB memory:  -> device: 0, name: NVIDIA A100 80GB PCIe, pci bus id: 0000:27:00.0, compute capability: 8.0
out shape: (1, 66, 66, 4)
file1: test_imgs/pan_test/57.tif shape: (264, 264)
file2: test_imgs/ms_test/57.tif shape: (66, 66, 4)
2021-12-06 02:13:22.440831: I tensorflow/core/common_runtime/gpu/gpu_device.cc:1525] Created device /job:localhost/replica:0/task:0/device:GPU:0 with 78874 MB memory:  -> device: 0, name: NVIDIA A100 80GB PCIe, pci bus id: 0000:27:00.0, compute capability: 8.0
out shape: (1, 66, 66, 4)
file1: test_imgs/pan_test/58.tif shape: (264, 264)
file2: test_imgs/ms_test/58.tif shape: (66, 66, 4)
2021-12-06 02:13:22.658085: I tensorflow/core/common_runtime/gpu/gpu_device.cc:1525] Created device /job:localhost/replica:0/task:0/device:GPU:0 with 78874 MB memory:  -> device: 0, name: NVIDIA A100 80GB PCIe, pci bus id: 0000:27:00.0, compute capability: 8.0
out shape: (1, 66, 66, 4)
file1: test_imgs/pan_test/59.tif shape: (264, 264)
file2: test_imgs/ms_test/59.tif shape: (66, 66, 4)
2021-12-06 02:13:22.888021: I tensorflow/core/common_runtime/gpu/gpu_device.cc:1525] Created device /job:localhost/replica:0/task:0/device:GPU:0 with 78874 MB memory:  -> device: 0, name: NVIDIA A100 80GB PCIe, pci bus id: 0000:27:00.0, compute capability: 8.0
out shape: (1, 66, 66, 4)
file1: test_imgs/pan_test/60.tif shape: (264, 264)
file2: test_imgs/ms_test/60.tif shape: (66, 66, 4)
2021-12-06 02:13:23.117022: I tensorflow/core/common_runtime/gpu/gpu_device.cc:1525] Created device /job:localhost/replica:0/task:0/device:GPU:0 with 78874 MB memory:  -> device: 0, name: NVIDIA A100 80GB PCIe, pci bus id: 0000:27:00.0, compute capability: 8.0
out shape: (1, 66, 66, 4)
file1: test_imgs/pan_test/61.tif shape: (264, 264)
file2: test_imgs/ms_test/61.tif shape: (66, 66, 4)
2021-12-06 02:13:23.343464: I tensorflow/core/common_runtime/gpu/gpu_device.cc:1525] Created device /job:localhost/replica:0/task:0/device:GPU:0 with 78874 MB memory:  -> device: 0, name: NVIDIA A100 80GB PCIe, pci bus id: 0000:27:00.0, compute capability: 8.0
out shape: (1, 66, 66, 4)
file1: test_imgs/pan_test/62.tif shape: (264, 264)
file2: test_imgs/ms_test/62.tif shape: (66, 66, 4)
2021-12-06 02:13:23.566741: I tensorflow/core/common_runtime/gpu/gpu_device.cc:1525] Created device /job:localhost/replica:0/task:0/device:GPU:0 with 78874 MB memory:  -> device: 0, name: NVIDIA A100 80GB PCIe, pci bus id: 0000:27:00.0, compute capability: 8.0
out shape: (1, 66, 66, 4)
file1: test_imgs/pan_test/63.tif shape: (264, 264)
file2: test_imgs/ms_test/63.tif shape: (66, 66, 4)
2021-12-06 02:13:23.794075: I tensorflow/core/common_runtime/gpu/gpu_device.cc:1525] Created device /job:localhost/replica:0/task:0/device:GPU:0 with 78874 MB memory:  -> device: 0, name: NVIDIA A100 80GB PCIe, pci bus id: 0000:27:00.0, compute capability: 8.0
out shape: (1, 66, 66, 4)
file1: test_imgs/pan_test/64.tif shape: (264, 264)
file2: test_imgs/ms_test/64.tif shape: (66, 66, 4)
2021-12-06 02:13:24.010621: I tensorflow/core/common_runtime/gpu/gpu_device.cc:1525] Created device /job:localhost/replica:0/task:0/device:GPU:0 with 78874 MB memory:  -> device: 0, name: NVIDIA A100 80GB PCIe, pci bus id: 0000:27:00.0, compute capability: 8.0
out shape: (1, 66, 66, 4)
file1: test_imgs/pan_test/65.tif shape: (264, 264)
file2: test_imgs/ms_test/65.tif shape: (66, 66, 4)
2021-12-06 02:13:24.230960: I tensorflow/core/common_runtime/gpu/gpu_device.cc:1525] Created device /job:localhost/replica:0/task:0/device:GPU:0 with 78874 MB memory:  -> device: 0, name: NVIDIA A100 80GB PCIe, pci bus id: 0000:27:00.0, compute capability: 8.0
out shape: (1, 66, 66, 4)
file1: test_imgs/pan_test/66.tif shape: (264, 264)
file2: test_imgs/ms_test/66.tif shape: (66, 66, 4)
2021-12-06 02:13:24.456525: I tensorflow/core/common_runtime/gpu/gpu_device.cc:1525] Created device /job:localhost/replica:0/task:0/device:GPU:0 with 78874 MB memory:  -> device: 0, name: NVIDIA A100 80GB PCIe, pci bus id: 0000:27:00.0, compute capability: 8.0
out shape: (1, 66, 66, 4)
file1: test_imgs/pan_test/67.tif shape: (264, 264)
file2: test_imgs/ms_test/67.tif shape: (66, 66, 4)
2021-12-06 02:13:24.678981: I tensorflow/core/common_runtime/gpu/gpu_device.cc:1525] Created device /job:localhost/replica:0/task:0/device:GPU:0 with 78874 MB memory:  -> device: 0, name: NVIDIA A100 80GB PCIe, pci bus id: 0000:27:00.0, compute capability: 8.0
out shape: (1, 66, 66, 4)
file1: test_imgs/pan_test/68.tif shape: (264, 264)
file2: test_imgs/ms_test/68.tif shape: (66, 66, 4)
2021-12-06 02:13:24.899014: I tensorflow/core/common_runtime/gpu/gpu_device.cc:1525] Created device /job:localhost/replica:0/task:0/device:GPU:0 with 78874 MB memory:  -> device: 0, name: NVIDIA A100 80GB PCIe, pci bus id: 0000:27:00.0, compute capability: 8.0
out shape: (1, 66, 66, 4)
file1: test_imgs/pan_test/69.tif shape: (264, 264)
file2: test_imgs/ms_test/69.tif shape: (66, 66, 4)
2021-12-06 02:13:25.118091: I tensorflow/core/common_runtime/gpu/gpu_device.cc:1525] Created device /job:localhost/replica:0/task:0/device:GPU:0 with 78874 MB memory:  -> device: 0, name: NVIDIA A100 80GB PCIe, pci bus id: 0000:27:00.0, compute capability: 8.0
out shape: (1, 66, 66, 4)
file1: test_imgs/pan_test/70.tif shape: (264, 264)
file2: test_imgs/ms_test/70.tif shape: (66, 66, 4)
2021-12-06 02:13:25.341904: I tensorflow/core/common_runtime/gpu/gpu_device.cc:1525] Created device /job:localhost/replica:0/task:0/device:GPU:0 with 78874 MB memory:  -> device: 0, name: NVIDIA A100 80GB PCIe, pci bus id: 0000:27:00.0, compute capability: 8.0
out shape: (1, 66, 66, 4)
file1: test_imgs/pan_test/71.tif shape: (264, 264)
file2: test_imgs/ms_test/71.tif shape: (66, 66, 4)
2021-12-06 02:13:25.565366: I tensorflow/core/common_runtime/gpu/gpu_device.cc:1525] Created device /job:localhost/replica:0/task:0/device:GPU:0 with 78874 MB memory:  -> device: 0, name: NVIDIA A100 80GB PCIe, pci bus id: 0000:27:00.0, compute capability: 8.0
out shape: (1, 66, 66, 4)
file1: test_imgs/pan_test/72.tif shape: (264, 264)
file2: test_imgs/ms_test/72.tif shape: (66, 66, 4)
2021-12-06 02:13:25.781966: I tensorflow/core/common_runtime/gpu/gpu_device.cc:1525] Created device /job:localhost/replica:0/task:0/device:GPU:0 with 78874 MB memory:  -> device: 0, name: NVIDIA A100 80GB PCIe, pci bus id: 0000:27:00.0, compute capability: 8.0
out shape: (1, 66, 66, 4)
file1: test_imgs/pan_test/73.tif shape: (264, 264)
file2: test_imgs/ms_test/73.tif shape: (66, 66, 4)
2021-12-06 02:13:25.997963: I tensorflow/core/common_runtime/gpu/gpu_device.cc:1525] Created device /job:localhost/replica:0/task:0/device:GPU:0 with 78874 MB memory:  -> device: 0, name: NVIDIA A100 80GB PCIe, pci bus id: 0000:27:00.0, compute capability: 8.0
out shape: (1, 66, 66, 4)
file1: test_imgs/pan_test/74.tif shape: (264, 264)
file2: test_imgs/ms_test/74.tif shape: (66, 66, 4)
2021-12-06 02:13:26.229321: I tensorflow/core/common_runtime/gpu/gpu_device.cc:1525] Created device /job:localhost/replica:0/task:0/device:GPU:0 with 78874 MB memory:  -> device: 0, name: NVIDIA A100 80GB PCIe, pci bus id: 0000:27:00.0, compute capability: 8.0
out shape: (1, 66, 66, 4)
file1: test_imgs/pan_test/75.tif shape: (264, 264)
file2: test_imgs/ms_test/75.tif shape: (66, 66, 4)
2021-12-06 02:13:26.452578: I tensorflow/core/common_runtime/gpu/gpu_device.cc:1525] Created device /job:localhost/replica:0/task:0/device:GPU:0 with 78874 MB memory:  -> device: 0, name: NVIDIA A100 80GB PCIe, pci bus id: 0000:27:00.0, compute capability: 8.0
out shape: (1, 66, 66, 4)
file1: test_imgs/pan_test/76.tif shape: (264, 264)
file2: test_imgs/ms_test/76.tif shape: (66, 66, 4)
2021-12-06 02:13:26.676554: I tensorflow/core/common_runtime/gpu/gpu_device.cc:1525] Created device /job:localhost/replica:0/task:0/device:GPU:0 with 78874 MB memory:  -> device: 0, name: NVIDIA A100 80GB PCIe, pci bus id: 0000:27:00.0, compute capability: 8.0
out shape: (1, 66, 66, 4)
file1: test_imgs/pan_test/77.tif shape: (264, 264)
file2: test_imgs/ms_test/77.tif shape: (66, 66, 4)
2021-12-06 02:13:27.104585: I tensorflow/core/common_runtime/gpu/gpu_device.cc:1525] Created device /job:localhost/replica:0/task:0/device:GPU:0 with 78874 MB memory:  -> device: 0, name: NVIDIA A100 80GB PCIe, pci bus id: 0000:27:00.0, compute capability: 8.0
out shape: (1, 66, 66, 4)
file1: test_imgs/pan_test/78.tif shape: (264, 264)
file2: test_imgs/ms_test/78.tif shape: (66, 66, 4)
2021-12-06 02:13:27.326866: I tensorflow/core/common_runtime/gpu/gpu_device.cc:1525] Created device /job:localhost/replica:0/task:0/device:GPU:0 with 78874 MB memory:  -> device: 0, name: NVIDIA A100 80GB PCIe, pci bus id: 0000:27:00.0, compute capability: 8.0
out shape: (1, 66, 66, 4)
file1: test_imgs/pan_test/79.tif shape: (264, 264)
file2: test_imgs/ms_test/79.tif shape: (66, 66, 4)
2021-12-06 02:13:27.546143: I tensorflow/core/common_runtime/gpu/gpu_device.cc:1525] Created device /job:localhost/replica:0/task:0/device:GPU:0 with 78874 MB memory:  -> device: 0, name: NVIDIA A100 80GB PCIe, pci bus id: 0000:27:00.0, compute capability: 8.0
out shape: (1, 66, 66, 4)
file1: test_imgs/pan_test/80.tif shape: (264, 264)
file2: test_imgs/ms_test/80.tif shape: (66, 66, 4)
2021-12-06 02:13:27.770701: I tensorflow/core/common_runtime/gpu/gpu_device.cc:1525] Created device /job:localhost/replica:0/task:0/device:GPU:0 with 78874 MB memory:  -> device: 0, name: NVIDIA A100 80GB PCIe, pci bus id: 0000:27:00.0, compute capability: 8.0
out shape: (1, 66, 66, 4)
file1: test_imgs/pan_test/81.tif shape: (264, 264)
file2: test_imgs/ms_test/81.tif shape: (66, 66, 4)
2021-12-06 02:13:27.994048: I tensorflow/core/common_runtime/gpu/gpu_device.cc:1525] Created device /job:localhost/replica:0/task:0/device:GPU:0 with 78874 MB memory:  -> device: 0, name: NVIDIA A100 80GB PCIe, pci bus id: 0000:27:00.0, compute capability: 8.0
out shape: (1, 66, 66, 4)
file1: test_imgs/pan_test/82.tif shape: (264, 264)
file2: test_imgs/ms_test/82.tif shape: (66, 66, 4)
2021-12-06 02:13:28.216941: I tensorflow/core/common_runtime/gpu/gpu_device.cc:1525] Created device /job:localhost/replica:0/task:0/device:GPU:0 with 78874 MB memory:  -> device: 0, name: NVIDIA A100 80GB PCIe, pci bus id: 0000:27:00.0, compute capability: 8.0
out shape: (1, 66, 66, 4)
file1: test_imgs/pan_test/83.tif shape: (264, 264)
file2: test_imgs/ms_test/83.tif shape: (66, 66, 4)
2021-12-06 02:13:28.438907: I tensorflow/core/common_runtime/gpu/gpu_device.cc:1525] Created device /job:localhost/replica:0/task:0/device:GPU:0 with 78874 MB memory:  -> device: 0, name: NVIDIA A100 80GB PCIe, pci bus id: 0000:27:00.0, compute capability: 8.0
out shape: (1, 66, 66, 4)
file1: test_imgs/pan_test/84.tif shape: (264, 264)
file2: test_imgs/ms_test/84.tif shape: (66, 66, 4)
2021-12-06 02:13:28.654165: I tensorflow/core/common_runtime/gpu/gpu_device.cc:1525] Created device /job:localhost/replica:0/task:0/device:GPU:0 with 78874 MB memory:  -> device: 0, name: NVIDIA A100 80GB PCIe, pci bus id: 0000:27:00.0, compute capability: 8.0
out shape: (1, 66, 66, 4)
file1: test_imgs/pan_test/85.tif shape: (264, 264)
file2: test_imgs/ms_test/85.tif shape: (66, 66, 4)
2021-12-06 02:13:28.879270: I tensorflow/core/common_runtime/gpu/gpu_device.cc:1525] Created device /job:localhost/replica:0/task:0/device:GPU:0 with 78874 MB memory:  -> device: 0, name: NVIDIA A100 80GB PCIe, pci bus id: 0000:27:00.0, compute capability: 8.0
out shape: (1, 66, 66, 4)
file1: test_imgs/pan_test/86.tif shape: (264, 264)
file2: test_imgs/ms_test/86.tif shape: (66, 66, 4)
2021-12-06 02:13:29.101950: I tensorflow/core/common_runtime/gpu/gpu_device.cc:1525] Created device /job:localhost/replica:0/task:0/device:GPU:0 with 78874 MB memory:  -> device: 0, name: NVIDIA A100 80GB PCIe, pci bus id: 0000:27:00.0, compute capability: 8.0
out shape: (1, 66, 66, 4)
file1: test_imgs/pan_test/87.tif shape: (264, 264)
file2: test_imgs/ms_test/87.tif shape: (66, 66, 4)
2021-12-06 02:13:29.322695: I tensorflow/core/common_runtime/gpu/gpu_device.cc:1525] Created device /job:localhost/replica:0/task:0/device:GPU:0 with 78874 MB memory:  -> device: 0, name: NVIDIA A100 80GB PCIe, pci bus id: 0000:27:00.0, compute capability: 8.0
out shape: (1, 66, 66, 4)
file1: test_imgs/pan_test/88.tif shape: (264, 264)
file2: test_imgs/ms_test/88.tif shape: (66, 66, 4)
2021-12-06 02:13:29.534420: I tensorflow/core/common_runtime/gpu/gpu_device.cc:1525] Created device /job:localhost/replica:0/task:0/device:GPU:0 with 78874 MB memory:  -> device: 0, name: NVIDIA A100 80GB PCIe, pci bus id: 0000:27:00.0, compute capability: 8.0
out shape: (1, 66, 66, 4)
file1: test_imgs/pan_test/89.tif shape: (264, 264)
file2: test_imgs/ms_test/89.tif shape: (66, 66, 4)
2021-12-06 02:13:29.757989: I tensorflow/core/common_runtime/gpu/gpu_device.cc:1525] Created device /job:localhost/replica:0/task:0/device:GPU:0 with 78874 MB memory:  -> device: 0, name: NVIDIA A100 80GB PCIe, pci bus id: 0000:27:00.0, compute capability: 8.0
out shape: (1, 66, 66, 4)
file1: test_imgs/pan_test/90.tif shape: (264, 264)
file2: test_imgs/ms_test/90.tif shape: (66, 66, 4)
2021-12-06 02:13:29.985359: I tensorflow/core/common_runtime/gpu/gpu_device.cc:1525] Created device /job:localhost/replica:0/task:0/device:GPU:0 with 78874 MB memory:  -> device: 0, name: NVIDIA A100 80GB PCIe, pci bus id: 0000:27:00.0, compute capability: 8.0
out shape: (1, 66, 66, 4)
file1: test_imgs/pan_test/91.tif shape: (264, 264)
file2: test_imgs/ms_test/91.tif shape: (66, 66, 4)
2021-12-06 02:13:30.207340: I tensorflow/core/common_runtime/gpu/gpu_device.cc:1525] Created device /job:localhost/replica:0/task:0/device:GPU:0 with 78874 MB memory:  -> device: 0, name: NVIDIA A100 80GB PCIe, pci bus id: 0000:27:00.0, compute capability: 8.0
out shape: (1, 66, 66, 4)
file1: test_imgs/pan_test/92.tif shape: (264, 264)
file2: test_imgs/ms_test/92.tif shape: (66, 66, 4)
2021-12-06 02:13:30.424621: I tensorflow/core/common_runtime/gpu/gpu_device.cc:1525] Created device /job:localhost/replica:0/task:0/device:GPU:0 with 78874 MB memory:  -> device: 0, name: NVIDIA A100 80GB PCIe, pci bus id: 0000:27:00.0, compute capability: 8.0
out shape: (1, 66, 66, 4)
file1: test_imgs/pan_test/93.tif shape: (264, 264)
file2: test_imgs/ms_test/93.tif shape: (66, 66, 4)
2021-12-06 02:13:30.641608: I tensorflow/core/common_runtime/gpu/gpu_device.cc:1525] Created device /job:localhost/replica:0/task:0/device:GPU:0 with 78874 MB memory:  -> device: 0, name: NVIDIA A100 80GB PCIe, pci bus id: 0000:27:00.0, compute capability: 8.0
out shape: (1, 66, 66, 4)
file1: test_imgs/pan_test/94.tif shape: (264, 264)
file2: test_imgs/ms_test/94.tif shape: (66, 66, 4)
2021-12-06 02:13:30.858740: I tensorflow/core/common_runtime/gpu/gpu_device.cc:1525] Created device /job:localhost/replica:0/task:0/device:GPU:0 with 78874 MB memory:  -> device: 0, name: NVIDIA A100 80GB PCIe, pci bus id: 0000:27:00.0, compute capability: 8.0
out shape: (1, 66, 66, 4)
file1: test_imgs/pan_test/95.tif shape: (264, 264)
file2: test_imgs/ms_test/95.tif shape: (66, 66, 4)
2021-12-06 02:13:31.075020: I tensorflow/core/common_runtime/gpu/gpu_device.cc:1525] Created device /job:localhost/replica:0/task:0/device:GPU:0 with 78874 MB memory:  -> device: 0, name: NVIDIA A100 80GB PCIe, pci bus id: 0000:27:00.0, compute capability: 8.0
out shape: (1, 66, 66, 4)
file1: test_imgs/pan_test/96.tif shape: (264, 264)
file2: test_imgs/ms_test/96.tif shape: (66, 66, 4)
2021-12-06 02:13:31.292912: I tensorflow/core/common_runtime/gpu/gpu_device.cc:1525] Created device /job:localhost/replica:0/task:0/device:GPU:0 with 78874 MB memory:  -> device: 0, name: NVIDIA A100 80GB PCIe, pci bus id: 0000:27:00.0, compute capability: 8.0
out shape: (1, 66, 66, 4)
file1: test_imgs/pan_test/97.tif shape: (264, 264)
file2: test_imgs/ms_test/97.tif shape: (66, 66, 4)
2021-12-06 02:13:31.514214: I tensorflow/core/common_runtime/gpu/gpu_device.cc:1525] Created device /job:localhost/replica:0/task:0/device:GPU:0 with 78874 MB memory:  -> device: 0, name: NVIDIA A100 80GB PCIe, pci bus id: 0000:27:00.0, compute capability: 8.0
out shape: (1, 66, 66, 4)
file1: test_imgs/pan_test/98.tif shape: (264, 264)
file2: test_imgs/ms_test/98.tif shape: (66, 66, 4)
2021-12-06 02:13:31.728799: I tensorflow/core/common_runtime/gpu/gpu_device.cc:1525] Created device /job:localhost/replica:0/task:0/device:GPU:0 with 78874 MB memory:  -> device: 0, name: NVIDIA A100 80GB PCIe, pci bus id: 0000:27:00.0, compute capability: 8.0
out shape: (1, 66, 66, 4)
file1: test_imgs/pan_test/99.tif shape: (264, 264)
file2: test_imgs/ms_test/99.tif shape: (66, 66, 4)
2021-12-06 02:13:31.951285: I tensorflow/core/common_runtime/gpu/gpu_device.cc:1525] Created device /job:localhost/replica:0/task:0/device:GPU:0 with 78874 MB memory:  -> device: 0, name: NVIDIA A100 80GB PCIe, pci bus id: 0000:27:00.0, compute capability: 8.0
out shape: (1, 66, 66, 4)
file1: test_imgs/pan_test/100.tif shape: (264, 264)
file2: test_imgs/ms_test/100.tif shape: (66, 66, 4)
2021-12-06 02:13:32.169326: I tensorflow/core/common_runtime/gpu/gpu_device.cc:1525] Created device /job:localhost/replica:0/task:0/device:GPU:0 with 78874 MB memory:  -> device: 0, name: NVIDIA A100 80GB PCIe, pci bus id: 0000:27:00.0, compute capability: 8.0
out shape: (1, 66, 66, 4)
