WARNING:tensorflow:From /usr/local/lib/python3.8/dist-packages/tensorflow/python/compat/v2_compat.py:111: disable_resource_variables (from tensorflow.python.ops.variable_scope) is deprecated and will be removed in a future version.
Instructions for updating:
non-resource variables are not supported in the long term
source_pan_data shape: (4914, 264, 264, 1)
gt_data shape: (4914, 264, 264, 4)
data shape: (4914, 264, 264, 5)
Epoches: 10, Batch_size: 10
Train images number 4914, Batches: 491.

Train set has been trimmed 4 samples...

2021-12-03 09:06:31.672943: I tensorflow/core/platform/cpu_feature_guard.cc:151] This TensorFlow binary is optimized with oneAPI Deep Neural Network Library (oneDNN) to use the following CPU instructions in performance-critical operations:  AVX2 FMA
To enable them in other operations, rebuild TensorFlow with the appropriate compiler flags.
2021-12-03 09:06:32.168869: I tensorflow/core/common_runtime/gpu/gpu_device.cc:1525] Created device /job:localhost/replica:0/task:0/device:GPU:0 with 78874 MB memory:  -> device: 0, name: NVIDIA A100 80GB PCIe, pci bus id: 0000:27:00.0, compute capability: 8.0
out shape: (10, 66, 66, 4)
2021-12-03 09:06:37.199194: I tensorflow/stream_executor/cuda/cuda_dnn.cc:366] Loaded cuDNN version 8301
Epoch:1/10: step:100, lr:0.0019348845, loss:0.060522053, elapsed_time:0:00:11.190611

Epoch:1/10: step:200, lr:0.001871889, loss:0.0651047, elapsed_time:0:00:15.206854

Epoch:1/10: step:300, lr:0.0018109444, loss:0.038810905, elapsed_time:0:00:20.199683

Epoch:1/10: step:400, lr:0.0017519841, loss:0.04073277, elapsed_time:0:00:25.389265

Epoch:2/10: step:500, lr:0.0016949435, loss:0.024322292, elapsed_time:0:00:32.387310

Epoch:2/10: step:600, lr:0.0016397599, loss:0.0137723675, elapsed_time:0:00:35.668575

Epoch:2/10: step:700, lr:0.001586373, loss:0.012624904, elapsed_time:0:00:39.392683

Epoch:2/10: step:800, lr:0.001534724, loss:0.010743976, elapsed_time:0:00:43.534688

Epoch:2/10: step:900, lr:0.0014847568, loss:0.0373033, elapsed_time:0:00:47.044684

Epoch:3/10: step:1000, lr:0.0014364165, loss:0.011426875, elapsed_time:0:00:53.810094

Epoch:3/10: step:1100, lr:0.0013896499, loss:0.01228187, elapsed_time:0:00:57.092631

Epoch:3/10: step:1200, lr:0.001344406, loss:0.008481244, elapsed_time:0:01:00.865234

Epoch:3/10: step:1300, lr:0.0013006352, loss:0.004818218, elapsed_time:0:01:04.508762

Epoch:3/10: step:1400, lr:0.0012582893, loss:0.0051786616, elapsed_time:0:01:07.582015

Epoch:4/10: step:1500, lr:0.0012173222, loss:0.017913245, elapsed_time:0:01:13.769326

Epoch:4/10: step:1600, lr:0.0011776891, loss:0.005641737, elapsed_time:0:01:16.855859

Epoch:4/10: step:1700, lr:0.001139346, loss:0.0041982774, elapsed_time:0:01:20.006545

Epoch:4/10: step:1800, lr:0.0011022515, loss:0.0064780577, elapsed_time:0:01:23.154019

Epoch:4/10: step:1900, lr:0.0010663647, loss:0.006025756, elapsed_time:0:01:26.629512

Epoch:5/10: step:2000, lr:0.0010316462, loss:0.003737893, elapsed_time:0:01:32.793837

Epoch:5/10: step:2100, lr:0.000998058, loss:0.0035011657, elapsed_time:0:01:35.898000

Epoch:5/10: step:2200, lr:0.00096556346, loss:0.0023179404, elapsed_time:0:01:39.307559

Epoch:5/10: step:2300, lr:0.0009341269, loss:0.0038331468, elapsed_time:0:01:42.638244

Epoch:5/10: step:2400, lr:0.00090371387, loss:0.0044946056, elapsed_time:0:01:45.937531

Epoch:6/10: step:2500, lr:0.0008742909, loss:0.0029564179, elapsed_time:0:01:52.061990

Epoch:6/10: step:2600, lr:0.00084582594, loss:0.0034617013, elapsed_time:0:01:55.146480

Epoch:6/10: step:2700, lr:0.0008182877, loss:0.0066829775, elapsed_time:0:01:58.477895

Epoch:6/10: step:2800, lr:0.0007916461, loss:0.0030278754, elapsed_time:0:02:01.552429

Epoch:6/10: step:2900, lr:0.00076587184, loss:0.0022271927, elapsed_time:0:02:04.620808

Epoch:7/10: step:3000, lr:0.0007409367, loss:0.0028729227, elapsed_time:0:02:11.318536

Epoch:7/10: step:3100, lr:0.0007168135, loss:0.0036020011, elapsed_time:0:02:14.539610

Epoch:7/10: step:3200, lr:0.00069347565, loss:0.0014795745, elapsed_time:0:02:17.749536

Epoch:7/10: step:3300, lr:0.0006708977, loss:0.0014247518, elapsed_time:0:02:21.062895

Epoch:7/10: step:3400, lr:0.00064905465, loss:0.002035403, elapsed_time:0:02:24.089074

Epoch:8/10: step:3500, lr:0.00062792294, loss:0.0017461234, elapsed_time:0:02:30.275880

Epoch:8/10: step:3600, lr:0.00060747913, loss:0.0017132321, elapsed_time:0:02:33.873642

Epoch:8/10: step:3700, lr:0.0005877009, loss:0.0035203472, elapsed_time:0:02:37.473031

Epoch:8/10: step:3800, lr:0.0005685668, loss:0.003270551, elapsed_time:0:02:40.588597

Epoch:8/10: step:3900, lr:0.0005500554, loss:0.0027819811, elapsed_time:0:02:43.764064

Epoch:9/10: step:4000, lr:0.0005321469, loss:0.0011477814, elapsed_time:0:02:49.719246

Epoch:9/10: step:4100, lr:0.0005148214, loss:0.0014482246, elapsed_time:0:02:52.762894

Epoch:9/10: step:4200, lr:0.00049805985, loss:0.0048906454, elapsed_time:0:02:55.935126

WARNING:tensorflow:From /usr/local/lib/python3.8/dist-packages/tensorflow/python/training/saver.py:1056: remove_checkpoint (from tensorflow.python.training.checkpoint_management) is deprecated and will be removed in a future version.
Instructions for updating:
Use standard file APIs to delete files with this prefix.
Epoch:9/10: step:4300, lr:0.00048184418, loss:0.0020749131, elapsed_time:0:02:59.174171

Epoch:9/10: step:4400, lr:0.0004661564, loss:0.0034795934, elapsed_time:0:03:02.355906

Epoch:10/10: step:4500, lr:0.00045097942, loss:0.004829881, elapsed_time:0:03:08.396775

Epoch:10/10: step:4600, lr:0.00043629648, loss:0.0011281827, elapsed_time:0:03:12.067443

Epoch:10/10: step:4700, lr:0.0004220917, loss:0.0018283364, elapsed_time:0:03:15.404883

Epoch:10/10: step:4800, lr:0.00040834935, loss:0.0025127498, elapsed_time:0:03:18.592556

Epoch:10/10: step:4900, lr:0.00039505432, loss:0.0016786382, elapsed_time:0:03:21.751227

Epoch:10/10: step:4910, lr:0.00039374887, loss:0.0014510729, elapsed_time:0:03:22.075543

